2026-07-22 23:45:01,484 [INFO] ##################  M = 16  ##################
2026-07-22 23:45:01,484 [INFO] Loading index from /home/toploc1/Datasets/toploc1/indexes/Dragon/HNSW/treccast_hnsw_M16_dragon_mips.index (~119 GB, be patient)
2026-07-23 00:18:40,307 [INFO] [M=16] Index: 38,636,446 vectors | entry_point=2646813 | max_level=6 | metric=L2
2026-07-23 00:19:06,144 [INFO] [M=16] Timing: 5 reps per config, reporting median
2026-07-23 00:19:06,144 [INFO] ##### [M=16] THREAD MODE: multi (omp_set_num_threads=28) #####
2026-07-23 00:19:06,144 [INFO] Warmup pass ...
2026-07-23 00:19:06,245 [INFO] === [M=16] BASELINE HNSW [multi] ===
2026-07-23 00:19:06,976 [INFO] [M=16/multi] ef=1     avg=  0.121ms (± 0.004) MRR@10=0.1356 NDCG@3=0.0719 NDCG@10=0.0562
2026-07-23 00:19:07,130 [INFO] [M=16/multi] ef=2     avg=  0.124ms (± 0.004) MRR@10=0.2318 NDCG@3=0.1357 NDCG@10=0.1186
2026-07-23 00:19:07,294 [INFO] [M=16/multi] ef=4     avg=  0.130ms (± 0.003) MRR@10=0.3846 NDCG@3=0.2412 NDCG@10=0.2248
2026-07-23 00:19:07,456 [INFO] [M=16/multi] ef=8     avg=  0.137ms (± 0.011) MRR@10=0.5277 NDCG@3=0.3307 NDCG@10=0.3124
2026-07-23 00:19:07,631 [INFO] [M=16/multi] ef=16    avg=  0.143ms (± 0.008) MRR@10=0.6134 NDCG@3=0.3763 NDCG@10=0.3568
2026-07-23 00:19:07,822 [INFO] [M=16/multi] ef=32    avg=  0.155ms (± 0.010) MRR@10=0.6463 NDCG@3=0.3949 NDCG@10=0.3805
2026-07-23 00:19:08,047 [INFO] [M=16/multi] ef=64    avg=  0.192ms (± 0.003) MRR@10=0.7177 NDCG@3=0.4465 NDCG@10=0.4307
2026-07-23 00:19:08,342 [INFO] [M=16/multi] ef=128   avg=  0.262ms (± 0.005) MRR@10=0.7502 NDCG@3=0.4664 NDCG@10=0.4528
2026-07-23 00:19:08,779 [INFO] [M=16/multi] ef=256   avg=  0.395ms (± 0.009) MRR@10=0.7619 NDCG@3=0.4756 NDCG@10=0.4643
2026-07-23 00:19:09,715 [INFO] [M=16/multi] ef=512   avg=  0.878ms (± 0.014) MRR@10=0.7659 NDCG@3=0.4777 NDCG@10=0.4640
2026-07-23 00:19:11,365 [INFO] [M=16/multi] ef=1024  avg=  1.540ms (± 0.067) MRR@10=0.7651 NDCG@3=0.4755 NDCG@10=0.4649
2026-07-23 00:19:15,719 [INFO] [M=16/multi] ef=2048  avg=  4.140ms (± 0.055) MRR@10=0.7651 NDCG@3=0.4755 NDCG@10=0.4649
2026-07-23 00:19:31,981 [INFO] [M=16/multi] ef=4096  avg= 15.639ms (± 0.145) MRR@10=0.7651 NDCG@3=0.4755 NDCG@10=0.4649
2026-07-23 00:19:31,981 [INFO] === [M=16] TopLoc HNSW (batched) [multi] ===
2026-07-23 00:19:32,023 [INFO] [M=16/multi/batched] up=1  ef=1     avg=  0.009ms (q0=  0.015 sub/query=  0.009) speedup=12.869x fu_speedup=14.112x MRR@10=0.1587 NDCG@3=0.0970 NDCG@10=0.0754
2026-07-23 00:19:32,069 [INFO] [M=16/multi/batched] up=1  ef=2     avg=  0.014ms (q0=  0.020 sub/query=  0.013) speedup=9.043x fu_speedup=9.657x MRR@10=0.3244 NDCG@3=0.1990 NDCG@10=0.1757
2026-07-23 00:19:32,124 [INFO] [M=16/multi/batched] up=1  ef=4     avg=  0.022ms (q0=  0.029 sub/query=  0.021) speedup=6.050x fu_speedup=6.345x MRR@10=0.4478 NDCG@3=0.2757 NDCG@10=0.2552
2026-07-23 00:19:32,178 [INFO] [M=16/multi/batched] up=1  ef=8     avg=  0.026ms (q0=  0.042 sub/query=  0.023) speedup=5.384x fu_speedup=5.906x MRR@10=0.6352 NDCG@3=0.3822 NDCG@10=0.3668
2026-07-23 00:19:32,240 [INFO] [M=16/multi/batched] up=1  ef=16    avg=  0.034ms (q0=  0.058 sub/query=  0.031) speedup=4.180x fu_speedup=4.614x MRR@10=0.7044 NDCG@3=0.4314 NDCG@10=0.4141
2026-07-23 00:19:32,320 [INFO] [M=16/multi/batched] up=1  ef=32    avg=  0.051ms (q0=  0.068 sub/query=  0.048) speedup=3.054x fu_speedup=3.202x MRR@10=0.7293 NDCG@3=0.4544 NDCG@10=0.4403
2026-07-23 00:19:32,437 [INFO] [M=16/multi/batched] up=1  ef=64    avg=  0.086ms (q0=  0.106 sub/query=  0.083) speedup=2.242x fu_speedup=2.317x MRR@10=0.7496 NDCG@3=0.4688 NDCG@10=0.4531
2026-07-23 00:19:32,632 [INFO] [M=16/multi/batched] up=1  ef=128   avg=  0.161ms (q0=  0.177 sub/query=  0.159) speedup=1.626x fu_speedup=1.649x MRR@10=0.7634 NDCG@3=0.4771 NDCG@10=0.4636
2026-07-23 00:19:32,972 [INFO] [M=16/multi/batched] up=1  ef=256   avg=  0.296ms (q0=  0.337 sub/query=  0.290) speedup=1.334x fu_speedup=1.360x MRR@10=0.7675 NDCG@3=0.4791 NDCG@10=0.4683
2026-07-23 00:19:33,603 [INFO] [M=16/multi/batched] up=1  ef=512   avg=  0.579ms (q0=  0.635 sub/query=  0.572) speedup=1.516x fu_speedup=1.537x MRR@10=0.7675 NDCG@3=0.4788 NDCG@10=0.4659
2026-07-23 00:19:34,883 [INFO] [M=16/multi/batched] up=1  ef=1024  avg=  1.205ms (q0=  1.835 sub/query=  1.119) speedup=1.278x fu_speedup=1.376x MRR@10=0.7651 NDCG@3=0.4755 NDCG@10=0.4649
2026-07-23 00:19:37,565 [INFO] [M=16/multi/batched] up=1  ef=2048  avg=  2.541ms (q0=  4.577 sub/query=  2.263) speedup=1.629x fu_speedup=1.829x MRR@10=0.7651 NDCG@3=0.4755 NDCG@10=0.4649
2026-07-23 00:19:43,738 [INFO] [M=16/multi/batched] up=1  ef=4096  avg=  5.907ms (q0= 14.417 sub/query=  4.745) speedup=2.647x fu_speedup=3.296x MRR@10=0.7651 NDCG@3=0.4755 NDCG@10=0.4649
2026-07-23 00:19:43,774 [INFO] [M=16/multi/batched] up=2  ef=1     avg=  0.009ms (q0=  0.019 sub/query=  0.008) speedup=13.202x fu_speedup=15.498x MRR@10=0.2255 NDCG@3=0.1329 NDCG@10=0.1153
2026-07-23 00:19:43,814 [INFO] [M=16/multi/batched] up=2  ef=2     avg=  0.013ms (q0=  0.025 sub/query=  0.011) speedup=9.517x fu_speedup=10.942x MRR@10=0.3672 NDCG@3=0.2269 NDCG@10=0.2036
2026-07-23 00:19:43,859 [INFO] [M=16/multi/batched] up=2  ef=4     avg=  0.018ms (q0=  0.039 sub/query=  0.015) speedup=7.347x fu_speedup=8.783x MRR@10=0.5591 NDCG@3=0.3463 NDCG@10=0.3225
2026-07-23 00:19:43,913 [INFO] [M=16/multi/batched] up=2  ef=8     avg=  0.026ms (q0=  0.060 sub/query=  0.021) speedup=5.315x fu_speedup=6.484x MRR@10=0.6657 NDCG@3=0.4029 NDCG@10=0.3849
2026-07-23 00:19:43,977 [INFO] [M=16/multi/batched] up=2  ef=16    avg=  0.035ms (q0=  0.065 sub/query=  0.031) speedup=4.086x fu_speedup=4.628x MRR@10=0.7261 NDCG@3=0.4461 NDCG@10=0.4304
2026-07-23 00:19:44,060 [INFO] [M=16/multi/batched] up=2  ef=32    avg=  0.054ms (q0=  0.102 sub/query=  0.048) speedup=2.860x fu_speedup=3.250x MRR@10=0.7421 NDCG@3=0.4636 NDCG@10=0.4500
2026-07-23 00:19:44,189 [INFO] [M=16/multi/batched] up=2  ef=64    avg=  0.094ms (q0=  0.173 sub/query=  0.083) speedup=2.037x fu_speedup=2.300x MRR@10=0.7489 NDCG@3=0.4681 NDCG@10=0.4538
2026-07-23 00:19:44,399 [INFO] [M=16/multi/batched] up=2  ef=128   avg=  0.174ms (q0=  0.326 sub/query=  0.154) speedup=1.500x fu_speedup=1.702x MRR@10=0.7640 NDCG@3=0.4775 NDCG@10=0.4646
2026-07-23 00:19:44,772 [INFO] [M=16/multi/batched] up=2  ef=256   avg=  0.327ms (q0=  0.630 sub/query=  0.286) speedup=1.205x fu_speedup=1.379x MRR@10=0.7675 NDCG@3=0.4791 NDCG@10=0.4687
2026-07-23 00:19:45,546 [INFO] [M=16/multi/batched] up=2  ef=512   avg=  0.716ms (q0=  1.760 sub/query=  0.573) speedup=1.227x fu_speedup=1.532x MRR@10=0.7675 NDCG@3=0.4788 NDCG@10=0.4663
2026-07-23 00:19:47,183 [INFO] [M=16/multi/batched] up=2  ef=1024  avg=  1.546ms (q0=  4.687 sub/query=  1.116) speedup=0.996x fu_speedup=1.379x MRR@10=0.7651 NDCG@3=0.4755 NDCG@10=0.4650
2026-07-23 00:19:51,081 [INFO] [M=16/multi/batched] up=2  ef=2048  avg=  3.740ms (q0= 14.433 sub/query=  2.279) speedup=1.107x fu_speedup=1.817x MRR@10=0.7651 NDCG@3=0.4755 NDCG@10=0.4649
2026-07-23 00:20:03,668 [INFO] [M=16/multi/batched] up=2  ef=4096  avg= 12.057ms (q0= 65.644 sub/query=  4.736) speedup=1.297x fu_speedup=3.302x MRR@10=0.7651 NDCG@3=0.4755 NDCG@10=0.4649
2026-07-23 00:20:03,706 [INFO] [M=16/multi/batched] up=4  ef=1     avg=  0.010ms (q0=  0.026 sub/query=  0.008) speedup=11.585x fu_speedup=14.572x MRR@10=0.2978 NDCG@3=0.1754 NDCG@10=0.1465
2026-07-23 00:20:03,749 [INFO] [M=16/multi/batched] up=4  ef=2     avg=  0.015ms (q0=  0.042 sub/query=  0.011) speedup=8.303x fu_speedup=11.042x MRR@10=0.5085 NDCG@3=0.3042 NDCG@10=0.2705
2026-07-23 00:20:03,796 [INFO] [M=16/multi/batched] up=4  ef=4     avg=  0.020ms (q0=  0.058 sub/query=  0.015) speedup=6.603x fu_speedup=8.950x MRR@10=0.5973 NDCG@3=0.3712 NDCG@10=0.3435
2026-07-23 00:20:03,851 [INFO] [M=16/multi/batched] up=4  ef=8     avg=  0.025ms (q0=  0.070 sub/query=  0.019) speedup=5.466x fu_speedup=7.215x MRR@10=0.6849 NDCG@3=0.4181 NDCG@10=0.4028
2026-07-23 00:20:03,919 [INFO] [M=16/multi/batched] up=4  ef=16    avg=  0.039ms (q0=  0.111 sub/query=  0.029) speedup=3.665x fu_speedup=4.899x MRR@10=0.7405 NDCG@3=0.4578 NDCG@10=0.4416
2026-07-23 00:20:04,012 [INFO] [M=16/multi/batched] up=4  ef=32    avg=  0.063ms (q0=  0.177 sub/query=  0.047) speedup=2.466x fu_speedup=3.279x MRR@10=0.7368 NDCG@3=0.4604 NDCG@10=0.4485
2026-07-23 00:20:04,157 [INFO] [M=16/multi/batched] up=4  ef=64    avg=  0.112ms (q0=  0.327 sub/query=  0.083) speedup=1.711x fu_speedup=2.318x MRR@10=0.7496 NDCG@3=0.4685 NDCG@10=0.4548
2026-07-23 00:20:04,405 [INFO] [M=16/multi/batched] up=4  ef=128   avg=  0.209ms (q0=  0.627 sub/query=  0.151) speedup=1.255x fu_speedup=1.728x MRR@10=0.7640 NDCG@3=0.4775 NDCG@10=0.4649
2026-07-23 00:20:04,929 [INFO] [M=16/multi/batched] up=4  ef=256   avg=  0.473ms (q0=  1.831 sub/query=  0.288) speedup=0.834x fu_speedup=1.371x MRR@10=0.7675 NDCG@3=0.4791 NDCG@10=0.4690
2026-07-23 00:20:06,057 [INFO] [M=16/multi/batched] up=4  ef=512   avg=  1.054ms (q0=  4.653 sub/query=  0.563) speedup=0.833x fu_speedup=1.562x MRR@10=0.7675 NDCG@3=0.4788 NDCG@10=0.4664
2026-07-23 00:20:08,851 [INFO] [M=16/multi/batched] up=4  ef=1024  avg=  2.654ms (q0= 13.935 sub/query=  1.113) speedup=0.580x fu_speedup=1.383x MRR@10=0.7651 NDCG@3=0.4755 NDCG@10=0.4650
2026-07-23 00:20:19,591 [INFO] [M=16/multi/batched] up=4  ef=2048  avg= 10.354ms (q0= 69.228 sub/query=  2.312) speedup=0.400x fu_speedup=1.791x MRR@10=0.7651 NDCG@3=0.4755 NDCG@10=0.4649
2026-07-23 00:21:00,008 [INFO] [M=16/multi/batched] up=4  ef=4096  avg= 38.841ms (q0=288.128 sub/query=  4.786) speedup=0.403x fu_speedup=3.268x MRR@10=0.7651 NDCG@3=0.4755 NDCG@10=0.4649
2026-07-23 00:21:00,048 [INFO] [M=16/multi/batched] up=8  ef=1     avg=  0.012ms (q0=  0.039 sub/query=  0.008) speedup=10.109x fu_speedup=14.674x MRR@10=0.3863 NDCG@3=0.2265 NDCG@10=0.1852
2026-07-23 00:21:00,091 [INFO] [M=16/multi/batched] up=8  ef=2     avg=  0.015ms (q0=  0.049 sub/query=  0.011) speedup=8.166x fu_speedup=11.775x MRR@10=0.5496 NDCG@3=0.3279 NDCG@10=0.2886
2026-07-23 00:21:00,140 [INFO] [M=16/multi/batched] up=8  ef=4     avg=  0.021ms (q0=  0.066 sub/query=  0.014) speedup=6.289x fu_speedup=8.992x MRR@10=0.6244 NDCG@3=0.3910 NDCG@10=0.3654
2026-07-23 00:21:00,198 [INFO] [M=16/multi/batched] up=8  ef=8     avg=  0.030ms (q0=  0.103 sub/query=  0.019) speedup=4.656x fu_speedup=7.065x MRR@10=0.7066 NDCG@3=0.4356 NDCG@10=0.4181
2026-07-23 00:21:00,275 [INFO] [M=16/multi/batched] up=8  ef=16    avg=  0.048ms (q0=  0.174 sub/query=  0.030) speedup=2.991x fu_speedup=4.691x MRR@10=0.7351 NDCG@3=0.4545 NDCG@10=0.4391
2026-07-23 00:21:00,387 [INFO] [M=16/multi/batched] up=8  ef=32    avg=  0.082ms (q0=  0.333 sub/query=  0.048) speedup=1.878x fu_speedup=3.217x MRR@10=0.7374 NDCG@3=0.4607 NDCG@10=0.4495
2026-07-23 00:21:00,569 [INFO] [M=16/multi/batched] up=8  ef=64    avg=  0.149ms (q0=  0.620 sub/query=  0.085) speedup=1.286x fu_speedup=2.260x MRR@10=0.7496 NDCG@3=0.4685 NDCG@10=0.4552
2026-07-23 00:21:00,960 [INFO] [M=16/multi/batched] up=8  ef=128   avg=  0.352ms (q0=  1.816 sub/query=  0.152) speedup=0.744x fu_speedup=1.725x MRR@10=0.7640 NDCG@3=0.4775 NDCG@10=0.4653
2026-07-23 00:21:01,848 [INFO] [M=16/multi/batched] up=8  ef=256   avg=  0.826ms (q0=  4.741 sub/query=  0.292) speedup=0.478x fu_speedup=1.354x MRR@10=0.7675 NDCG@3=0.4791 NDCG@10=0.4691
2026-07-23 00:21:04,152 [INFO] [M=16/multi/batched] up=8  ef=512   avg=  2.194ms (q0= 14.157 sub/query=  0.559) speedup=0.400x fu_speedup=1.570x MRR@10=0.7675 NDCG@3=0.4788 NDCG@10=0.4664
2026-07-23 00:21:13,787 [INFO] [M=16/multi/batched] up=8  ef=1024  avg=  9.282ms (q0= 69.031 sub/query=  1.120) speedup=0.166x fu_speedup=1.375x MRR@10=0.7651 NDCG@3=0.4755 NDCG@10=0.4650
2026-07-23 00:21:51,985 [INFO] [M=16/multi/batched] up=8  ef=2048  avg= 36.706ms (q0=288.544 sub/query=  2.302) speedup=0.113x fu_speedup=1.798x MRR@10=0.7651 NDCG@3=0.4755 NDCG@10=0.4649
2026-07-23 00:23:47,081 [INFO] [M=16/multi/batched] up=8  ef=4096  avg=110.648ms (q0=885.769 sub/query=  4.757) speedup=0.141x fu_speedup=3.288x MRR@10=0.7651 NDCG@3=0.4755 NDCG@10=0.4649
2026-07-23 00:23:47,121 [INFO] [M=16/multi/batched] up=16 ef=1     avg=  0.013ms (q0=  0.048 sub/query=  0.008) speedup=9.363x fu_speedup=14.869x MRR@10=0.4464 NDCG@3=0.2597 NDCG@10=0.2117
2026-07-23 00:23:47,167 [INFO] [M=16/multi/batched] up=16 ef=2     avg=  0.017ms (q0=  0.067 sub/query=  0.010) speedup=7.180x fu_speedup=11.843x MRR@10=0.5646 NDCG@3=0.3432 NDCG@10=0.3058
2026-07-23 00:23:47,220 [INFO] [M=16/multi/batched] up=16 ef=4     avg=  0.025ms (q0=  0.104 sub/query=  0.014) speedup=5.211x fu_speedup=9.179x MRR@10=0.6413 NDCG@3=0.4049 NDCG@10=0.3780
2026-07-23 00:23:47,289 [INFO] [M=16/multi/batched] up=16 ef=8     avg=  0.038ms (q0=  0.174 sub/query=  0.020) speedup=3.598x fu_speedup=7.006x MRR@10=0.7006 NDCG@3=0.4323 NDCG@10=0.4156
2026-07-23 00:23:47,385 [INFO] [M=16/multi/batched] up=16 ef=16    avg=  0.066ms (q0=  0.328 sub/query=  0.031) speedup=2.147x fu_speedup=4.633x MRR@10=0.7358 NDCG@3=0.4548 NDCG@10=0.4400
2026-07-23 00:23:47,534 [INFO] [M=16/multi/batched] up=16 ef=32    avg=  0.118ms (q0=  0.622 sub/query=  0.049) speedup=1.312x fu_speedup=3.159x MRR@10=0.7374 NDCG@3=0.4607 NDCG@10=0.4498
2026-07-23 00:23:47,862 [INFO] [M=16/multi/batched] up=16 ef=64    avg=  0.295ms (q0=  1.810 sub/query=  0.088) speedup=0.652x fu_speedup=2.193x MRR@10=0.7496 NDCG@3=0.4685 NDCG@10=0.4555
2026-07-23 00:23:48,610 [INFO] [M=16/multi/batched] up=16 ef=128   avg=  0.683ms (q0=  4.530 sub/query=  0.157) speedup=0.383x fu_speedup=1.664x MRR@10=0.7640 NDCG@3=0.4775 NDCG@10=0.4653
2026-07-23 00:23:50,682 [INFO] [M=16/multi/batched] up=16 ef=256   avg=  1.973ms (q0= 14.304 sub/query=  0.289) speedup=0.200x fu_speedup=1.368x MRR@10=0.7675 NDCG@3=0.4791 NDCG@10=0.4691
2026-07-23 00:24:00,023 [INFO] [M=16/multi/batched] up=16 ef=512   avg=  8.927ms (q0= 70.084 sub/query=  0.572) speedup=0.098x fu_speedup=1.536x MRR@10=0.7675 NDCG@3=0.4788 NDCG@10=0.4664
2026-07-23 00:24:36,838 [INFO] [M=16/multi/batched] up=16 ef=1024  avg= 35.361ms (q0=285.957 sub/query=  1.126) speedup=0.044x fu_speedup=1.367x MRR@10=0.7651 NDCG@3=0.4755 NDCG@10=0.4650
2026-07-23 00:26:28,971 [INFO] [M=16/multi/batched] up=16 ef=2048  avg=107.793ms (q0=880.213 sub/query=  2.272) speedup=0.038x fu_speedup=1.823x MRR@10=0.7651 NDCG@3=0.4755 NDCG@10=0.4649
2026-07-23 00:32:41,100 [INFO] [M=16/multi/batched] up=16 ef=4096  avg=357.095ms (q0=2936.471 sub/query=  4.721) speedup=0.044x fu_speedup=3.313x MRR@10=0.7651 NDCG@3=0.4755 NDCG@10=0.4649
2026-07-23 00:32:41,100 [INFO] ##### [M=16] THREAD MODE: single (omp_set_num_threads=1) #####
2026-07-23 00:32:41,101 [INFO] Warmup pass ...
2026-07-23 00:32:41,405 [INFO] === [M=16] BASELINE HNSW [single] ===
2026-07-23 00:32:41,493 [INFO] [M=16/single] ef=1     avg=  0.063ms (± 0.002) MRR@10=0.1356 NDCG@3=0.0719 NDCG@10=0.0562
2026-07-23 00:32:41,617 [INFO] [M=16/single] ef=2     avg=  0.098ms (± 0.001) MRR@10=0.2318 NDCG@3=0.1357 NDCG@10=0.1186
2026-07-23 00:32:41,802 [INFO] [M=16/single] ef=4     avg=  0.155ms (± 0.003) MRR@10=0.3846 NDCG@3=0.2412 NDCG@10=0.2248
2026-07-23 00:32:42,069 [INFO] [M=16/single] ef=8     avg=  0.235ms (± 0.004) MRR@10=0.5277 NDCG@3=0.3307 NDCG@10=0.3124
2026-07-23 00:32:42,443 [INFO] [M=16/single] ef=16    avg=  0.337ms (± 0.003) MRR@10=0.6134 NDCG@3=0.3763 NDCG@10=0.3568
2026-07-23 00:32:42,985 [INFO] [M=16/single] ef=32    avg=  0.497ms (± 0.006) MRR@10=0.6463 NDCG@3=0.3949 NDCG@10=0.3805
2026-07-23 00:32:43,852 [INFO] [M=16/single] ef=64    avg=  0.814ms (± 0.004) MRR@10=0.7177 NDCG@3=0.4465 NDCG@10=0.4307
2026-07-23 00:32:45,273 [INFO] [M=16/single] ef=128   avg=  1.346ms (± 0.003) MRR@10=0.7502 NDCG@3=0.4664 NDCG@10=0.4528
2026-07-23 00:32:47,826 [INFO] [M=16/single] ef=256   avg=  2.428ms (± 0.011) MRR@10=0.7619 NDCG@3=0.4756 NDCG@10=0.4643
2026-07-23 00:32:52,825 [INFO] [M=16/single] ef=512   avg=  4.792ms (± 0.013) MRR@10=0.7659 NDCG@3=0.4777 NDCG@10=0.4640
2026-07-23 00:33:03,083 [INFO] [M=16/single] ef=1024  avg=  9.843ms (± 0.016) MRR@10=0.7651 NDCG@3=0.4755 NDCG@10=0.4649
2026-07-23 00:33:24,343 [INFO] [M=16/single] ef=2048  avg= 20.422ms (± 0.037) MRR@10=0.7651 NDCG@3=0.4755 NDCG@10=0.4649
2026-07-23 00:34:10,801 [INFO] [M=16/single] ef=4096  avg= 44.650ms (± 0.027) MRR@10=0.7651 NDCG@3=0.4755 NDCG@10=0.4649
2026-07-23 00:34:10,801 [INFO] === [M=16] TopLoc HNSW (batched) [single] ===
2026-07-23 00:34:10,871 [INFO] [M=16/single/batched] up=1  ef=1     avg=  0.047ms (q0=  0.066 sub/query=  0.045) speedup=1.336x fu_speedup=1.415x MRR@10=0.1587 NDCG@3=0.0970 NDCG@10=0.0754
2026-07-23 00:34:10,977 [INFO] [M=16/single/batched] up=1  ef=2     avg=  0.080ms (q0=  0.101 sub/query=  0.077) speedup=1.218x fu_speedup=1.264x MRR@10=0.3244 NDCG@3=0.1990 NDCG@10=0.1757
2026-07-23 00:34:11,128 [INFO] [M=16/single/batched] up=1  ef=4     avg=  0.124ms (q0=  0.154 sub/query=  0.120) speedup=1.249x fu_speedup=1.291x MRR@10=0.4478 NDCG@3=0.2757 NDCG@10=0.2552
2026-07-23 00:34:11,315 [INFO] [M=16/single/batched] up=1  ef=8     avg=  0.159ms (q0=  0.242 sub/query=  0.147) speedup=1.478x fu_speedup=1.592x MRR@10=0.6352 NDCG@3=0.3822 NDCG@10=0.3668
2026-07-23 00:34:11,586 [INFO] [M=16/single/batched] up=1  ef=16    avg=  0.239ms (q0=  0.332 sub/query=  0.227) speedup=1.410x fu_speedup=1.489x MRR@10=0.7044 NDCG@3=0.4314 NDCG@10=0.4141
2026-07-23 00:34:12,001 [INFO] [M=16/single/batched] up=1  ef=32    avg=  0.373ms (q0=  0.496 sub/query=  0.356) speedup=1.333x fu_speedup=1.396x MRR@10=0.7293 NDCG@3=0.4544 NDCG@10=0.4403
2026-07-23 00:34:12,703 [INFO] [M=16/single/batched] up=1  ef=64    avg=  0.648ms (q0=  0.828 sub/query=  0.623) speedup=1.256x fu_speedup=1.305x MRR@10=0.7496 NDCG@3=0.4688 NDCG@10=0.4531
2026-07-23 00:34:13,957 [INFO] [M=16/single/batched] up=1  ef=128   avg=  1.182ms (q0=  1.408 sub/query=  1.151) speedup=1.138x fu_speedup=1.169x MRR@10=0.7634 NDCG@3=0.4771 NDCG@10=0.4636
2026-07-23 00:34:16,360 [INFO] [M=16/single/batched] up=1  ef=256   avg=  2.286ms (q0=  2.593 sub/query=  2.245) speedup=1.062x fu_speedup=1.082x MRR@10=0.7675 NDCG@3=0.4791 NDCG@10=0.4683
2026-07-23 00:34:21,226 [INFO] [M=16/single/batched] up=1  ef=512   avg=  4.656ms (q0=  4.967 sub/query=  4.613) speedup=1.029x fu_speedup=1.039x MRR@10=0.7675 NDCG@3=0.4788 NDCG@10=0.4659
2026-07-23 00:34:31,341 [INFO] [M=16/single/batched] up=1  ef=1024  avg=  9.710ms (q0=  9.906 sub/query=  9.683) speedup=1.014x fu_speedup=1.017x MRR@10=0.7651 NDCG@3=0.4755 NDCG@10=0.4649
2026-07-23 00:34:52,505 [INFO] [M=16/single/batched] up=1  ef=2048  avg= 20.327ms (q0= 20.374 sub/query= 20.320) speedup=1.005x fu_speedup=1.005x MRR@10=0.7651 NDCG@3=0.4755 NDCG@10=0.4649
2026-07-23 00:35:38,866 [INFO] [M=16/single/batched] up=1  ef=4096  avg= 44.568ms (q0= 44.480 sub/query= 44.580) speedup=1.002x fu_speedup=1.002x MRR@10=0.7651 NDCG@3=0.4755 NDCG@10=0.4649
2026-07-23 00:35:38,940 [INFO] [M=16/single/batched] up=2  ef=1     avg=  0.051ms (q0=  0.097 sub/query=  0.045) speedup=1.240x fu_speedup=1.415x MRR@10=0.2255 NDCG@3=0.1329 NDCG@10=0.1153
2026-07-23 00:35:39,051 [INFO] [M=16/single/batched] up=2  ef=2     avg=  0.085ms (q0=  0.154 sub/query=  0.076) speedup=1.147x fu_speedup=1.288x MRR@10=0.3672 NDCG@3=0.2269 NDCG@10=0.2036
2026-07-23 00:35:39,200 [INFO] [M=16/single/batched] up=2  ef=4     avg=  0.121ms (q0=  0.242 sub/query=  0.105) speedup=1.272x fu_speedup=1.472x MRR@10=0.5591 NDCG@3=0.3463 NDCG@10=0.3225
2026-07-23 00:35:39,397 [INFO] [M=16/single/batched] up=2  ef=8     avg=  0.168ms (q0=  0.333 sub/query=  0.146) speedup=1.395x fu_speedup=1.610x MRR@10=0.6657 NDCG@3=0.4029 NDCG@10=0.3849
2026-07-23 00:35:39,683 [INFO] [M=16/single/batched] up=2  ef=16    avg=  0.253ms (q0=  0.500 sub/query=  0.219) speedup=1.333x fu_speedup=1.537x MRR@10=0.7261 NDCG@3=0.4461 NDCG@10=0.4304
2026-07-23 00:35:40,128 [INFO] [M=16/single/batched] up=2  ef=32    avg=  0.405ms (q0=  0.817 sub/query=  0.349) speedup=1.227x fu_speedup=1.424x MRR@10=0.7421 NDCG@3=0.4636 NDCG@10=0.4500
2026-07-23 00:35:40,902 [INFO] [M=16/single/batched] up=2  ef=64    avg=  0.720ms (q0=  1.418 sub/query=  0.625) speedup=1.130x fu_speedup=1.303x MRR@10=0.7489 NDCG@3=0.4681 NDCG@10=0.4538
2026-07-23 00:35:42,307 [INFO] [M=16/single/batched] up=2  ef=128   avg=  1.320ms (q0=  2.594 sub/query=  1.146) speedup=1.019x fu_speedup=1.174x MRR@10=0.7640 NDCG@3=0.4775 NDCG@10=0.4646
2026-07-23 00:35:44,996 [INFO] [M=16/single/batched] up=2  ef=256   avg=  2.565ms (q0=  4.971 sub/query=  2.237) speedup=0.946x fu_speedup=1.085x MRR@10=0.7675 NDCG@3=0.4791 NDCG@10=0.4687
2026-07-23 00:35:50,471 [INFO] [M=16/single/batched] up=2  ef=512   avg=  5.240ms (q0=  9.879 sub/query=  4.606) speedup=0.915x fu_speedup=1.041x MRR@10=0.7675 NDCG@3=0.4788 NDCG@10=0.4663
2026-07-23 00:36:01,889 [INFO] [M=16/single/batched] up=2  ef=1024  avg= 10.951ms (q0= 20.394 sub/query=  9.661) speedup=0.899x fu_speedup=1.019x MRR@10=0.7651 NDCG@3=0.4755 NDCG@10=0.4650
2026-07-23 00:36:26,030 [INFO] [M=16/single/batched] up=2  ef=2048  avg= 23.172ms (q0= 44.262 sub/query= 20.291) speedup=0.881x fu_speedup=1.006x MRR@10=0.7651 NDCG@3=0.4755 NDCG@10=0.4649
2026-07-23 00:37:20,075 [INFO] [M=16/single/batched] up=2  ef=4096  avg= 51.852ms (q0=105.603 sub/query= 44.509) speedup=0.861x fu_speedup=1.003x MRR@10=0.7651 NDCG@3=0.4755 NDCG@10=0.4649
2026-07-23 00:37:20,158 [INFO] [M=16/single/batched] up=4  ef=1     avg=  0.059ms (q0=  0.149 sub/query=  0.046) speedup=1.072x fu_speedup=1.357x MRR@10=0.2978 NDCG@3=0.1754 NDCG@10=0.1465
2026-07-23 00:37:20,275 [INFO] [M=16/single/batched] up=4  ef=2     avg=  0.091ms (q0=  0.241 sub/query=  0.071) speedup=1.073x fu_speedup=1.386x MRR@10=0.5085 NDCG@3=0.3042 NDCG@10=0.2705
2026-07-23 00:37:20,432 [INFO] [M=16/single/batched] up=4  ef=4     avg=  0.129ms (q0=  0.329 sub/query=  0.102) speedup=1.195x fu_speedup=1.516x MRR@10=0.5973 NDCG@3=0.3712 NDCG@10=0.3435
2026-07-23 00:37:20,644 [INFO] [M=16/single/batched] up=4  ef=8     avg=  0.182ms (q0=  0.501 sub/query=  0.139) speedup=1.289x fu_speedup=1.694x MRR@10=0.6849 NDCG@3=0.4181 NDCG@10=0.4028
2026-07-23 00:37:20,963 [INFO] [M=16/single/batched] up=4  ef=16    avg=  0.285ms (q0=  0.823 sub/query=  0.212) speedup=1.183x fu_speedup=1.593x MRR@10=0.7405 NDCG@3=0.4578 NDCG@10=0.4416
2026-07-23 00:37:21,480 [INFO] [M=16/single/batched] up=4  ef=32    avg=  0.476ms (q0=  1.401 sub/query=  0.349) speedup=1.045x fu_speedup=1.423x MRR@10=0.7368 NDCG@3=0.4604 NDCG@10=0.4485
2026-07-23 00:37:22,401 [INFO] [M=16/single/batched] up=4  ef=64    avg=  0.859ms (q0=  2.589 sub/query=  0.623) speedup=0.947x fu_speedup=1.307x MRR@10=0.7496 NDCG@3=0.4685 NDCG@10=0.4548
2026-07-23 00:37:24,099 [INFO] [M=16/single/batched] up=4  ef=128   avg=  1.607ms (q0=  4.961 sub/query=  1.148) speedup=0.838x fu_speedup=1.172x MRR@10=0.7640 NDCG@3=0.4775 NDCG@10=0.4649
2026-07-23 00:37:27,415 [INFO] [M=16/single/batched] up=4  ef=256   avg=  3.162ms (q0=  9.894 sub/query=  2.243) speedup=0.768x fu_speedup=1.083x MRR@10=0.7675 NDCG@3=0.4791 NDCG@10=0.4690
2026-07-23 00:37:34,206 [INFO] [M=16/single/batched] up=4  ef=512   avg=  6.500ms (q0= 20.399 sub/query=  4.601) speedup=0.737x fu_speedup=1.042x MRR@10=0.7675 NDCG@3=0.4788 NDCG@10=0.4664
2026-07-23 00:37:48,457 [INFO] [M=16/single/batched] up=4  ef=1024  avg= 13.674ms (q0= 43.963 sub/query=  9.536) speedup=0.720x fu_speedup=1.032x MRR@10=0.7651 NDCG@3=0.4755 NDCG@10=0.4650
2026-07-23 00:38:20,251 [INFO] [M=16/single/batched] up=4  ef=2048  avg= 30.542ms (q0=105.720 sub/query= 20.271) speedup=0.669x fu_speedup=1.007x MRR@10=0.7651 NDCG@3=0.4755 NDCG@10=0.4649
2026-07-23 00:39:36,644 [INFO] [M=16/single/batched] up=4  ef=4096  avg= 73.432ms (q0=285.332 sub/query= 44.484) speedup=0.608x fu_speedup=1.004x MRR@10=0.7651 NDCG@3=0.4755 NDCG@10=0.4649
2026-07-23 00:39:36,736 [INFO] [M=16/single/batched] up=8  ef=1     avg=  0.067ms (q0=  0.236 sub/query=  0.044) speedup=0.935x fu_speedup=1.421x MRR@10=0.3863 NDCG@3=0.2265 NDCG@10=0.1852
2026-07-23 00:39:36,861 [INFO] [M=16/single/batched] up=8  ef=2     avg=  0.099ms (q0=  0.328 sub/query=  0.068) speedup=0.987x fu_speedup=1.442x MRR@10=0.5496 NDCG@3=0.3279 NDCG@10=0.2886
2026-07-23 00:39:37,036 [INFO] [M=16/single/batched] up=8  ef=4     avg=  0.147ms (q0=  0.499 sub/query=  0.098) speedup=1.054x fu_speedup=1.569x MRR@10=0.6244 NDCG@3=0.3910 NDCG@10=0.3654
2026-07-23 00:39:37,284 [INFO] [M=16/single/batched] up=8  ef=8     avg=  0.217ms (q0=  0.819 sub/query=  0.135) speedup=1.080x fu_speedup=1.737x MRR@10=0.7066 NDCG@3=0.4356 NDCG@10=0.4181
2026-07-23 00:39:37,680 [INFO] [M=16/single/batched] up=8  ef=16    avg=  0.360ms (q0=  1.418 sub/query=  0.215) speedup=0.938x fu_speedup=1.567x MRR@10=0.7351 NDCG@3=0.4545 NDCG@10=0.4391
2026-07-23 00:39:38,348 [INFO] [M=16/single/batched] up=8  ef=32    avg=  0.620ms (q0=  2.591 sub/query=  0.351) speedup=0.801x fu_speedup=1.417x MRR@10=0.7374 NDCG@3=0.4607 NDCG@10=0.4495
2026-07-23 00:39:39,569 [INFO] [M=16/single/batched] up=8  ef=64    avg=  1.148ms (q0=  4.977 sub/query=  0.625) speedup=0.709x fu_speedup=1.301x MRR@10=0.7496 NDCG@3=0.4685 NDCG@10=0.4552
2026-07-23 00:39:41,889 [INFO] [M=16/single/batched] up=8  ef=128   avg=  2.206ms (q0=  9.914 sub/query=  1.153) speedup=0.610x fu_speedup=1.168x MRR@10=0.7640 NDCG@3=0.4775 NDCG@10=0.4653
2026-07-23 00:39:46,527 [INFO] [M=16/single/batched] up=8  ef=256   avg=  4.424ms (q0= 20.380 sub/query=  2.244) speedup=0.549x fu_speedup=1.082x MRR@10=0.7675 NDCG@3=0.4791 NDCG@10=0.4691
2026-07-23 00:39:56,313 [INFO] [M=16/single/batched] up=8  ef=512   avg=  9.392ms (q0= 44.449 sub/query=  4.603) speedup=0.510x fu_speedup=1.041x MRR@10=0.7675 NDCG@3=0.4788 NDCG@10=0.4664
2026-07-23 00:40:18,391 [INFO] [M=16/single/batched] up=8  ef=1024  avg= 21.205ms (q0=105.673 sub/query=  9.666) speedup=0.464x fu_speedup=1.018x MRR@10=0.7651 NDCG@3=0.4755 NDCG@10=0.4650
2026-07-23 00:41:12,653 [INFO] [M=16/single/batched] up=8  ef=2048  avg= 52.171ms (q0=285.710 sub/query= 20.267) speedup=0.391x fu_speedup=1.008x MRR@10=0.7651 NDCG@3=0.4755 NDCG@10=0.4649
2026-07-23 00:43:44,086 [INFO] [M=16/single/batched] up=8  ef=4096  avg=145.976ms (q0=888.690 sub/query= 44.512) speedup=0.306x fu_speedup=1.003x MRR@10=0.7651 NDCG@3=0.4755 NDCG@10=0.4649
2026-07-23 00:43:44,189 [INFO] [M=16/single/batched] up=16 ef=1     avg=  0.078ms (q0=  0.328 sub/query=  0.044) speedup=0.806x fu_speedup=1.431x MRR@10=0.4464 NDCG@3=0.2597 NDCG@10=0.2117
2026-07-23 00:43:44,334 [INFO] [M=16/single/batched] up=16 ef=2     avg=  0.118ms (q0=  0.495 sub/query=  0.066) speedup=0.831x fu_speedup=1.478x MRR@10=0.5646 NDCG@3=0.3432 NDCG@10=0.3058
2026-07-23 00:43:44,546 [INFO] [M=16/single/batched] up=16 ef=4     avg=  0.182ms (q0=  0.823 sub/query=  0.095) speedup=0.847x fu_speedup=1.629x MRR@10=0.6413 NDCG@3=0.4049 NDCG@10=0.3780
2026-07-23 00:43:44,868 [INFO] [M=16/single/batched] up=16 ef=8     avg=  0.288ms (q0=  1.406 sub/query=  0.136) speedup=0.814x fu_speedup=1.731x MRR@10=0.7006 NDCG@3=0.4323 NDCG@10=0.4156
2026-07-23 00:43:45,411 [INFO] [M=16/single/batched] up=16 ef=16    avg=  0.499ms (q0=  2.595 sub/query=  0.213) speedup=0.676x fu_speedup=1.585x MRR@10=0.7358 NDCG@3=0.4548 NDCG@10=0.4400
2026-07-23 00:43:46,379 [INFO] [M=16/single/batched] up=16 ef=32    avg=  0.908ms (q0=  4.988 sub/query=  0.351) speedup=0.547x fu_speedup=1.417x MRR@10=0.7374 NDCG@3=0.4607 NDCG@10=0.4498
2026-07-23 00:43:48,215 [INFO] [M=16/single/batched] up=16 ef=64    avg=  1.742ms (q0=  9.906 sub/query=  0.627) speedup=0.467x fu_speedup=1.298x MRR@10=0.7496 NDCG@3=0.4685 NDCG@10=0.4555
2026-07-23 00:43:51,842 [INFO] [M=16/single/batched] up=16 ef=128   avg=  3.462ms (q0= 20.371 sub/query=  1.152) speedup=0.389x fu_speedup=1.168x MRR@10=0.7640 NDCG@3=0.4775 NDCG@10=0.4653
2026-07-23 00:43:59,462 [INFO] [M=16/single/batched] up=16 ef=256   avg=  7.306ms (q0= 44.414 sub/query=  2.237) speedup=0.332x fu_speedup=1.085x MRR@10=0.7675 NDCG@3=0.4791 NDCG@10=0.4691
2026-07-23 00:44:16,949 [INFO] [M=16/single/batched] up=16 ef=512   avg= 16.786ms (q0=106.027 sub/query=  4.594) speedup=0.286x fu_speedup=1.043x MRR@10=0.7675 NDCG@3=0.4788 NDCG@10=0.4664
2026-07-23 00:45:01,641 [INFO] [M=16/single/batched] up=16 ef=1024  avg= 42.921ms (q0=286.357 sub/query=  9.665) speedup=0.229x fu_speedup=1.018x MRR@10=0.7651 NDCG@3=0.4755 NDCG@10=0.4650
2026-07-23 00:47:09,735 [INFO] [M=16/single/batched] up=16 ef=2048  avg=123.400ms (q0=878.250 sub/query= 20.278) speedup=0.165x fu_speedup=1.007x MRR@10=0.7651 NDCG@3=0.4755 NDCG@10=0.4649
2026-07-23 00:53:58,674 [INFO] [M=16/single/batched] up=16 ef=4096  avg=391.258ms (q0=2929.639 sub/query= 44.485) speedup=0.114x fu_speedup=1.004x MRR@10=0.7651 NDCG@3=0.4755 NDCG@10=0.4649
2026-07-23 00:53:58,675 [INFO] === [M=16] Speedup summary ===
2026-07-23 00:53:58,675 [INFO] [M=16/multi/batched] best speedup (incl. q0): 13.202x  (config=toploc_batched_ef1_up2_multi)
2026-07-23 00:53:58,675 [INFO] [M=16/multi/batched] best fu_speedup (followups only): 15.498x  (config=toploc_batched_ef1_up2_multi)
2026-07-23 00:53:58,675 [INFO] [M=16/single/batched] best speedup (incl. q0): 1.478x  (config=toploc_batched_ef8_up1_single)
2026-07-23 00:53:58,675 [INFO] [M=16/single/batched] best fu_speedup (followups only): 1.737x  (config=toploc_batched_ef8_up8_single)
2026-07-23 00:53:58,739 [INFO] [M=16] Grid search complete. Results saved to /home/toploc1/Datasets/toploc1/HNSW_paper1/Dragon/search/results/dragon_toplocHNSW_metrics_M16_2020.json
2026-07-23 00:53:58,840 [INFO] [M=16] Summary table -> /home/toploc1/Datasets/toploc1/HNSW_paper1/Dragon/search/results/dragon_toplocHNSW_M16_2020.parquet
2026-07-23 00:53:59,442 [INFO] [M=16] index released.
