nohup: ignoring input
2026-07-05 13:27:01,544 [INFO] Loading index from /home/toploc1/Datasets/toploc1/indexes/Dragon_indexes/treccast_dragon_ivf.index (mmap=True)
2026-07-05 13:27:16,335 [INFO] Index loaded: 38,636,446 vectors, nlist=32768
2026-07-05 13:27:35,739 [INFO] Centroid matrix: (32768, 768)
2026-07-05 13:28:16,767 [INFO] Queries: 479 | dim=768
2026-07-05 13:28:16,800 [INFO] Loaded qrels: 173 queries
2026-07-05 13:28:16,800 [INFO] Conversations: 50 | follow-up queries: 429 | avg follow-ups/conv: 8.58
2026-07-05 13:28:16,800 [INFO] === baseline nprobe=1 ===
2026-07-05 13:29:12,849 [INFO]   k=  10: fused fu=  1.358 ft=  1.050 | control fu=  1.464 ft=  1.096 | fused/control= 0.93x
2026-07-05 13:29:18,264 [INFO]   k= 100: fused fu=  1.296 ft=  0.961 | control fu=  1.577 ft=  1.185 | fused/control= 0.82x
2026-07-05 13:29:23,788 [INFO]   k=1000: fused fu=  1.336 ft=  0.938 | control fu=  1.698 ft=  1.175 | fused/control= 0.79x
2026-07-05 13:29:23,788 [INFO]   MRR@10=0.3859  NDCG@3=0.1940  NDCG@10=0.1518
2026-07-05 13:29:23,795 [INFO] === baseline nprobe=2 ===
2026-07-05 13:30:06,273 [INFO]   k=  10: fused fu=  1.844 ft=  1.332 | control fu=  2.547 ft=  1.214 | fused/control= 0.72x
2026-07-05 13:30:13,595 [INFO]   k= 100: fused fu=  1.954 ft=  1.273 | control fu=  2.223 ft=  1.033 | fused/control= 0.88x
2026-07-05 13:30:19,324 [INFO]   k=1000: fused fu=  1.765 ft=  1.248 | control fu=  0.958 ft=  0.909 | fused/control= 1.84x
2026-07-05 13:30:19,324 [INFO]   MRR@10=0.5019  NDCG@3=0.2616  NDCG@10=0.2149
2026-07-05 13:30:19,329 [INFO] === baseline nprobe=4 ===
2026-07-05 13:31:16,939 [INFO]   k=  10: fused fu=  2.151 ft=  1.921 | control fu=  1.398 ft=  1.244 | fused/control= 1.54x
2026-07-05 13:31:26,296 [INFO]   k= 100: fused fu=  2.309 ft=  2.136 | control fu=  2.836 ft=  1.298 | fused/control= 0.81x
2026-07-05 13:31:34,699 [INFO]   k=1000: fused fu=  2.345 ft=  1.928 | control fu=  2.192 ft=  1.258 | fused/control= 1.07x
2026-07-05 13:31:34,699 [INFO]   MRR@10=0.5744  NDCG@3=0.3262  NDCG@10=0.2812
2026-07-05 13:31:34,707 [INFO] === baseline nprobe=8 ===
2026-07-05 13:33:05,754 [INFO]   k=  10: fused fu=  2.856 ft=  2.739 | control fu=  2.392 ft=  1.467 | fused/control= 1.19x
2026-07-05 13:33:15,701 [INFO]   k= 100: fused fu=  2.913 ft=  2.785 | control fu=  2.808 ft=  1.349 | fused/control= 1.04x
2026-07-05 13:33:26,801 [INFO]   k=1000: fused fu=  3.117 ft=  2.739 | control fu=  2.908 ft=  1.387 | fused/control= 1.07x
2026-07-05 13:33:26,802 [INFO]   MRR@10=0.6223  NDCG@3=0.3669  NDCG@10=0.3240
2026-07-05 13:33:26,812 [INFO] === baseline nprobe=16 ===
2026-07-05 13:35:33,504 [INFO]   k=  10: fused fu=  3.957 ft=  3.762 | control fu=  3.219 ft=  1.842 | fused/control= 1.23x
2026-07-05 13:35:47,377 [INFO]   k= 100: fused fu=  4.195 ft=  4.005 | control fu=  3.214 ft=  1.852 | fused/control= 1.31x
2026-07-05 13:35:59,480 [INFO]   k=1000: fused fu=  3.956 ft=  3.655 | control fu=  2.968 ft=  1.784 | fused/control= 1.33x
2026-07-05 13:35:59,480 [INFO]   MRR@10=0.6372  NDCG@3=0.3790  NDCG@10=0.3434
2026-07-05 13:35:59,488 [INFO] === baseline nprobe=32 ===
2026-07-05 13:39:16,019 [INFO]   k=  10: fused fu=  6.003 ft=  5.619 | control fu=  4.108 ft=  2.702 | fused/control= 1.46x
2026-07-05 13:39:34,529 [INFO]   k= 100: fused fu=  6.127 ft=  5.630 | control fu=  3.532 ft=  2.712 | fused/control= 1.73x
2026-07-05 13:39:52,420 [INFO]   k=1000: fused fu=  5.994 ft=  5.742 | control fu=  3.403 ft=  2.606 | fused/control= 1.76x
2026-07-05 13:39:52,421 [INFO]   MRR@10=0.6874  NDCG@3=0.4102  NDCG@10=0.3685
2026-07-05 13:39:52,427 [INFO] === baseline nprobe=64 ===
2026-07-05 13:44:19,859 [INFO]   k=  10: fused fu=  8.728 ft=  8.099 | control fu=  4.782 ft=  4.094 | fused/control= 1.83x
2026-07-05 13:44:46,162 [INFO]   k= 100: fused fu=  8.659 ft=  7.974 | control fu=  5.552 ft=  4.078 | fused/control= 1.56x
2026-07-05 13:45:13,127 [INFO]   k=1000: fused fu=  8.819 ft=  8.185 | control fu=  5.667 ft=  3.990 | fused/control= 1.56x
2026-07-05 13:45:13,127 [INFO]   MRR@10=0.6934  NDCG@3=0.4230  NDCG@10=0.3897
2026-07-05 13:45:13,134 [INFO] === baseline nprobe=128 ===
2026-07-05 13:50:20,376 [INFO]   k=  10: fused fu= 12.542 ft= 11.420 | control fu=  8.491 ft=  6.942 | fused/control= 1.48x
2026-07-05 13:50:59,643 [INFO]   k= 100: fused fu= 12.789 ft= 11.201 | control fu=  7.814 ft=  7.108 | fused/control= 1.64x
2026-07-05 13:51:39,346 [INFO]   k=1000: fused fu= 12.470 ft= 11.233 | control fu=  8.494 ft=  7.084 | fused/control= 1.47x
2026-07-05 13:51:39,347 [INFO]   MRR@10=0.7145  NDCG@3=0.4311  NDCG@10=0.4004
2026-07-05 13:51:39,354 [INFO] === baseline nprobe=256 ===
2026-07-05 13:57:01,596 [INFO]   k=  10: fused fu= 19.359 ft= 18.057 | control fu= 14.566 ft= 12.684 | fused/control= 1.33x
2026-07-05 13:58:05,500 [INFO]   k= 100: fused fu= 19.037 ft= 18.759 | control fu= 14.576 ft= 12.604 | fused/control= 1.31x
2026-07-05 13:59:10,023 [INFO]   k=1000: fused fu= 19.401 ft= 18.675 | control fu= 14.534 ft= 12.659 | fused/control= 1.33x
2026-07-05 13:59:10,024 [INFO]   MRR@10=0.7215  NDCG@3=0.4361  NDCG@10=0.4056
2026-07-05 13:59:10,100 [INFO] [h=512] caches built once: 1.46 ms/conv (excluded from follow-up latency; charged to first-turn TOTAL and break-even)
2026-07-05 13:59:10,890 [INFO]   h=  512 nprobe=   1 k=  10 | fu fused=  1.358 ctrl=  1.464 toploc=  0.188 | speedup total= 7.21x mech= 7.77x impl= 0.93x | breakeven=   1.2 | conv= 3.39x
2026-07-05 13:59:11,336 [INFO]   h=  512 nprobe=   1 k= 100 | fu fused=  1.296 ctrl=  1.577 toploc=  0.183 | speedup total= 7.07x mech= 8.60x impl= 0.82x | breakeven=   1.3 | conv= 3.30x
2026-07-05 13:59:11,876 [INFO]   h=  512 nprobe=   1 k=1000 | fu fused=  1.336 ctrl=  1.698 toploc=  0.240 | speedup total= 5.56x mech= 7.06x impl= 0.79x | breakeven=   1.3 | conv= 2.96x
2026-07-05 13:59:11,876 [INFO]   h=  512 nprobe=   1 recall | NDCG@10 base=0.1518 toploc=0.1495 (delta -0.0023)
2026-07-05 13:59:13,379 [INFO]   h=  512 nprobe=   2 k=  10 | fu fused=  1.844 ctrl=  2.547 toploc=  0.472 | speedup total= 3.90x mech= 5.39x impl= 0.72x | breakeven=   1.1 | conv= 2.38x
2026-07-05 13:59:14,592 [INFO]   h=  512 nprobe=   2 k= 100 | fu fused=  1.954 ctrl=  2.223 toploc=  0.519 | speedup total= 3.76x mech= 4.28x impl= 0.88x | breakeven=   1.0 | conv= 2.34x
2026-07-05 13:59:16,004 [INFO]   h=  512 nprobe=   2 k=1000 | fu fused=  1.765 ctrl=  0.958 toploc=  0.813 | speedup total= 2.17x mech= 1.18x impl= 1.84x | breakeven=   1.5 | conv= 1.78x
2026-07-05 13:59:16,005 [INFO]   h=  512 nprobe=   2 recall | NDCG@10 base=0.2149 toploc=0.2095 (delta -0.0054)
2026-07-05 13:59:17,333 [INFO]   h=  512 nprobe=   4 k=  10 | fu fused=  2.151 ctrl=  1.398 toploc=  0.408 | speedup total= 5.27x mech= 3.43x impl= 1.54x | breakeven=   0.8 | conv= 3.54x
2026-07-05 13:59:18,192 [INFO]   h=  512 nprobe=   4 k= 100 | fu fused=  2.309 ctrl=  2.836 toploc=  0.406 | speedup total= 5.68x mech= 6.98x impl= 0.81x | breakeven=   0.8 | conv= 3.80x
2026-07-05 13:59:19,196 [INFO]   h=  512 nprobe=   4 k=1000 | fu fused=  2.345 ctrl=  2.192 toploc=  0.482 | speedup total= 4.87x mech= 4.55x impl= 1.07x | breakeven=   0.8 | conv= 3.41x
2026-07-05 13:59:19,197 [INFO]   h=  512 nprobe=   4 recall | NDCG@10 base=0.2812 toploc=0.2862 (delta +0.0050)
2026-07-05 13:59:21,248 [INFO]   h=  512 nprobe=   8 k=  10 | fu fused=  2.856 ctrl=  2.392 toploc=  0.620 | speedup total= 4.61x mech= 3.86x impl= 1.19x | breakeven=   0.7 | conv= 3.47x
2026-07-05 13:59:22,516 [INFO]   h=  512 nprobe=   8 k= 100 | fu fused=  2.913 ctrl=  2.808 toploc=  0.618 | speedup total= 4.72x mech= 4.55x impl= 1.04x | breakeven=   0.6 | conv= 3.57x
2026-07-05 13:59:23,990 [INFO]   h=  512 nprobe=   8 k=1000 | fu fused=  3.117 ctrl=  2.908 toploc=  0.732 | speedup total= 4.26x mech= 3.97x impl= 1.07x | breakeven=   0.6 | conv= 3.34x
2026-07-05 13:59:23,991 [INFO]   h=  512 nprobe=   8 recall | NDCG@10 base=0.3240 toploc=0.3240 (delta +0.0000)
2026-07-05 13:59:26,866 [INFO]   h=  512 nprobe=  16 k=  10 | fu fused=  3.957 ctrl=  3.219 toploc=  1.038 | speedup total= 3.81x mech= 3.10x impl= 1.23x | breakeven=   0.5 | conv= 3.20x
2026-07-05 13:59:28,951 [INFO]   h=  512 nprobe=  16 k= 100 | fu fused=  4.195 ctrl=  3.214 toploc=  1.045 | speedup total= 4.01x mech= 3.07x impl= 1.31x | breakeven=   0.5 | conv= 3.36x
2026-07-05 13:59:31,217 [INFO]   h=  512 nprobe=  16 k=1000 | fu fused=  3.956 ctrl=  2.968 toploc=  1.153 | speedup total= 3.43x mech= 2.57x impl= 1.33x | breakeven=   0.5 | conv= 2.95x
2026-07-05 13:59:31,217 [INFO]   h=  512 nprobe=  16 recall | NDCG@10 base=0.3434 toploc=0.3407 (delta -0.0027)
2026-07-05 13:59:36,226 [INFO]   h=  512 nprobe=  32 k=  10 | fu fused=  6.003 ctrl=  4.108 toploc=  1.883 | speedup total= 3.19x mech= 2.18x impl= 1.46x | breakeven=   0.4 | conv= 2.88x
2026-07-05 13:59:39,897 [INFO]   h=  512 nprobe=  32 k= 100 | fu fused=  6.127 ctrl=  3.532 toploc=  1.880 | speedup total= 3.26x mech= 1.88x impl= 1.73x | breakeven=   0.3 | conv= 2.94x
2026-07-05 13:59:43,734 [INFO]   h=  512 nprobe=  32 k=1000 | fu fused=  5.994 ctrl=  3.403 toploc=  1.981 | speedup total= 3.03x mech= 1.72x impl= 1.76x | breakeven=   0.4 | conv= 2.77x
2026-07-05 13:59:43,734 [INFO]   h=  512 nprobe=  32 recall | NDCG@10 base=0.3685 toploc=0.3673 (delta -0.0012)
2026-07-05 13:59:52,734 [INFO]   h=  512 nprobe=  64 k=  10 | fu fused=  8.728 ctrl=  4.782 toploc=  3.497 | speedup total= 2.50x mech= 1.37x impl= 1.83x | breakeven=   0.3 | conv= 2.36x
2026-07-05 13:59:59,471 [INFO]   h=  512 nprobe=  64 k= 100 | fu fused=  8.659 ctrl=  5.552 toploc=  3.504 | speedup total= 2.47x mech= 1.58x impl= 1.56x | breakeven=   0.3 | conv= 2.34x
2026-07-05 14:00:06,408 [INFO]   h=  512 nprobe=  64 k=1000 | fu fused=  8.819 ctrl=  5.667 toploc=  3.614 | speedup total= 2.44x mech= 1.57x impl= 1.56x | breakeven=   0.3 | conv= 2.32x
2026-07-05 14:00:06,408 [INFO]   h=  512 nprobe=  64 recall | NDCG@10 base=0.3897 toploc=0.3819 (delta -0.0078)
2026-07-05 14:00:24,356 [INFO]   h=  512 nprobe= 128 k=  10 | fu fused= 12.542 ctrl=  8.491 toploc=  6.596 | speedup total= 1.90x mech= 1.29x impl= 1.48x | breakeven=   0.2 | conv= 1.84x
2026-07-05 14:00:37,007 [INFO]   h=  512 nprobe= 128 k= 100 | fu fused= 12.789 ctrl=  7.814 toploc=  6.614 | speedup total= 1.93x mech= 1.18x impl= 1.64x | breakeven=   0.2 | conv= 1.87x
2026-07-05 14:00:49,857 [INFO]   h=  512 nprobe= 128 k=1000 | fu fused= 12.470 ctrl=  8.494 toploc=  6.713 | speedup total= 1.86x mech= 1.27x impl= 1.47x | breakeven=   0.3 | conv= 1.80x
2026-07-05 14:00:49,857 [INFO]   h=  512 nprobe= 128 recall | NDCG@10 base=0.4004 toploc=0.3892 (delta -0.0112)
2026-07-05 14:01:28,356 [INFO]   h=  512 nprobe= 256 k=  10 | fu fused= 19.359 ctrl= 14.566 toploc= 12.983 | speedup total= 1.49x mech= 1.12x impl= 1.33x | breakeven=   0.2 | conv= 1.46x
2026-07-05 14:01:53,559 [INFO]   h=  512 nprobe= 256 k= 100 | fu fused= 19.037 ctrl= 14.576 toploc= 13.179 | speedup total= 1.44x mech= 1.11x impl= 1.31x | breakeven=   0.2 | conv= 1.43x
2026-07-05 14:02:20,603 [INFO]   h=  512 nprobe= 256 k=1000 | fu fused= 19.401 ctrl= 14.534 toploc= 13.989 | speedup total= 1.39x mech= 1.04x impl= 1.33x | breakeven=   0.3 | conv= 1.35x
2026-07-05 14:02:20,609 [INFO]   h=  512 nprobe= 256 recall | NDCG@10 base=0.4056 toploc=0.3903 (delta -0.0154)
2026-07-05 14:02:20,748 [INFO] [h=1024] caches built once: 2.66 ms/conv (excluded from follow-up latency; charged to first-turn TOTAL and break-even)
2026-07-05 14:02:22,294 [INFO]   h= 1024 nprobe=   1 k=  10 | fu fused=  1.358 ctrl=  1.464 toploc=  0.417 | speedup total= 3.25x mech= 3.51x impl= 0.93x | breakeven=   2.8 | conv= 1.63x
2026-07-05 14:02:23,399 [INFO]   h= 1024 nprobe=   1 k= 100 | fu fused=  1.296 ctrl=  1.577 toploc=  0.504 | speedup total= 2.57x mech= 3.13x impl= 0.82x | breakeven=   3.4 | conv= 1.44x
2026-07-05 14:02:24,533 [INFO]   h= 1024 nprobe=   1 k=1000 | fu fused=  1.336 ctrl=  1.698 toploc=  0.521 | speedup total= 2.57x mech= 3.26x impl= 0.79x | breakeven=   3.3 | conv= 1.42x
2026-07-05 14:02:24,533 [INFO]   h= 1024 nprobe=   1 recall | NDCG@10 base=0.1518 toploc=0.1526 (delta +0.0008)
2026-07-05 14:02:26,635 [INFO]   h= 1024 nprobe=   2 k=  10 | fu fused=  1.844 ctrl=  2.547 toploc=  0.664 | speedup total= 2.78x mech= 3.84x impl= 0.72x | breakeven=   2.3 | conv= 1.77x
2026-07-05 14:02:27,818 [INFO]   h= 1024 nprobe=   2 k= 100 | fu fused=  1.954 ctrl=  2.223 toploc=  0.499 | speedup total= 3.91x mech= 4.45x impl= 0.88x | breakeven=   1.8 | conv= 2.16x
2026-07-05 14:02:29,440 [INFO]   h= 1024 nprobe=   2 k=1000 | fu fused=  1.765 ctrl=  0.958 toploc=  0.775 | speedup total= 2.28x mech= 1.24x impl= 1.84x | breakeven=   2.7 | conv= 1.50x
2026-07-05 14:02:29,441 [INFO]   h= 1024 nprobe=   2 recall | NDCG@10 base=0.2149 toploc=0.2143 (delta -0.0006)
2026-07-05 14:02:31,658 [INFO]   h= 1024 nprobe=   4 k=  10 | fu fused=  2.151 ctrl=  1.398 toploc=  0.719 | speedup total= 2.99x mech= 1.95x impl= 1.54x | breakeven=   1.9 | conv= 1.90x
2026-07-05 14:02:33,044 [INFO]   h= 1024 nprobe=   4 k= 100 | fu fused=  2.309 ctrl=  2.836 toploc=  0.591 | speedup total= 3.91x mech= 4.80x impl= 0.81x | breakeven=   1.5 | conv= 2.29x
2026-07-05 14:02:34,946 [INFO]   h= 1024 nprobe=   4 k=1000 | fu fused=  2.345 ctrl=  2.192 toploc=  0.803 | speedup total= 2.92x mech= 2.73x impl= 1.07x | breakeven=   1.7 | conv= 1.90x
2026-07-05 14:02:34,954 [INFO]   h= 1024 nprobe=   4 recall | NDCG@10 base=0.2812 toploc=0.2833 (delta +0.0021)
2026-07-05 14:02:38,645 [INFO]   h= 1024 nprobe=   8 k=  10 | fu fused=  2.856 ctrl=  2.392 toploc=  1.300 | speedup total= 2.20x mech= 1.84x impl= 1.19x | breakeven=   1.7 | conv= 1.73x
2026-07-05 14:02:40,998 [INFO]   h= 1024 nprobe=   8 k= 100 | fu fused=  2.913 ctrl=  2.808 toploc=  1.073 | speedup total= 2.72x mech= 2.62x impl= 1.04x | breakeven=   1.4 | conv= 1.95x
2026-07-05 14:02:43,867 [INFO]   h= 1024 nprobe=   8 k=1000 | fu fused=  3.117 ctrl=  2.908 toploc=  1.239 | speedup total= 2.52x mech= 2.35x impl= 1.07x | breakeven=   1.4 | conv= 1.92x
2026-07-05 14:02:43,868 [INFO]   h= 1024 nprobe=   8 recall | NDCG@10 base=0.3240 toploc=0.3253 (delta +0.0013)
2026-07-05 14:02:47,692 [INFO]   h= 1024 nprobe=  16 k=  10 | fu fused=  3.957 ctrl=  3.219 toploc=  1.268 | speedup total= 3.12x mech= 2.54x impl= 1.23x | breakeven=   1.0 | conv= 2.40x
2026-07-05 14:02:50,530 [INFO]   h= 1024 nprobe=  16 k= 100 | fu fused=  4.195 ctrl=  3.214 toploc=  1.307 | speedup total= 3.21x mech= 2.46x impl= 1.31x | breakeven=   0.9 | conv= 2.39x
2026-07-05 14:02:54,162 [INFO]   h= 1024 nprobe=  16 k=1000 | fu fused=  3.956 ctrl=  2.968 toploc=  1.826 | speedup total= 2.17x mech= 1.63x impl= 1.33x | breakeven=   1.2 | conv= 1.78x
2026-07-05 14:02:54,163 [INFO]   h= 1024 nprobe=  16 recall | NDCG@10 base=0.3434 toploc=0.3433 (delta -0.0001)
2026-07-05 14:03:00,296 [INFO]   h= 1024 nprobe=  32 k=  10 | fu fused=  6.003 ctrl=  4.108 toploc=  2.203 | speedup total= 2.72x mech= 1.86x impl= 1.46x | breakeven=   0.7 | conv= 2.32x
2026-07-05 14:03:04,777 [INFO]   h= 1024 nprobe=  32 k= 100 | fu fused=  6.127 ctrl=  3.532 toploc=  2.181 | speedup total= 2.81x mech= 1.62x impl= 1.73x | breakeven=   0.7 | conv= 2.38x
2026-07-05 14:03:10,306 [INFO]   h= 1024 nprobe=  32 k=1000 | fu fused=  5.994 ctrl=  3.403 toploc=  2.900 | speedup total= 2.07x mech= 1.17x impl= 1.76x | breakeven=   0.9 | conv= 1.82x
2026-07-05 14:03:10,306 [INFO]   h= 1024 nprobe=  32 recall | NDCG@10 base=0.3685 toploc=0.3723 (delta +0.0038)
2026-07-05 14:03:20,275 [INFO]   h= 1024 nprobe=  64 k=  10 | fu fused=  8.728 ctrl=  4.782 toploc=  3.737 | speedup total= 2.34x mech= 1.28x impl= 1.83x | breakeven=   0.5 | conv= 2.13x
2026-07-05 14:03:27,598 [INFO]   h= 1024 nprobe=  64 k= 100 | fu fused=  8.659 ctrl=  5.552 toploc=  3.747 | speedup total= 2.31x mech= 1.48x impl= 1.56x | breakeven=   0.5 | conv= 2.10x
2026-07-05 14:03:36,654 [INFO]   h= 1024 nprobe=  64 k=1000 | fu fused=  8.819 ctrl=  5.667 toploc=  4.628 | speedup total= 1.91x mech= 1.22x impl= 1.56x | breakeven=   0.6 | conv= 1.76x
2026-07-05 14:03:36,660 [INFO]   h= 1024 nprobe=  64 recall | NDCG@10 base=0.3897 toploc=0.3839 (delta -0.0058)
2026-07-05 14:03:55,649 [INFO]   h= 1024 nprobe= 128 k=  10 | fu fused= 12.542 ctrl=  8.491 toploc=  6.928 | speedup total= 1.81x mech= 1.23x impl= 1.48x | breakeven=   0.5 | conv= 1.72x
2026-07-05 14:04:09,145 [INFO]   h= 1024 nprobe= 128 k= 100 | fu fused= 12.789 ctrl=  7.814 toploc=  6.985 | speedup total= 1.83x mech= 1.12x impl= 1.64x | breakeven=   0.5 | conv= 1.72x
2026-07-05 14:04:24,420 [INFO]   h= 1024 nprobe= 128 k=1000 | fu fused= 12.470 ctrl=  8.494 toploc=  7.849 | speedup total= 1.59x mech= 1.08x impl= 1.47x | breakeven=   0.6 | conv= 1.50x
2026-07-05 14:04:24,427 [INFO]   h= 1024 nprobe= 128 recall | NDCG@10 base=0.4004 toploc=0.3945 (delta -0.0060)
2026-07-05 14:05:05,871 [INFO]   h= 1024 nprobe= 256 k=  10 | fu fused= 19.359 ctrl= 14.566 toploc= 12.994 | speedup total= 1.49x mech= 1.12x impl= 1.33x | breakeven=   0.4 | conv= 1.45x
2026-07-05 14:05:30,923 [INFO]   h= 1024 nprobe= 256 k= 100 | fu fused= 19.037 ctrl= 14.576 toploc= 13.233 | speedup total= 1.44x mech= 1.10x impl= 1.31x | breakeven=   0.5 | conv= 1.42x
2026-07-05 14:05:55,703 [INFO]   h= 1024 nprobe= 256 k=1000 | fu fused= 19.401 ctrl= 14.534 toploc= 13.000 | speedup total= 1.49x mech= 1.12x impl= 1.33x | breakeven=   0.4 | conv= 1.46x
2026-07-05 14:05:55,703 [INFO]   h= 1024 nprobe= 256 recall | NDCG@10 base=0.4056 toploc=0.3975 (delta -0.0081)
2026-07-05 14:05:56,325 [INFO] [h=4096] caches built once: 12.05 ms/conv (excluded from follow-up latency; charged to first-turn TOTAL and break-even)
2026-07-05 14:05:57,439 [INFO]   h= 4096 nprobe=   1 k=  10 | fu fused=  1.358 ctrl=  1.464 toploc=  0.344 | speedup total= 3.95x mech= 4.26x impl= 0.93x | breakeven=  11.9 | conv= 0.81x
2026-07-05 14:05:58,174 [INFO]   h= 4096 nprobe=   1 k= 100 | fu fused=  1.296 ctrl=  1.577 toploc=  0.359 | speedup total= 3.61x mech= 4.39x impl= 0.82x | breakeven=  12.9 | conv= 0.77x
2026-07-05 14:05:58,995 [INFO]   h= 4096 nprobe=   1 k=1000 | fu fused=  1.336 ctrl=  1.698 toploc=  0.410 | speedup total= 3.26x mech= 4.14x impl= 0.79x | breakeven=  13.0 | conv= 0.77x
2026-07-05 14:05:58,995 [INFO]   h= 4096 nprobe=   1 recall | NDCG@10 base=0.1518 toploc=0.1493 (delta -0.0025)
2026-07-05 14:06:00,293 [INFO]   h= 4096 nprobe=   2 k=  10 | fu fused=  1.844 ctrl=  2.547 toploc=  0.433 | speedup total= 4.26x mech= 5.89x impl= 0.72x | breakeven=   8.5 | conv= 1.05x
2026-07-05 14:06:01,131 [INFO]   h= 4096 nprobe=   2 k= 100 | fu fused=  1.954 ctrl=  2.223 toploc=  0.409 | speedup total= 4.78x mech= 5.44x impl= 0.88x | breakeven=   7.8 | conv= 1.11x
2026-07-05 14:06:02,051 [INFO]   h= 4096 nprobe=   2 k=1000 | fu fused=  1.765 ctrl=  0.958 toploc=  0.455 | speedup total= 3.88x mech= 2.11x impl= 1.84x | breakeven=   9.2 | conv= 0.99x
2026-07-05 14:06:02,052 [INFO]   h= 4096 nprobe=   2 recall | NDCG@10 base=0.2149 toploc=0.2121 (delta -0.0028)
2026-07-05 14:06:03,681 [INFO]   h= 4096 nprobe=   4 k=  10 | fu fused=  2.151 ctrl=  1.398 toploc=  0.570 | speedup total= 3.77x mech= 2.45x impl= 1.54x | breakeven=   7.6 | conv= 1.15x
2026-07-05 14:06:04,776 [INFO]   h= 4096 nprobe=   4 k= 100 | fu fused=  2.309 ctrl=  2.836 toploc=  0.545 | speedup total= 4.24x mech= 5.20x impl= 0.81x | breakeven=   6.8 | conv= 1.25x
2026-07-05 14:06:05,984 [INFO]   h= 4096 nprobe=   4 k=1000 | fu fused=  2.345 ctrl=  2.192 toploc=  0.602 | speedup total= 3.90x mech= 3.64x impl= 1.07x | breakeven=   6.9 | conv= 1.22x
2026-07-05 14:06:05,985 [INFO]   h= 4096 nprobe=   4 recall | NDCG@10 base=0.2812 toploc=0.2857 (delta +0.0045)
2026-07-05 14:06:08,156 [INFO]   h= 4096 nprobe=   8 k=  10 | fu fused=  2.856 ctrl=  2.392 toploc=  0.777 | speedup total= 3.68x mech= 3.08x impl= 1.19x | breakeven=   5.8 | conv= 1.38x
2026-07-05 14:06:09,712 [INFO]   h= 4096 nprobe=   8 k= 100 | fu fused=  2.913 ctrl=  2.808 toploc=  0.786 | speedup total= 3.71x mech= 3.57x impl= 1.04x | breakeven=   5.7 | conv= 1.40x
2026-07-05 14:06:11,407 [INFO]   h= 4096 nprobe=   8 k=1000 | fu fused=  3.117 ctrl=  2.908 toploc=  0.870 | speedup total= 3.58x mech= 3.34x impl= 1.07x | breakeven=   5.4 | conv= 1.43x
2026-07-05 14:06:11,408 [INFO]   h= 4096 nprobe=   8 recall | NDCG@10 base=0.3240 toploc=0.3209 (delta -0.0030)
2026-07-05 14:06:14,609 [INFO]   h= 4096 nprobe=  16 k=  10 | fu fused=  3.957 ctrl=  3.219 toploc=  1.225 | speedup total= 3.23x mech= 2.63x impl= 1.23x | breakeven=   4.4 | conv= 1.58x
2026-07-05 14:06:17,002 [INFO]   h= 4096 nprobe=  16 k= 100 | fu fused=  4.195 ctrl=  3.214 toploc=  1.225 | speedup total= 3.43x mech= 2.62x impl= 1.31x | breakeven=   4.1 | conv= 1.67x
2026-07-05 14:06:19,543 [INFO]   h= 4096 nprobe=  16 k=1000 | fu fused=  3.956 ctrl=  2.968 toploc=  1.318 | speedup total= 3.00x mech= 2.25x impl= 1.33x | breakeven=   4.6 | conv= 1.52x
2026-07-05 14:06:19,543 [INFO]   h= 4096 nprobe=  16 recall | NDCG@10 base=0.3434 toploc=0.3430 (delta -0.0005)
2026-07-05 14:06:24,887 [INFO]   h= 4096 nprobe=  32 k=  10 | fu fused=  6.003 ctrl=  4.108 toploc=  2.082 | speedup total= 2.88x mech= 1.97x impl= 1.46x | breakeven=   3.1 | conv= 1.78x
2026-07-05 14:06:28,922 [INFO]   h= 4096 nprobe=  32 k= 100 | fu fused=  6.127 ctrl=  3.532 toploc=  2.092 | speedup total= 2.93x mech= 1.69x impl= 1.73x | breakeven=   3.0 | conv= 1.81x
2026-07-05 14:06:33,324 [INFO]   h= 4096 nprobe=  32 k=1000 | fu fused=  5.994 ctrl=  3.403 toploc=  2.226 | speedup total= 2.69x mech= 1.53x impl= 1.76x | breakeven=   3.2 | conv= 1.70x
2026-07-05 14:06:33,324 [INFO]   h= 4096 nprobe=  32 recall | NDCG@10 base=0.3685 toploc=0.3707 (delta +0.0022)
2026-07-05 14:06:44,669 [INFO]   h= 4096 nprobe=  64 k=  10 | fu fused=  8.728 ctrl=  4.782 toploc=  4.749 | speedup total= 1.84x mech= 1.01x impl= 1.83x | breakeven=   3.0 | conv= 1.43x
2026-07-05 14:06:54,105 [INFO]   h= 4096 nprobe=  64 k= 100 | fu fused=  8.659 ctrl=  5.552 toploc=  4.854 | speedup total= 1.78x mech= 1.14x impl= 1.56x | breakeven=   3.2 | conv= 1.39x
2026-07-05 14:07:05,199 [INFO]   h= 4096 nprobe=  64 k=1000 | fu fused=  8.819 ctrl=  5.667 toploc=  5.749 | speedup total= 1.53x mech= 0.99x impl= 1.56x | breakeven=   3.9 | conv= 1.25x
2026-07-05 14:07:05,199 [INFO]   h= 4096 nprobe=  64 recall | NDCG@10 base=0.3897 toploc=0.3837 (delta -0.0060)
2026-07-05 14:07:32,202 [INFO]   h= 4096 nprobe= 128 k=  10 | fu fused= 12.542 ctrl=  8.491 toploc=  8.502 | speedup total= 1.48x mech= 1.00x impl= 1.48x | breakeven=   3.0 | conv= 1.27x
2026-07-05 14:07:48,678 [INFO]   h= 4096 nprobe= 128 k= 100 | fu fused= 12.789 ctrl=  7.814 toploc=  8.502 | speedup total= 1.50x mech= 0.92x impl= 1.64x | breakeven=   2.8 | conv= 1.30x
2026-07-05 14:08:07,146 [INFO]   h= 4096 nprobe= 128 k=1000 | fu fused= 12.470 ctrl=  8.494 toploc=  9.505 | speedup total= 1.31x mech= 0.89x impl= 1.47x | breakeven=   4.1 | conv= 1.14x
2026-07-05 14:08:07,146 [INFO]   h= 4096 nprobe= 128 recall | NDCG@10 base=0.4004 toploc=0.3940 (delta -0.0064)
2026-07-05 14:09:03,970 [INFO]   h= 4096 nprobe= 256 k=  10 | fu fused= 19.359 ctrl= 14.566 toploc= 13.020 | speedup total= 1.49x mech= 1.12x impl= 1.33x | breakeven=   1.9 | conv= 1.36x
2026-07-05 14:09:28,892 [INFO]   h= 4096 nprobe= 256 k= 100 | fu fused= 19.037 ctrl= 14.576 toploc= 13.088 | speedup total= 1.45x mech= 1.11x impl= 1.31x | breakeven=   2.0 | conv= 1.33x
2026-07-05 14:09:54,064 [INFO]   h= 4096 nprobe= 256 k=1000 | fu fused= 19.401 ctrl= 14.534 toploc= 13.237 | speedup total= 1.47x mech= 1.10x impl= 1.33x | breakeven=   2.0 | conv= 1.34x
2026-07-05 14:09:54,064 [INFO]   h= 4096 nprobe= 256 recall | NDCG@10 base=0.4056 toploc=0.3994 (delta -0.0063)
2026-07-05 14:09:55,569 [INFO] [h=8192] caches built once: 28.26 ms/conv (excluded from follow-up latency; charged to first-turn TOTAL and break-even)
2026-07-05 14:09:56,960 [INFO]   h= 8192 nprobe=   1 k=  10 | fu fused=  1.358 ctrl=  1.464 toploc=  0.474 | speedup total= 2.87x mech= 3.09x impl= 0.93x | breakeven=  32.0 | conv= 0.39x
2026-07-05 14:09:58,043 [INFO]   h= 8192 nprobe=   1 k= 100 | fu fused=  1.296 ctrl=  1.577 toploc=  0.501 | speedup total= 2.59x mech= 3.15x impl= 0.82x | breakeven=  35.5 | conv= 0.36x
2026-07-05 14:09:59,935 [INFO]   h= 8192 nprobe=   1 k=1000 | fu fused=  1.336 ctrl=  1.698 toploc=  1.123 | speedup total= 1.19x mech= 1.51x impl= 0.79x | breakeven= 132.2 | conv= 0.31x
2026-07-05 14:09:59,935 [INFO]   h= 8192 nprobe=   1 recall | NDCG@10 base=0.1518 toploc=0.1465 (delta -0.0054)
2026-07-05 14:10:03,740 [INFO]   h= 8192 nprobe=   2 k=  10 | fu fused=  1.844 ctrl=  2.547 toploc=  1.272 | speedup total= 1.45x mech= 2.00x impl= 0.72x | breakeven=  49.3 | conv= 0.42x
2026-07-05 14:10:06,394 [INFO]   h= 8192 nprobe=   2 k= 100 | fu fused=  1.954 ctrl=  2.223 toploc=  1.344 | speedup total= 1.45x mech= 1.65x impl= 0.88x | breakeven=  46.3 | conv= 0.43x
2026-07-05 14:10:09,463 [INFO]   h= 8192 nprobe=   2 k=1000 | fu fused=  1.765 ctrl=  0.958 toploc=  1.569 | speedup total= 1.13x mech= 0.61x impl= 1.84x | breakeven= 143.8 | conv= 0.38x
2026-07-05 14:10:09,474 [INFO]   h= 8192 nprobe=   2 recall | NDCG@10 base=0.2149 toploc=0.2131 (delta -0.0019)
2026-07-05 14:10:13,788 [INFO]   h= 8192 nprobe=   4 k=  10 | fu fused=  2.151 ctrl=  1.398 toploc=  1.599 | speedup total= 1.35x mech= 0.87x impl= 1.54x | breakeven=  51.2 | conv= 0.46x
2026-07-05 14:10:16,823 [INFO]   h= 8192 nprobe=   4 k= 100 | fu fused=  2.309 ctrl=  2.836 toploc=  1.423 | speedup total= 1.62x mech= 1.99x impl= 0.81x | breakeven=  31.9 | conv= 0.52x
2026-07-05 14:10:20,663 [INFO]   h= 8192 nprobe=   4 k=1000 | fu fused=  2.345 ctrl=  2.192 toploc=  1.974 | speedup total= 1.19x mech= 1.11x impl= 1.07x | breakeven=  76.3 | conv= 0.46x
2026-07-05 14:10:20,664 [INFO]   h= 8192 nprobe=   4 recall | NDCG@10 base=0.2812 toploc=0.2773 (delta -0.0039)
2026-07-05 14:10:26,054 [INFO]   h= 8192 nprobe=   8 k=  10 | fu fused=  2.856 ctrl=  2.392 toploc=  1.986 | speedup total= 1.44x mech= 1.20x impl= 1.19x | breakeven=  32.5 | conv= 0.58x
2026-07-05 14:10:29,969 [INFO]   h= 8192 nprobe=   8 k= 100 | fu fused=  2.913 ctrl=  2.808 toploc=  1.949 | speedup total= 1.49x mech= 1.44x impl= 1.04x | breakeven=  29.3 | conv= 0.59x
2026-07-05 14:10:34,332 [INFO]   h= 8192 nprobe=   8 k=1000 | fu fused=  3.117 ctrl=  2.908 toploc=  2.338 | speedup total= 1.33x mech= 1.24x impl= 1.07x | breakeven=  36.3 | conv= 0.58x
2026-07-05 14:10:34,333 [INFO]   h= 8192 nprobe=   8 recall | NDCG@10 base=0.3240 toploc=0.3226 (delta -0.0014)
2026-07-05 14:10:40,773 [INFO]   h= 8192 nprobe=  16 k=  10 | fu fused=  3.957 ctrl=  3.219 toploc=  2.373 | speedup total= 1.67x mech= 1.36x impl= 1.23x | breakeven=  17.8 | conv= 0.74x
2026-07-05 14:10:45,492 [INFO]   h= 8192 nprobe=  16 k= 100 | fu fused=  4.195 ctrl=  3.214 toploc=  2.432 | speedup total= 1.72x mech= 1.32x impl= 1.31x | breakeven=  16.0 | conv= 0.78x
2026-07-05 14:10:51,041 [INFO]   h= 8192 nprobe=  16 k=1000 | fu fused=  3.956 ctrl=  2.968 toploc=  2.832 | speedup total= 1.40x mech= 1.05x impl= 1.33x | breakeven=  25.2 | conv= 0.68x
2026-07-05 14:10:51,048 [INFO]   h= 8192 nprobe=  16 recall | NDCG@10 base=0.3434 toploc=0.3431 (delta -0.0003)
2026-07-05 14:11:00,238 [INFO]   h= 8192 nprobe=  32 k=  10 | fu fused=  6.003 ctrl=  4.108 toploc=  3.446 | speedup total= 1.74x mech= 1.19x impl= 1.46x | breakeven=  11.1 | conv= 0.93x
2026-07-05 14:11:06,833 [INFO]   h= 8192 nprobe=  32 k= 100 | fu fused=  6.127 ctrl=  3.532 toploc=  3.543 | speedup total= 1.73x mech= 1.00x impl= 1.73x | breakeven=  10.9 | conv= 0.94x
2026-07-05 14:11:14,644 [INFO]   h= 8192 nprobe=  32 k=1000 | fu fused=  5.994 ctrl=  3.403 toploc=  4.006 | speedup total= 1.50x mech= 0.85x impl= 1.76x | breakeven=  14.2 | conv= 0.85x
2026-07-05 14:11:14,644 [INFO]   h= 8192 nprobe=  32 recall | NDCG@10 base=0.3685 toploc=0.3682 (delta -0.0003)
2026-07-05 14:11:28,682 [INFO]   h= 8192 nprobe=  64 k=  10 | fu fused=  8.728 ctrl=  4.782 toploc=  5.324 | speedup total= 1.64x mech= 0.90x impl= 1.83x | breakeven=   8.3 | conv= 1.03x
2026-07-05 14:11:38,700 [INFO]   h= 8192 nprobe=  64 k= 100 | fu fused=  8.659 ctrl=  5.552 toploc=  5.315 | speedup total= 1.63x mech= 1.04x impl= 1.56x | breakeven=   8.5 | conv= 1.04x
2026-07-05 14:11:50,055 [INFO]   h= 8192 nprobe=  64 k=1000 | fu fused=  8.819 ctrl=  5.667 toploc=  6.001 | speedup total= 1.47x mech= 0.94x impl= 1.56x | breakeven=  10.0 | conv= 0.98x
2026-07-05 14:11:50,062 [INFO]   h= 8192 nprobe=  64 recall | NDCG@10 base=0.3897 toploc=0.3880 (delta -0.0017)
2026-07-05 14:12:11,802 [INFO]   h= 8192 nprobe= 128 k=  10 | fu fused= 12.542 ctrl=  8.491 toploc=  8.913 | speedup total= 1.41x mech= 0.95x impl= 1.48x | breakeven=   7.8 | conv= 1.05x
2026-07-05 14:12:28,474 [INFO]   h= 8192 nprobe= 128 k= 100 | fu fused= 12.789 ctrl=  7.814 toploc=  8.875 | speedup total= 1.44x mech= 0.88x impl= 1.64x | breakeven=   7.2 | conv= 1.08x
2026-07-05 14:12:42,044 [INFO]   h= 8192 nprobe= 128 k=1000 | fu fused= 12.470 ctrl=  8.494 toploc=  7.050 | speedup total= 1.77x mech= 1.20x impl= 1.47x | breakeven=   5.2 | conv= 1.24x
2026-07-05 14:12:42,044 [INFO]   h= 8192 nprobe= 128 recall | NDCG@10 base=0.4004 toploc=0.3981 (delta -0.0024)
2026-07-05 14:13:15,498 [INFO]   h= 8192 nprobe= 256 k=  10 | fu fused= 19.359 ctrl= 14.566 toploc= 12.934 | speedup total= 1.50x mech= 1.13x impl= 1.33x | breakeven=   4.4 | conv= 1.22x
2026-07-05 14:13:40,131 [INFO]   h= 8192 nprobe= 256 k= 100 | fu fused= 19.037 ctrl= 14.576 toploc= 12.928 | speedup total= 1.47x mech= 1.13x impl= 1.31x | breakeven=   4.6 | conv= 1.20x
2026-07-05 14:14:04,921 [INFO]   h= 8192 nprobe= 256 k=1000 | fu fused= 19.401 ctrl= 14.534 toploc= 13.025 | speedup total= 1.49x mech= 1.12x impl= 1.33x | breakeven=   4.4 | conv= 1.22x
2026-07-05 14:14:04,921 [INFO]   h= 8192 nprobe= 256 recall | NDCG@10 base=0.4056 toploc=0.4029 (delta -0.0028)
2026-07-05 14:14:05,087 [INFO] Done. Results saved to /home/toploc1/Datasets/toploc1/indexes/Dragon_indexes/metrics_ivf_toploc_dragon.json
