nohup: ignoring input
2026-06-08 11:53:38,740 [INFO] === Step 1: Parse qrels ===
2026-06-08 11:53:38,782 [INFO] qrels: 173 queries, 29350 judgments
2026-06-08 11:53:38,782 [INFO] Unique query IDs in qrels: 173
2026-06-08 11:53:38,783 [INFO] === Step 2: Load query embeddings ===
2026-06-08 11:53:51,717 [INFO] Queries after filtering: 173 | dim=1024
2026-06-08 11:53:51,718 [INFO] === Step 3: Search full IVF index ===
2026-06-08 11:53:51,718 [INFO] Loading full index from /home/toploc1/Datasets/toploc1/indexes/treccast_34M_ivf.index …
2026-06-08 12:23:30,547 [INFO] Full index loaded: 38,636,446 vectors
2026-06-08 12:23:52,693 [INFO] Searching top-100 per query (nprobe=64) …
2026-06-08 12:23:53,681 [INFO] Relevant pool size: 13,051 unique docs
2026-06-08 12:24:00,704 [INFO] Full index released from memory
2026-06-08 12:24:00,704 [INFO] === Step 4: Sample noise pool ===
2026-06-08 12:24:07,056 [INFO] Noise pool size: 13,051 docs
2026-06-08 12:24:07,057 [INFO] Total demo collection size: 26,102 docs
2026-06-08 12:24:07,057 [INFO] === Step 5a: Fetch document texts from TSV ===
2026-06-08 12:24:07,103 [INFO] TSV header: 'id\ttext'
2026-06-08 12:24:29,285 [INFO]   TSV progress: 5,000,000 lines read, 6,052 demo texts collected
2026-06-08 12:24:53,079 [INFO]   TSV progress: 10,000,000 lines read, 11,043 demo texts collected
2026-06-08 12:25:20,260 [INFO]   TSV progress: 15,000,000 lines read, 13,629 demo texts collected
2026-06-08 12:25:46,536 [INFO]   TSV progress: 20,000,000 lines read, 16,169 demo texts collected
2026-06-08 12:26:14,935 [INFO]   TSV progress: 25,000,000 lines read, 18,806 demo texts collected
2026-06-08 12:26:43,776 [INFO]   TSV progress: 30,000,000 lines read, 21,538 demo texts collected
2026-06-08 12:27:11,979 [INFO]   TSV progress: 35,000,000 lines read, 24,228 demo texts collected
2026-06-08 12:27:31,904 [INFO] Texts collected: 26,102 (expected ≤ 26,102)
2026-06-08 12:27:31,913 [INFO] === Step 5b: Fetch embeddings from sharded Parquet ===
2026-06-08 12:27:31,965 [INFO] Embedding shards: 194
2026-06-08 12:27:31,974 [INFO]   Reading shard cast2019_snowflake_v2.rank0.part00000.parquet …
2026-06-08 12:29:03,346 [INFO]     collected so far: 233 / 26,102
2026-06-08 12:29:03,346 [INFO]   Reading shard cast2019_snowflake_v2.rank0.part00001.parquet …
2026-06-08 12:30:37,272 [INFO]     collected so far: 479 / 26,102
2026-06-08 12:30:37,273 [INFO]   Reading shard cast2019_snowflake_v2.rank0.part00002.parquet …
2026-06-08 12:32:09,846 [INFO]     collected so far: 695 / 26,102
2026-06-08 12:32:09,846 [INFO]   Reading shard cast2019_snowflake_v2.rank0.part00003.parquet …
2026-06-08 12:33:38,615 [INFO]     collected so far: 948 / 26,102
2026-06-08 12:33:38,615 [INFO]   Reading shard cast2019_snowflake_v2.rank0.part00004.parquet …
2026-06-08 12:35:14,341 [INFO]     collected so far: 1,182 / 26,102
2026-06-08 12:35:14,342 [INFO]   Reading shard cast2019_snowflake_v2.rank0.part00005.parquet …
2026-06-08 12:36:43,459 [INFO]     collected so far: 1,429 / 26,102
2026-06-08 12:36:43,460 [INFO]   Reading shard cast2019_snowflake_v2.rank0.part00006.parquet …
2026-06-08 12:38:14,641 [INFO]     collected so far: 1,651 / 26,102
2026-06-08 12:38:14,642 [INFO]   Reading shard cast2019_snowflake_v2.rank0.part00007.parquet …
2026-06-08 12:39:45,359 [INFO]     collected so far: 1,878 / 26,102
2026-06-08 12:39:45,360 [INFO]   Reading shard cast2019_snowflake_v2.rank0.part00008.parquet …
2026-06-08 12:41:17,669 [INFO]     collected so far: 2,107 / 26,102
2026-06-08 12:41:17,670 [INFO]   Reading shard cast2019_snowflake_v2.rank0.part00009.parquet …
2026-06-08 12:42:49,119 [INFO]     collected so far: 2,386 / 26,102
2026-06-08 12:42:49,120 [INFO]   Reading shard cast2019_snowflake_v2.rank0.part00010.parquet …
2026-06-08 12:44:25,758 [INFO]     collected so far: 2,664 / 26,102
2026-06-08 12:44:25,759 [INFO]   Reading shard cast2019_snowflake_v2.rank0.part00011.parquet …
2026-06-08 12:45:54,423 [INFO]     collected so far: 2,879 / 26,102
2026-06-08 12:45:54,425 [INFO]   Reading shard cast2019_snowflake_v2.rank0.part00012.parquet …
2026-06-08 12:47:25,902 [INFO]     collected so far: 3,118 / 26,102
2026-06-08 12:47:25,904 [INFO]   Reading shard cast2019_snowflake_v2.rank0.part00013.parquet …
2026-06-08 12:48:56,666 [INFO]     collected so far: 3,369 / 26,102
2026-06-08 12:48:56,666 [INFO]   Reading shard cast2019_snowflake_v2.rank0.part00014.parquet …
2026-06-08 12:50:28,141 [INFO]     collected so far: 3,629 / 26,102
2026-06-08 12:50:28,144 [INFO]   Reading shard cast2019_snowflake_v2.rank0.part00015.parquet …
2026-06-08 12:51:59,497 [INFO]     collected so far: 3,867 / 26,102
2026-06-08 12:51:59,500 [INFO]   Reading shard cast2019_snowflake_v2.rank0.part00016.parquet …
2026-06-08 12:53:35,184 [INFO]     collected so far: 4,089 / 26,102
2026-06-08 12:53:35,186 [INFO]   Reading shard cast2019_snowflake_v2.rank0.part00017.parquet …
2026-06-08 12:55:03,500 [INFO]     collected so far: 4,353 / 26,102
2026-06-08 12:55:03,500 [INFO]   Reading shard cast2019_snowflake_v2.rank0.part00018.parquet …
2026-06-08 12:56:34,542 [INFO]     collected so far: 4,608 / 26,102
2026-06-08 12:56:34,544 [INFO]   Reading shard cast2019_snowflake_v2.rank0.part00019.parquet …
2026-06-08 12:58:05,220 [INFO]     collected so far: 4,840 / 26,102
2026-06-08 12:58:05,220 [INFO]   Reading shard cast2019_snowflake_v2.rank0.part00020.parquet …
2026-06-08 12:59:35,180 [INFO]     collected so far: 5,074 / 26,102
2026-06-08 12:59:35,181 [INFO]   Reading shard cast2019_snowflake_v2.rank0.part00021.parquet …
2026-06-08 13:01:06,361 [INFO]     collected so far: 5,297 / 26,102
2026-06-08 13:01:06,362 [INFO]   Reading shard cast2019_snowflake_v2.rank0.part00022.parquet …
2026-06-08 13:02:42,413 [INFO]     collected so far: 5,517 / 26,102
2026-06-08 13:02:42,415 [INFO]   Reading shard cast2019_snowflake_v2.rank0.part00023.parquet …
2026-06-08 13:04:09,782 [INFO]     collected so far: 5,779 / 26,102
2026-06-08 13:04:09,785 [INFO]   Reading shard cast2019_snowflake_v2.rank0.part00024.parquet …
2026-06-08 13:05:40,758 [INFO]     collected so far: 6,052 / 26,102
2026-06-08 13:05:40,759 [INFO]   Reading shard cast2019_snowflake_v2.rank0.part00025.parquet …
2026-06-08 13:07:11,443 [INFO]     collected so far: 6,273 / 26,102
2026-06-08 13:07:11,446 [INFO]   Reading shard cast2019_snowflake_v2.rank0.part00026.parquet …
2026-06-08 13:08:42,552 [INFO]     collected so far: 6,568 / 26,102
2026-06-08 13:08:42,555 [INFO]   Reading shard cast2019_snowflake_v2.rank0.part00027.parquet …
2026-06-08 13:10:13,249 [INFO]     collected so far: 6,767 / 26,102
2026-06-08 13:10:13,250 [INFO]   Reading shard cast2019_snowflake_v2.rank0.part00028.parquet …
2026-06-08 13:11:48,745 [INFO]     collected so far: 6,981 / 26,102
2026-06-08 13:11:48,748 [INFO]   Reading shard cast2019_snowflake_v2.rank0.part00029.parquet …
2026-06-08 13:13:16,487 [INFO]     collected so far: 7,178 / 26,102
2026-06-08 13:13:16,490 [INFO]   Reading shard cast2019_snowflake_v2.rank0.part00030.parquet …
2026-06-08 13:14:48,330 [INFO]     collected so far: 7,400 / 26,102
2026-06-08 13:14:48,333 [INFO]   Reading shard cast2019_snowflake_v2.rank0.part00031.parquet …
2026-06-08 13:16:20,221 [INFO]     collected so far: 7,625 / 26,102
2026-06-08 13:16:20,221 [INFO]   Reading shard cast2019_snowflake_v2.rank0.part00032.parquet …
2026-06-08 13:17:51,816 [INFO]     collected so far: 7,843 / 26,102
2026-06-08 13:17:51,819 [INFO]   Reading shard cast2019_snowflake_v2.rank0.part00033.parquet …
2026-06-08 13:19:21,931 [INFO]     collected so far: 8,091 / 26,102
2026-06-08 13:19:21,934 [INFO]   Reading shard cast2019_snowflake_v2.rank0.part00034.parquet …
2026-06-08 13:20:53,467 [INFO]     collected so far: 8,334 / 26,102
2026-06-08 13:20:53,470 [INFO]   Reading shard cast2019_snowflake_v2.rank0.part00035.parquet …
2026-06-08 13:22:24,620 [INFO]     collected so far: 8,584 / 26,102
2026-06-08 13:22:24,621 [INFO]   Reading shard cast2019_snowflake_v2.rank0.part00036.parquet …
2026-06-08 13:23:55,665 [INFO]     collected so far: 8,809 / 26,102
2026-06-08 13:23:55,668 [INFO]   Reading shard cast2019_snowflake_v2.rank0.part00037.parquet …
2026-06-08 13:25:26,202 [INFO]     collected so far: 9,019 / 26,102
2026-06-08 13:25:26,205 [INFO]   Reading shard cast2019_snowflake_v2.rank0.part00038.parquet …
2026-06-08 13:26:57,593 [INFO]     collected so far: 9,258 / 26,102
2026-06-08 13:26:57,596 [INFO]   Reading shard cast2019_snowflake_v2.rank0.part00039.parquet …
2026-06-08 13:28:28,903 [INFO]     collected so far: 9,502 / 26,102
2026-06-08 13:28:28,903 [INFO]   Reading shard cast2019_snowflake_v2.rank0.part00040.parquet …
2026-06-08 13:30:01,959 [INFO]     collected so far: 9,731 / 26,102
2026-06-08 13:30:01,962 [INFO]   Reading shard cast2019_snowflake_v2.rank0.part00041.parquet …
2026-06-08 13:31:43,087 [INFO]     collected so far: 9,932 / 26,102
2026-06-08 13:31:43,089 [INFO]   Reading shard cast2019_snowflake_v2.rank0.part00042.parquet …
2026-06-08 13:33:26,062 [INFO]     collected so far: 10,132 / 26,102
2026-06-08 13:33:26,066 [INFO]   Reading shard cast2019_snowflake_v2.rank0.part00043.parquet …
2026-06-08 13:35:07,512 [INFO]     collected so far: 10,347 / 26,102
2026-06-08 13:35:07,515 [INFO]   Reading shard cast2019_snowflake_v2.rank0.part00044.parquet …
2026-06-08 13:36:45,378 [INFO]     collected so far: 10,496 / 26,102
2026-06-08 13:36:45,381 [INFO]   Reading shard cast2019_snowflake_v2.rank0.part00045.parquet …
2026-06-08 13:38:25,421 [INFO]     collected so far: 10,577 / 26,102
2026-06-08 13:38:25,424 [INFO]   Reading shard cast2019_snowflake_v2.rank0.part00046.parquet …
2026-06-08 13:40:06,047 [INFO]     collected so far: 10,705 / 26,102
2026-06-08 13:40:06,048 [INFO]   Reading shard cast2019_snowflake_v2.rank0.part00047.parquet …
2026-06-08 13:41:52,338 [INFO]     collected so far: 10,817 / 26,102
2026-06-08 13:41:52,341 [INFO]   Reading shard cast2019_snowflake_v2.rank0.part00048.parquet …
2026-06-08 13:43:29,977 [INFO]     collected so far: 10,930 / 26,102
2026-06-08 13:43:29,980 [INFO]   Reading shard cast2019_snowflake_v2.rank0.part00049.parquet …
2026-06-08 13:45:11,638 [INFO]     collected so far: 11,043 / 26,102
2026-06-08 13:45:11,641 [INFO]   Reading shard cast2019_snowflake_v2.rank0.part00050.parquet …
2026-06-08 13:46:52,782 [INFO]     collected so far: 11,143 / 26,102
2026-06-08 13:46:52,786 [INFO]   Reading shard cast2019_snowflake_v2.rank0.part00051.parquet …
2026-06-08 13:48:33,749 [INFO]     collected so far: 11,266 / 26,102
2026-06-08 13:48:33,752 [INFO]   Reading shard cast2019_snowflake_v2.rank0.part00052.parquet …
2026-06-08 13:50:16,544 [INFO]     collected so far: 11,362 / 26,102
2026-06-08 13:50:16,547 [INFO]   Reading shard cast2019_snowflake_v2.rank0.part00053.parquet …
2026-06-08 13:51:59,497 [INFO]     collected so far: 11,464 / 26,102
2026-06-08 13:51:59,500 [INFO]   Reading shard cast2019_snowflake_v2.rank0.part00054.parquet …
2026-06-08 13:53:40,980 [INFO]     collected so far: 11,561 / 26,102
2026-06-08 13:53:40,983 [INFO]   Reading shard cast2019_snowflake_v2.rank0.part00055.parquet …
2026-06-08 13:55:22,527 [INFO]     collected so far: 11,662 / 26,102
2026-06-08 13:55:22,529 [INFO]   Reading shard cast2019_snowflake_v2.rank0.part00056.parquet …
2026-06-08 13:57:03,570 [INFO]     collected so far: 11,772 / 26,102
2026-06-08 13:57:03,573 [INFO]   Reading shard cast2019_snowflake_v2.rank0.part00057.parquet …
2026-06-08 13:58:44,882 [INFO]     collected so far: 11,863 / 26,102
2026-06-08 13:58:44,885 [INFO]   Reading shard cast2019_snowflake_v2.rank0.part00058.parquet …
2026-06-08 14:00:23,202 [INFO]     collected so far: 11,983 / 26,102
2026-06-08 14:00:23,203 [INFO]   Reading shard cast2019_snowflake_v2.rank0.part00059.parquet …
2026-06-08 14:01:56,626 [INFO]     collected so far: 12,079 / 26,102
2026-06-08 14:01:56,629 [INFO]   Reading shard cast2019_snowflake_v2.rank0.part00060.parquet …
2026-06-08 14:03:27,791 [INFO]     collected so far: 12,191 / 26,102
2026-06-08 14:03:27,794 [INFO]   Reading shard cast2019_snowflake_v2.rank0.part00061.parquet …
2026-06-08 14:05:00,882 [INFO]     collected so far: 12,278 / 26,102
2026-06-08 14:05:00,885 [INFO]   Reading shard cast2019_snowflake_v2.rank0.part00062.parquet …
2026-06-08 14:06:28,631 [INFO]     collected so far: 12,381 / 26,102
2026-06-08 14:06:28,634 [INFO]   Reading shard cast2019_snowflake_v2.rank0.part00063.parquet …
2026-06-08 14:08:05,057 [INFO]     collected so far: 12,496 / 26,102
2026-06-08 14:08:05,059 [INFO]   Reading shard cast2019_snowflake_v2.rank0.part00064.parquet …
2026-06-08 14:09:43,781 [INFO]     collected so far: 12,594 / 26,102
2026-06-08 14:09:43,784 [INFO]   Reading shard cast2019_snowflake_v2.rank0.part00065.parquet …
2026-06-08 14:11:20,466 [INFO]     collected so far: 12,697 / 26,102
2026-06-08 14:11:20,469 [INFO]   Reading shard cast2019_snowflake_v2.rank0.part00066.parquet …
2026-06-08 14:13:05,148 [INFO]     collected so far: 12,801 / 26,102
2026-06-08 14:13:05,150 [INFO]   Reading shard cast2019_snowflake_v2.rank0.part00067.parquet …
2026-06-08 14:14:53,448 [INFO]     collected so far: 12,912 / 26,102
2026-06-08 14:14:53,451 [INFO]   Reading shard cast2019_snowflake_v2.rank0.part00068.parquet …
2026-06-08 14:16:25,991 [INFO]     collected so far: 13,009 / 26,102
2026-06-08 14:16:25,994 [INFO]   Reading shard cast2019_snowflake_v2.rank0.part00069.parquet …
2026-06-08 14:17:58,604 [INFO]     collected so far: 13,116 / 26,102
2026-06-08 14:17:58,607 [INFO]   Reading shard cast2019_snowflake_v2.rank0.part00070.parquet …
2026-06-08 14:19:34,086 [INFO]     collected so far: 13,228 / 26,102
2026-06-08 14:19:34,089 [INFO]   Reading shard cast2019_snowflake_v2.rank0.part00071.parquet …
2026-06-08 14:21:14,412 [INFO]     collected so far: 13,322 / 26,102
2026-06-08 14:21:14,414 [INFO]   Reading shard cast2019_snowflake_v2.rank0.part00072.parquet …
2026-06-08 14:22:56,692 [INFO]     collected so far: 13,431 / 26,102
2026-06-08 14:22:56,695 [INFO]   Reading shard cast2019_snowflake_v2.rank0.part00073.parquet …
2026-06-08 14:24:38,256 [INFO]     collected so far: 13,531 / 26,102
2026-06-08 14:24:38,257 [INFO]   Reading shard cast2019_snowflake_v2.rank0.part00074.parquet …
2026-06-08 14:26:19,597 [INFO]     collected so far: 13,629 / 26,102
2026-06-08 14:26:19,599 [INFO]   Reading shard cast2019_snowflake_v2.rank0.part00075.parquet …
2026-06-08 14:28:01,511 [INFO]     collected so far: 13,730 / 26,102
2026-06-08 14:28:01,514 [INFO]   Reading shard cast2019_snowflake_v2.rank0.part00076.parquet …
2026-06-08 14:29:44,290 [INFO]     collected so far: 13,804 / 26,102
2026-06-08 14:29:44,293 [INFO]   Reading shard cast2019_snowflake_v2.rank0.part00077.parquet …
2026-06-08 14:31:20,969 [INFO]     collected so far: 13,893 / 26,102
2026-06-08 14:31:20,972 [INFO]   Reading shard cast2019_snowflake_v2.rank0.part00078.parquet …
2026-06-08 14:33:02,891 [INFO]     collected so far: 13,991 / 26,102
2026-06-08 14:33:02,894 [INFO]   Reading shard cast2019_snowflake_v2.rank0.part00079.parquet …
2026-06-08 14:34:43,891 [INFO]     collected so far: 14,087 / 26,102
2026-06-08 14:34:43,894 [INFO]   Reading shard cast2019_snowflake_v2.rank0.part00080.parquet …
2026-06-08 14:36:24,030 [INFO]     collected so far: 14,193 / 26,102
2026-06-08 14:36:24,033 [INFO]   Reading shard cast2019_snowflake_v2.rank0.part00081.parquet …
2026-06-08 14:38:04,206 [INFO]     collected so far: 14,300 / 26,102
2026-06-08 14:38:04,208 [INFO]   Reading shard cast2019_snowflake_v2.rank0.part00082.parquet …
2026-06-08 14:39:44,753 [INFO]     collected so far: 14,400 / 26,102
2026-06-08 14:39:44,755 [INFO]   Reading shard cast2019_snowflake_v2.rank0.part00083.parquet …
2026-06-08 14:41:26,342 [INFO]     collected so far: 14,527 / 26,102
2026-06-08 14:41:26,345 [INFO]   Reading shard cast2019_snowflake_v2.rank0.part00084.parquet …
2026-06-08 14:43:07,821 [INFO]     collected so far: 14,616 / 26,102
2026-06-08 14:43:07,824 [INFO]   Reading shard cast2019_snowflake_v2.rank0.part00085.parquet …
2026-06-08 14:44:48,880 [INFO]     collected so far: 14,709 / 26,102
2026-06-08 14:44:48,883 [INFO]   Reading shard cast2019_snowflake_v2.rank0.part00086.parquet …
2026-06-08 14:46:31,027 [INFO]     collected so far: 14,804 / 26,102
2026-06-08 14:46:31,031 [INFO]   Reading shard cast2019_snowflake_v2.rank0.part00087.parquet …
2026-06-08 14:48:16,279 [INFO]     collected so far: 14,917 / 26,102
2026-06-08 14:48:16,282 [INFO]   Reading shard cast2019_snowflake_v2.rank0.part00088.parquet …
2026-06-08 14:50:02,455 [INFO]     collected so far: 15,033 / 26,102
2026-06-08 14:50:02,471 [INFO]   Reading shard cast2019_snowflake_v2.rank0.part00089.parquet …
2026-06-08 14:54:18,455 [INFO]     collected so far: 15,124 / 26,102
2026-06-08 14:54:18,458 [INFO]   Reading shard cast2019_snowflake_v2.rank0.part00090.parquet …
2026-06-08 14:55:57,052 [INFO]     collected so far: 15,216 / 26,102
2026-06-08 14:55:57,053 [INFO]   Reading shard cast2019_snowflake_v2.rank0.part00091.parquet …
2026-06-08 14:57:28,689 [INFO]     collected so far: 15,330 / 26,102
2026-06-08 14:57:28,692 [INFO]   Reading shard cast2019_snowflake_v2.rank0.part00092.parquet …
2026-06-08 14:59:00,307 [INFO]     collected so far: 15,437 / 26,102
2026-06-08 14:59:00,310 [INFO]   Reading shard cast2019_snowflake_v2.rank0.part00093.parquet …
2026-06-08 15:00:31,258 [INFO]     collected so far: 15,542 / 26,102
2026-06-08 15:00:31,261 [INFO]   Reading shard cast2019_snowflake_v2.rank0.part00094.parquet …
2026-06-08 15:02:05,925 [INFO]     collected so far: 15,654 / 26,102
2026-06-08 15:02:05,928 [INFO]   Reading shard cast2019_snowflake_v2.rank0.part00095.parquet …
2026-06-08 15:03:38,619 [INFO]     collected so far: 15,755 / 26,102
2026-06-08 15:03:38,622 [INFO]   Reading shard cast2019_snowflake_v2.rank0.part00096.parquet …
2026-06-08 15:05:10,881 [INFO]     collected so far: 15,865 / 26,102
2026-06-08 15:05:10,884 [INFO]   Reading shard cast2019_snowflake_v2.rank0.part00097.parquet …
2026-06-08 15:07:16,042 [INFO]     collected so far: 15,973 / 26,102
2026-06-08 15:07:16,045 [INFO]   Reading shard cast2019_snowflake_v2.rank0.part00098.parquet …
2026-06-08 15:08:48,924 [INFO]     collected so far: 16,060 / 26,102
2026-06-08 15:08:48,927 [INFO]   Reading shard cast2019_snowflake_v2.rank0.part00099.parquet …
2026-06-08 15:10:22,857 [INFO]     collected so far: 16,169 / 26,102
2026-06-08 15:10:22,860 [INFO]   Reading shard cast2019_snowflake_v2.rank0.part00100.parquet …
2026-06-08 15:10:44,021 [INFO]     collected so far: 16,198 / 26,102
2026-06-08 15:10:44,025 [INFO]   Reading shard cast2019_snowflake_v2.rank1.part00000.parquet …
2026-06-08 15:12:14,587 [INFO]     collected so far: 16,320 / 26,102
2026-06-08 15:12:14,589 [INFO]   Reading shard cast2019_snowflake_v2.rank1.part00001.parquet …
2026-06-08 15:13:49,282 [INFO]     collected so far: 16,434 / 26,102
2026-06-08 15:13:49,286 [INFO]   Reading shard cast2019_snowflake_v2.rank1.part00002.parquet …
2026-06-08 15:15:17,012 [INFO]     collected so far: 16,531 / 26,102
2026-06-08 15:15:17,015 [INFO]   Reading shard cast2019_snowflake_v2.rank1.part00003.parquet …
2026-06-08 15:16:49,872 [INFO]     collected so far: 16,635 / 26,102
2026-06-08 15:16:49,876 [INFO]   Reading shard cast2019_snowflake_v2.rank1.part00004.parquet …
2026-06-08 15:18:19,496 [INFO]     collected so far: 16,751 / 26,102
2026-06-08 15:18:19,499 [INFO]   Reading shard cast2019_snowflake_v2.rank1.part00005.parquet …
2026-06-08 15:19:56,835 [INFO]     collected so far: 16,869 / 26,102
2026-06-08 15:19:56,839 [INFO]   Reading shard cast2019_snowflake_v2.rank1.part00006.parquet …
2026-06-08 15:21:24,754 [INFO]     collected so far: 16,972 / 26,102
2026-06-08 15:21:24,757 [INFO]   Reading shard cast2019_snowflake_v2.rank1.part00007.parquet …
2026-06-08 15:22:58,733 [INFO]     collected so far: 17,067 / 26,102
2026-06-08 15:22:58,737 [INFO]   Reading shard cast2019_snowflake_v2.rank1.part00008.parquet …
2026-06-08 15:24:29,201 [INFO]     collected so far: 17,196 / 26,102
2026-06-08 15:24:29,202 [INFO]   Reading shard cast2019_snowflake_v2.rank1.part00009.parquet …
2026-06-08 15:26:01,560 [INFO]     collected so far: 17,288 / 26,102
2026-06-08 15:26:01,564 [INFO]   Reading shard cast2019_snowflake_v2.rank1.part00010.parquet …
2026-06-08 15:27:31,829 [INFO]     collected so far: 17,400 / 26,102
2026-06-08 15:27:31,832 [INFO]   Reading shard cast2019_snowflake_v2.rank1.part00011.parquet …
2026-06-08 15:29:04,269 [INFO]     collected so far: 17,501 / 26,102
2026-06-08 15:29:04,272 [INFO]   Reading shard cast2019_snowflake_v2.rank1.part00012.parquet …
2026-06-08 15:30:34,853 [INFO]     collected so far: 17,594 / 26,102
2026-06-08 15:30:34,856 [INFO]   Reading shard cast2019_snowflake_v2.rank1.part00013.parquet …
2026-06-08 15:32:06,979 [INFO]     collected so far: 17,701 / 26,102
2026-06-08 15:32:06,983 [INFO]   Reading shard cast2019_snowflake_v2.rank1.part00014.parquet …
2026-06-08 15:33:38,074 [INFO]     collected so far: 17,805 / 26,102
2026-06-08 15:33:38,077 [INFO]   Reading shard cast2019_snowflake_v2.rank1.part00015.parquet …
2026-06-08 15:35:10,381 [INFO]     collected so far: 17,911 / 26,102
2026-06-08 15:35:10,385 [INFO]   Reading shard cast2019_snowflake_v2.rank1.part00016.parquet …
2026-06-08 15:36:41,100 [INFO]     collected so far: 18,004 / 26,102
2026-06-08 15:36:41,103 [INFO]   Reading shard cast2019_snowflake_v2.rank1.part00017.parquet …
2026-06-08 15:38:14,677 [INFO]     collected so far: 18,111 / 26,102
2026-06-08 15:38:14,681 [INFO]   Reading shard cast2019_snowflake_v2.rank1.part00018.parquet …
2026-06-08 15:39:46,755 [INFO]     collected so far: 18,210 / 26,102
2026-06-08 15:39:46,758 [INFO]   Reading shard cast2019_snowflake_v2.rank1.part00019.parquet …
2026-06-08 15:41:15,377 [INFO]     collected so far: 18,310 / 26,102
2026-06-08 15:41:15,381 [INFO]   Reading shard cast2019_snowflake_v2.rank1.part00020.parquet …
2026-06-08 15:42:46,776 [INFO]     collected so far: 18,415 / 26,102
2026-06-08 15:42:46,778 [INFO]   Reading shard cast2019_snowflake_v2.rank1.part00021.parquet …
2026-06-08 15:44:18,237 [INFO]     collected so far: 18,529 / 26,102
2026-06-08 15:44:18,241 [INFO]   Reading shard cast2019_snowflake_v2.rank1.part00022.parquet …
2026-06-08 15:45:48,683 [INFO]     collected so far: 18,617 / 26,102
2026-06-08 15:45:48,686 [INFO]   Reading shard cast2019_snowflake_v2.rank1.part00023.parquet …
2026-06-08 15:47:20,077 [INFO]     collected so far: 18,727 / 26,102
2026-06-08 15:47:20,081 [INFO]   Reading shard cast2019_snowflake_v2.rank1.part00024.parquet …
2026-06-08 15:48:50,713 [INFO]     collected so far: 18,833 / 26,102
2026-06-08 15:48:50,716 [INFO]   Reading shard cast2019_snowflake_v2.rank1.part00025.parquet …
2026-06-08 15:50:22,326 [INFO]     collected so far: 18,961 / 26,102
2026-06-08 15:50:22,329 [INFO]   Reading shard cast2019_snowflake_v2.rank1.part00026.parquet …
2026-06-08 15:51:52,942 [INFO]     collected so far: 19,077 / 26,102
2026-06-08 15:51:52,945 [INFO]   Reading shard cast2019_snowflake_v2.rank1.part00027.parquet …
2026-06-08 15:53:25,468 [INFO]     collected so far: 19,194 / 26,102
2026-06-08 15:53:25,471 [INFO]   Reading shard cast2019_snowflake_v2.rank1.part00028.parquet …
2026-06-08 15:54:55,739 [INFO]     collected so far: 19,318 / 26,102
2026-06-08 15:54:55,740 [INFO]   Reading shard cast2019_snowflake_v2.rank1.part00029.parquet …
2026-06-08 15:56:28,294 [INFO]     collected so far: 19,411 / 26,102
2026-06-08 15:56:28,298 [INFO]   Reading shard cast2019_snowflake_v2.rank1.part00030.parquet …
2026-06-08 15:57:59,414 [INFO]     collected so far: 19,516 / 26,102
2026-06-08 15:57:59,417 [INFO]   Reading shard cast2019_snowflake_v2.rank1.part00031.parquet …
2026-06-08 15:59:32,399 [INFO]     collected so far: 19,621 / 26,102
2026-06-08 15:59:32,402 [INFO]   Reading shard cast2019_snowflake_v2.rank1.part00032.parquet …
2026-06-08 16:01:03,124 [INFO]     collected so far: 19,719 / 26,102
2026-06-08 16:01:03,124 [INFO]   Reading shard cast2019_snowflake_v2.rank1.part00033.parquet …
2026-06-08 16:02:36,283 [INFO]     collected so far: 19,832 / 26,102
2026-06-08 16:02:36,287 [INFO]   Reading shard cast2019_snowflake_v2.rank1.part00034.parquet …
2026-06-08 16:04:02,348 [INFO]     collected so far: 19,935 / 26,102
2026-06-08 16:04:02,351 [INFO]   Reading shard cast2019_snowflake_v2.rank1.part00035.parquet …
2026-06-08 16:05:32,748 [INFO]     collected so far: 20,039 / 26,102
2026-06-08 16:05:32,751 [INFO]   Reading shard cast2019_snowflake_v2.rank1.part00036.parquet …
2026-06-08 16:07:03,254 [INFO]     collected so far: 20,145 / 26,102
2026-06-08 16:07:03,257 [INFO]   Reading shard cast2019_snowflake_v2.rank1.part00037.parquet …
2026-06-08 16:08:34,405 [INFO]     collected so far: 20,243 / 26,102
2026-06-08 16:08:34,409 [INFO]   Reading shard cast2019_snowflake_v2.rank1.part00038.parquet …
2026-06-08 16:10:04,432 [INFO]     collected so far: 20,352 / 26,102
2026-06-08 16:10:04,435 [INFO]   Reading shard cast2019_snowflake_v2.rank1.part00039.parquet …
2026-06-08 16:11:35,296 [INFO]     collected so far: 20,463 / 26,102
2026-06-08 16:11:35,300 [INFO]   Reading shard cast2019_snowflake_v2.rank1.part00040.parquet …
2026-06-08 16:13:05,218 [INFO]     collected so far: 20,565 / 26,102
2026-06-08 16:13:05,221 [INFO]   Reading shard cast2019_snowflake_v2.rank1.part00041.parquet …
2026-06-08 16:14:37,488 [INFO]     collected so far: 20,690 / 26,102
2026-06-08 16:14:37,492 [INFO]   Reading shard cast2019_snowflake_v2.rank1.part00042.parquet …
2026-06-08 16:16:07,952 [INFO]     collected so far: 20,802 / 26,102
2026-06-08 16:16:07,955 [INFO]   Reading shard cast2019_snowflake_v2.rank1.part00043.parquet …
2026-06-08 16:17:38,715 [INFO]     collected so far: 20,918 / 26,102
2026-06-08 16:17:38,719 [INFO]   Reading shard cast2019_snowflake_v2.rank1.part00044.parquet …
2026-06-08 16:19:08,985 [INFO]     collected so far: 21,024 / 26,102
2026-06-08 16:19:08,988 [INFO]   Reading shard cast2019_snowflake_v2.rank1.part00045.parquet …
2026-06-08 16:20:40,236 [INFO]     collected so far: 21,126 / 26,102
2026-06-08 16:20:40,240 [INFO]   Reading shard cast2019_snowflake_v2.rank1.part00046.parquet …
2026-06-08 16:22:11,671 [INFO]     collected so far: 21,234 / 26,102
2026-06-08 16:22:11,674 [INFO]   Reading shard cast2019_snowflake_v2.rank1.part00047.parquet …
2026-06-08 16:23:44,594 [INFO]     collected so far: 21,330 / 26,102
2026-06-08 16:23:44,598 [INFO]   Reading shard cast2019_snowflake_v2.rank1.part00048.parquet …
2026-06-08 16:25:11,035 [INFO]     collected so far: 21,447 / 26,102
2026-06-08 16:25:11,038 [INFO]   Reading shard cast2019_snowflake_v2.rank1.part00049.parquet …
2026-06-08 16:26:44,046 [INFO]     collected so far: 21,556 / 26,102
2026-06-08 16:26:44,050 [INFO]   Reading shard cast2019_snowflake_v2.rank1.part00050.parquet …
2026-06-08 16:28:14,642 [INFO]     collected so far: 21,662 / 26,102
2026-06-08 16:28:14,642 [INFO]   Reading shard cast2019_snowflake_v2.rank1.part00051.parquet …
2026-06-08 16:29:45,810 [INFO]     collected so far: 21,766 / 26,102
2026-06-08 16:29:45,813 [INFO]   Reading shard cast2019_snowflake_v2.rank1.part00052.parquet …
2026-06-08 16:31:15,695 [INFO]     collected so far: 21,887 / 26,102
2026-06-08 16:31:15,698 [INFO]   Reading shard cast2019_snowflake_v2.rank1.part00053.parquet …
2026-06-08 16:32:47,703 [INFO]     collected so far: 21,996 / 26,102
2026-06-08 16:32:47,706 [INFO]   Reading shard cast2019_snowflake_v2.rank1.part00054.parquet …
2026-06-08 16:34:17,760 [INFO]     collected so far: 22,102 / 26,102
2026-06-08 16:34:17,763 [INFO]   Reading shard cast2019_snowflake_v2.rank1.part00055.parquet …
2026-06-08 16:35:49,941 [INFO]     collected so far: 22,212 / 26,102
2026-06-08 16:35:49,944 [INFO]   Reading shard cast2019_snowflake_v2.rank1.part00056.parquet …
2026-06-08 16:37:19,352 [INFO]     collected so far: 22,304 / 26,102
2026-06-08 16:37:19,355 [INFO]   Reading shard cast2019_snowflake_v2.rank1.part00057.parquet …
2026-06-08 16:38:50,465 [INFO]     collected so far: 22,411 / 26,102
2026-06-08 16:38:50,469 [INFO]   Reading shard cast2019_snowflake_v2.rank1.part00058.parquet …
2026-06-08 16:40:20,767 [INFO]     collected so far: 22,532 / 26,102
2026-06-08 16:40:20,770 [INFO]   Reading shard cast2019_snowflake_v2.rank1.part00059.parquet …
2026-06-08 16:41:51,318 [INFO]     collected so far: 22,658 / 26,102
2026-06-08 16:41:51,322 [INFO]   Reading shard cast2019_snowflake_v2.rank1.part00060.parquet …
2026-06-08 16:43:21,302 [INFO]     collected so far: 22,763 / 26,102
2026-06-08 16:43:21,305 [INFO]   Reading shard cast2019_snowflake_v2.rank1.part00061.parquet …
2026-06-08 16:44:52,693 [INFO]     collected so far: 22,865 / 26,102
2026-06-08 16:44:52,697 [INFO]   Reading shard cast2019_snowflake_v2.rank1.part00062.parquet …
2026-06-08 16:46:23,548 [INFO]     collected so far: 22,974 / 26,102
2026-06-08 16:46:23,551 [INFO]   Reading shard cast2019_snowflake_v2.rank1.part00063.parquet …
2026-06-08 16:47:50,547 [INFO]     collected so far: 23,093 / 26,102
2026-06-08 16:47:50,550 [INFO]   Reading shard cast2019_snowflake_v2.rank1.part00064.parquet …
2026-06-08 16:49:21,360 [INFO]     collected so far: 23,198 / 26,102
2026-06-08 16:49:21,362 [INFO]   Reading shard cast2019_snowflake_v2.rank1.part00065.parquet …
2026-06-08 16:50:52,268 [INFO]     collected so far: 23,306 / 26,102
2026-06-08 16:50:52,272 [INFO]   Reading shard cast2019_snowflake_v2.rank1.part00066.parquet …
2026-06-08 16:52:22,743 [INFO]     collected so far: 23,423 / 26,102
2026-06-08 16:52:22,746 [INFO]   Reading shard cast2019_snowflake_v2.rank1.part00067.parquet …
2026-06-08 16:53:54,481 [INFO]     collected so far: 23,524 / 26,102
2026-06-08 16:53:54,485 [INFO]   Reading shard cast2019_snowflake_v2.rank1.part00068.parquet …
2026-06-08 16:55:24,101 [INFO]     collected so far: 23,634 / 26,102
2026-06-08 16:55:24,104 [INFO]   Reading shard cast2019_snowflake_v2.rank1.part00069.parquet …
2026-06-08 16:56:55,691 [INFO]     collected so far: 23,741 / 26,102
2026-06-08 16:56:55,695 [INFO]   Reading shard cast2019_snowflake_v2.rank1.part00070.parquet …
2026-06-08 16:58:25,394 [INFO]     collected so far: 23,830 / 26,102
2026-06-08 16:58:25,397 [INFO]   Reading shard cast2019_snowflake_v2.rank1.part00071.parquet …
2026-06-08 16:59:56,678 [INFO]     collected so far: 23,932 / 26,102
2026-06-08 16:59:56,682 [INFO]   Reading shard cast2019_snowflake_v2.rank1.part00072.parquet …
2026-06-08 17:01:27,228 [INFO]     collected so far: 24,020 / 26,102
2026-06-08 17:01:27,231 [INFO]   Reading shard cast2019_snowflake_v2.rank1.part00073.parquet …
2026-06-08 17:03:00,203 [INFO]     collected so far: 24,138 / 26,102
2026-06-08 17:03:00,207 [INFO]   Reading shard cast2019_snowflake_v2.rank1.part00074.parquet …
2026-06-08 17:04:31,627 [INFO]     collected so far: 24,248 / 26,102
2026-06-08 17:04:31,630 [INFO]   Reading shard cast2019_snowflake_v2.rank1.part00075.parquet …
2026-06-08 17:06:04,760 [INFO]     collected so far: 24,357 / 26,102
2026-06-08 17:06:04,760 [INFO]   Reading shard cast2019_snowflake_v2.rank1.part00076.parquet …
2026-06-08 17:07:35,652 [INFO]     collected so far: 24,453 / 26,102
2026-06-08 17:07:35,654 [INFO]   Reading shard cast2019_snowflake_v2.rank1.part00077.parquet …
2026-06-08 17:09:07,143 [INFO]     collected so far: 24,537 / 26,102
2026-06-08 17:09:07,147 [INFO]   Reading shard cast2019_snowflake_v2.rank1.part00078.parquet …
2026-06-08 17:10:33,515 [INFO]     collected so far: 24,642 / 26,102
2026-06-08 17:10:33,518 [INFO]   Reading shard cast2019_snowflake_v2.rank1.part00079.parquet …
2026-06-08 17:12:04,183 [INFO]     collected so far: 24,756 / 26,102
2026-06-08 17:12:04,186 [INFO]   Reading shard cast2019_snowflake_v2.rank1.part00080.parquet …
2026-06-08 17:13:34,811 [INFO]     collected so far: 24,870 / 26,102
2026-06-08 17:13:34,814 [INFO]   Reading shard cast2019_snowflake_v2.rank1.part00081.parquet …
2026-06-08 17:15:05,708 [INFO]     collected so far: 24,968 / 26,102
2026-06-08 17:15:05,712 [INFO]   Reading shard cast2019_snowflake_v2.rank1.part00082.parquet …
2026-06-08 17:16:36,931 [INFO]     collected so far: 25,057 / 26,102
2026-06-08 17:16:36,934 [INFO]   Reading shard cast2019_snowflake_v2.rank1.part00083.parquet …
2026-06-08 17:18:07,831 [INFO]     collected so far: 25,154 / 26,102
2026-06-08 17:18:07,835 [INFO]   Reading shard cast2019_snowflake_v2.rank1.part00084.parquet …
2026-06-08 17:19:39,112 [INFO]     collected so far: 25,262 / 26,102
2026-06-08 17:19:39,115 [INFO]   Reading shard cast2019_snowflake_v2.rank1.part00085.parquet …
2026-06-08 17:21:09,707 [INFO]     collected so far: 25,380 / 26,102
2026-06-08 17:21:09,711 [INFO]   Reading shard cast2019_snowflake_v2.rank1.part00086.parquet …
2026-06-08 17:22:40,552 [INFO]     collected so far: 25,475 / 26,102
2026-06-08 17:22:40,555 [INFO]   Reading shard cast2019_snowflake_v2.rank1.part00087.parquet …
2026-06-08 17:24:11,382 [INFO]     collected so far: 25,571 / 26,102
2026-06-08 17:24:11,386 [INFO]   Reading shard cast2019_snowflake_v2.rank1.part00088.parquet …
2026-06-08 17:25:42,128 [INFO]     collected so far: 25,674 / 26,102
2026-06-08 17:25:42,131 [INFO]   Reading shard cast2019_snowflake_v2.rank1.part00089.parquet …
2026-06-08 17:27:14,683 [INFO]     collected so far: 25,775 / 26,102
2026-06-08 17:27:14,687 [INFO]   Reading shard cast2019_snowflake_v2.rank1.part00090.parquet …
2026-06-08 17:28:45,339 [INFO]     collected so far: 25,884 / 26,102
2026-06-08 17:28:45,342 [INFO]   Reading shard cast2019_snowflake_v2.rank1.part00091.parquet …
2026-06-08 17:30:17,553 [INFO]     collected so far: 25,995 / 26,102
2026-06-08 17:30:17,557 [INFO]   Reading shard cast2019_snowflake_v2.rank1.part00092.parquet …
2026-06-08 17:31:40,752 [INFO]     collected so far: 26,102 / 26,102
2026-06-08 17:31:40,755 [INFO] Demo records collected: 26,102
2026-06-08 17:31:40,755 [INFO] === Step 6a: Save demo_texts.parquet ===
2026-06-08 17:31:41,424 [INFO]   Saved 26,102 rows → /home/toploc1/Datasets/toploc1/demo/demo_texts.parquet
2026-06-08 17:31:41,425 [INFO] === Step 6b: Save demo_embeddings.parquet ===
2026-06-08 17:31:43,756 [INFO]   Saved 26,102 rows → /home/toploc1/Datasets/toploc1/demo/demo_embeddings.parquet
2026-06-08 17:31:43,806 [INFO] Metadata saved to /home/toploc1/Datasets/toploc1/demo/demo_metadata.json
2026-06-08 17:31:43,807 [INFO] === Phase 1 COMPLETE – run build_demo_indexes.py next ===
