2026-07-21 13:21:05,155 [INFO] No RAM limit set (expect ~160 GB peak for this build)
2026-07-21 13:21:05,156 [INFO] FAISS threads: 64
2026-07-21 13:21:05,156 [INFO] NLIST = 262,144 (2^18, paper's Dragon config)
2026-07-21 13:21:05,175 [INFO] Total files found: 193
2026-07-21 13:21:10,633 [INFO] Vector dimension: 768
2026-07-21 13:21:14,125 [INFO]   training sample: +200,704 from cast2019_dragon.rank1.part00068.parquet (total 200,704/5,242,880)
2026-07-21 13:21:17,524 [INFO]   training sample: +200,704 from cast2019_dragon.rank0.part00042.parquet (total 401,408/5,242,880)
2026-07-21 13:21:21,074 [INFO]   training sample: +200,704 from cast2019_dragon.rank0.part00002.parquet (total 602,112/5,242,880)
2026-07-21 13:21:24,590 [INFO]   training sample: +200,704 from cast2019_dragon.rank1.part00052.parquet (total 802,816/5,242,880)
2026-07-21 13:21:28,149 [INFO]   training sample: +200,704 from cast2019_dragon.rank1.part00067.parquet (total 1,003,520/5,242,880)
2026-07-21 13:21:31,742 [INFO]   training sample: +200,704 from cast2019_dragon.rank0.part00012.parquet (total 1,204,224/5,242,880)
2026-07-21 13:21:35,939 [INFO]   training sample: +200,704 from cast2019_dragon.rank0.part00078.parquet (total 1,404,928/5,242,880)
2026-07-21 13:21:39,778 [INFO]   training sample: +200,704 from cast2019_dragon.rank0.part00013.parquet (total 1,605,632/5,242,880)
2026-07-21 13:21:43,424 [INFO]   training sample: +200,704 from cast2019_dragon.rank1.part00020.parquet (total 1,806,336/5,242,880)
2026-07-21 13:21:47,074 [INFO]   training sample: +200,704 from cast2019_dragon.rank0.part00069.parquet (total 2,007,040/5,242,880)
2026-07-21 13:21:51,034 [INFO]   training sample: +200,704 from cast2019_dragon.rank0.part00003.parquet (total 2,207,744/5,242,880)
2026-07-21 13:21:54,690 [INFO]   training sample: +200,704 from cast2019_dragon.rank1.part00081.parquet (total 2,408,448/5,242,880)
2026-07-21 13:21:58,308 [INFO]   training sample: +200,704 from cast2019_dragon.rank0.part00030.parquet (total 2,609,152/5,242,880)
2026-07-21 13:22:02,328 [INFO]   training sample: +200,704 from cast2019_dragon.rank1.part00061.parquet (total 2,809,856/5,242,880)
2026-07-21 13:22:06,172 [INFO]   training sample: +200,704 from cast2019_dragon.rank1.part00065.parquet (total 3,010,560/5,242,880)
2026-07-21 13:22:09,654 [INFO]   training sample: +200,704 from cast2019_dragon.rank0.part00015.parquet (total 3,211,264/5,242,880)
2026-07-21 13:22:13,252 [INFO]   training sample: +200,704 from cast2019_dragon.rank1.part00055.parquet (total 3,411,968/5,242,880)
2026-07-21 13:22:17,047 [INFO]   training sample: +200,704 from cast2019_dragon.rank0.part00036.parquet (total 3,612,672/5,242,880)
2026-07-21 13:22:20,433 [INFO]   training sample: +200,704 from cast2019_dragon.rank1.part00031.parquet (total 3,813,376/5,242,880)
2026-07-21 13:22:24,206 [INFO]   training sample: +200,704 from cast2019_dragon.rank0.part00044.parquet (total 4,014,080/5,242,880)
2026-07-21 13:22:27,835 [INFO]   training sample: +200,704 from cast2019_dragon.rank0.part00005.parquet (total 4,214,784/5,242,880)
2026-07-21 13:22:31,305 [INFO]   training sample: +200,704 from cast2019_dragon.rank0.part00053.parquet (total 4,415,488/5,242,880)
2026-07-21 13:22:35,597 [INFO]   training sample: +200,704 from cast2019_dragon.rank1.part00001.parquet (total 4,616,192/5,242,880)
2026-07-21 13:22:39,441 [INFO]   training sample: +200,704 from cast2019_dragon.rank0.part00079.parquet (total 4,816,896/5,242,880)
2026-07-21 13:22:43,566 [INFO]   training sample: +200,704 from cast2019_dragon.rank0.part00064.parquet (total 5,017,600/5,242,880)
2026-07-21 13:22:48,090 [INFO]   training sample: +200,704 from cast2019_dragon.rank0.part00073.parquet (total 5,218,304/5,242,880)
2026-07-21 13:22:52,325 [INFO]   training sample: +200,704 from cast2019_dragon.rank0.part00037.parquet (total 5,419,008/5,242,880)
2026-07-21 13:22:54,762 [INFO] Training 262,144 centroids on 5,419,008 vectors, niter=15. THIS WILL TAKE HOURS ON CPU -- use faiss-gpu for the train step if you have a GPU.
2026-07-22 18:33:45,996 [INFO] Index training complete in 29.18 h.
2026-07-22 19:01:16,400 [INFO] [10/193] Indexed: 2,007,040 vectors
2026-07-22 19:26:56,596 [INFO] [20/193] Indexed: 4,014,080 vectors
2026-07-22 19:29:00,643 [INFO] Checkpoint saved (4,014,080 vectors, 124s write time).
2026-07-22 19:55:24,529 [INFO] [30/193] Indexed: 6,021,120 vectors
2026-07-22 20:21:32,624 [INFO] [40/193] Indexed: 8,028,160 vectors
2026-07-22 20:26:35,354 [INFO] Checkpoint saved (8,028,160 vectors, 303s write time).
2026-07-22 20:53:36,515 [INFO] [50/193] Indexed: 10,035,200 vectors
2026-07-22 21:20:30,298 [INFO] [60/193] Indexed: 12,042,240 vectors
2026-07-22 21:27:19,793 [INFO] Checkpoint saved (12,042,240 vectors, 409s write time).
2026-07-22 21:54:18,576 [INFO] [70/193] Indexed: 14,049,280 vectors
2026-07-22 22:23:34,808 [INFO] [80/193] Indexed: 16,056,320 vectors
2026-07-22 22:33:51,955 [INFO] Checkpoint saved (16,056,320 vectors, 617s write time).
2026-07-22 23:01:15,995 [INFO] [90/193] Indexed: 18,063,360 vectors
2026-07-22 23:28:34,599 [INFO] [100/193] Indexed: 20,045,725 vectors
2026-07-22 23:47:28,466 [INFO] Checkpoint saved (20,045,725 vectors, 1134s write time).
2026-07-23 00:16:43,836 [INFO] [110/193] Indexed: 22,052,765 vectors
2026-07-23 00:44:33,796 [INFO] [120/193] Indexed: 24,059,805 vectors
2026-07-23 00:59:39,321 [INFO] Checkpoint saved (24,059,805 vectors, 906s write time).
2026-07-23 01:30:00,160 [INFO] [130/193] Indexed: 26,066,845 vectors
2026-07-23 01:58:04,421 [INFO] [140/193] Indexed: 28,073,885 vectors
2026-07-23 02:12:53,707 [INFO] Checkpoint saved (28,073,885 vectors, 889s write time).
2026-07-23 02:39:51,546 [INFO] [150/193] Indexed: 30,080,925 vectors
2026-07-23 03:10:25,394 [INFO] [160/193] Indexed: 32,087,965 vectors
2026-07-23 03:28:24,460 [INFO] Checkpoint saved (32,087,965 vectors, 1079s write time).
2026-07-23 03:57:52,471 [INFO] [170/193] Indexed: 34,095,005 vectors
2026-07-23 04:27:33,699 [INFO] [180/193] Indexed: 36,102,045 vectors
2026-07-23 04:46:51,275 [INFO] Checkpoint saved (36,102,045 vectors, 1158s write time).
2026-07-23 05:12:53,590 [INFO] [190/193] Indexed: 38,109,085 vectors
2026-07-23 05:19:57,050 [INFO] Saving final index and ID map...
2026-07-23 05:42:53,315 [INFO] Checkpoint saved (38,636,446 vectors, 1376s write time).
2026-07-23 05:42:53,316 [INFO] Pipeline complete. Total vectors indexed: 38,636,446
2026-07-23 05:42:53,317 [INFO] Index saved to:  /home/toploc1/Datasets/toploc1/indexes/Dragon_indexes/treccast_dragon_ivf_2e18.index
2026-07-23 05:42:53,317 [INFO] IDs saved to:    /home/toploc1/Datasets/toploc1/indexes/Dragon_indexes/treccast_dragon_ivf_2e18_ids.npy
