2026-06-17 13:38:42,738 [INFO] Total files found: 194
2026-06-17 13:40:27,654 [INFO] Vector dimension: 1024
2026-06-17 13:40:27,673 [INFO] HNSW index created: d=1024, M=16, efConstruction=500
2026-06-17 14:19:46,877 [INFO] [10/194] Indexed: 2,000,000 vectors
2026-06-17 14:59:40,761 [INFO] [20/194] Indexed: 4,000,000 vectors
2026-06-17 15:42:05,657 [INFO] [30/194] Indexed: 6,000,000 vectors
2026-06-17 16:21:12,820 [INFO] [40/194] Indexed: 8,000,000 vectors
2026-06-17 17:02:17,250 [INFO] [50/194] Indexed: 10,000,000 vectors
2026-06-17 17:02:17,250 [INFO] Saving checkpoint at file 50...
2026-06-17 17:08:26,418 [INFO] Checkpoint saved.
2026-06-17 17:51:59,347 [INFO] [60/194] Indexed: 12,000,000 vectors
2026-06-17 18:35:56,730 [INFO] [70/194] Indexed: 14,000,000 vectors
2026-06-17 19:19:36,873 [INFO] [80/194] Indexed: 16,000,000 vectors
2026-06-17 20:03:02,373 [INFO] [90/194] Indexed: 18,000,000 vectors
2026-06-17 20:46:41,129 [INFO] [100/194] Indexed: 20,000,000 vectors
2026-06-17 20:46:41,129 [INFO] Saving checkpoint at file 100...
2026-06-17 20:59:07,394 [INFO] Checkpoint saved.
2026-06-17 21:39:20,804 [INFO] [110/194] Indexed: 21,845,725 vectors
2026-06-17 22:22:57,672 [INFO] [120/194] Indexed: 23,845,725 vectors
2026-06-17 23:07:37,134 [INFO] [130/194] Indexed: 25,845,725 vectors
2026-06-17 23:51:15,030 [INFO] [140/194] Indexed: 27,845,725 vectors
2026-06-18 00:34:58,211 [INFO] [150/194] Indexed: 29,845,725 vectors
2026-06-18 00:34:58,212 [INFO] Saving checkpoint at file 150...
2026-06-18 00:53:27,035 [INFO] Checkpoint saved.
2026-06-18 01:37:13,790 [INFO] [160/194] Indexed: 31,845,725 vectors
2026-06-18 02:21:03,082 [INFO] [170/194] Indexed: 33,845,725 vectors
2026-06-18 03:04:52,257 [INFO] [180/194] Indexed: 35,845,725 vectors
2026-06-18 03:48:40,788 [INFO] [190/194] Indexed: 37,845,725 vectors
2026-06-18 04:06:02,596 [INFO] Total vectors indexed: 38,636,446
2026-06-18 04:06:02,596 [INFO] Saving final index and ID map...
2026-06-18 04:30:00,634 [INFO] Pipeline complete.
2026-06-18 04:30:00,634 [INFO] Index saved to:  /home/toploc1/Datasets/toploc1/indexes/treccast_hnsw_M16.index
2026-06-18 04:30:00,635 [INFO] IDs saved to:    /home/toploc1/Datasets/toploc1/indexes/treccast_hnsw_idsM16.npy
