nohup: ignoring input
2026-07-13 14:51:19,253 [INFO] Loading index from /home/toploc1/Datasets/toploc1/indexes/treccast_34M_ivf.index (mmap=True)
2026-07-13 14:51:33,002 [INFO] Index loaded: 38,636,446 vectors, nlist=32768
2026-07-13 14:51:33,034 [INFO] Centroid matrix: (32768, 1024)
2026-07-13 14:51:54,070 [INFO] Queries: 479 | dim=1024
2026-07-13 14:51:54,091 [INFO] Loaded qrels: 173 queries
2026-07-13 14:51:54,091 [INFO] Conversations: 50 | follow-up queries: 429 | avg follow-ups/conv: 8.58
2026-07-13 14:51:54,091 [INFO] === baseline nprobe=1 ===
2026-07-13 14:52:21,218 [INFO]   k=  10: fused fu=  0.347 ft=  0.306 | control fu=  0.175 ft=  1.379 | fused/control= 1.99x
2026-07-13 14:52:22,432 [INFO]   k= 100: fused fu=  0.341 ft=  0.315 | control fu=  0.178 ft=  1.237 | fused/control= 1.92x
2026-07-13 14:52:23,806 [INFO]   k=1000: fused fu=  0.330 ft=  0.324 | control fu=  0.271 ft=  1.372 | fused/control= 1.22x
2026-07-13 14:52:23,807 [INFO]   MRR@10=0.1089  NDCG@3=0.0459  NDCG@10=0.0354
2026-07-13 14:52:23,812 [INFO] === baseline nprobe=2 ===
2026-07-13 14:52:47,973 [INFO]   k=  10: fused fu=  0.491 ft=  0.465 | control fu=  0.207 ft=  1.557 | fused/control= 2.37x
2026-07-13 14:52:49,512 [INFO]   k= 100: fused fu=  0.487 ft=  0.434 | control fu=  0.206 ft=  1.208 | fused/control= 2.36x
2026-07-13 14:52:51,353 [INFO]   k=1000: fused fu=  0.507 ft=  0.490 | control fu=  0.330 ft=  1.468 | fused/control= 1.54x
2026-07-13 14:52:51,353 [INFO]   MRR@10=0.1320  NDCG@3=0.0545  NDCG@10=0.0417
2026-07-13 14:52:51,358 [INFO] === baseline nprobe=4 ===
2026-07-13 14:53:34,285 [INFO]   k=  10: fused fu=  0.802 ft=  0.813 | control fu=  0.325 ft=  1.537 | fused/control= 2.47x
2026-07-13 14:53:36,529 [INFO]   k= 100: fused fu=  0.773 ft=  0.678 | control fu=  0.294 ft=  1.422 | fused/control= 2.63x
2026-07-13 14:53:39,125 [INFO]   k=1000: fused fu=  0.832 ft=  0.770 | control fu=  0.411 ft=  1.541 | fused/control= 2.02x
2026-07-13 14:53:39,126 [INFO]   MRR@10=0.1609  NDCG@3=0.0692  NDCG@10=0.0514
2026-07-13 14:53:39,131 [INFO] === baseline nprobe=8 ===
2026-07-13 14:54:40,363 [INFO]   k=  10: fused fu=  1.312 ft=  1.291 | control fu=  0.493 ft=  1.521 | fused/control= 2.66x
2026-07-13 14:54:44,061 [INFO]   k= 100: fused fu=  1.354 ft=  1.326 | control fu=  0.455 ft=  1.591 | fused/control= 2.97x
2026-07-13 14:54:47,922 [INFO]   k=1000: fused fu=  1.322 ft=  1.323 | control fu=  0.564 ft=  1.695 | fused/control= 2.34x
2026-07-13 14:54:47,923 [INFO]   MRR@10=0.2050  NDCG@3=0.0817  NDCG@10=0.0586
2026-07-13 14:54:47,925 [INFO] === baseline nprobe=16 ===
2026-07-13 14:56:19,084 [INFO]   k=  10: fused fu=  2.149 ft=  2.114 | control fu=  0.764 ft=  1.825 | fused/control= 2.81x
2026-07-13 14:56:24,840 [INFO]   k= 100: fused fu=  2.117 ft=  1.914 | control fu=  0.775 ft=  1.886 | fused/control= 2.73x
2026-07-13 14:56:30,931 [INFO]   k=1000: fused fu=  2.167 ft=  2.255 | control fu=  0.883 ft=  2.002 | fused/control= 2.45x
2026-07-13 14:56:30,931 [INFO]   MRR@10=0.2148  NDCG@3=0.0861  NDCG@10=0.0618
2026-07-13 14:56:30,938 [INFO] === baseline nprobe=32 ===
2026-07-13 14:58:58,458 [INFO]   k=  10: fused fu=  3.158 ft=  3.367 | control fu=  1.408 ft=  2.473 | fused/control= 2.24x
2026-07-13 14:59:07,682 [INFO]   k= 100: fused fu=  3.274 ft=  3.149 | control fu=  1.429 ft=  2.509 | fused/control= 2.29x
2026-07-13 14:59:17,217 [INFO]   k=1000: fused fu=  3.365 ft=  3.142 | control fu=  1.553 ft=  2.625 | fused/control= 2.17x
2026-07-13 14:59:17,218 [INFO]   MRR@10=0.2301  NDCG@3=0.0972  NDCG@10=0.0680
2026-07-13 14:59:17,223 [INFO] === baseline nprobe=64 ===
2026-07-13 15:02:30,303 [INFO]   k=  10: fused fu=  4.942 ft=  4.463 | control fu=  2.609 ft=  3.736 | fused/control= 1.89x
2026-07-13 15:02:44,956 [INFO]   k= 100: fused fu=  4.931 ft=  4.682 | control fu=  2.627 ft=  3.627 | fused/control= 1.88x
2026-07-13 15:03:00,172 [INFO]   k=1000: fused fu=  5.093 ft=  4.826 | control fu=  2.797 ft=  3.789 | fused/control= 1.82x
2026-07-13 15:03:00,173 [INFO]   MRR@10=0.2527  NDCG@3=0.1033  NDCG@10=0.0717
2026-07-13 15:03:00,179 [INFO] === baseline nprobe=128 ===
2026-07-13 15:06:46,056 [INFO]   k=  10: fused fu=  7.705 ft=  8.528 | control fu=  4.756 ft=  6.010 | fused/control= 1.62x
2026-07-13 15:07:10,651 [INFO]   k= 100: fused fu=  7.773 ft=  8.139 | control fu=  4.787 ft=  5.867 | fused/control= 1.62x
2026-07-13 15:07:35,124 [INFO]   k=1000: fused fu=  7.688 ft=  7.732 | control fu=  5.008 ft=  6.055 | fused/control= 1.54x
2026-07-13 15:07:35,124 [INFO]   MRR@10=0.2500  NDCG@3=0.1034  NDCG@10=0.0737
2026-07-13 15:07:35,130 [INFO] === baseline nprobe=256 ===
2026-07-13 15:11:51,044 [INFO]   k=  10: fused fu= 13.012 ft= 13.254 | control fu=  9.137 ft= 10.274 | fused/control= 1.42x
2026-07-13 15:12:34,875 [INFO]   k= 100: fused fu= 13.602 ft= 14.201 | control fu=  9.175 ft= 10.339 | fused/control= 1.48x
2026-07-13 15:13:19,049 [INFO]   k=1000: fused fu= 13.398 ft= 12.536 | control fu=  9.534 ft= 10.654 | fused/control= 1.41x
2026-07-13 15:13:19,049 [INFO]   MRR@10=0.2532  NDCG@3=0.1032  NDCG@10=0.0749
2026-07-13 15:13:19,183 [INFO] [h=512] caches built once: 2.56 ms/conv (excluded from follow-up latency; charged to first-turn TOTAL and break-even)
2026-07-13 15:13:19,610 [INFO]   h=  512 nprobe=   1 k=  10 | fu fused=  0.347 ctrl=  0.175 toploc=  0.081 | speedup total= 4.28x mech= 2.16x impl= 1.99x | breakeven=   9.6 | conv= 0.98x
2026-07-13 15:13:19,774 [INFO]   h=  512 nprobe=   1 k= 100 | fu fused=  0.341 ctrl=  0.178 toploc=  0.085 | speedup total= 3.99x mech= 2.08x impl= 1.92x | breakeven=  10.0 | conv= 0.96x
2026-07-13 15:13:20,109 [INFO]   h=  512 nprobe=   1 k=1000 | fu fused=  0.330 ctrl=  0.271 toploc=  0.177 | speedup total= 1.86x mech= 1.53x impl= 1.22x | breakeven=  16.7 | conv= 0.74x
2026-07-13 15:13:20,109 [INFO]   h=  512 nprobe=   1 recall | NDCG@10 base=0.0354 toploc=0.3243 (delta +0.2889)
2026-07-13 15:13:20,633 [INFO]   h=  512 nprobe=   2 k=  10 | fu fused=  0.491 ctrl=  0.207 toploc=  0.122 | speedup total= 4.04x mech= 1.70x impl= 2.37x | breakeven=   6.9 | conv= 1.26x
2026-07-13 15:13:20,873 [INFO]   h=  512 nprobe=   2 k= 100 | fu fused=  0.487 ctrl=  0.206 toploc=  0.127 | speedup total= 3.82x mech= 1.62x impl= 2.36x | breakeven=   7.1 | conv= 1.23x
2026-07-13 15:13:21,333 [INFO]   h=  512 nprobe=   2 k=1000 | fu fused=  0.507 ctrl=  0.330 toploc=  0.244 | speedup total= 2.08x mech= 1.35x impl= 1.54x | breakeven=   9.7 | conv= 0.99x
2026-07-13 15:13:21,334 [INFO]   h=  512 nprobe=   2 recall | NDCG@10 base=0.0417 toploc=0.3749 (delta +0.3331)
2026-07-13 15:13:22,045 [INFO]   h=  512 nprobe=   4 k=  10 | fu fused=  0.802 ctrl=  0.325 toploc=  0.196 | speedup total= 4.09x mech= 1.66x impl= 2.47x | breakeven=   4.2 | conv= 1.74x
2026-07-13 15:13:22,428 [INFO]   h=  512 nprobe=   4 k= 100 | fu fused=  0.773 ctrl=  0.294 toploc=  0.201 | speedup total= 3.85x mech= 1.46x impl= 2.63x | breakeven=   4.5 | conv= 1.64x
2026-07-13 15:13:23,054 [INFO]   h=  512 nprobe=   4 k=1000 | fu fused=  0.832 ctrl=  0.411 toploc=  0.330 | speedup total= 2.52x mech= 1.24x impl= 2.02x | breakeven=   5.1 | conv= 1.39x
2026-07-13 15:13:23,054 [INFO]   h=  512 nprobe=   4 recall | NDCG@10 base=0.0514 toploc=0.4164 (delta +0.3650)
2026-07-13 15:13:24,174 [INFO]   h=  512 nprobe=   8 k=  10 | fu fused=  1.312 ctrl=  0.493 toploc=  0.346 | speedup total= 3.79x mech= 1.43x impl= 2.66x | breakeven=   2.7 | conv= 2.14x
2026-07-13 15:13:24,852 [INFO]   h=  512 nprobe=   8 k= 100 | fu fused=  1.354 ctrl=  0.455 toploc=  0.355 | speedup total= 3.81x mech= 1.28x impl= 2.97x | breakeven=   2.6 | conv= 2.18x
2026-07-13 15:13:25,744 [INFO]   h=  512 nprobe=   8 k=1000 | fu fused=  1.322 ctrl=  0.564 toploc=  0.470 | speedup total= 2.82x mech= 1.20x impl= 2.34x | breakeven=   3.0 | conv= 1.80x
2026-07-13 15:13:25,745 [INFO]   h=  512 nprobe=   8 recall | NDCG@10 base=0.0586 toploc=0.4369 (delta +0.3784)
2026-07-13 15:13:27,602 [INFO]   h=  512 nprobe=  16 k=  10 | fu fused=  2.149 ctrl=  0.764 toploc=  0.676 | speedup total= 3.18x mech= 1.13x impl= 2.81x | breakeven=   1.7 | conv= 2.28x
2026-07-13 15:13:28,909 [INFO]   h=  512 nprobe=  16 k= 100 | fu fused=  2.117 ctrl=  0.775 toploc=  0.683 | speedup total= 3.10x mech= 1.13x impl= 2.73x | breakeven=   1.8 | conv= 2.21x
2026-07-13 15:13:30,428 [INFO]   h=  512 nprobe=  16 k=1000 | fu fused=  2.167 ctrl=  0.883 toploc=  0.796 | speedup total= 2.72x mech= 1.11x impl= 2.45x | breakeven=   1.9 | conv= 2.05x
2026-07-13 15:13:30,428 [INFO]   h=  512 nprobe=  16 recall | NDCG@10 base=0.0618 toploc=0.4456 (delta +0.3838)
2026-07-13 15:13:33,939 [INFO]   h=  512 nprobe=  32 k=  10 | fu fused=  3.158 ctrl=  1.408 toploc=  1.352 | speedup total= 2.34x mech= 1.04x impl= 2.24x | breakeven=   1.4 | conv= 1.98x
2026-07-13 15:13:36,534 [INFO]   h=  512 nprobe=  32 k= 100 | fu fused=  3.274 ctrl=  1.429 toploc=  1.360 | speedup total= 2.41x mech= 1.05x impl= 2.29x | breakeven=   1.3 | conv= 2.02x
2026-07-13 15:13:39,376 [INFO]   h=  512 nprobe=  32 k=1000 | fu fused=  3.365 ctrl=  1.553 toploc=  1.497 | speedup total= 2.25x mech= 1.04x impl= 2.17x | breakeven=   1.4 | conv= 1.91x
2026-07-13 15:13:39,376 [INFO]   h=  512 nprobe=  32 recall | NDCG@10 base=0.0680 toploc=0.4539 (delta +0.3859)
2026-07-13 15:13:46,298 [INFO]   h=  512 nprobe=  64 k=  10 | fu fused=  4.942 ctrl=  2.609 toploc=  2.593 | speedup total= 1.91x mech= 1.01x impl= 1.89x | breakeven=   1.1 | conv= 1.72x
2026-07-13 15:13:51,259 [INFO]   h=  512 nprobe=  64 k= 100 | fu fused=  4.931 ctrl=  2.627 toploc=  2.602 | speedup total= 1.90x mech= 1.01x impl= 1.88x | breakeven=   1.1 | conv= 1.72x
2026-07-13 15:13:56,532 [INFO]   h=  512 nprobe=  64 k=1000 | fu fused=  5.093 ctrl=  2.797 toploc=  2.771 | speedup total= 1.84x mech= 1.01x impl= 1.82x | breakeven=   1.1 | conv= 1.68x
2026-07-13 15:13:56,532 [INFO]   h=  512 nprobe=  64 recall | NDCG@10 base=0.0717 toploc=0.4595 (delta +0.3878)
2026-07-13 15:14:12,542 [INFO]   h=  512 nprobe= 128 k=  10 | fu fused=  7.705 ctrl=  4.756 toploc=  4.635 | speedup total= 1.66x mech= 1.03x impl= 1.62x | breakeven=   0.8 | conv= 1.59x
2026-07-13 15:14:21,459 [INFO]   h=  512 nprobe= 128 k= 100 | fu fused=  7.773 ctrl=  4.787 toploc=  4.655 | speedup total= 1.67x mech= 1.03x impl= 1.62x | breakeven=   0.8 | conv= 1.59x
2026-07-13 15:14:30,800 [INFO]   h=  512 nprobe= 128 k=1000 | fu fused=  7.688 ctrl=  5.008 toploc=  4.880 | speedup total= 1.58x mech= 1.03x impl= 1.54x | breakeven=   0.9 | conv= 1.50x
2026-07-13 15:14:30,800 [INFO]   h=  512 nprobe= 128 recall | NDCG@10 base=0.0737 toploc=0.4682 (delta +0.3945)
2026-07-13 15:15:06,423 [INFO]   h=  512 nprobe= 256 k=  10 | fu fused= 13.012 ctrl=  9.137 toploc=  8.932 | speedup total= 1.46x mech= 1.02x impl= 1.42x | breakeven=   0.6 | conv= 1.42x
2026-07-13 15:15:23,644 [INFO]   h=  512 nprobe= 256 k= 100 | fu fused= 13.602 ctrl=  9.175 toploc=  8.978 | speedup total= 1.52x mech= 1.02x impl= 1.48x | breakeven=   0.6 | conv= 1.48x
2026-07-13 15:15:41,526 [INFO]   h=  512 nprobe= 256 k=1000 | fu fused= 13.398 ctrl=  9.534 toploc=  9.318 | speedup total= 1.44x mech= 1.02x impl= 1.41x | breakeven=   0.6 | conv= 1.39x
2026-07-13 15:15:41,526 [INFO]   h=  512 nprobe= 256 recall | NDCG@10 base=0.0749 toploc=0.4702 (delta +0.3954)
2026-07-13 15:15:41,661 [INFO] [h=1024] caches built once: 2.54 ms/conv (excluded from follow-up latency; charged to first-turn TOTAL and break-even)
2026-07-13 15:15:42,112 [INFO]   h= 1024 nprobe=   1 k=  10 | fu fused=  0.347 ctrl=  0.175 toploc=  0.105 | speedup total= 3.31x mech= 1.67x impl= 1.99x | breakeven=  10.5 | conv= 0.93x
2026-07-13 15:15:42,315 [INFO]   h= 1024 nprobe=   1 k= 100 | fu fused=  0.341 ctrl=  0.178 toploc=  0.109 | speedup total= 3.14x mech= 1.63x impl= 1.92x | breakeven=  10.9 | conv= 0.91x
2026-07-13 15:15:42,684 [INFO]   h= 1024 nprobe=   1 k=1000 | fu fused=  0.330 ctrl=  0.271 toploc=  0.197 | speedup total= 1.68x mech= 1.38x impl= 1.22x | breakeven=  19.0 | conv= 0.72x
2026-07-13 15:15:42,685 [INFO]   h= 1024 nprobe=   1 recall | NDCG@10 base=0.0354 toploc=0.3287 (delta +0.2932)
2026-07-13 15:15:43,257 [INFO]   h= 1024 nprobe=   2 k=  10 | fu fused=  0.491 ctrl=  0.207 toploc=  0.147 | speedup total= 3.35x mech= 1.41x impl= 2.37x | breakeven=   7.4 | conv= 1.20x
2026-07-13 15:15:43,538 [INFO]   h= 1024 nprobe=   2 k= 100 | fu fused=  0.487 ctrl=  0.206 toploc=  0.151 | speedup total= 3.22x mech= 1.37x impl= 2.36x | breakeven=   7.6 | conv= 1.17x
2026-07-13 15:15:44,032 [INFO]   h= 1024 nprobe=   2 k=1000 | fu fused=  0.507 ctrl=  0.330 toploc=  0.263 | speedup total= 1.93x mech= 1.25x impl= 1.54x | breakeven=  10.4 | conv= 0.97x
2026-07-13 15:15:44,033 [INFO]   h= 1024 nprobe=   2 recall | NDCG@10 base=0.0417 toploc=0.3807 (delta +0.3390)
2026-07-13 15:15:44,798 [INFO]   h= 1024 nprobe=   4 k=  10 | fu fused=  0.802 ctrl=  0.325 toploc=  0.222 | speedup total= 3.62x mech= 1.47x impl= 2.47x | breakeven=   4.4 | conv= 1.67x
2026-07-13 15:15:45,225 [INFO]   h= 1024 nprobe=   4 k= 100 | fu fused=  0.773 ctrl=  0.294 toploc=  0.227 | speedup total= 3.41x mech= 1.30x impl= 2.63x | breakeven=   4.6 | conv= 1.57x
2026-07-13 15:15:45,888 [INFO]   h= 1024 nprobe=   4 k=1000 | fu fused=  0.832 ctrl=  0.411 toploc=  0.353 | speedup total= 2.36x mech= 1.16x impl= 2.02x | breakeven=   5.3 | conv= 1.35x
2026-07-13 15:15:45,888 [INFO]   h= 1024 nprobe=   4 recall | NDCG@10 base=0.0514 toploc=0.4178 (delta +0.3664)
2026-07-13 15:15:47,017 [INFO]   h= 1024 nprobe=   8 k=  10 | fu fused=  1.312 ctrl=  0.493 toploc=  0.375 | speedup total= 3.49x mech= 1.31x impl= 2.66x | breakeven=   2.7 | conv= 2.06x
2026-07-13 15:15:47,737 [INFO]   h= 1024 nprobe=   8 k= 100 | fu fused=  1.354 ctrl=  0.455 toploc=  0.380 | speedup total= 3.56x mech= 1.20x impl= 2.97x | breakeven=   2.6 | conv= 2.11x
2026-07-13 15:15:48,679 [INFO]   h= 1024 nprobe=   8 k=1000 | fu fused=  1.322 ctrl=  0.564 toploc=  0.494 | speedup total= 2.67x mech= 1.14x impl= 2.34x | breakeven=   3.1 | conv= 1.75x
2026-07-13 15:15:48,679 [INFO]   h= 1024 nprobe=   8 recall | NDCG@10 base=0.0586 toploc=0.4425 (delta +0.3840)
2026-07-13 15:15:50,638 [INFO]   h= 1024 nprobe=  16 k=  10 | fu fused=  2.149 ctrl=  0.764 toploc=  0.698 | speedup total= 3.08x mech= 1.10x impl= 2.81x | breakeven=   1.7 | conv= 2.24x
2026-07-13 15:15:51,978 [INFO]   h= 1024 nprobe=  16 k= 100 | fu fused=  2.117 ctrl=  0.775 toploc=  0.702 | speedup total= 3.02x mech= 1.10x impl= 2.73x | breakeven=   1.8 | conv= 2.18x
2026-07-13 15:15:53,533 [INFO]   h= 1024 nprobe=  16 k=1000 | fu fused=  2.167 ctrl=  0.883 toploc=  0.816 | speedup total= 2.66x mech= 1.08x impl= 2.45x | breakeven=   1.9 | conv= 2.02x
2026-07-13 15:15:53,533 [INFO]   h= 1024 nprobe=  16 recall | NDCG@10 base=0.0618 toploc=0.4484 (delta +0.3866)
2026-07-13 15:15:57,044 [INFO]   h= 1024 nprobe=  32 k=  10 | fu fused=  3.158 ctrl=  1.408 toploc=  1.356 | speedup total= 2.33x mech= 1.04x impl= 2.24x | breakeven=   1.4 | conv= 1.98x
2026-07-13 15:15:59,647 [INFO]   h= 1024 nprobe=  32 k= 100 | fu fused=  3.274 ctrl=  1.429 toploc=  1.367 | speedup total= 2.39x mech= 1.04x impl= 2.29x | breakeven=   1.3 | conv= 2.01x
2026-07-13 15:16:02,490 [INFO]   h= 1024 nprobe=  32 k=1000 | fu fused=  3.365 ctrl=  1.553 toploc=  1.497 | speedup total= 2.25x mech= 1.04x impl= 2.17x | breakeven=   1.4 | conv= 1.91x
2026-07-13 15:16:02,490 [INFO]   h= 1024 nprobe=  32 recall | NDCG@10 base=0.0680 toploc=0.4635 (delta +0.3956)
2026-07-13 15:16:09,114 [INFO]   h= 1024 nprobe=  64 k=  10 | fu fused=  4.942 ctrl=  2.609 toploc=  2.561 | speedup total= 1.93x mech= 1.02x impl= 1.89x | breakeven=   1.1 | conv= 1.74x
2026-07-13 15:16:14,014 [INFO]   h= 1024 nprobe=  64 k= 100 | fu fused=  4.931 ctrl=  2.627 toploc=  2.576 | speedup total= 1.91x mech= 1.02x impl= 1.88x | breakeven=   1.1 | conv= 1.74x
2026-07-13 15:16:19,225 [INFO]   h= 1024 nprobe=  64 k=1000 | fu fused=  5.093 ctrl=  2.797 toploc=  2.740 | speedup total= 1.86x mech= 1.02x impl= 1.82x | breakeven=   1.1 | conv= 1.70x
2026-07-13 15:16:19,225 [INFO]   h= 1024 nprobe=  64 recall | NDCG@10 base=0.0717 toploc=0.4668 (delta +0.3952)
2026-07-13 15:16:33,688 [INFO]   h= 1024 nprobe= 128 k=  10 | fu fused=  7.705 ctrl=  4.756 toploc=  4.614 | speedup total= 1.67x mech= 1.03x impl= 1.62x | breakeven=   0.8 | conv= 1.60x
2026-07-13 15:16:42,573 [INFO]   h= 1024 nprobe= 128 k= 100 | fu fused=  7.773 ctrl=  4.787 toploc=  4.638 | speedup total= 1.68x mech= 1.03x impl= 1.62x | breakeven=   0.8 | conv= 1.59x
2026-07-13 15:16:51,891 [INFO]   h= 1024 nprobe= 128 k=1000 | fu fused=  7.688 ctrl=  5.008 toploc=  4.858 | speedup total= 1.58x mech= 1.03x impl= 1.54x | breakeven=   0.9 | conv= 1.50x
2026-07-13 15:16:51,891 [INFO]   h= 1024 nprobe= 128 recall | NDCG@10 base=0.0737 toploc=0.4756 (delta +0.4018)
2026-07-13 15:17:28,358 [INFO]   h= 1024 nprobe= 256 k=  10 | fu fused= 13.012 ctrl=  9.137 toploc=  8.902 | speedup total= 1.46x mech= 1.03x impl= 1.42x | breakeven=   0.6 | conv= 1.42x
2026-07-13 15:17:45,522 [INFO]   h= 1024 nprobe= 256 k= 100 | fu fused= 13.602 ctrl=  9.175 toploc=  8.944 | speedup total= 1.52x mech= 1.03x impl= 1.48x | breakeven=   0.5 | conv= 1.48x
2026-07-13 15:18:03,371 [INFO]   h= 1024 nprobe= 256 k=1000 | fu fused= 13.398 ctrl=  9.534 toploc=  9.300 | speedup total= 1.44x mech= 1.03x impl= 1.41x | breakeven=   0.6 | conv= 1.39x
2026-07-13 15:18:03,371 [INFO]   h= 1024 nprobe= 256 recall | NDCG@10 base=0.0749 toploc=0.4785 (delta +0.4036)
2026-07-13 15:18:03,737 [INFO] [h=4096] caches built once: 7.07 ms/conv (excluded from follow-up latency; charged to first-turn TOTAL and break-even)
2026-07-13 15:18:04,487 [INFO]   h= 4096 nprobe=   1 k=  10 | fu fused=  0.347 ctrl=  0.175 toploc=  0.246 | speedup total= 1.41x mech= 0.71x impl= 1.99x | breakeven=  69.6 | conv= 0.36x
2026-07-13 15:18:04,931 [INFO]   h= 4096 nprobe=   1 k= 100 | fu fused=  0.341 ctrl=  0.178 toploc=  0.246 | speedup total= 1.39x mech= 0.72x impl= 1.92x | breakeven=  74.3 | conv= 0.35x
2026-07-13 15:18:05,550 [INFO]   h= 4096 nprobe=   1 k=1000 | fu fused=  0.330 ctrl=  0.271 toploc=  0.343 | speedup total= 0.96x mech= 0.79x impl= 1.22x | breakeven=   inf | conv= 0.31x
2026-07-13 15:18:05,550 [INFO]   h= 4096 nprobe=   1 recall | NDCG@10 base=0.0354 toploc=0.3288 (delta +0.2934)
2026-07-13 15:18:06,430 [INFO]   h= 4096 nprobe=   2 k=  10 | fu fused=  0.491 ctrl=  0.207 toploc=  0.287 | speedup total= 1.71x mech= 0.72x impl= 2.37x | breakeven=  34.5 | conv= 0.49x
2026-07-13 15:18:06,943 [INFO]   h= 4096 nprobe=   2 k= 100 | fu fused=  0.487 ctrl=  0.206 toploc=  0.286 | speedup total= 1.70x mech= 0.72x impl= 2.36x | breakeven=  35.1 | conv= 0.48x
2026-07-13 15:18:07,685 [INFO]   h= 4096 nprobe=   2 k=1000 | fu fused=  0.507 ctrl=  0.330 toploc=  0.406 | speedup total= 1.25x mech= 0.81x impl= 1.54x | breakeven=  69.9 | conv= 0.45x
2026-07-13 15:18:07,686 [INFO]   h= 4096 nprobe=   2 recall | NDCG@10 base=0.0417 toploc=0.3827 (delta +0.3410)
2026-07-13 15:18:08,754 [INFO]   h= 4096 nprobe=   4 k=  10 | fu fused=  0.802 ctrl=  0.325 toploc=  0.358 | speedup total= 2.24x mech= 0.91x impl= 2.47x | breakeven=  15.9 | conv= 0.75x
2026-07-13 15:18:09,420 [INFO]   h= 4096 nprobe=   4 k= 100 | fu fused=  0.773 ctrl=  0.294 toploc=  0.369 | speedup total= 2.10x mech= 0.80x impl= 2.63x | breakeven=  17.5 | conv= 0.70x
2026-07-13 15:18:10,334 [INFO]   h= 4096 nprobe=   4 k=1000 | fu fused=  0.832 ctrl=  0.411 toploc=  0.499 | speedup total= 1.67x mech= 0.82x impl= 2.02x | breakeven=  21.2 | conv= 0.68x
2026-07-13 15:18:10,334 [INFO]   h= 4096 nprobe=   4 recall | NDCG@10 base=0.0514 toploc=0.4176 (delta +0.3662)
2026-07-13 15:18:11,765 [INFO]   h= 4096 nprobe=   8 k=  10 | fu fused=  1.312 ctrl=  0.493 toploc=  0.511 | speedup total= 2.57x mech= 0.96x impl= 2.66x | breakeven=   8.8 | conv= 1.06x
2026-07-13 15:18:12,726 [INFO]   h= 4096 nprobe=   8 k= 100 | fu fused=  1.354 ctrl=  0.455 toploc=  0.521 | speedup total= 2.60x mech= 0.87x impl= 2.97x | breakeven=   8.5 | conv= 1.09x
2026-07-13 15:18:13,906 [INFO]   h= 4096 nprobe=   8 k=1000 | fu fused=  1.322 ctrl=  0.564 toploc=  0.636 | speedup total= 2.08x mech= 0.89x impl= 2.34x | breakeven=  10.3 | conv= 0.98x
2026-07-13 15:18:13,907 [INFO]   h= 4096 nprobe=   8 recall | NDCG@10 base=0.0586 toploc=0.4418 (delta +0.3833)
2026-07-13 15:18:16,122 [INFO]   h= 4096 nprobe=  16 k=  10 | fu fused=  2.149 ctrl=  0.764 toploc=  0.838 | speedup total= 2.56x mech= 0.91x impl= 2.81x | breakeven=   5.4 | conv= 1.38x
2026-07-13 15:18:17,705 [INFO]   h= 4096 nprobe=  16 k= 100 | fu fused=  2.117 ctrl=  0.775 toploc=  0.843 | speedup total= 2.51x mech= 0.92x impl= 2.73x | breakeven=   5.5 | conv= 1.34x
2026-07-13 15:18:19,510 [INFO]   h= 4096 nprobe=  16 k=1000 | fu fused=  2.167 ctrl=  0.883 toploc=  0.960 | speedup total= 2.26x mech= 0.92x impl= 2.45x | breakeven=   5.9 | conv= 1.30x
2026-07-13 15:18:19,511 [INFO]   h= 4096 nprobe=  16 recall | NDCG@10 base=0.0618 toploc=0.4519 (delta +0.3901)
2026-07-13 15:18:23,304 [INFO]   h= 4096 nprobe=  32 k=  10 | fu fused=  3.158 ctrl=  1.408 toploc=  1.485 | speedup total= 2.13x mech= 0.95x impl= 2.24x | breakeven=   4.2 | conv= 1.45x
2026-07-13 15:18:26,129 [INFO]   h= 4096 nprobe=  32 k= 100 | fu fused=  3.274 ctrl=  1.429 toploc=  1.498 | speedup total= 2.19x mech= 0.95x impl= 2.29x | breakeven=   4.0 | conv= 1.48x
2026-07-13 15:18:29,205 [INFO]   h= 4096 nprobe=  32 k=1000 | fu fused=  3.365 ctrl=  1.553 toploc=  1.633 | speedup total= 2.06x mech= 0.95x impl= 2.17x | breakeven=   4.1 | conv= 1.43x
2026-07-13 15:18:29,205 [INFO]   h= 4096 nprobe=  32 recall | NDCG@10 base=0.0680 toploc=0.4586 (delta +0.3906)
2026-07-13 15:18:35,869 [INFO]   h= 4096 nprobe=  64 k=  10 | fu fused=  4.942 ctrl=  2.609 toploc=  2.674 | speedup total= 1.85x mech= 0.98x impl= 1.89x | breakeven=   3.1 | conv= 1.45x
2026-07-13 15:18:40,969 [INFO]   h= 4096 nprobe=  64 k= 100 | fu fused=  4.931 ctrl=  2.627 toploc=  2.691 | speedup total= 1.83x mech= 0.98x impl= 1.88x | breakeven=   3.2 | conv= 1.44x
2026-07-13 15:18:46,387 [INFO]   h= 4096 nprobe=  64 k=1000 | fu fused=  5.093 ctrl=  2.797 toploc=  2.857 | speedup total= 1.78x mech= 0.98x impl= 1.82x | breakeven=   3.2 | conv= 1.42x
2026-07-13 15:18:46,387 [INFO]   h= 4096 nprobe=  64 recall | NDCG@10 base=0.0717 toploc=0.4761 (delta +0.4044)
2026-07-13 15:18:59,158 [INFO]   h= 4096 nprobe= 128 k=  10 | fu fused=  7.705 ctrl=  4.756 toploc=  4.743 | speedup total= 1.62x mech= 1.00x impl= 1.62x | breakeven=   2.4 | conv= 1.43x
2026-07-13 15:19:08,245 [INFO]   h= 4096 nprobe= 128 k= 100 | fu fused=  7.773 ctrl=  4.787 toploc=  4.756 | speedup total= 1.63x mech= 1.01x impl= 1.62x | breakeven=   2.3 | conv= 1.43x
2026-07-13 15:19:17,760 [INFO]   h= 4096 nprobe= 128 k=1000 | fu fused=  7.688 ctrl=  5.008 toploc=  4.977 | speedup total= 1.54x mech= 1.01x impl= 1.54x | breakeven=   2.6 | conv= 1.35x
2026-07-13 15:19:17,760 [INFO]   h= 4096 nprobe= 128 recall | NDCG@10 base=0.0737 toploc=0.4811 (delta +0.4073)
2026-07-13 15:19:57,447 [INFO]   h= 4096 nprobe= 256 k=  10 | fu fused= 13.012 ctrl=  9.137 toploc=  8.998 | speedup total= 1.45x mech= 1.02x impl= 1.42x | breakeven=   1.8 | conv= 1.34x
2026-07-13 15:20:14,774 [INFO]   h= 4096 nprobe= 256 k= 100 | fu fused= 13.602 ctrl=  9.175 toploc=  9.034 | speedup total= 1.51x mech= 1.02x impl= 1.48x | breakeven=   1.5 | conv= 1.40x
2026-07-13 15:20:32,746 [INFO]   h= 4096 nprobe= 256 k=1000 | fu fused= 13.398 ctrl=  9.534 toploc=  9.373 | speedup total= 1.43x mech= 1.02x impl= 1.41x | breakeven=   1.8 | conv= 1.32x
2026-07-13 15:20:32,746 [INFO]   h= 4096 nprobe= 256 recall | NDCG@10 base=0.0749 toploc=0.4892 (delta +0.4143)
2026-07-13 15:20:33,410 [INFO] [h=8192] caches built once: 12.89 ms/conv (excluded from follow-up latency; charged to first-turn TOTAL and break-even)
2026-07-13 15:20:34,547 [INFO]   h= 8192 nprobe=   1 k=  10 | fu fused=  0.347 ctrl=  0.175 toploc=  0.427 | speedup total= 0.81x mech= 0.41x impl= 1.99x | breakeven=   inf | conv= 0.20x
2026-07-13 15:20:35,331 [INFO]   h= 8192 nprobe=   1 k= 100 | fu fused=  0.341 ctrl=  0.178 toploc=  0.450 | speedup total= 0.76x mech= 0.39x impl= 1.92x | breakeven=   inf | conv= 0.19x
2026-07-13 15:20:36,265 [INFO]   h= 8192 nprobe=   1 k=1000 | fu fused=  0.330 ctrl=  0.271 toploc=  0.523 | speedup total= 0.63x mech= 0.52x impl= 1.22x | breakeven=   inf | conv= 0.18x
2026-07-13 15:20:36,266 [INFO]   h= 8192 nprobe=   1 recall | NDCG@10 base=0.0354 toploc=0.3299 (delta +0.2945)
2026-07-13 15:20:37,538 [INFO]   h= 8192 nprobe=   2 k=  10 | fu fused=  0.491 ctrl=  0.207 toploc=  0.470 | speedup total= 1.05x mech= 0.44x impl= 2.37x | breakeven= 598.6 | conv= 0.27x
2026-07-13 15:20:38,378 [INFO]   h= 8192 nprobe=   2 k= 100 | fu fused=  0.487 ctrl=  0.206 toploc=  0.478 | speedup total= 1.02x mech= 0.43x impl= 2.36x | breakeven=1426.2 | conv= 0.27x
2026-07-13 15:20:39,437 [INFO]   h= 8192 nprobe=   2 k=1000 | fu fused=  0.507 ctrl=  0.330 toploc=  0.599 | speedup total= 0.85x mech= 0.55x impl= 1.54x | breakeven=   inf | conv= 0.27x
2026-07-13 15:20:39,437 [INFO]   h= 8192 nprobe=   2 recall | NDCG@10 base=0.0417 toploc=0.3846 (delta +0.3428)
2026-07-13 15:20:40,921 [INFO]   h= 8192 nprobe=   4 k=  10 | fu fused=  0.802 ctrl=  0.325 toploc=  0.555 | speedup total= 1.45x mech= 0.59x impl= 2.47x | breakeven=  52.1 | conv= 0.43x
2026-07-13 15:20:41,908 [INFO]   h= 8192 nprobe=   4 k= 100 | fu fused=  0.773 ctrl=  0.294 toploc=  0.554 | speedup total= 1.40x mech= 0.53x impl= 2.63x | breakeven=  58.8 | conv= 0.41x
2026-07-13 15:20:43,133 [INFO]   h= 8192 nprobe=   4 k=1000 | fu fused=  0.832 ctrl=  0.411 toploc=  0.679 | speedup total= 1.22x mech= 0.61x impl= 2.02x | breakeven=  84.4 | conv= 0.42x
2026-07-13 15:20:43,134 [INFO]   h= 8192 nprobe=   4 recall | NDCG@10 base=0.0514 toploc=0.4208 (delta +0.3694)
2026-07-13 15:20:44,981 [INFO]   h= 8192 nprobe=   8 k=  10 | fu fused=  1.312 ctrl=  0.493 toploc=  0.705 | speedup total= 1.86x mech= 0.70x impl= 2.66x | breakeven=  21.2 | conv= 0.65x
2026-07-13 15:20:46,262 [INFO]   h= 8192 nprobe=   8 k= 100 | fu fused=  1.354 ctrl=  0.455 toploc=  0.704 | speedup total= 1.92x mech= 0.65x impl= 2.97x | breakeven=  19.8 | conv= 0.67x
2026-07-13 15:20:47,753 [INFO]   h= 8192 nprobe=   8 k=1000 | fu fused=  1.322 ctrl=  0.564 toploc=  0.815 | speedup total= 1.62x mech= 0.69x impl= 2.34x | breakeven=  25.4 | conv= 0.62x
2026-07-13 15:20:47,753 [INFO]   h= 8192 nprobe=   8 recall | NDCG@10 base=0.0586 toploc=0.4410 (delta +0.3824)
2026-07-13 15:20:50,370 [INFO]   h= 8192 nprobe=  16 k=  10 | fu fused=  2.149 ctrl=  0.764 toploc=  1.029 | speedup total= 2.09x mech= 0.74x impl= 2.81x | breakeven=  11.5 | conv= 0.92x
2026-07-13 15:20:52,265 [INFO]   h= 8192 nprobe=  16 k= 100 | fu fused=  2.117 ctrl=  0.775 toploc=  1.028 | speedup total= 2.06x mech= 0.75x impl= 2.73x | breakeven=  11.8 | conv= 0.90x
2026-07-13 15:20:54,386 [INFO]   h= 8192 nprobe=  16 k=1000 | fu fused=  2.167 ctrl=  0.883 toploc=  1.142 | speedup total= 1.90x mech= 0.77x impl= 2.45x | breakeven=  12.6 | conv= 0.89x
2026-07-13 15:20:54,386 [INFO]   h= 8192 nprobe=  16 recall | NDCG@10 base=0.0618 toploc=0.4463 (delta +0.3845)
2026-07-13 15:20:58,581 [INFO]   h= 8192 nprobe=  32 k=  10 | fu fused=  3.158 ctrl=  1.408 toploc=  1.666 | speedup total= 1.90x mech= 0.85x impl= 2.24x | breakeven=   8.6 | conv= 1.07x
2026-07-13 15:21:01,725 [INFO]   h= 8192 nprobe=  32 k= 100 | fu fused=  3.274 ctrl=  1.429 toploc=  1.680 | speedup total= 1.95x mech= 0.85x impl= 2.29x | breakeven=   8.1 | conv= 1.09x
2026-07-13 15:21:05,116 [INFO]   h= 8192 nprobe=  32 k=1000 | fu fused=  3.365 ctrl=  1.553 toploc=  1.809 | speedup total= 1.86x mech= 0.86x impl= 2.17x | breakeven=   8.3 | conv= 1.07x
2026-07-13 15:21:05,116 [INFO]   h= 8192 nprobe=  32 recall | NDCG@10 base=0.0680 toploc=0.4638 (delta +0.3959)
2026-07-13 15:21:12,146 [INFO]   h= 8192 nprobe=  64 k=  10 | fu fused=  4.942 ctrl=  2.609 toploc=  2.863 | speedup total= 1.73x mech= 0.91x impl= 1.89x | breakeven=   6.2 | conv= 1.18x
2026-07-13 15:21:17,569 [INFO]   h= 8192 nprobe=  64 k= 100 | fu fused=  4.931 ctrl=  2.627 toploc=  2.879 | speedup total= 1.71x mech= 0.91x impl= 1.88x | breakeven=   6.3 | conv= 1.17x
2026-07-13 15:21:23,299 [INFO]   h= 8192 nprobe=  64 k=1000 | fu fused=  5.093 ctrl=  2.797 toploc=  3.041 | speedup total= 1.67x mech= 0.92x impl= 1.82x | breakeven=   6.3 | conv= 1.17x
2026-07-13 15:21:23,300 [INFO]   h= 8192 nprobe=  64 recall | NDCG@10 base=0.0717 toploc=0.4748 (delta +0.4031)
2026-07-13 15:21:35,402 [INFO]   h= 8192 nprobe= 128 k=  10 | fu fused=  7.705 ctrl=  4.756 toploc=  4.947 | speedup total= 1.56x mech= 0.96x impl= 1.62x | breakeven=   4.7 | conv= 1.25x
2026-07-13 15:21:44,863 [INFO]   h= 8192 nprobe= 128 k= 100 | fu fused=  7.773 ctrl=  4.787 toploc=  4.975 | speedup total= 1.56x mech= 0.96x impl= 1.62x | breakeven=   4.6 | conv= 1.24x
2026-07-13 15:21:54,749 [INFO]   h= 8192 nprobe= 128 k=1000 | fu fused=  7.688 ctrl=  5.008 toploc=  5.196 | speedup total= 1.48x mech= 0.96x impl= 1.54x | breakeven=   5.2 | conv= 1.18x
2026-07-13 15:21:54,749 [INFO]   h= 8192 nprobe= 128 recall | NDCG@10 base=0.0737 toploc=0.4836 (delta +0.4099)
2026-07-13 15:22:24,831 [INFO]   h= 8192 nprobe= 256 k=  10 | fu fused= 13.012 ctrl=  9.137 toploc=  9.251 | speedup total= 1.41x mech= 0.99x impl= 1.42x | breakeven=   3.4 | conv= 1.23x
2026-07-13 15:22:42,587 [INFO]   h= 8192 nprobe= 256 k= 100 | fu fused= 13.602 ctrl=  9.175 toploc=  9.294 | speedup total= 1.46x mech= 0.99x impl= 1.48x | breakeven=   3.0 | conv= 1.29x
2026-07-13 15:23:01,025 [INFO]   h= 8192 nprobe= 256 k=1000 | fu fused= 13.398 ctrl=  9.534 toploc=  9.643 | speedup total= 1.39x mech= 0.99x impl= 1.41x | breakeven=   3.4 | conv= 1.21x
2026-07-13 15:23:01,025 [INFO]   h= 8192 nprobe= 256 recall | NDCG@10 base=0.0749 toploc=0.4892 (delta +0.4143)
2026-07-13 15:23:01,050 [INFO] Done. Results saved to /home/toploc1/Datasets/toploc1/IVF/grid_search_results_snowflake/omp16/metrics_ivf_toploc_v11.json
