2026-07-07 16:56:45,430 [INFO] Loading index from /home/toploc1/Datasets/toploc1/indexes/Dragon_indexes/treccast_dragon_ivf.index (mmap=True)
2026-07-07 16:57:01,503 [INFO] Index loaded: 38,636,446 vectors, nlist=32768
2026-07-07 16:57:01,541 [INFO] Centroid matrix: (32768, 768)
2026-07-07 16:58:48,727 [INFO] Queries: 479 | dim=768
2026-07-07 16:58:48,939 [INFO] Loaded qrels: 173 queries
2026-07-07 16:58:48,943 [INFO] Conversations: 50 | follow-up queries: 429 | avg follow-ups/conv: 8.58
2026-07-07 16:58:48,946 [INFO] === baseline nprobe=1 ===
2026-07-07 16:59:48,406 [INFO]   k=  10: followup=  0.502 ms/q  firstturn=  0.528 ms/q
2026-07-07 16:59:49,392 [INFO]   k= 100: followup=  0.517 ms/q  firstturn=  0.478 ms/q
2026-07-07 16:59:50,430 [INFO]   k=1000: followup=  0.547 ms/q  firstturn=  0.511 ms/q
2026-07-07 16:59:50,439 [INFO]   MRR@10=0.1010  NDCG@3=0.0357  NDCG@10=0.0296
2026-07-07 16:59:50,465 [INFO] === baseline nprobe=2 ===
2026-07-07 17:00:28,715 [INFO]   k=  10: followup=  0.859 ms/q  firstturn=  0.760 ms/q
2026-07-07 17:00:30,306 [INFO]   k= 100: followup=  0.833 ms/q  firstturn=  0.783 ms/q
2026-07-07 17:00:31,920 [INFO]   k=1000: followup=  0.846 ms/q  firstturn=  0.788 ms/q
2026-07-07 17:00:31,926 [INFO]   MRR@10=0.0990  NDCG@3=0.0387  NDCG@10=0.0315
2026-07-07 17:00:31,950 [INFO] === baseline nprobe=4 ===
2026-07-07 17:01:14,466 [INFO]   k=  10: followup=  1.341 ms/q  firstturn=  1.180 ms/q
2026-07-07 17:01:17,014 [INFO]   k= 100: followup=  1.354 ms/q  firstturn=  1.103 ms/q
2026-07-07 17:01:19,545 [INFO]   k=1000: followup=  1.328 ms/q  firstturn=  1.020 ms/q
2026-07-07 17:01:19,551 [INFO]   MRR@10=0.1369  NDCG@3=0.0582  NDCG@10=0.0441
2026-07-07 17:01:19,574 [INFO] === baseline nprobe=8 ===
2026-07-07 17:02:15,258 [INFO]   k=  10: followup=  2.237 ms/q  firstturn=  2.140 ms/q
2026-07-07 17:02:19,560 [INFO]   k= 100: followup=  2.257 ms/q  firstturn=  1.952 ms/q
2026-07-07 17:02:23,675 [INFO]   k=1000: followup=  2.194 ms/q  firstturn=  1.740 ms/q
2026-07-07 17:02:23,682 [INFO]   MRR@10=0.1580  NDCG@3=0.0661  NDCG@10=0.0498
2026-07-07 17:02:23,706 [INFO] === baseline nprobe=16 ===
2026-07-07 17:03:30,423 [INFO]   k=  10: followup=  3.661 ms/q  firstturn=  3.344 ms/q
2026-07-07 17:03:37,675 [INFO]   k= 100: followup=  3.766 ms/q  firstturn=  3.737 ms/q
2026-07-07 17:03:44,689 [INFO]   k=1000: followup=  3.751 ms/q  firstturn=  2.516 ms/q
2026-07-07 17:03:44,696 [INFO]   MRR@10=0.1701  NDCG@3=0.0717  NDCG@10=0.0531
2026-07-07 17:03:44,718 [INFO] === baseline nprobe=32 ===
2026-07-07 17:04:30,020 [INFO]   k=  10: followup=  6.309 ms/q  firstturn=  6.065 ms/q
2026-07-07 17:04:42,076 [INFO]   k= 100: followup=  6.224 ms/q  firstturn=  6.096 ms/q
2026-07-07 17:04:54,056 [INFO]   k=1000: followup=  6.311 ms/q  firstturn=  6.235 ms/q
2026-07-07 17:04:54,061 [INFO]   MRR@10=0.1899  NDCG@3=0.0813  NDCG@10=0.0600
2026-07-07 17:04:54,085 [INFO] === baseline nprobe=64 ===
2026-07-07 17:05:34,765 [INFO]   k=  10: followup=  9.930 ms/q  firstturn=  8.164 ms/q
2026-07-07 17:05:54,421 [INFO]   k= 100: followup= 10.377 ms/q  firstturn=  9.536 ms/q
2026-07-07 17:06:13,490 [INFO]   k=1000: followup= 10.440 ms/q  firstturn=  5.582 ms/q
2026-07-07 17:06:13,494 [INFO]   MRR@10=0.1974  NDCG@3=0.0852  NDCG@10=0.0625
2026-07-07 17:06:13,526 [INFO] === baseline nprobe=128 ===
2026-07-07 17:07:03,857 [INFO]   k=  10: followup= 15.779 ms/q  firstturn= 15.586 ms/q
2026-07-07 17:07:34,512 [INFO]   k= 100: followup= 16.057 ms/q  firstturn= 15.080 ms/q
2026-07-07 17:08:05,805 [INFO]   k=1000: followup= 16.690 ms/q  firstturn= 14.549 ms/q
2026-07-07 17:08:05,810 [INFO]   MRR@10=0.2116  NDCG@3=0.0896  NDCG@10=0.0661
2026-07-07 17:08:05,850 [INFO] === baseline nprobe=256 ===
2026-07-07 17:09:11,600 [INFO]   k=  10: followup= 27.839 ms/q  firstturn= 27.263 ms/q
2026-07-07 17:10:04,465 [INFO]   k= 100: followup= 26.493 ms/q  firstturn= 31.174 ms/q
2026-07-07 17:11:31,997 [INFO]   k=1000: followup= 44.900 ms/q  firstturn= 58.149 ms/q
2026-07-07 17:11:31,998 [INFO]   MRR@10=0.2171  NDCG@3=0.0904  NDCG@10=0.0665
2026-07-07 17:11:32,515 [INFO] [h=512] caches built once: 10.20 ms/conv (excluded from follow-up latency; charged to first-turn TOTAL and break-even)
2026-07-07 17:11:34,091 [INFO]   h=  512 nprobe=   1 k=  10 | fu base=  0.502 toploc=  0.411 ( 1.22x) | ft total= 10.458 (ovh +9.930) | breakeven= 112.2 turns | conv speedup= 0.35x
2026-07-07 17:11:34,644 [INFO]   h=  512 nprobe=   1 k= 100 | fu base=  0.517 toploc=  0.276 ( 1.87x) | ft total= 10.339 (ovh +9.861) | breakeven=  42.4 turns | conv speedup= 0.39x
2026-07-07 17:11:35,581 [INFO]   h=  512 nprobe=   1 k=1000 | fu base=  0.547 toploc=  0.602 ( 0.91x) | ft total= 10.602 (ovh +10.092) | breakeven=   inf turns | conv speedup= 0.33x
2026-07-07 17:11:35,582 [INFO]   h=  512 nprobe=   1 recall | NDCG@10 base=0.0296 toploc=0.1495 (delta +0.1199)
2026-07-07 17:11:37,282 [INFO]   h=  512 nprobe=   2 k=  10 | fu base=  0.859 toploc=  0.460 ( 1.87x) | ft total= 10.589 (ovh +9.829) | breakeven=  25.6 turns | conv speedup= 0.56x
2026-07-07 17:11:38,166 [INFO]   h=  512 nprobe=   2 k= 100 | fu base=  0.833 toploc=  0.432 ( 1.93x) | ft total= 10.925 (ovh +10.141) | breakeven=  25.5 turns | conv speedup= 0.54x
2026-07-07 17:11:39,832 [INFO]   h=  512 nprobe=   2 k=1000 | fu base=  0.846 toploc=  0.936 ( 0.90x) | ft total= 10.892 (ovh +10.104) | breakeven=   inf turns | conv speedup= 0.43x
2026-07-07 17:11:39,833 [INFO]   h=  512 nprobe=   2 recall | NDCG@10 base=0.0315 toploc=0.2095 (delta +0.1780)
2026-07-07 17:11:43,133 [INFO]   h=  512 nprobe=   4 k=  10 | fu base=  1.341 toploc=  1.138 ( 1.18x) | ft total= 11.450 (ovh +10.270) | breakeven=  50.2 turns | conv speedup= 0.60x
2026-07-07 17:11:45,607 [INFO]   h=  512 nprobe=   4 k= 100 | fu base=  1.354 toploc=  1.312 ( 1.03x) | ft total= 11.751 (ovh +10.648) | breakeven= 242.4 turns | conv speedup= 0.55x
2026-07-07 17:11:48,320 [INFO]   h=  512 nprobe=   4 k=1000 | fu base=  1.328 toploc=  1.269 ( 1.05x) | ft total= 11.687 (ovh +10.667) | breakeven= 174.5 turns | conv speedup= 0.55x
2026-07-07 17:11:48,321 [INFO]   h=  512 nprobe=   4 recall | NDCG@10 base=0.0441 toploc=0.2862 (delta +0.2421)
2026-07-07 17:11:54,323 [INFO]   h=  512 nprobe=   8 k=  10 | fu base=  2.237 toploc=  2.161 ( 1.04x) | ft total= 12.788 (ovh +10.648) | breakeven= 134.7 turns | conv speedup= 0.68x
2026-07-07 17:11:58,756 [INFO]   h=  512 nprobe=   8 k= 100 | fu base=  2.257 toploc=  2.446 ( 0.92x) | ft total= 12.715 (ovh +10.762) | breakeven=   inf turns | conv speedup= 0.63x
2026-07-07 17:12:03,284 [INFO]   h=  512 nprobe=   8 k=1000 | fu base=  2.194 toploc=  2.176 ( 1.01x) | ft total= 12.334 (ovh +10.594) | breakeven= 566.3 turns | conv speedup= 0.66x
2026-07-07 17:12:03,286 [INFO]   h=  512 nprobe=   8 recall | NDCG@10 base=0.0498 toploc=0.3240 (delta +0.2742)
2026-07-07 17:12:13,005 [INFO]   h=  512 nprobe=  16 k=  10 | fu base=  3.661 toploc=  3.820 ( 0.96x) | ft total= 12.331 (ovh +8.987) | breakeven=   inf turns | conv speedup= 0.77x
2026-07-07 17:12:19,451 [INFO]   h=  512 nprobe=  16 k= 100 | fu base=  3.766 toploc=  4.232 ( 0.89x) | ft total= 12.863 (ovh +9.126) | breakeven=   inf turns | conv speedup= 0.73x
2026-07-07 17:12:28,143 [INFO]   h=  512 nprobe=  16 k=1000 | fu base=  3.751 toploc=  4.645 ( 0.81x) | ft total= 13.203 (ovh +10.687) | breakeven=   inf turns | conv speedup= 0.65x
2026-07-07 17:12:28,145 [INFO]   h=  512 nprobe=  16 recall | NDCG@10 base=0.0531 toploc=0.3407 (delta +0.2876)
2026-07-07 17:12:48,667 [INFO]   h=  512 nprobe=  32 k=  10 | fu base=  6.309 toploc=  7.935 ( 0.80x) | ft total= 18.015 (ovh +11.951) | breakeven=   inf turns | conv speedup= 0.70x
2026-07-07 17:13:03,787 [INFO]   h=  512 nprobe=  32 k= 100 | fu base=  6.224 toploc=  7.870 ( 0.79x) | ft total= 17.920 (ovh +11.824) | breakeven=   inf turns | conv speedup= 0.70x
2026-07-07 17:13:18,731 [INFO]   h=  512 nprobe=  32 k=1000 | fu base=  6.311 toploc=  8.021 ( 0.79x) | ft total= 14.189 (ovh +7.953) | breakeven=   inf turns | conv speedup= 0.73x
2026-07-07 17:13:18,734 [INFO]   h=  512 nprobe=  32 recall | NDCG@10 base=0.0600 toploc=0.3673 (delta +0.3074)
2026-07-07 17:13:54,204 [INFO]   h=  512 nprobe=  64 k=  10 | fu base=  9.930 toploc= 16.169 ( 0.61x) | ft total= 24.718 (ovh +16.554) | breakeven=   inf turns | conv speedup= 0.57x
2026-07-07 17:14:24,020 [INFO]   h=  512 nprobe=  64 k= 100 | fu base= 10.377 toploc= 15.694 ( 0.66x) | ft total= 24.799 (ovh +15.262) | breakeven=   inf turns | conv speedup= 0.62x
2026-07-07 17:14:54,358 [INFO]   h=  512 nprobe=  64 k=1000 | fu base= 10.440 toploc= 15.945 ( 0.65x) | ft total= 24.115 (ovh +18.533) | breakeven=   inf turns | conv speedup= 0.59x
2026-07-07 17:14:54,359 [INFO]   h=  512 nprobe=  64 recall | NDCG@10 base=0.0625 toploc=0.3819 (delta +0.3194)
2026-07-07 17:16:02,544 [INFO]   h=  512 nprobe= 128 k=  10 | fu base= 15.779 toploc= 30.653 ( 0.51x) | ft total= 38.244 (ovh +22.658) | breakeven=   inf turns | conv speedup= 0.50x
2026-07-07 17:17:01,756 [INFO]   h=  512 nprobe= 128 k= 100 | fu base= 16.057 toploc= 31.625 ( 0.51x) | ft total= 39.394 (ovh +24.314) | breakeven=   inf turns | conv speedup= 0.49x
2026-07-07 17:18:02,944 [INFO]   h=  512 nprobe= 128 k=1000 | fu base= 16.690 toploc= 32.559 ( 0.51x) | ft total= 38.345 (ovh +23.796) | breakeven=   inf turns | conv speedup= 0.50x
2026-07-07 17:18:02,945 [INFO]   h=  512 nprobe= 128 recall | NDCG@10 base=0.0661 toploc=0.3892 (delta +0.3231)
2026-07-07 17:20:17,221 [INFO]   h=  512 nprobe= 256 k=  10 | fu base= 27.839 toploc= 59.722 ( 0.47x) | ft total= 66.584 (ovh +39.321) | breakeven=   inf turns | conv speedup= 0.46x
2026-07-07 17:22:12,654 [INFO]   h=  512 nprobe= 256 k= 100 | fu base= 26.493 toploc= 61.029 ( 0.43x) | ft total= 65.339 (ovh +34.164) | breakeven=   inf turns | conv speedup= 0.44x
2026-07-07 17:24:08,685 [INFO]   h=  512 nprobe= 256 k=1000 | fu base= 44.900 toploc= 60.870 ( 0.74x) | ft total= 63.960 (ovh +5.811) | breakeven=   inf turns | conv speedup= 0.76x
2026-07-07 17:24:08,686 [INFO]   h=  512 nprobe= 256 recall | NDCG@10 base=0.0665 toploc=0.3903 (delta +0.3238)
2026-07-07 17:24:09,244 [INFO] [h=1024] caches built once: 11.01 ms/conv (excluded from follow-up latency; charged to first-turn TOTAL and break-even)
2026-07-07 17:24:11,445 [INFO]   h= 1024 nprobe=   1 k=  10 | fu base=  0.502 toploc=  0.730 ( 0.69x) | ft total= 11.481 (ovh +10.953) | breakeven=   inf turns | conv speedup= 0.27x
2026-07-07 17:24:12,844 [INFO]   h= 1024 nprobe=   1 k= 100 | fu base=  0.517 toploc=  0.762 ( 0.68x) | ft total= 11.486 (ovh +11.008) | breakeven=   inf turns | conv speedup= 0.27x
2026-07-07 17:24:14,427 [INFO]   h= 1024 nprobe=   1 k=1000 | fu base=  0.547 toploc=  0.861 ( 0.63x) | ft total= 11.586 (ovh +11.075) | breakeven=   inf turns | conv speedup= 0.27x
2026-07-07 17:24:14,427 [INFO]   h= 1024 nprobe=   1 recall | NDCG@10 base=0.0296 toploc=0.1526 (delta +0.1230)
2026-07-07 17:24:17,238 [INFO]   h= 1024 nprobe=   2 k=  10 | fu base=  0.859 toploc=  0.975 ( 0.88x) | ft total= 12.043 (ovh +11.284) | breakeven=   inf turns | conv speedup= 0.40x
2026-07-07 17:24:19,006 [INFO]   h= 1024 nprobe=   2 k= 100 | fu base=  0.833 toploc=  0.857 ( 0.97x) | ft total= 11.994 (ovh +11.211) | breakeven=   inf turns | conv speedup= 0.41x
2026-07-07 17:24:20,940 [INFO]   h= 1024 nprobe=   2 k=1000 | fu base=  0.846 toploc=  0.970 ( 0.87x) | ft total= 12.048 (ovh +11.260) | breakeven=   inf turns | conv speedup= 0.39x
2026-07-07 17:24:20,941 [INFO]   h= 1024 nprobe=   2 recall | NDCG@10 base=0.0315 toploc=0.2143 (delta +0.1828)
2026-07-07 17:24:25,352 [INFO]   h= 1024 nprobe=   4 k=  10 | fu base=  1.341 toploc=  1.557 ( 0.86x) | ft total= 12.595 (ovh +11.415) | breakeven=   inf turns | conv speedup= 0.49x
2026-07-07 17:24:28,036 [INFO]   h= 1024 nprobe=   4 k= 100 | fu base=  1.354 toploc=  1.246 ( 1.09x) | ft total= 12.633 (ovh +11.530) | breakeven= 101.9 turns | conv speedup= 0.55x
2026-07-07 17:24:31,350 [INFO]   h= 1024 nprobe=   4 k=1000 | fu base=  1.328 toploc=  1.726 ( 0.77x) | ft total= 12.916 (ovh +11.896) | breakeven=   inf turns | conv speedup= 0.45x
2026-07-07 17:24:31,351 [INFO]   h= 1024 nprobe=   4 recall | NDCG@10 base=0.0441 toploc=0.2833 (delta +0.2392)
2026-07-07 17:24:39,213 [INFO]   h= 1024 nprobe=   8 k=  10 | fu base=  2.237 toploc=  2.603 ( 0.86x) | ft total= 13.850 (ovh +11.709) | breakeven=   inf turns | conv speedup= 0.59x
2026-07-07 17:24:44,587 [INFO]   h= 1024 nprobe=   8 k= 100 | fu base=  2.257 toploc=  2.812 ( 0.80x) | ft total= 13.774 (ovh +11.821) | breakeven=   inf turns | conv speedup= 0.56x
2026-07-07 17:24:50,353 [INFO]   h= 1024 nprobe=   8 k=1000 | fu base=  2.194 toploc=  3.014 ( 0.73x) | ft total= 13.633 (ovh +11.893) | breakeven=   inf turns | conv speedup= 0.52x
2026-07-07 17:24:50,355 [INFO]   h= 1024 nprobe=   8 recall | NDCG@10 base=0.0498 toploc=0.3253 (delta +0.2755)
2026-07-07 17:24:58,456 [INFO]   h= 1024 nprobe=  16 k=  10 | fu base=  3.661 toploc=  2.646 ( 1.38x) | ft total= 12.730 (ovh +9.386) | breakeven=  10.8 turns | conv speedup= 0.98x
2026-07-07 17:25:02,242 [INFO]   h= 1024 nprobe=  16 k= 100 | fu base=  3.766 toploc=  2.035 ( 1.85x) | ft total= 12.589 (ovh +8.852) | breakeven=   6.4 turns | conv speedup= 1.20x
2026-07-07 17:25:06,131 [INFO]   h= 1024 nprobe=  16 k=1000 | fu base=  3.751 toploc=  2.098 ( 1.79x) | ft total= 12.930 (ovh +10.415) | breakeven=   6.7 turns | conv speedup= 1.12x
2026-07-07 17:25:06,131 [INFO]   h= 1024 nprobe=  16 recall | NDCG@10 base=0.0531 toploc=0.3433 (delta +0.2902)
2026-07-07 17:25:14,373 [INFO]   h= 1024 nprobe=  32 k=  10 | fu base=  6.309 toploc=  3.431 ( 1.84x) | ft total= 14.577 (ovh +8.513) | breakeven=   3.8 turns | conv speedup= 1.37x
2026-07-07 17:25:21,026 [INFO]   h= 1024 nprobe=  32 k= 100 | fu base=  6.224 toploc=  3.505 ( 1.78x) | ft total= 14.189 (ovh +8.093) | breakeven=   4.0 turns | conv speedup= 1.34x
2026-07-07 17:25:27,917 [INFO]   h= 1024 nprobe=  32 k=1000 | fu base=  6.311 toploc=  3.579 ( 1.76x) | ft total= 14.311 (ovh +8.076) | breakeven=   4.0 turns | conv speedup= 1.34x
2026-07-07 17:25:27,917 [INFO]   h= 1024 nprobe=  32 recall | NDCG@10 base=0.0600 toploc=0.3723 (delta +0.3124)
2026-07-07 17:25:43,526 [INFO]   h= 1024 nprobe=  64 k=  10 | fu base=  9.930 toploc=  6.592 ( 1.51x) | ft total= 16.824 (ovh +8.661) | breakeven=   3.3 turns | conv speedup= 1.27x
2026-07-07 17:25:56,070 [INFO]   h= 1024 nprobe=  64 k= 100 | fu base= 10.377 toploc=  6.615 ( 1.57x) | ft total= 16.847 (ovh +7.311) | breakeven=   2.9 turns | conv speedup= 1.34x
2026-07-07 17:26:08,856 [INFO]   h= 1024 nprobe=  64 k=1000 | fu base= 10.440 toploc=  6.709 ( 1.56x) | ft total= 16.975 (ovh +11.393) | breakeven=   3.0 turns | conv speedup= 1.28x
2026-07-07 17:26:08,856 [INFO]   h= 1024 nprobe=  64 recall | NDCG@10 base=0.0625 toploc=0.3839 (delta +0.3214)
2026-07-07 17:26:39,181 [INFO]   h= 1024 nprobe= 128 k=  10 | fu base= 15.779 toploc= 12.650 ( 1.25x) | ft total= 22.517 (ovh +6.931) | breakeven=   3.5 turns | conv speedup= 1.15x
2026-07-07 17:27:03,295 [INFO]   h= 1024 nprobe= 128 k= 100 | fu base= 16.057 toploc= 12.679 ( 1.27x) | ft total= 22.567 (ovh +7.487) | breakeven=   3.3 turns | conv speedup= 1.16x
2026-07-07 17:27:27,720 [INFO]   h= 1024 nprobe= 128 k=1000 | fu base= 16.690 toploc= 12.843 ( 1.30x) | ft total= 22.681 (ovh +8.132) | breakeven=   2.9 turns | conv speedup= 1.19x
2026-07-07 17:27:27,721 [INFO]   h= 1024 nprobe= 128 recall | NDCG@10 base=0.0661 toploc=0.3945 (delta +0.3284)
2026-07-07 17:28:31,300 [INFO]   h= 1024 nprobe= 256 k=  10 | fu base= 27.839 toploc= 24.657 ( 1.13x) | ft total= 33.342 (ovh +6.079) | breakeven=   3.5 turns | conv speedup= 1.09x
2026-07-07 17:29:18,178 [INFO]   h= 1024 nprobe= 256 k= 100 | fu base= 26.493 toploc= 24.711 ( 1.07x) | ft total= 33.409 (ovh +2.235) | breakeven=   6.2 turns | conv speedup= 1.05x
2026-07-07 17:30:05,542 [INFO]   h= 1024 nprobe= 256 k=1000 | fu base= 44.900 toploc= 25.028 ( 1.79x) | ft total= 33.692 (ovh -24.457) | breakeven=   0.6 turns | conv speedup= 1.78x
2026-07-07 17:30:05,542 [INFO]   h= 1024 nprobe= 256 recall | NDCG@10 base=0.0665 toploc=0.3975 (delta +0.3311)
2026-07-07 17:30:05,881 [INFO] [h=4096] caches built once: 6.54 ms/conv (excluded from follow-up latency; charged to first-turn TOTAL and break-even)
2026-07-07 17:30:06,891 [INFO]   h= 4096 nprobe=   1 k=  10 | fu base=  0.502 toploc=  0.389 ( 1.29x) | ft total=  6.648 (ovh +6.120) | breakeven=  58.0 turns | conv speedup= 0.48x
2026-07-07 17:30:07,581 [INFO]   h= 4096 nprobe=   1 k= 100 | fu base=  0.517 toploc=  0.393 ( 1.32x) | ft total=  6.624 (ovh +6.146) | breakeven=  52.7 turns | conv speedup= 0.49x
2026-07-07 17:30:08,366 [INFO]   h= 4096 nprobe=   1 k=1000 | fu base=  0.547 toploc=  0.459 ( 1.19x) | ft total=  6.738 (ovh +6.227) | breakeven=  74.8 turns | conv speedup= 0.49x
2026-07-07 17:30:08,367 [INFO]   h= 4096 nprobe=   1 recall | NDCG@10 base=0.0296 toploc=0.1493 (delta +0.1197)
2026-07-07 17:30:09,735 [INFO]   h= 4096 nprobe=   2 k=  10 | fu base=  0.859 toploc=  0.526 ( 1.63x) | ft total=  6.934 (ovh +6.174) | breakeven=  19.7 turns | conv speedup= 0.71x
2026-07-07 17:30:10,654 [INFO]   h= 4096 nprobe=   2 k= 100 | fu base=  0.833 toploc=  0.495 ( 1.68x) | ft total=  6.906 (ovh +6.122) | breakeven=  19.4 turns | conv speedup= 0.71x
2026-07-07 17:30:11,636 [INFO]   h= 4096 nprobe=   2 k=1000 | fu base=  0.846 toploc=  0.554 ( 1.53x) | ft total=  6.858 (ovh +6.070) | breakeven=  22.4 turns | conv speedup= 0.69x
2026-07-07 17:30:11,637 [INFO]   h= 4096 nprobe=   2 recall | NDCG@10 base=0.0315 toploc=0.2121 (delta +0.1806)
2026-07-07 17:30:13,643 [INFO]   h= 4096 nprobe=   4 k=  10 | fu base=  1.341 toploc=  0.769 ( 1.74x) | ft total=  7.073 (ovh +5.894) | breakeven=  11.4 turns | conv speedup= 0.93x
2026-07-07 17:30:15,049 [INFO]   h= 4096 nprobe=   4 k= 100 | fu base=  1.354 toploc=  0.771 ( 1.76x) | ft total=  7.015 (ovh +5.912) | breakeven=  11.2 turns | conv speedup= 0.93x
2026-07-07 17:30:16,561 [INFO]   h= 4096 nprobe=   4 k=1000 | fu base=  1.328 toploc=  0.826 ( 1.61x) | ft total=  7.012 (ovh +5.991) | breakeven=  13.1 turns | conv speedup= 0.88x
2026-07-07 17:30:16,562 [INFO]   h= 4096 nprobe=   4 recall | NDCG@10 base=0.0441 toploc=0.2857 (delta +0.2416)
2026-07-07 17:30:19,786 [INFO]   h= 4096 nprobe=   8 k=  10 | fu base=  2.237 toploc=  1.253 ( 1.79x) | ft total=  7.619 (ovh +5.479) | breakeven=   6.6 turns | conv speedup= 1.16x
2026-07-07 17:30:22,063 [INFO]   h= 4096 nprobe=   8 k= 100 | fu base=  2.257 toploc=  1.220 ( 1.85x) | ft total=  7.518 (ovh +5.565) | breakeven=   6.3 turns | conv speedup= 1.19x
2026-07-07 17:30:24,426 [INFO]   h= 4096 nprobe=   8 k=1000 | fu base=  2.194 toploc=  1.264 ( 1.74x) | ft total=  7.704 (ovh +5.963) | breakeven=   7.0 turns | conv speedup= 1.11x
2026-07-07 17:30:24,426 [INFO]   h= 4096 nprobe=   8 recall | NDCG@10 base=0.0498 toploc=0.3209 (delta +0.2711)
2026-07-07 17:30:29,491 [INFO]   h= 4096 nprobe=  16 k=  10 | fu base=  3.661 toploc=  2.114 ( 1.73x) | ft total=  8.305 (ovh +4.961) | breakeven=   4.2 turns | conv speedup= 1.31x
2026-07-07 17:30:33,447 [INFO]   h= 4096 nprobe=  16 k= 100 | fu base=  3.766 toploc=  2.123 ( 1.77x) | ft total=  8.204 (ovh +4.468) | breakeven=   4.0 turns | conv speedup= 1.36x
2026-07-07 17:30:37,491 [INFO]   h= 4096 nprobe=  16 k=1000 | fu base=  3.751 toploc=  2.178 ( 1.72x) | ft total=  7.823 (ovh +5.307) | breakeven=   4.2 turns | conv speedup= 1.31x
2026-07-07 17:30:37,491 [INFO]   h= 4096 nprobe=  16 recall | NDCG@10 base=0.0531 toploc=0.3430 (delta +0.2899)
2026-07-07 17:30:46,767 [INFO]   h= 4096 nprobe=  32 k=  10 | fu base=  6.309 toploc=  3.797 ( 1.66x) | ft total=  9.719 (ovh +3.655) | breakeven=   2.6 turns | conv speedup= 1.42x
2026-07-07 17:30:53,934 [INFO]   h= 4096 nprobe=  32 k= 100 | fu base=  6.224 toploc=  3.805 ( 1.64x) | ft total=  9.637 (ovh +3.541) | breakeven=   2.7 turns | conv speedup= 1.41x
2026-07-07 17:31:01,193 [INFO]   h= 4096 nprobe=  32 k=1000 | fu base=  6.311 toploc=  3.878 ( 1.63x) | ft total=  9.283 (ovh +3.048) | breakeven=   2.7 turns | conv speedup= 1.42x
2026-07-07 17:31:01,193 [INFO]   h= 4096 nprobe=  32 recall | NDCG@10 base=0.0600 toploc=0.3707 (delta +0.3108)
2026-07-07 17:31:17,824 [INFO]   h= 4096 nprobe=  64 k=  10 | fu base=  9.930 toploc=  6.927 ( 1.43x) | ft total= 12.344 (ovh +4.180) | breakeven=   2.2 turns | conv speedup= 1.30x
2026-07-07 17:31:30,864 [INFO]   h= 4096 nprobe=  64 k= 100 | fu base= 10.377 toploc=  6.943 ( 1.49x) | ft total= 12.221 (ovh +2.684) | breakeven=   1.9 turns | conv speedup= 1.37x
2026-07-07 17:31:44,072 [INFO]   h= 4096 nprobe=  64 k=1000 | fu base= 10.440 toploc=  7.035 ( 1.48x) | ft total= 11.795 (ovh +6.213) | breakeven=   1.9 turns | conv speedup= 1.32x
2026-07-07 17:31:44,072 [INFO]   h= 4096 nprobe=  64 recall | NDCG@10 base=0.0625 toploc=0.3837 (delta +0.3212)
2026-07-07 17:32:15,117 [INFO]   h= 4096 nprobe= 128 k=  10 | fu base= 15.779 toploc= 13.020 ( 1.21x) | ft total= 18.022 (ovh +2.435) | breakeven=   2.4 turns | conv speedup= 1.16x
2026-07-07 17:32:39,787 [INFO]   h= 4096 nprobe= 128 k= 100 | fu base= 16.057 toploc= 13.049 ( 1.23x) | ft total= 17.745 (ovh +2.664) | breakeven=   2.2 turns | conv speedup= 1.18x
2026-07-07 17:33:04,839 [INFO]   h= 4096 nprobe= 128 k=1000 | fu base= 16.690 toploc= 13.225 ( 1.26x) | ft total= 18.208 (ovh +3.658) | breakeven=   1.9 turns | conv speedup= 1.20x
2026-07-07 17:33:04,839 [INFO]   h= 4096 nprobe= 128 recall | NDCG@10 base=0.0661 toploc=0.3940 (delta +0.3279)
2026-07-07 17:34:04,051 [INFO]   h= 4096 nprobe= 256 k=  10 | fu base= 27.839 toploc= 24.901 ( 1.12x) | ft total= 28.867 (ovh +1.604) | breakeven=   2.2 turns | conv speedup= 1.10x
2026-07-07 17:34:51,346 [INFO]   h= 4096 nprobe= 256 k= 100 | fu base= 26.493 toploc= 24.967 ( 1.06x) | ft total= 28.921 (ovh -2.253) | breakeven=   4.3 turns | conv speedup= 1.06x
2026-07-07 17:35:38,937 [INFO]   h= 4096 nprobe= 256 k=1000 | fu base= 44.900 toploc= 25.254 ( 1.78x) | ft total= 29.214 (ovh -28.935) | breakeven=   0.3 turns | conv speedup= 1.80x
2026-07-07 17:35:38,937 [INFO]   h= 4096 nprobe= 256 recall | NDCG@10 base=0.0665 toploc=0.3994 (delta +0.3329)
2026-07-07 17:35:39,528 [INFO] [h=8192] caches built once: 11.49 ms/conv (excluded from follow-up latency; charged to first-turn TOTAL and break-even)
2026-07-07 17:35:40,919 [INFO]   h= 8192 nprobe=   1 k=  10 | fu base=  0.502 toploc=  0.568 ( 0.88x) | ft total= 11.588 (ovh +11.060) | breakeven=   inf turns | conv speedup= 0.29x
2026-07-07 17:35:41,896 [INFO]   h= 8192 nprobe=   1 k= 100 | fu base=  0.517 toploc=  0.564 ( 0.92x) | ft total= 11.590 (ovh +11.112) | breakeven=   inf turns | conv speedup= 0.30x
2026-07-07 17:35:42,958 [INFO]   h= 8192 nprobe=   1 k=1000 | fu base=  0.547 toploc=  0.589 ( 0.93x) | ft total= 11.670 (ovh +11.160) | breakeven=   inf turns | conv speedup= 0.31x
2026-07-07 17:35:42,958 [INFO]   h= 8192 nprobe=   1 recall | NDCG@10 base=0.0296 toploc=0.1465 (delta +0.1168)
2026-07-07 17:35:44,689 [INFO]   h= 8192 nprobe=   2 k=  10 | fu base=  0.859 toploc=  0.711 ( 1.21x) | ft total= 11.720 (ovh +10.960) | breakeven=  77.6 turns | conv speedup= 0.46x
2026-07-07 17:35:45,943 [INFO]   h= 8192 nprobe=   2 k= 100 | fu base=  0.833 toploc=  0.709 ( 1.18x) | ft total= 11.702 (ovh +10.919) | breakeven=  92.4 turns | conv speedup= 0.45x
2026-07-07 17:35:47,365 [INFO]   h= 8192 nprobe=   2 k=1000 | fu base=  0.846 toploc=  0.805 ( 1.05x) | ft total= 11.964 (ovh +11.176) | breakeven= 278.6 turns | conv speedup= 0.43x
2026-07-07 17:35:47,365 [INFO]   h= 8192 nprobe=   2 recall | NDCG@10 base=0.0315 toploc=0.2131 (delta +0.1816)
2026-07-07 17:35:49,762 [INFO]   h= 8192 nprobe=   4 k=  10 | fu base=  1.341 toploc=  1.004 ( 1.34x) | ft total= 12.138 (ovh +10.958) | breakeven=  34.0 turns | conv speedup= 0.61x
2026-07-07 17:35:51,587 [INFO]   h= 8192 nprobe=   4 k= 100 | fu base=  1.354 toploc=  1.014 ( 1.34x) | ft total= 12.063 (ovh +10.960) | breakeven=  33.8 turns | conv speedup= 0.61x
2026-07-07 17:35:53,405 [INFO]   h= 8192 nprobe=   4 k=1000 | fu base=  1.328 toploc=  0.989 ( 1.34x) | ft total= 12.116 (ovh +11.096) | breakeven=  33.9 turns | conv speedup= 0.60x
2026-07-07 17:35:53,406 [INFO]   h= 8192 nprobe=   4 recall | NDCG@10 base=0.0441 toploc=0.2773 (delta +0.2332)
2026-07-07 17:35:56,854 [INFO]   h= 8192 nprobe=   8 k=  10 | fu base=  2.237 toploc=  1.435 ( 1.56x) | ft total= 12.524 (ovh +10.384) | breakeven=  14.3 turns | conv speedup= 0.86x
2026-07-07 17:35:59,526 [INFO]   h= 8192 nprobe=   8 k= 100 | fu base=  2.257 toploc=  1.435 ( 1.57x) | ft total= 12.514 (ovh +10.562) | breakeven=  14.0 turns | conv speedup= 0.86x
2026-07-07 17:36:02,232 [INFO]   h= 8192 nprobe=   8 k=1000 | fu base=  2.194 toploc=  1.473 ( 1.49x) | ft total= 12.571 (ovh +10.831) | breakeven=  15.9 turns | conv speedup= 0.82x
2026-07-07 17:36:02,233 [INFO]   h= 8192 nprobe=   8 recall | NDCG@10 base=0.0498 toploc=0.3226 (delta +0.2727)
2026-07-07 17:36:07,648 [INFO]   h= 8192 nprobe=  16 k=  10 | fu base=  3.661 toploc=  2.283 ( 1.60x) | ft total= 13.250 (ovh +9.906) | breakeven=   8.3 turns | conv speedup= 1.06x
2026-07-07 17:36:11,893 [INFO]   h= 8192 nprobe=  16 k= 100 | fu base=  3.766 toploc=  2.294 ( 1.64x) | ft total= 13.120 (ovh +9.384) | breakeven=   7.8 turns | conv speedup= 1.10x
2026-07-07 17:36:16,244 [INFO]   h= 8192 nprobe=  16 k=1000 | fu base=  3.751 toploc=  2.358 ( 1.59x) | ft total= 12.814 (ovh +10.298) | breakeven=   8.2 turns | conv speedup= 1.05x
2026-07-07 17:36:16,245 [INFO]   h= 8192 nprobe=  16 recall | NDCG@10 base=0.0531 toploc=0.3431 (delta +0.2900)
2026-07-07 17:36:25,595 [INFO]   h= 8192 nprobe=  32 k=  10 | fu base=  6.309 toploc=  3.904 ( 1.62x) | ft total= 14.659 (ovh +8.594) | breakeven=   4.8 turns | conv speedup= 1.25x
2026-07-07 17:36:32,921 [INFO]   h= 8192 nprobe=  32 k= 100 | fu base=  6.224 toploc=  3.912 ( 1.59x) | ft total= 14.563 (ovh +8.467) | breakeven=   5.0 turns | conv speedup= 1.24x
2026-07-07 17:36:40,373 [INFO]   h= 8192 nprobe=  32 k=1000 | fu base=  6.311 toploc=  3.980 ( 1.59x) | ft total= 13.836 (ovh +7.600) | breakeven=   4.9 turns | conv speedup= 1.26x
2026-07-07 17:36:40,374 [INFO]   h= 8192 nprobe=  32 recall | NDCG@10 base=0.0600 toploc=0.3682 (delta +0.3083)
2026-07-07 17:36:57,009 [INFO]   h= 8192 nprobe=  64 k=  10 | fu base=  9.930 toploc=  7.000 ( 1.42x) | ft total= 16.433 (ovh +8.270) | breakeven=   3.9 turns | conv speedup= 1.22x
2026-07-07 17:37:10,182 [INFO]   h= 8192 nprobe=  64 k= 100 | fu base= 10.377 toploc=  7.009 ( 1.48x) | ft total= 16.588 (ovh +7.052) | breakeven=   3.4 turns | conv speedup= 1.28x
2026-07-07 17:37:23,635 [INFO]   h= 8192 nprobe=  64 k=1000 | fu base= 10.440 toploc=  7.111 ( 1.47x) | ft total= 17.199 (ovh +11.617) | breakeven=   3.5 turns | conv speedup= 1.22x
2026-07-07 17:37:23,636 [INFO]   h= 8192 nprobe=  64 recall | NDCG@10 base=0.0625 toploc=0.3880 (delta +0.3255)
2026-07-07 17:37:54,474 [INFO]   h= 8192 nprobe= 128 k=  10 | fu base= 15.779 toploc= 13.003 ( 1.21x) | ft total= 21.915 (ovh +6.329) | breakeven=   4.1 turns | conv speedup= 1.13x
2026-07-07 17:38:19,155 [INFO]   h= 8192 nprobe= 128 k= 100 | fu base= 16.057 toploc= 13.037 ( 1.23x) | ft total= 21.972 (ovh +6.892) | breakeven=   3.8 turns | conv speedup= 1.14x
2026-07-07 17:38:44,175 [INFO]   h= 8192 nprobe= 128 k=1000 | fu base= 16.690 toploc= 13.168 ( 1.27x) | ft total= 23.126 (ovh +8.577) | breakeven=   3.3 turns | conv speedup= 1.16x
2026-07-07 17:38:44,175 [INFO]   h= 8192 nprobe= 128 recall | NDCG@10 base=0.0661 toploc=0.3981 (delta +0.3320)
2026-07-07 17:39:42,865 [INFO]   h= 8192 nprobe= 256 k=  10 | fu base= 27.839 toploc= 24.685 ( 1.13x) | ft total= 33.782 (ovh +6.518) | breakeven=   3.6 turns | conv speedup= 1.08x
2026-07-07 17:40:29,792 [INFO]   h= 8192 nprobe= 256 k= 100 | fu base= 26.493 toploc= 24.786 ( 1.07x) | ft total= 33.831 (ovh +2.657) | breakeven=   6.7 turns | conv speedup= 1.05x
2026-07-07 17:41:17,177 [INFO]   h= 8192 nprobe= 256 k=1000 | fu base= 44.900 toploc= 25.006 ( 1.80x) | ft total= 34.102 (ovh -24.046) | breakeven=   0.6 turns | conv speedup= 1.78x
2026-07-07 17:41:17,177 [INFO]   h= 8192 nprobe= 256 recall | NDCG@10 base=0.0665 toploc=0.4029 (delta +0.3364)
2026-07-07 17:41:17,196 [INFO] Done. Results saved to /home/toploc1/Datasets/toploc1/IVF/dragon/metrics_ivf_toploc_dragon_v10.json
