2026-07-16 12:00:15,956 [INFO] Loading index from /home/toploc1/Datasets/toploc1/indexes/Dragon_indexes/treccast_dragon_ivf.index (mmap=True)
2026-07-16 12:00:16,863 [INFO] Index loaded: 38,636,446 vectors, nlist=32768
2026-07-16 12:00:16,889 [INFO] Centroid matrix: (32768, 768)
2026-07-16 12:00:36,323 [INFO] Queries: 479 | dim=1024
2026-07-16 12:00:36,343 [INFO] Loaded qrels: 173 queries
2026-07-16 12:00:36,343 [INFO] Conversations: 50 | follow-up queries: 429 | avg follow-ups/conv: 8.58
2026-07-16 12:00:36,344 [INFO] === baseline nprobe=1 ===
2026-07-16 12:10:38,260 [INFO] Loading index from /home/toploc1/Datasets/toploc1/indexes/Dragon_indexes/treccast_dragon_ivf.index (mmap=True)
2026-07-16 12:10:39,197 [INFO] Index loaded: 38,636,446 vectors, nlist=32768
2026-07-16 12:10:39,215 [INFO] Centroid matrix: (32768, 768)
2026-07-16 12:10:58,005 [INFO] Queries: 479 | dim=768
2026-07-16 12:10:58,024 [INFO] Loaded qrels: 173 queries
2026-07-16 12:10:58,024 [INFO] Conversations: 50 | follow-up queries: 429 | avg follow-ups/conv: 8.58
2026-07-16 12:10:58,024 [INFO] === baseline nprobe=1 ===
2026-07-16 12:11:28,896 [INFO]   k=  10: fused fu=  1.333 ft=  0.993 | control fu=  0.461 ft=  0.501 | fused/control= 2.89x
2026-07-16 12:11:32,897 [INFO]   k= 100: fused fu=  1.284 ft=  0.942 | control fu=  0.644 ft=  0.469 | fused/control= 1.99x
2026-07-16 12:11:36,147 [INFO]   k=1000: fused fu=  1.238 ft=  0.865 | control fu=  0.386 ft=  0.543 | fused/control= 3.21x
2026-07-16 12:11:36,148 [INFO]   MRR@10=0.3859  NDCG@3=0.1940  NDCG@10=0.1518
2026-07-16 12:11:36,150 [INFO] === baseline nprobe=2 ===
2026-07-16 12:11:58,702 [INFO]   k=  10: fused fu=  1.698 ft=  1.214 | control fu=  0.549 ft=  0.573 | fused/control= 3.09x
2026-07-16 12:12:03,201 [INFO]   k= 100: fused fu=  1.646 ft=  1.283 | control fu=  0.340 ft=  0.554 | fused/control= 4.85x
2026-07-16 12:12:07,538 [INFO]   k=1000: fused fu=  1.734 ft=  1.202 | control fu=  0.394 ft=  0.756 | fused/control= 4.40x
2026-07-16 12:12:07,539 [INFO]   MRR@10=0.5019  NDCG@3=0.2616  NDCG@10=0.2149
2026-07-16 12:12:07,542 [INFO] === baseline nprobe=4 ===
2026-07-16 12:12:42,764 [INFO]   k=  10: fused fu=  2.133 ft=  1.854 | control fu=  2.064 ft=  1.244 | fused/control= 1.03x
2026-07-16 12:12:47,977 [INFO]   k= 100: fused fu=  2.106 ft=  1.894 | control fu=  0.458 ft=  1.233 | fused/control= 4.60x
2026-07-16 12:12:55,727 [INFO]   k=1000: fused fu=  2.080 ft=  1.812 | control fu=  1.723 ft=  1.008 | fused/control= 1.21x
2026-07-16 12:12:55,727 [INFO]   MRR@10=0.5744  NDCG@3=0.3262  NDCG@10=0.2812
2026-07-16 12:12:55,730 [INFO] === baseline nprobe=8 ===
2026-07-16 12:13:56,041 [INFO]   k=  10: fused fu=  2.968 ft=  2.908 | control fu=  4.433 ft=  1.737 | fused/control= 0.67x
2026-07-16 12:14:09,732 [INFO]   k= 100: fused fu=  3.011 ft=  2.888 | control fu=  4.413 ft=  1.765 | fused/control= 0.68x
2026-07-16 12:14:23,793 [INFO]   k=1000: fused fu=  2.986 ft=  2.846 | control fu=  4.662 ft=  1.843 | fused/control= 0.64x
2026-07-16 12:14:23,795 [INFO]   MRR@10=0.6223  NDCG@3=0.3669  NDCG@10=0.3240
2026-07-16 12:14:23,801 [INFO] === baseline nprobe=16 ===
2026-07-16 12:15:43,308 [INFO]   k=  10: fused fu=  4.392 ft=  3.986 | control fu=  1.075 ft=  1.599 | fused/control= 4.08x
2026-07-16 12:15:54,459 [INFO]   k= 100: fused fu=  4.380 ft=  4.170 | control fu=  1.144 ft=  1.511 | fused/control= 3.83x
2026-07-16 12:16:05,434 [INFO]   k=1000: fused fu=  4.377 ft=  4.090 | control fu=  1.183 ft=  1.382 | fused/control= 3.70x
2026-07-16 12:16:05,434 [INFO]   MRR@10=0.6372  NDCG@3=0.3790  NDCG@10=0.3434
2026-07-16 12:16:05,438 [INFO] === baseline nprobe=32 ===
2026-07-16 12:18:19,387 [INFO]   k=  10: fused fu=  7.478 ft=  7.026 | control fu=  1.852 ft=  2.237 | fused/control= 4.04x
2026-07-16 12:18:37,244 [INFO]   k= 100: fused fu=  7.363 ft=  6.905 | control fu=  1.866 ft=  2.605 | fused/control= 3.95x
2026-07-16 12:18:55,221 [INFO]   k=1000: fused fu=  7.284 ft=  6.929 | control fu=  1.949 ft=  2.282 | fused/control= 3.74x
2026-07-16 12:18:55,221 [INFO]   MRR@10=0.6874  NDCG@3=0.4102  NDCG@10=0.3685
2026-07-16 12:18:55,225 [INFO] === baseline nprobe=64 ===
2026-07-16 12:21:55,025 [INFO]   k=  10: fused fu=  9.585 ft=  8.793 | control fu=  5.476 ft=  3.980 | fused/control= 1.75x
2026-07-16 12:22:23,563 [INFO]   k= 100: fused fu=  9.691 ft=  8.953 | control fu=  5.510 ft=  3.984 | fused/control= 1.76x
2026-07-16 12:22:52,236 [INFO]   k=1000: fused fu=  9.636 ft=  8.532 | control fu=  5.582 ft=  3.979 | fused/control= 1.73x
2026-07-16 12:22:52,236 [INFO]   MRR@10=0.6934  NDCG@3=0.4230  NDCG@10=0.3897
2026-07-16 12:22:52,240 [INFO] === baseline nprobe=128 ===
2026-07-16 12:26:35,845 [INFO]   k=  10: fused fu= 14.408 ft= 14.442 | control fu= 10.760 ft=  7.373 | fused/control= 1.34x
2026-07-16 12:27:24,848 [INFO]   k= 100: fused fu= 14.912 ft= 13.925 | control fu= 10.985 ft=  7.292 | fused/control= 1.36x
2026-07-16 12:28:10,992 [INFO]   k=1000: fused fu= 14.915 ft= 14.429 | control fu=  9.520 ft=  7.001 | fused/control= 1.57x
2026-07-16 12:28:10,992 [INFO]   MRR@10=0.7145  NDCG@3=0.4311  NDCG@10=0.4004
2026-07-16 12:28:10,996 [INFO] === baseline nprobe=256 ===
2026-07-16 12:32:04,034 [INFO]   k=  10: fused fu= 20.641 ft= 19.970 | control fu= 12.687 ft= 11.890 | fused/control= 1.63x
2026-07-16 12:33:06,337 [INFO]   k= 100: fused fu= 20.440 ft= 19.792 | control fu= 12.029 ft= 12.165 | fused/control= 1.70x
2026-07-16 12:34:09,764 [INFO]   k=1000: fused fu= 20.445 ft= 19.429 | control fu= 12.144 ft= 13.042 | fused/control= 1.68x
2026-07-16 12:34:09,766 [INFO]   MRR@10=0.7215  NDCG@3=0.4361  NDCG@10=0.4056
2026-07-16 12:34:09,838 [INFO] [h=512] caches built once: 1.26 ms/conv (excluded from follow-up latency; charged to first-turn TOTAL and break-even)
2026-07-16 12:34:10,461 [INFO]   h=  512 nprobe=   1 k=  10 | fu fused=  1.333 ctrl=  0.461 toploc=  0.169 | speedup total= 7.87x mech= 2.72x impl= 2.89x | breakeven=   1.1 | conv= 4.41x
2026-07-16 12:34:10,756 [INFO]   h=  512 nprobe=   1 k= 100 | fu fused=  1.284 ctrl=  0.644 toploc=  0.158 | speedup total= 8.13x mech= 4.08x impl= 1.99x | breakeven=   1.1 | conv= 4.39x
2026-07-16 12:34:11,142 [INFO]   h=  512 nprobe=   1 k=1000 | fu fused=  1.238 ctrl=  0.386 toploc=  0.199 | speedup total= 6.21x mech= 1.94x impl= 3.21x | breakeven=   1.2 | conv= 3.65x
2026-07-16 12:34:11,142 [INFO]   h=  512 nprobe=   1 recall | NDCG@10 base=0.1518 toploc=0.1495 (delta -0.0023)
2026-07-16 12:34:12,055 [INFO]   h=  512 nprobe=   2 k=  10 | fu fused=  1.698 ctrl=  0.549 toploc=  0.260 | speedup total= 6.53x mech= 2.11x impl= 3.09x | breakeven=   0.9 | conv= 3.79x
2026-07-16 12:34:12,600 [INFO]   h=  512 nprobe=   2 k= 100 | fu fused=  1.646 ctrl=  0.340 toploc=  0.251 | speedup total= 6.57x mech= 1.35x impl= 4.85x | breakeven=   0.9 | conv= 4.02x
2026-07-16 12:34:13,259 [INFO]   h=  512 nprobe=   2 k=1000 | fu fused=  1.734 ctrl=  0.394 toploc=  0.317 | speedup total= 5.46x mech= 1.24x impl= 4.40x | breakeven=   0.9 | conv= 3.49x
2026-07-16 12:34:13,260 [INFO]   h=  512 nprobe=   2 recall | NDCG@10 base=0.2149 toploc=0.2095 (delta -0.0054)
2026-07-16 12:34:14,474 [INFO]   h=  512 nprobe=   4 k=  10 | fu fused=  2.133 ctrl=  2.064 toploc=  0.381 | speedup total= 5.60x mech= 5.42x impl= 1.03x | breakeven=   0.7 | conv= 3.77x
2026-07-16 12:34:15,243 [INFO]   h=  512 nprobe=   4 k= 100 | fu fused=  2.106 ctrl=  0.458 toploc=  0.365 | speedup total= 5.77x mech= 1.25x impl= 4.60x | breakeven=   0.7 | conv= 3.90x
2026-07-16 12:34:16,069 [INFO]   h=  512 nprobe=   4 k=1000 | fu fused=  2.080 ctrl=  1.723 toploc=  0.439 | speedup total= 4.74x mech= 3.92x impl= 1.21x | breakeven=   0.8 | conv= 3.54x
2026-07-16 12:34:16,070 [INFO]   h=  512 nprobe=   4 recall | NDCG@10 base=0.2812 toploc=0.2862 (delta +0.0050)
2026-07-16 12:34:17,949 [INFO]   h=  512 nprobe=   8 k=  10 | fu fused=  2.968 ctrl=  4.433 toploc=  0.566 | speedup total= 5.24x mech= 7.83x impl= 0.67x | breakeven=   0.5 | conv= 4.22x
2026-07-16 12:34:19,176 [INFO]   h=  512 nprobe=   8 k= 100 | fu fused=  3.011 ctrl=  4.413 toploc=  0.596 | speedup total= 5.05x mech= 7.40x impl= 0.68x | breakeven=   0.5 | conv= 3.89x
2026-07-16 12:34:20,573 [INFO]   h=  512 nprobe=   8 k=1000 | fu fused=  2.986 ctrl=  4.662 toploc=  0.701 | speedup total= 4.26x mech= 6.65x impl= 0.64x | breakeven=   0.6 | conv= 3.40x
2026-07-16 12:34:20,573 [INFO]   h=  512 nprobe=   8 recall | NDCG@10 base=0.3240 toploc=0.3240 (delta +0.0000)
2026-07-16 12:34:23,293 [INFO]   h=  512 nprobe=  16 k=  10 | fu fused=  4.392 ctrl=  1.075 toploc=  0.996 | speedup total= 4.41x mech= 1.08x impl= 4.08x | breakeven=   0.4 | conv= 3.72x
2026-07-16 12:34:25,253 [INFO]   h=  512 nprobe=  16 k= 100 | fu fused=  4.380 ctrl=  1.144 toploc=  0.987 | speedup total= 4.44x mech= 1.16x impl= 3.83x | breakeven=   0.4 | conv= 3.76x
2026-07-16 12:34:27,395 [INFO]   h=  512 nprobe=  16 k=1000 | fu fused=  4.377 ctrl=  1.183 toploc=  1.106 | speedup total= 3.96x mech= 1.07x impl= 3.70x | breakeven=   0.4 | conv= 3.51x
2026-07-16 12:34:27,395 [INFO]   h=  512 nprobe=  16 recall | NDCG@10 base=0.3434 toploc=0.3407 (delta -0.0027)
2026-07-16 12:34:32,344 [INFO]   h=  512 nprobe=  32 k=  10 | fu fused=  7.478 ctrl=  1.852 toploc=  1.870 | speedup total= 4.00x mech= 0.99x impl= 4.04x | breakeven=   0.2 | conv= 3.65x
2026-07-16 12:34:35,971 [INFO]   h=  512 nprobe=  32 k= 100 | fu fused=  7.363 ctrl=  1.866 toploc=  1.883 | speedup total= 3.91x mech= 0.99x impl= 3.95x | breakeven=   0.2 | conv= 3.59x
2026-07-16 12:34:39,738 [INFO]   h=  512 nprobe=  32 k=1000 | fu fused=  7.284 ctrl=  1.949 toploc=  1.937 | speedup total= 3.76x mech= 1.01x impl= 3.74x | breakeven=   0.2 | conv= 3.45x
2026-07-16 12:34:39,738 [INFO]   h=  512 nprobe=  32 recall | NDCG@10 base=0.3685 toploc=0.3673 (delta -0.0012)
2026-07-16 12:34:48,811 [INFO]   h=  512 nprobe=  64 k=  10 | fu fused=  9.585 ctrl=  5.476 toploc=  3.497 | speedup total= 2.74x mech= 1.57x impl= 1.75x | breakeven=   0.2 | conv= 2.61x
2026-07-16 12:34:55,435 [INFO]   h=  512 nprobe=  64 k= 100 | fu fused=  9.691 ctrl=  5.510 toploc=  3.461 | speedup total= 2.80x mech= 1.59x impl= 1.76x | breakeven=   0.2 | conv= 2.67x
2026-07-16 12:35:02,301 [INFO]   h=  512 nprobe=  64 k=1000 | fu fused=  9.636 ctrl=  5.582 toploc=  3.585 | speedup total= 2.69x mech= 1.56x impl= 1.73x | breakeven=   0.2 | conv= 2.56x
2026-07-16 12:35:02,301 [INFO]   h=  512 nprobe=  64 recall | NDCG@10 base=0.3897 toploc=0.3819 (delta -0.0078)
2026-07-16 12:35:19,833 [INFO]   h=  512 nprobe= 128 k=  10 | fu fused= 14.408 ctrl= 10.760 toploc=  6.459 | speedup total= 2.23x mech= 1.67x impl= 1.34x | breakeven=   0.2 | conv= 2.21x
2026-07-16 12:35:32,245 [INFO]   h=  512 nprobe= 128 k= 100 | fu fused= 14.912 ctrl= 10.985 toploc=  6.499 | speedup total= 2.29x mech= 1.69x impl= 1.36x | breakeven=   0.1 | conv= 2.24x
2026-07-16 12:35:44,860 [INFO]   h=  512 nprobe= 128 k=1000 | fu fused= 14.915 ctrl=  9.520 toploc=  6.570 | speedup total= 2.27x mech= 1.45x impl= 1.57x | breakeven=   0.2 | conv= 2.22x
2026-07-16 12:35:44,860 [INFO]   h=  512 nprobe= 128 recall | NDCG@10 base=0.4004 toploc=0.3892 (delta -0.0112)
2026-07-16 12:36:22,255 [INFO]   h=  512 nprobe= 256 k=  10 | fu fused= 20.641 ctrl= 12.687 toploc= 12.642 | speedup total= 1.63x mech= 1.00x impl= 1.63x | breakeven=   0.2 | conv= 1.62x
2026-07-16 12:36:46,423 [INFO]   h=  512 nprobe= 256 k= 100 | fu fused= 20.440 ctrl= 12.029 toploc= 12.680 | speedup total= 1.61x mech= 0.95x impl= 1.70x | breakeven=   0.2 | conv= 1.60x
2026-07-16 12:37:10,892 [INFO]   h=  512 nprobe= 256 k=1000 | fu fused= 20.445 ctrl= 12.144 toploc= 12.752 | speedup total= 1.60x mech= 0.95x impl= 1.68x | breakeven=   0.2 | conv= 1.58x
2026-07-16 12:37:10,893 [INFO]   h=  512 nprobe= 256 recall | NDCG@10 base=0.4056 toploc=0.3903 (delta -0.0154)
2026-07-16 12:37:10,977 [INFO] [h=1024] caches built once: 1.60 ms/conv (excluded from follow-up latency; charged to first-turn TOTAL and break-even)
2026-07-16 12:37:11,787 [INFO]   h= 1024 nprobe=   1 k=  10 | fu fused=  1.333 ctrl=  0.461 toploc=  0.219 | speedup total= 6.10x mech= 2.11x impl= 2.89x | breakeven=   1.4 | conv= 3.01x
2026-07-16 12:37:12,278 [INFO]   h= 1024 nprobe=   1 k= 100 | fu fused=  1.284 ctrl=  0.644 toploc=  0.206 | speedup total= 6.23x mech= 3.12x impl= 1.99x | breakeven=   1.5 | conv= 2.97x
2026-07-16 12:37:12,771 [INFO]   h= 1024 nprobe=   1 k=1000 | fu fused=  1.238 ctrl=  0.386 toploc=  0.261 | speedup total= 4.75x mech= 1.48x impl= 3.21x | breakeven=   1.6 | conv= 2.87x
2026-07-16 12:37:12,771 [INFO]   h= 1024 nprobe=   1 recall | NDCG@10 base=0.1518 toploc=0.1526 (delta +0.0008)
2026-07-16 12:37:13,610 [INFO]   h= 1024 nprobe=   2 k=  10 | fu fused=  1.698 ctrl=  0.549 toploc=  0.221 | speedup total= 7.66x mech= 2.48x impl= 3.09x | breakeven=   1.1 | conv= 4.30x
2026-07-16 12:37:14,029 [INFO]   h= 1024 nprobe=   2 k= 100 | fu fused=  1.646 ctrl=  0.340 toploc=  0.226 | speedup total= 7.28x mech= 1.50x impl= 4.85x | breakeven=   1.1 | conv= 4.15x
2026-07-16 12:37:14,585 [INFO]   h= 1024 nprobe=   2 k=1000 | fu fused=  1.734 ctrl=  0.394 toploc=  0.294 | speedup total= 5.90x mech= 1.34x impl= 4.40x | breakeven=   1.1 | conv= 3.69x
2026-07-16 12:37:14,585 [INFO]   h= 1024 nprobe=   2 recall | NDCG@10 base=0.2149 toploc=0.2143 (delta -0.0006)
2026-07-16 12:37:15,796 [INFO]   h= 1024 nprobe=   4 k=  10 | fu fused=  2.133 ctrl=  2.064 toploc=  0.401 | speedup total= 5.32x mech= 5.15x impl= 1.03x | breakeven=   0.9 | conv= 3.46x
2026-07-16 12:37:16,638 [INFO]   h= 1024 nprobe=   4 k= 100 | fu fused=  2.106 ctrl=  0.458 toploc=  0.406 | speedup total= 5.18x mech= 1.13x impl= 4.60x | breakeven=   0.9 | conv= 3.40x
2026-07-16 12:37:17,629 [INFO]   h= 1024 nprobe=   4 k=1000 | fu fused=  2.080 ctrl=  1.723 toploc=  0.470 | speedup total= 4.43x mech= 3.67x impl= 1.21x | breakeven=   1.0 | conv= 3.05x
2026-07-16 12:37:17,629 [INFO]   h= 1024 nprobe=   4 recall | NDCG@10 base=0.2812 toploc=0.2833 (delta +0.0021)
2026-07-16 12:37:19,448 [INFO]   h= 1024 nprobe=   8 k=  10 | fu fused=  2.968 ctrl=  4.433 toploc=  0.616 | speedup total= 4.82x mech= 7.20x impl= 0.67x | breakeven=   0.7 | conv= 3.57x
2026-07-16 12:37:20,775 [INFO]   h= 1024 nprobe=   8 k= 100 | fu fused=  3.011 ctrl=  4.413 toploc=  0.634 | speedup total= 4.75x mech= 6.96x impl= 0.68x | breakeven=   0.7 | conv= 3.55x
2026-07-16 12:37:22,237 [INFO]   h= 1024 nprobe=   8 k=1000 | fu fused=  2.986 ctrl=  4.662 toploc=  0.715 | speedup total= 4.17x mech= 6.52x impl= 0.64x | breakeven=   0.7 | conv= 3.24x
2026-07-16 12:37:22,237 [INFO]   h= 1024 nprobe=   8 recall | NDCG@10 base=0.3240 toploc=0.3253 (delta +0.0013)
2026-07-16 12:37:25,095 [INFO]   h= 1024 nprobe=  16 k=  10 | fu fused=  4.392 ctrl=  1.075 toploc=  1.057 | speedup total= 4.15x mech= 1.02x impl= 4.08x | breakeven=   0.5 | conv= 3.47x
2026-07-16 12:37:27,197 [INFO]   h= 1024 nprobe=  16 k= 100 | fu fused=  4.380 ctrl=  1.144 toploc=  1.069 | speedup total= 4.10x mech= 1.07x impl= 3.83x | breakeven=   0.5 | conv= 3.43x
2026-07-16 12:37:29,477 [INFO]   h= 1024 nprobe=  16 k=1000 | fu fused=  4.377 ctrl=  1.183 toploc=  1.154 | speedup total= 3.79x mech= 1.03x impl= 3.70x | breakeven=   0.5 | conv= 3.23x
2026-07-16 12:37:29,477 [INFO]   h= 1024 nprobe=  16 recall | NDCG@10 base=0.3434 toploc=0.3433 (delta -0.0001)
2026-07-16 12:37:34,754 [INFO]   h= 1024 nprobe=  32 k=  10 | fu fused=  7.478 ctrl=  1.852 toploc=  2.018 | speedup total= 3.71x mech= 0.92x impl= 4.04x | breakeven=   0.3 | conv= 3.34x
2026-07-16 12:37:38,561 [INFO]   h= 1024 nprobe=  32 k= 100 | fu fused=  7.363 ctrl=  1.866 toploc=  1.891 | speedup total= 3.89x mech= 0.99x impl= 3.95x | breakeven=   0.3 | conv= 3.49x
2026-07-16 12:37:42,266 [INFO]   h= 1024 nprobe=  32 k=1000 | fu fused=  7.284 ctrl=  1.949 toploc=  1.925 | speedup total= 3.78x mech= 1.01x impl= 3.74x | breakeven=   0.3 | conv= 3.50x
2026-07-16 12:37:42,266 [INFO]   h= 1024 nprobe=  32 recall | NDCG@10 base=0.3685 toploc=0.3723 (delta +0.0038)
2026-07-16 12:37:50,907 [INFO]   h= 1024 nprobe=  64 k=  10 | fu fused=  9.585 ctrl=  5.476 toploc=  3.496 | speedup total= 2.74x mech= 1.57x impl= 1.75x | breakeven=   0.3 | conv= 2.59x
2026-07-16 12:37:57,991 [INFO]   h= 1024 nprobe=  64 k= 100 | fu fused=  9.691 ctrl=  5.510 toploc=  3.701 | speedup total= 2.62x mech= 1.49x impl= 1.76x | breakeven=   0.3 | conv= 2.46x
2026-07-16 12:38:05,604 [INFO]   h= 1024 nprobe=  64 k=1000 | fu fused=  9.636 ctrl=  5.582 toploc=  3.917 | speedup total= 2.46x mech= 1.43x impl= 1.73x | breakeven=   0.3 | conv= 2.32x
2026-07-16 12:38:05,612 [INFO]   h= 1024 nprobe=  64 recall | NDCG@10 base=0.3897 toploc=0.3839 (delta -0.0058)
2026-07-16 12:38:24,424 [INFO]   h= 1024 nprobe= 128 k=  10 | fu fused= 14.408 ctrl= 10.760 toploc=  6.900 | speedup total= 2.09x mech= 1.56x impl= 1.34x | breakeven=   0.2 | conv= 2.03x
2026-07-16 12:38:37,709 [INFO]   h= 1024 nprobe= 128 k= 100 | fu fused= 14.912 ctrl= 10.985 toploc=  6.933 | speedup total= 2.15x mech= 1.58x impl= 1.36x | breakeven=   0.2 | conv= 2.08x
2026-07-16 12:38:51,480 [INFO]   h= 1024 nprobe= 128 k=1000 | fu fused= 14.915 ctrl=  9.520 toploc=  7.177 | speedup total= 2.08x mech= 1.33x impl= 1.57x | breakeven=   0.2 | conv= 2.02x
2026-07-16 12:38:51,481 [INFO]   h= 1024 nprobe= 128 recall | NDCG@10 base=0.4004 toploc=0.3945 (delta -0.0060)
2026-07-16 12:39:31,926 [INFO]   h= 1024 nprobe= 256 k=  10 | fu fused= 20.641 ctrl= 12.687 toploc= 13.329 | speedup total= 1.55x mech= 0.95x impl= 1.63x | breakeven=   0.2 | conv= 1.53x
2026-07-16 12:39:57,019 [INFO]   h= 1024 nprobe= 256 k= 100 | fu fused= 20.440 ctrl= 12.029 toploc= 13.063 | speedup total= 1.56x mech= 0.92x impl= 1.70x | breakeven=   0.2 | conv= 1.55x
2026-07-16 12:40:21,873 [INFO]   h= 1024 nprobe= 256 k=1000 | fu fused= 20.445 ctrl= 12.144 toploc= 13.017 | speedup total= 1.57x mech= 0.93x impl= 1.68x | breakeven=   0.2 | conv= 1.55x
2026-07-16 12:40:21,873 [INFO]   h= 1024 nprobe= 256 recall | NDCG@10 base=0.4056 toploc=0.3975 (delta -0.0081)
2026-07-16 12:40:22,185 [INFO] [h=4096] caches built once: 5.98 ms/conv (excluded from follow-up latency; charged to first-turn TOTAL and break-even)
2026-07-16 12:40:23,199 [INFO]   h= 4096 nprobe=   1 k=  10 | fu fused=  1.333 ctrl=  0.461 toploc=  0.319 | speedup total= 4.18x mech= 1.45x impl= 2.89x | breakeven=   5.9 | conv= 1.33x
2026-07-16 12:40:23,855 [INFO]   h= 4096 nprobe=   1 k= 100 | fu fused=  1.284 ctrl=  0.644 toploc=  0.316 | speedup total= 4.06x mech= 2.04x impl= 1.99x | breakeven=   6.2 | conv= 1.28x
2026-07-16 12:40:24,593 [INFO]   h= 4096 nprobe=   1 k=1000 | fu fused=  1.238 ctrl=  0.386 toploc=  0.359 | speedup total= 3.45x mech= 1.07x impl= 3.21x | breakeven=   6.8 | conv= 1.18x
2026-07-16 12:40:24,601 [INFO]   h= 4096 nprobe=   1 recall | NDCG@10 base=0.1518 toploc=0.1493 (delta -0.0025)
2026-07-16 12:40:25,837 [INFO]   h= 4096 nprobe=   2 k=  10 | fu fused=  1.698 ctrl=  0.549 toploc=  0.388 | speedup total= 4.38x mech= 1.41x impl= 3.09x | breakeven=   4.6 | conv= 1.58x
2026-07-16 12:40:26,648 [INFO]   h= 4096 nprobe=   2 k= 100 | fu fused=  1.646 ctrl=  0.340 toploc=  0.394 | speedup total= 4.18x mech= 0.86x impl= 4.85x | breakeven=   4.8 | conv= 1.53x
2026-07-16 12:40:27,523 [INFO]   h= 4096 nprobe=   2 k=1000 | fu fused=  1.734 ctrl=  0.394 toploc=  0.457 | speedup total= 3.79x mech= 0.86x impl= 4.40x | breakeven=   4.7 | conv= 1.56x
2026-07-16 12:40:27,524 [INFO]   h= 4096 nprobe=   2 recall | NDCG@10 base=0.2149 toploc=0.2121 (delta -0.0028)
2026-07-16 12:40:29,078 [INFO]   h= 4096 nprobe=   4 k=  10 | fu fused=  2.133 ctrl=  2.064 toploc=  0.531 | speedup total= 4.02x mech= 3.89x impl= 1.03x | breakeven=   3.7 | conv= 1.78x
2026-07-16 12:40:30,150 [INFO]   h= 4096 nprobe=   4 k= 100 | fu fused=  2.106 ctrl=  0.458 toploc=  0.534 | speedup total= 3.94x mech= 0.86x impl= 4.60x | breakeven=   3.8 | conv= 1.75x
2026-07-16 12:40:31,313 [INFO]   h= 4096 nprobe=   4 k=1000 | fu fused=  2.080 ctrl=  1.723 toploc=  0.582 | speedup total= 3.57x mech= 2.96x impl= 1.21x | breakeven=   4.0 | conv= 1.66x
2026-07-16 12:40:31,314 [INFO]   h= 4096 nprobe=   4 recall | NDCG@10 base=0.2812 toploc=0.2857 (delta +0.0045)
2026-07-16 12:40:33,413 [INFO]   h= 4096 nprobe=   8 k=  10 | fu fused=  2.968 ctrl=  4.433 toploc=  0.755 | speedup total= 3.93x mech= 5.87x impl= 0.67x | breakeven=   2.7 | conv= 2.10x
2026-07-16 12:40:34,915 [INFO]   h= 4096 nprobe=   8 k= 100 | fu fused=  3.011 ctrl=  4.413 toploc=  0.751 | speedup total= 4.01x mech= 5.88x impl= 0.68x | breakeven=   2.6 | conv= 2.14x
2026-07-16 12:40:36,528 [INFO]   h= 4096 nprobe=   8 k=1000 | fu fused=  2.986 ctrl=  4.662 toploc=  0.822 | speedup total= 3.63x mech= 5.67x impl= 0.64x | breakeven=   2.8 | conv= 2.02x
2026-07-16 12:40:36,528 [INFO]   h= 4096 nprobe=   8 recall | NDCG@10 base=0.3240 toploc=0.3209 (delta -0.0030)
2026-07-16 12:40:39,653 [INFO]   h= 4096 nprobe=  16 k=  10 | fu fused=  4.392 ctrl=  1.075 toploc=  1.197 | speedup total= 3.67x mech= 0.90x impl= 4.08x | breakeven=   1.9 | conv= 2.36x
2026-07-16 12:40:41,985 [INFO]   h= 4096 nprobe=  16 k= 100 | fu fused=  4.380 ctrl=  1.144 toploc=  1.195 | speedup total= 3.67x mech= 0.96x impl= 3.83x | breakeven=   1.9 | conv= 2.37x
2026-07-16 12:40:44,519 [INFO]   h= 4096 nprobe=  16 k=1000 | fu fused=  4.377 ctrl=  1.183 toploc=  1.306 | speedup total= 3.35x mech= 0.91x impl= 3.70x | breakeven=   1.9 | conv= 2.24x
2026-07-16 12:40:44,520 [INFO]   h= 4096 nprobe=  16 recall | NDCG@10 base=0.3434 toploc=0.3430 (delta -0.0005)
2026-07-16 12:40:49,792 [INFO]   h= 4096 nprobe=  32 k=  10 | fu fused=  7.478 ctrl=  1.852 toploc=  2.070 | speedup total= 3.61x mech= 0.89x impl= 4.04x | breakeven=   1.1 | conv= 2.75x
2026-07-16 12:40:53,803 [INFO]   h= 4096 nprobe=  32 k= 100 | fu fused=  7.363 ctrl=  1.866 toploc=  2.078 | speedup total= 3.54x mech= 0.90x impl= 3.95x | breakeven=   1.1 | conv= 2.69x
2026-07-16 12:40:57,953 [INFO]   h= 4096 nprobe=  32 k=1000 | fu fused=  7.284 ctrl=  1.949 toploc=  2.149 | speedup total= 3.39x mech= 0.91x impl= 3.74x | breakeven=   1.2 | conv= 2.59x
2026-07-16 12:40:57,953 [INFO]   h= 4096 nprobe=  32 recall | NDCG@10 base=0.3685 toploc=0.3707 (delta +0.0022)
2026-07-16 12:41:07,063 [INFO]   h= 4096 nprobe=  64 k=  10 | fu fused=  9.585 ctrl=  5.476 toploc=  3.714 | speedup total= 2.58x mech= 1.47x impl= 1.75x | breakeven=   1.0 | conv= 2.20x
2026-07-16 12:41:14,140 [INFO]   h= 4096 nprobe=  64 k= 100 | fu fused=  9.691 ctrl=  5.510 toploc=  3.695 | speedup total= 2.62x mech= 1.49x impl= 1.76x | breakeven=   1.0 | conv= 2.23x
2026-07-16 12:41:21,358 [INFO]   h= 4096 nprobe=  64 k=1000 | fu fused=  9.636 ctrl=  5.582 toploc=  3.795 | speedup total= 2.54x mech= 1.47x impl= 1.73x | breakeven=   1.0 | conv= 2.17x
2026-07-16 12:41:21,358 [INFO]   h= 4096 nprobe=  64 recall | NDCG@10 base=0.3897 toploc=0.3837 (delta -0.0060)
2026-07-16 12:41:38,839 [INFO]   h= 4096 nprobe= 128 k=  10 | fu fused= 14.408 ctrl= 10.760 toploc=  6.856 | speedup total= 2.10x mech= 1.57x impl= 1.34x | breakeven=   0.8 | conv= 1.94x
2026-07-16 12:41:51,985 [INFO]   h= 4096 nprobe= 128 k= 100 | fu fused= 14.912 ctrl= 10.985 toploc=  6.892 | speedup total= 2.16x mech= 1.59x impl= 1.36x | breakeven=   0.7 | conv= 1.98x
2026-07-16 12:42:05,376 [INFO]   h= 4096 nprobe= 128 k=1000 | fu fused= 14.915 ctrl=  9.520 toploc=  7.037 | speedup total= 2.12x mech= 1.35x impl= 1.57x | breakeven=   0.8 | conv= 1.95x
2026-07-16 12:42:05,376 [INFO]   h= 4096 nprobe= 128 recall | NDCG@10 base=0.4004 toploc=0.3940 (delta -0.0064)
2026-07-16 12:42:47,078 [INFO]   h= 4096 nprobe= 256 k=  10 | fu fused= 20.641 ctrl= 12.687 toploc= 12.959 | speedup total= 1.59x mech= 0.98x impl= 1.63x | breakeven=   0.8 | conv= 1.52x
2026-07-16 12:43:11,995 [INFO]   h= 4096 nprobe= 256 k= 100 | fu fused= 20.440 ctrl= 12.029 toploc= 13.105 | speedup total= 1.56x mech= 0.92x impl= 1.70x | breakeven=   0.8 | conv= 1.49x
2026-07-16 12:43:37,196 [INFO]   h= 4096 nprobe= 256 k=1000 | fu fused= 20.445 ctrl= 12.144 toploc= 13.345 | speedup total= 1.53x mech= 0.91x impl= 1.68x | breakeven=   0.8 | conv= 1.47x
2026-07-16 12:43:37,197 [INFO]   h= 4096 nprobe= 256 recall | NDCG@10 base=0.4056 toploc=0.3994 (delta -0.0063)
2026-07-16 12:43:37,724 [INFO] [h=8192] caches built once: 10.03 ms/conv (excluded from follow-up latency; charged to first-turn TOTAL and break-even)
2026-07-16 12:43:38,933 [INFO]   h= 8192 nprobe=   1 k=  10 | fu fused=  1.333 ctrl=  0.461 toploc=  0.414 | speedup total= 3.22x mech= 1.11x impl= 2.89x | breakeven=  10.9 | conv= 0.87x
2026-07-16 12:43:39,790 [INFO]   h= 8192 nprobe=   1 k= 100 | fu fused=  1.284 ctrl=  0.644 toploc=  0.426 | speedup total= 3.01x mech= 1.51x impl= 1.99x | breakeven=  11.7 | conv= 0.83x
2026-07-16 12:43:40,720 [INFO]   h= 8192 nprobe=   1 k=1000 | fu fused=  1.238 ctrl=  0.386 toploc=  0.493 | speedup total= 2.51x mech= 0.78x impl= 3.21x | breakeven=  13.5 | conv= 0.78x
2026-07-16 12:43:40,720 [INFO]   h= 8192 nprobe=   1 recall | NDCG@10 base=0.1518 toploc=0.1465 (delta -0.0054)
2026-07-16 12:43:42,162 [INFO]   h= 8192 nprobe=   2 k=  10 | fu fused=  1.698 ctrl=  0.549 toploc=  0.508 | speedup total= 3.34x mech= 1.08x impl= 3.09x | breakeven=   8.4 | conv= 1.05x
2026-07-16 12:43:43,078 [INFO]   h= 8192 nprobe=   2 k= 100 | fu fused=  1.646 ctrl=  0.340 toploc=  0.493 | speedup total= 3.34x mech= 0.69x impl= 4.85x | breakeven=   8.7 | conv= 1.07x
2026-07-16 12:43:44,166 [INFO]   h= 8192 nprobe=   2 k=1000 | fu fused=  1.734 ctrl=  0.394 toploc=  0.555 | speedup total= 3.12x mech= 0.71x impl= 4.40x | breakeven=   8.5 | conv= 1.04x
2026-07-16 12:43:44,166 [INFO]   h= 8192 nprobe=   2 recall | NDCG@10 base=0.2149 toploc=0.2131 (delta -0.0019)
2026-07-16 12:43:45,996 [INFO]   h= 8192 nprobe=   4 k=  10 | fu fused=  2.133 ctrl=  2.064 toploc=  0.648 | speedup total= 3.29x mech= 3.19x impl= 1.03x | breakeven=   6.8 | conv= 1.23x
2026-07-16 12:43:47,300 [INFO]   h= 8192 nprobe=   4 k= 100 | fu fused=  2.106 ctrl=  0.458 toploc=  0.675 | speedup total= 3.12x mech= 0.68x impl= 4.60x | breakeven=   7.0 | conv= 1.20x
2026-07-16 12:43:48,694 [INFO]   h= 8192 nprobe=   4 k=1000 | fu fused=  2.080 ctrl=  1.723 toploc=  0.710 | speedup total= 2.93x mech= 2.43x impl= 1.21x | breakeven=   7.3 | conv= 1.16x
2026-07-16 12:43:48,694 [INFO]   h= 8192 nprobe=   4 recall | NDCG@10 base=0.2812 toploc=0.2773 (delta -0.0039)
2026-07-16 12:43:50,992 [INFO]   h= 8192 nprobe=   8 k=  10 | fu fused=  2.968 ctrl=  4.433 toploc=  0.857 | speedup total= 3.46x mech= 5.17x impl= 0.67x | breakeven=   4.8 | conv= 1.57x
2026-07-16 12:43:52,602 [INFO]   h= 8192 nprobe=   8 k= 100 | fu fused=  3.011 ctrl=  4.413 toploc=  0.844 | speedup total= 3.57x mech= 5.23x impl= 0.68x | breakeven=   4.6 | conv= 1.58x
2026-07-16 12:43:54,479 [INFO]   h= 8192 nprobe=   8 k=1000 | fu fused=  2.986 ctrl=  4.662 toploc=  0.975 | speedup total= 3.06x mech= 4.78x impl= 0.64x | breakeven=   5.0 | conv= 1.46x
2026-07-16 12:43:54,479 [INFO]   h= 8192 nprobe=   8 recall | NDCG@10 base=0.3240 toploc=0.3226 (delta -0.0014)
2026-07-16 12:43:57,858 [INFO]   h= 8192 nprobe=  16 k=  10 | fu fused=  4.392 ctrl=  1.075 toploc=  1.311 | speedup total= 3.35x mech= 0.82x impl= 4.08x | breakeven=   3.3 | conv= 1.84x
2026-07-16 12:44:00,373 [INFO]   h= 8192 nprobe=  16 k= 100 | fu fused=  4.380 ctrl=  1.144 toploc=  1.305 | speedup total= 3.36x mech= 0.88x impl= 3.83x | breakeven=   3.3 | conv= 1.85x
2026-07-16 12:44:03,034 [INFO]   h= 8192 nprobe=  16 k=1000 | fu fused=  4.377 ctrl=  1.183 toploc=  1.394 | speedup total= 3.14x mech= 0.85x impl= 3.70x | breakeven=   3.4 | conv= 1.79x
2026-07-16 12:44:03,034 [INFO]   h= 8192 nprobe=  16 recall | NDCG@10 base=0.3434 toploc=0.3431 (delta -0.0003)
2026-07-16 12:44:08,907 [INFO]   h= 8192 nprobe=  32 k=  10 | fu fused=  7.478 ctrl=  1.852 toploc=  2.446 | speedup total= 3.06x mech= 0.76x impl= 4.04x | breakeven=   2.0 | conv= 2.13x
2026-07-16 12:44:13,036 [INFO]   h= 8192 nprobe=  32 k= 100 | fu fused=  7.363 ctrl=  1.866 toploc=  2.121 | speedup total= 3.47x mech= 0.88x impl= 3.95x | breakeven=   1.9 | conv= 2.31x
2026-07-16 12:44:17,167 [INFO]   h= 8192 nprobe=  32 k=1000 | fu fused=  7.284 ctrl=  1.949 toploc=  2.204 | speedup total= 3.30x mech= 0.88x impl= 3.74x | breakeven=   2.0 | conv= 2.26x
2026-07-16 12:44:17,167 [INFO]   h= 8192 nprobe=  32 recall | NDCG@10 base=0.3685 toploc=0.3682 (delta -0.0003)
2026-07-16 12:44:26,482 [INFO]   h= 8192 nprobe=  64 k=  10 | fu fused=  9.585 ctrl=  5.476 toploc=  3.791 | speedup total= 2.53x mech= 1.44x impl= 1.75x | breakeven=   1.7 | conv= 1.96x
2026-07-16 12:44:34,129 [INFO]   h= 8192 nprobe=  64 k= 100 | fu fused=  9.691 ctrl=  5.510 toploc=  3.990 | speedup total= 2.43x mech= 1.38x impl= 1.76x | breakeven=   1.8 | conv= 1.91x
2026-07-16 12:44:42,054 [INFO]   h= 8192 nprobe=  64 k=1000 | fu fused=  9.636 ctrl=  5.582 toploc=  4.115 | speedup total= 2.34x mech= 1.36x impl= 1.73x | breakeven=   1.8 | conv= 1.85x
2026-07-16 12:44:42,054 [INFO]   h= 8192 nprobe=  64 recall | NDCG@10 base=0.3897 toploc=0.3880 (delta -0.0017)
2026-07-16 12:44:59,510 [INFO]   h= 8192 nprobe= 128 k=  10 | fu fused= 14.408 ctrl= 10.760 toploc=  7.175 | speedup total= 2.01x mech= 1.50x impl= 1.34x | breakeven=   1.4 | conv= 1.76x
2026-07-16 12:45:13,341 [INFO]   h= 8192 nprobe= 128 k= 100 | fu fused= 14.912 ctrl= 10.985 toploc=  7.255 | speedup total= 2.06x mech= 1.51x impl= 1.36x | breakeven=   1.3 | conv= 1.79x
2026-07-16 12:45:27,513 [INFO]   h= 8192 nprobe= 128 k=1000 | fu fused= 14.915 ctrl=  9.520 toploc=  7.469 | speedup total= 2.00x mech= 1.27x impl= 1.57x | breakeven=   1.3 | conv= 1.75x
2026-07-16 12:45:27,513 [INFO]   h= 8192 nprobe= 128 recall | NDCG@10 base=0.4004 toploc=0.3981 (delta -0.0024)
2026-07-16 12:46:01,946 [INFO]   h= 8192 nprobe= 256 k=  10 | fu fused= 20.641 ctrl= 12.687 toploc= 13.481 | speedup total= 1.53x mech= 0.94x impl= 1.63x | breakeven=   1.4 | conv= 1.42x
2026-07-16 12:46:27,476 [INFO]   h= 8192 nprobe= 256 k= 100 | fu fused= 20.440 ctrl= 12.029 toploc= 13.263 | speedup total= 1.54x mech= 0.91x impl= 1.70x | breakeven=   1.4 | conv= 1.43x
2026-07-16 12:46:52,657 [INFO]   h= 8192 nprobe= 256 k=1000 | fu fused= 20.445 ctrl= 12.144 toploc= 13.201 | speedup total= 1.55x mech= 0.92x impl= 1.68x | breakeven=   1.4 | conv= 1.44x
2026-07-16 12:46:52,657 [INFO]   h= 8192 nprobe= 256 recall | NDCG@10 base=0.4056 toploc=0.4029 (delta -0.0028)
2026-07-16 12:46:52,685 [INFO] Done. Results saved to /home/toploc1/Datasets/toploc1/IVF/dragon/metrics_ivf_toploc_v11.json
