2026-06-19 00:49:34,054 [INFO] Total files found: 194
2026-06-19 00:51:29,396 [INFO] Vector dimension: 1024
2026-06-19 00:51:29,417 [INFO] HNSW index created: d=1024, M=64, efConstruction=500
2026-06-19 01:48:56,389 [INFO] [10/194] Indexed: 2,000,000 vectors
2026-06-19 02:47:59,642 [INFO] [20/194] Indexed: 4,000,000 vectors
2026-06-19 03:45:24,240 [INFO] [30/194] Indexed: 6,000,000 vectors
2026-06-19 04:41:58,216 [INFO] [40/194] Indexed: 8,000,000 vectors
2026-06-19 05:47:59,431 [INFO] [50/194] Indexed: 10,000,000 vectors
2026-06-19 05:47:59,432 [INFO] Saving checkpoint at file 50...
2026-06-19 05:54:42,194 [INFO] Checkpoint saved.
2026-06-19 07:08:04,160 [INFO] [60/194] Indexed: 12,000,000 vectors
2026-06-19 08:22:47,049 [INFO] [70/194] Indexed: 14,000,000 vectors
2026-06-19 09:37:31,046 [INFO] [80/194] Indexed: 16,000,000 vectors
2026-06-19 10:56:17,668 [INFO] [90/194] Indexed: 18,000,000 vectors
2026-06-19 12:12:01,378 [INFO] [100/194] Indexed: 20,000,000 vectors
2026-06-19 12:12:01,379 [INFO] Saving checkpoint at file 100...
2026-06-19 12:25:50,487 [INFO] Checkpoint saved.
2026-06-19 13:36:45,832 [INFO] [110/194] Indexed: 21,845,725 vectors
2026-06-19 14:52:49,781 [INFO] Total files found: 194
2026-06-19 15:14:56,194 [INFO] Resuming from file 100/194, index has 20,000,000 vectors
2026-06-19 16:24:17,940 [INFO] [110/194] Indexed: 21,845,725 vectors
2026-06-19 17:39:05,169 [INFO] [120/194] Indexed: 23,845,725 vectors
2026-06-19 18:56:35,143 [INFO] [130/194] Indexed: 25,845,725 vectors
2026-06-19 20:10:07,691 [INFO] [140/194] Indexed: 27,845,725 vectors
2026-06-19 21:23:42,982 [INFO] [150/194] Indexed: 29,845,725 vectors
2026-06-19 21:23:42,982 [INFO] Saving checkpoint at file 150...
2026-06-19 21:43:47,949 [INFO] Checkpoint saved.
2026-06-19 22:57:27,498 [INFO] [160/194] Indexed: 31,845,725 vectors
2026-06-20 00:11:09,719 [INFO] [170/194] Indexed: 33,845,725 vectors
2026-06-20 01:18:51,854 [INFO] Total files found: 194
2026-06-20 22:41:56,010 [INFO] Total files found: 194
2026-06-20 23:07:39,241 [INFO] Resuming from file 150/194, index has 29,845,725 vectors
2026-06-21 00:26:11,042 [INFO] [160/194] Indexed: 31,845,725 vectors
2026-06-21 01:40:06,952 [INFO] [170/194] Indexed: 33,845,725 vectors
2026-06-21 02:53:45,116 [INFO] [180/194] Indexed: 35,845,725 vectors
2026-06-21 04:07:26,410 [INFO] [190/194] Indexed: 37,845,725 vectors
2026-06-21 04:36:34,476 [INFO] Total vectors indexed: 38,636,446
2026-06-21 04:36:34,476 [INFO] Saving final index and ID map...
2026-06-21 05:02:36,210 [INFO] Pipeline complete.
2026-06-21 05:02:36,211 [INFO] Index saved to:  /home/toploc1/Datasets/toploc1/indexes/HNSW_indexes/treccast_hnsw_M64.index
2026-06-21 05:02:36,211 [INFO] IDs saved to:    /home/toploc1/Datasets/toploc1/indexes/HNSW_indexes/treccast_hnsw_idsM64.npy
