nohup: ignoring input
2026-07-22 23:45:01,342 [INFO] Queries: 208 | dim=769 (768 + 1 MIPS dim)
2026-07-22 23:45:01,343 [INFO] Conversations: 25 | turns/conv min=6 max=11
2026-07-22 23:45:01,343 [INFO] Followup queries: 183 (single batched level-0 call per config)
2026-07-22 23:45:01,438 [INFO] Loaded qrels: 208 queries, 40451 judgments
2026-07-22 23:45:01,484 [INFO] ##################  M = 16  ##################
2026-07-22 23:45:01,484 [INFO] Loading index from /home/toploc1/Datasets/toploc1/indexes/Dragon/HNSW/treccast_hnsw_M16_dragon_mips.index (~119 GB, be patient)
2026-07-23 00:18:40,307 [INFO] [M=16] Index: 38,636,446 vectors | entry_point=2646813 | max_level=6 | metric=L2
2026-07-23 00:19:06,144 [INFO] [M=16] Timing: 5 reps per config, reporting median
2026-07-23 00:19:06,144 [INFO] ##### [M=16] THREAD MODE: multi (omp_set_num_threads=28) #####
2026-07-23 00:19:06,144 [INFO] Warmup pass ...
2026-07-23 00:19:06,245 [INFO] === [M=16] BASELINE HNSW [multi] ===
2026-07-23 00:19:06,976 [INFO] [M=16/multi] ef=1     avg=  0.121ms (± 0.004) MRR@10=0.1356 NDCG@3=0.0719 NDCG@10=0.0562
2026-07-23 00:19:07,130 [INFO] [M=16/multi] ef=2     avg=  0.124ms (± 0.004) MRR@10=0.2318 NDCG@3=0.1357 NDCG@10=0.1186
2026-07-23 00:19:07,294 [INFO] [M=16/multi] ef=4     avg=  0.130ms (± 0.003) MRR@10=0.3846 NDCG@3=0.2412 NDCG@10=0.2248
2026-07-23 00:19:07,456 [INFO] [M=16/multi] ef=8     avg=  0.137ms (± 0.011) MRR@10=0.5277 NDCG@3=0.3307 NDCG@10=0.3124
2026-07-23 00:19:07,631 [INFO] [M=16/multi] ef=16    avg=  0.143ms (± 0.008) MRR@10=0.6134 NDCG@3=0.3763 NDCG@10=0.3568
2026-07-23 00:19:07,822 [INFO] [M=16/multi] ef=32    avg=  0.155ms (± 0.010) MRR@10=0.6463 NDCG@3=0.3949 NDCG@10=0.3805
2026-07-23 00:19:08,047 [INFO] [M=16/multi] ef=64    avg=  0.192ms (± 0.003) MRR@10=0.7177 NDCG@3=0.4465 NDCG@10=0.4307
2026-07-23 00:19:08,342 [INFO] [M=16/multi] ef=128   avg=  0.262ms (± 0.005) MRR@10=0.7502 NDCG@3=0.4664 NDCG@10=0.4528
2026-07-23 00:19:08,779 [INFO] [M=16/multi] ef=256   avg=  0.395ms (± 0.009) MRR@10=0.7619 NDCG@3=0.4756 NDCG@10=0.4643
2026-07-23 00:19:09,715 [INFO] [M=16/multi] ef=512   avg=  0.878ms (± 0.014) MRR@10=0.7659 NDCG@3=0.4777 NDCG@10=0.4640
2026-07-23 00:19:11,365 [INFO] [M=16/multi] ef=1024  avg=  1.540ms (± 0.067) MRR@10=0.7651 NDCG@3=0.4755 NDCG@10=0.4649
2026-07-23 00:19:15,719 [INFO] [M=16/multi] ef=2048  avg=  4.140ms (± 0.055) MRR@10=0.7651 NDCG@3=0.4755 NDCG@10=0.4649
2026-07-23 00:19:31,981 [INFO] [M=16/multi] ef=4096  avg= 15.639ms (± 0.145) MRR@10=0.7651 NDCG@3=0.4755 NDCG@10=0.4649
2026-07-23 00:19:31,981 [INFO] === [M=16] TopLoc HNSW (batched) [multi] ===
2026-07-23 00:19:32,023 [INFO] [M=16/multi/batched] up=1  ef=1     avg=  0.009ms (q0=  0.015 sub/query=  0.009) speedup=12.869x fu_speedup=14.112x MRR@10=0.1587 NDCG@3=0.0970 NDCG@10=0.0754
2026-07-23 00:19:32,069 [INFO] [M=16/multi/batched] up=1  ef=2     avg=  0.014ms (q0=  0.020 sub/query=  0.013) speedup=9.043x fu_speedup=9.657x MRR@10=0.3244 NDCG@3=0.1990 NDCG@10=0.1757
2026-07-23 00:19:32,124 [INFO] [M=16/multi/batched] up=1  ef=4     avg=  0.022ms (q0=  0.029 sub/query=  0.021) speedup=6.050x fu_speedup=6.345x MRR@10=0.4478 NDCG@3=0.2757 NDCG@10=0.2552
2026-07-23 00:19:32,178 [INFO] [M=16/multi/batched] up=1  ef=8     avg=  0.026ms (q0=  0.042 sub/query=  0.023) speedup=5.384x fu_speedup=5.906x MRR@10=0.6352 NDCG@3=0.3822 NDCG@10=0.3668
2026-07-23 00:19:32,240 [INFO] [M=16/multi/batched] up=1  ef=16    avg=  0.034ms (q0=  0.058 sub/query=  0.031) speedup=4.180x fu_speedup=4.614x MRR@10=0.7044 NDCG@3=0.4314 NDCG@10=0.4141
2026-07-23 00:19:32,320 [INFO] [M=16/multi/batched] up=1  ef=32    avg=  0.051ms (q0=  0.068 sub/query=  0.048) speedup=3.054x fu_speedup=3.202x MRR@10=0.7293 NDCG@3=0.4544 NDCG@10=0.4403
2026-07-23 00:19:32,437 [INFO] [M=16/multi/batched] up=1  ef=64    avg=  0.086ms (q0=  0.106 sub/query=  0.083) speedup=2.242x fu_speedup=2.317x MRR@10=0.7496 NDCG@3=0.4688 NDCG@10=0.4531
2026-07-23 00:19:32,632 [INFO] [M=16/multi/batched] up=1  ef=128   avg=  0.161ms (q0=  0.177 sub/query=  0.159) speedup=1.626x fu_speedup=1.649x MRR@10=0.7634 NDCG@3=0.4771 NDCG@10=0.4636
2026-07-23 00:19:32,972 [INFO] [M=16/multi/batched] up=1  ef=256   avg=  0.296ms (q0=  0.337 sub/query=  0.290) speedup=1.334x fu_speedup=1.360x MRR@10=0.7675 NDCG@3=0.4791 NDCG@10=0.4683
2026-07-23 00:19:33,603 [INFO] [M=16/multi/batched] up=1  ef=512   avg=  0.579ms (q0=  0.635 sub/query=  0.572) speedup=1.516x fu_speedup=1.537x MRR@10=0.7675 NDCG@3=0.4788 NDCG@10=0.4659
2026-07-23 00:19:34,883 [INFO] [M=16/multi/batched] up=1  ef=1024  avg=  1.205ms (q0=  1.835 sub/query=  1.119) speedup=1.278x fu_speedup=1.376x MRR@10=0.7651 NDCG@3=0.4755 NDCG@10=0.4649
2026-07-23 00:19:37,565 [INFO] [M=16/multi/batched] up=1  ef=2048  avg=  2.541ms (q0=  4.577 sub/query=  2.263) speedup=1.629x fu_speedup=1.829x MRR@10=0.7651 NDCG@3=0.4755 NDCG@10=0.4649
2026-07-23 00:19:43,738 [INFO] [M=16/multi/batched] up=1  ef=4096  avg=  5.907ms (q0= 14.417 sub/query=  4.745) speedup=2.647x fu_speedup=3.296x MRR@10=0.7651 NDCG@3=0.4755 NDCG@10=0.4649
2026-07-23 00:19:43,774 [INFO] [M=16/multi/batched] up=2  ef=1     avg=  0.009ms (q0=  0.019 sub/query=  0.008) speedup=13.202x fu_speedup=15.498x MRR@10=0.2255 NDCG@3=0.1329 NDCG@10=0.1153
2026-07-23 00:19:43,814 [INFO] [M=16/multi/batched] up=2  ef=2     avg=  0.013ms (q0=  0.025 sub/query=  0.011) speedup=9.517x fu_speedup=10.942x MRR@10=0.3672 NDCG@3=0.2269 NDCG@10=0.2036
2026-07-23 00:19:43,859 [INFO] [M=16/multi/batched] up=2  ef=4     avg=  0.018ms (q0=  0.039 sub/query=  0.015) speedup=7.347x fu_speedup=8.783x MRR@10=0.5591 NDCG@3=0.3463 NDCG@10=0.3225
2026-07-23 00:19:43,913 [INFO] [M=16/multi/batched] up=2  ef=8     avg=  0.026ms (q0=  0.060 sub/query=  0.021) speedup=5.315x fu_speedup=6.484x MRR@10=0.6657 NDCG@3=0.4029 NDCG@10=0.3849
2026-07-23 00:19:43,977 [INFO] [M=16/multi/batched] up=2  ef=16    avg=  0.035ms (q0=  0.065 sub/query=  0.031) speedup=4.086x fu_speedup=4.628x MRR@10=0.7261 NDCG@3=0.4461 NDCG@10=0.4304
2026-07-23 00:19:44,060 [INFO] [M=16/multi/batched] up=2  ef=32    avg=  0.054ms (q0=  0.102 sub/query=  0.048) speedup=2.860x fu_speedup=3.250x MRR@10=0.7421 NDCG@3=0.4636 NDCG@10=0.4500
2026-07-23 00:19:44,189 [INFO] [M=16/multi/batched] up=2  ef=64    avg=  0.094ms (q0=  0.173 sub/query=  0.083) speedup=2.037x fu_speedup=2.300x MRR@10=0.7489 NDCG@3=0.4681 NDCG@10=0.4538
2026-07-23 00:19:44,399 [INFO] [M=16/multi/batched] up=2  ef=128   avg=  0.174ms (q0=  0.326 sub/query=  0.154) speedup=1.500x fu_speedup=1.702x MRR@10=0.7640 NDCG@3=0.4775 NDCG@10=0.4646
2026-07-23 00:19:44,772 [INFO] [M=16/multi/batched] up=2  ef=256   avg=  0.327ms (q0=  0.630 sub/query=  0.286) speedup=1.205x fu_speedup=1.379x MRR@10=0.7675 NDCG@3=0.4791 NDCG@10=0.4687
2026-07-23 00:19:45,546 [INFO] [M=16/multi/batched] up=2  ef=512   avg=  0.716ms (q0=  1.760 sub/query=  0.573) speedup=1.227x fu_speedup=1.532x MRR@10=0.7675 NDCG@3=0.4788 NDCG@10=0.4663
2026-07-23 00:19:47,183 [INFO] [M=16/multi/batched] up=2  ef=1024  avg=  1.546ms (q0=  4.687 sub/query=  1.116) speedup=0.996x fu_speedup=1.379x MRR@10=0.7651 NDCG@3=0.4755 NDCG@10=0.4650
2026-07-23 00:19:51,081 [INFO] [M=16/multi/batched] up=2  ef=2048  avg=  3.740ms (q0= 14.433 sub/query=  2.279) speedup=1.107x fu_speedup=1.817x MRR@10=0.7651 NDCG@3=0.4755 NDCG@10=0.4649
2026-07-23 00:20:03,668 [INFO] [M=16/multi/batched] up=2  ef=4096  avg= 12.057ms (q0= 65.644 sub/query=  4.736) speedup=1.297x fu_speedup=3.302x MRR@10=0.7651 NDCG@3=0.4755 NDCG@10=0.4649
2026-07-23 00:20:03,706 [INFO] [M=16/multi/batched] up=4  ef=1     avg=  0.010ms (q0=  0.026 sub/query=  0.008) speedup=11.585x fu_speedup=14.572x MRR@10=0.2978 NDCG@3=0.1754 NDCG@10=0.1465
2026-07-23 00:20:03,749 [INFO] [M=16/multi/batched] up=4  ef=2     avg=  0.015ms (q0=  0.042 sub/query=  0.011) speedup=8.303x fu_speedup=11.042x MRR@10=0.5085 NDCG@3=0.3042 NDCG@10=0.2705
2026-07-23 00:20:03,796 [INFO] [M=16/multi/batched] up=4  ef=4     avg=  0.020ms (q0=  0.058 sub/query=  0.015) speedup=6.603x fu_speedup=8.950x MRR@10=0.5973 NDCG@3=0.3712 NDCG@10=0.3435
2026-07-23 00:20:03,851 [INFO] [M=16/multi/batched] up=4  ef=8     avg=  0.025ms (q0=  0.070 sub/query=  0.019) speedup=5.466x fu_speedup=7.215x MRR@10=0.6849 NDCG@3=0.4181 NDCG@10=0.4028
2026-07-23 00:20:03,919 [INFO] [M=16/multi/batched] up=4  ef=16    avg=  0.039ms (q0=  0.111 sub/query=  0.029) speedup=3.665x fu_speedup=4.899x MRR@10=0.7405 NDCG@3=0.4578 NDCG@10=0.4416
2026-07-23 00:20:04,012 [INFO] [M=16/multi/batched] up=4  ef=32    avg=  0.063ms (q0=  0.177 sub/query=  0.047) speedup=2.466x fu_speedup=3.279x MRR@10=0.7368 NDCG@3=0.4604 NDCG@10=0.4485
2026-07-23 00:20:04,157 [INFO] [M=16/multi/batched] up=4  ef=64    avg=  0.112ms (q0=  0.327 sub/query=  0.083) speedup=1.711x fu_speedup=2.318x MRR@10=0.7496 NDCG@3=0.4685 NDCG@10=0.4548
2026-07-23 00:20:04,405 [INFO] [M=16/multi/batched] up=4  ef=128   avg=  0.209ms (q0=  0.627 sub/query=  0.151) speedup=1.255x fu_speedup=1.728x MRR@10=0.7640 NDCG@3=0.4775 NDCG@10=0.4649
2026-07-23 00:20:04,929 [INFO] [M=16/multi/batched] up=4  ef=256   avg=  0.473ms (q0=  1.831 sub/query=  0.288) speedup=0.834x fu_speedup=1.371x MRR@10=0.7675 NDCG@3=0.4791 NDCG@10=0.4690
2026-07-23 00:20:06,057 [INFO] [M=16/multi/batched] up=4  ef=512   avg=  1.054ms (q0=  4.653 sub/query=  0.563) speedup=0.833x fu_speedup=1.562x MRR@10=0.7675 NDCG@3=0.4788 NDCG@10=0.4664
2026-07-23 00:20:08,851 [INFO] [M=16/multi/batched] up=4  ef=1024  avg=  2.654ms (q0= 13.935 sub/query=  1.113) speedup=0.580x fu_speedup=1.383x MRR@10=0.7651 NDCG@3=0.4755 NDCG@10=0.4650
2026-07-23 00:20:19,591 [INFO] [M=16/multi/batched] up=4  ef=2048  avg= 10.354ms (q0= 69.228 sub/query=  2.312) speedup=0.400x fu_speedup=1.791x MRR@10=0.7651 NDCG@3=0.4755 NDCG@10=0.4649
2026-07-23 00:21:00,008 [INFO] [M=16/multi/batched] up=4  ef=4096  avg= 38.841ms (q0=288.128 sub/query=  4.786) speedup=0.403x fu_speedup=3.268x MRR@10=0.7651 NDCG@3=0.4755 NDCG@10=0.4649
2026-07-23 00:21:00,048 [INFO] [M=16/multi/batched] up=8  ef=1     avg=  0.012ms (q0=  0.039 sub/query=  0.008) speedup=10.109x fu_speedup=14.674x MRR@10=0.3863 NDCG@3=0.2265 NDCG@10=0.1852
2026-07-23 00:21:00,091 [INFO] [M=16/multi/batched] up=8  ef=2     avg=  0.015ms (q0=  0.049 sub/query=  0.011) speedup=8.166x fu_speedup=11.775x MRR@10=0.5496 NDCG@3=0.3279 NDCG@10=0.2886
2026-07-23 00:21:00,140 [INFO] [M=16/multi/batched] up=8  ef=4     avg=  0.021ms (q0=  0.066 sub/query=  0.014) speedup=6.289x fu_speedup=8.992x MRR@10=0.6244 NDCG@3=0.3910 NDCG@10=0.3654
2026-07-23 00:21:00,198 [INFO] [M=16/multi/batched] up=8  ef=8     avg=  0.030ms (q0=  0.103 sub/query=  0.019) speedup=4.656x fu_speedup=7.065x MRR@10=0.7066 NDCG@3=0.4356 NDCG@10=0.4181
2026-07-23 00:21:00,275 [INFO] [M=16/multi/batched] up=8  ef=16    avg=  0.048ms (q0=  0.174 sub/query=  0.030) speedup=2.991x fu_speedup=4.691x MRR@10=0.7351 NDCG@3=0.4545 NDCG@10=0.4391
2026-07-23 00:21:00,387 [INFO] [M=16/multi/batched] up=8  ef=32    avg=  0.082ms (q0=  0.333 sub/query=  0.048) speedup=1.878x fu_speedup=3.217x MRR@10=0.7374 NDCG@3=0.4607 NDCG@10=0.4495
2026-07-23 00:21:00,569 [INFO] [M=16/multi/batched] up=8  ef=64    avg=  0.149ms (q0=  0.620 sub/query=  0.085) speedup=1.286x fu_speedup=2.260x MRR@10=0.7496 NDCG@3=0.4685 NDCG@10=0.4552
2026-07-23 00:21:00,960 [INFO] [M=16/multi/batched] up=8  ef=128   avg=  0.352ms (q0=  1.816 sub/query=  0.152) speedup=0.744x fu_speedup=1.725x MRR@10=0.7640 NDCG@3=0.4775 NDCG@10=0.4653
2026-07-23 00:21:01,848 [INFO] [M=16/multi/batched] up=8  ef=256   avg=  0.826ms (q0=  4.741 sub/query=  0.292) speedup=0.478x fu_speedup=1.354x MRR@10=0.7675 NDCG@3=0.4791 NDCG@10=0.4691
2026-07-23 00:21:04,152 [INFO] [M=16/multi/batched] up=8  ef=512   avg=  2.194ms (q0= 14.157 sub/query=  0.559) speedup=0.400x fu_speedup=1.570x MRR@10=0.7675 NDCG@3=0.4788 NDCG@10=0.4664
2026-07-23 00:21:13,787 [INFO] [M=16/multi/batched] up=8  ef=1024  avg=  9.282ms (q0= 69.031 sub/query=  1.120) speedup=0.166x fu_speedup=1.375x MRR@10=0.7651 NDCG@3=0.4755 NDCG@10=0.4650
2026-07-23 00:21:51,985 [INFO] [M=16/multi/batched] up=8  ef=2048  avg= 36.706ms (q0=288.544 sub/query=  2.302) speedup=0.113x fu_speedup=1.798x MRR@10=0.7651 NDCG@3=0.4755 NDCG@10=0.4649
2026-07-23 00:23:47,081 [INFO] [M=16/multi/batched] up=8  ef=4096  avg=110.648ms (q0=885.769 sub/query=  4.757) speedup=0.141x fu_speedup=3.288x MRR@10=0.7651 NDCG@3=0.4755 NDCG@10=0.4649
2026-07-23 00:23:47,121 [INFO] [M=16/multi/batched] up=16 ef=1     avg=  0.013ms (q0=  0.048 sub/query=  0.008) speedup=9.363x fu_speedup=14.869x MRR@10=0.4464 NDCG@3=0.2597 NDCG@10=0.2117
2026-07-23 00:23:47,167 [INFO] [M=16/multi/batched] up=16 ef=2     avg=  0.017ms (q0=  0.067 sub/query=  0.010) speedup=7.180x fu_speedup=11.843x MRR@10=0.5646 NDCG@3=0.3432 NDCG@10=0.3058
2026-07-23 00:23:47,220 [INFO] [M=16/multi/batched] up=16 ef=4     avg=  0.025ms (q0=  0.104 sub/query=  0.014) speedup=5.211x fu_speedup=9.179x MRR@10=0.6413 NDCG@3=0.4049 NDCG@10=0.3780
2026-07-23 00:23:47,289 [INFO] [M=16/multi/batched] up=16 ef=8     avg=  0.038ms (q0=  0.174 sub/query=  0.020) speedup=3.598x fu_speedup=7.006x MRR@10=0.7006 NDCG@3=0.4323 NDCG@10=0.4156
2026-07-23 00:23:47,385 [INFO] [M=16/multi/batched] up=16 ef=16    avg=  0.066ms (q0=  0.328 sub/query=  0.031) speedup=2.147x fu_speedup=4.633x MRR@10=0.7358 NDCG@3=0.4548 NDCG@10=0.4400
2026-07-23 00:23:47,534 [INFO] [M=16/multi/batched] up=16 ef=32    avg=  0.118ms (q0=  0.622 sub/query=  0.049) speedup=1.312x fu_speedup=3.159x MRR@10=0.7374 NDCG@3=0.4607 NDCG@10=0.4498
2026-07-23 00:23:47,862 [INFO] [M=16/multi/batched] up=16 ef=64    avg=  0.295ms (q0=  1.810 sub/query=  0.088) speedup=0.652x fu_speedup=2.193x MRR@10=0.7496 NDCG@3=0.4685 NDCG@10=0.4555
2026-07-23 00:23:48,610 [INFO] [M=16/multi/batched] up=16 ef=128   avg=  0.683ms (q0=  4.530 sub/query=  0.157) speedup=0.383x fu_speedup=1.664x MRR@10=0.7640 NDCG@3=0.4775 NDCG@10=0.4653
2026-07-23 00:23:50,682 [INFO] [M=16/multi/batched] up=16 ef=256   avg=  1.973ms (q0= 14.304 sub/query=  0.289) speedup=0.200x fu_speedup=1.368x MRR@10=0.7675 NDCG@3=0.4791 NDCG@10=0.4691
2026-07-23 00:24:00,023 [INFO] [M=16/multi/batched] up=16 ef=512   avg=  8.927ms (q0= 70.084 sub/query=  0.572) speedup=0.098x fu_speedup=1.536x MRR@10=0.7675 NDCG@3=0.4788 NDCG@10=0.4664
2026-07-23 00:24:36,838 [INFO] [M=16/multi/batched] up=16 ef=1024  avg= 35.361ms (q0=285.957 sub/query=  1.126) speedup=0.044x fu_speedup=1.367x MRR@10=0.7651 NDCG@3=0.4755 NDCG@10=0.4650
