nohup: ignoring input
2026-07-13 13:27:54,162 [INFO] Loading index from /home/toploc1/Datasets/toploc1/indexes/treccast_34M_ivf.index (mmap=True)
2026-07-13 13:28:20,110 [INFO] Index loaded: 38,636,446 vectors, nlist=32768
2026-07-13 13:28:20,143 [INFO] Centroid matrix: (32768, 1024)
2026-07-13 13:28:47,514 [INFO] Queries: 479 | dim=1024
2026-07-13 13:28:47,539 [INFO] Loaded qrels: 173 queries
2026-07-13 13:28:47,540 [INFO] Conversations: 50 | follow-up queries: 429 | avg follow-ups/conv: 8.58
2026-07-13 13:28:47,540 [INFO] === baseline nprobe=1 ===
2026-07-13 13:29:12,181 [INFO]   k=  10: fused fu=  0.948 ft=  0.931 | control fu=  0.306 ft=  0.566 | fused/control= 3.10x
2026-07-13 13:29:14,848 [INFO]   k= 100: fused fu=  0.983 ft=  0.924 | control fu=  0.298 ft=  0.521 | fused/control= 3.30x
2026-07-13 13:29:18,041 [INFO]   k=1000: fused fu=  0.936 ft=  0.897 | control fu=  0.460 ft=  0.688 | fused/control= 2.04x
2026-07-13 13:29:18,042 [INFO]   MRR@10=0.6378  NDCG@3=0.3920  NDCG@10=0.3313
2026-07-13 13:29:18,045 [INFO] === baseline nprobe=2 ===
2026-07-13 13:29:44,146 [INFO]   k=  10: fused fu=  1.160 ft=  1.114 | control fu=  0.299 ft=  0.589 | fused/control= 3.88x
2026-07-13 13:29:47,114 [INFO]   k= 100: fused fu=  1.168 ft=  1.094 | control fu=  0.301 ft=  0.572 | fused/control= 3.88x
2026-07-13 13:29:50,492 [INFO]   k=1000: fused fu=  1.204 ft=  1.139 | control fu=  0.486 ft=  0.743 | fused/control= 2.48x
2026-07-13 13:29:50,492 [INFO]   MRR@10=0.6747  NDCG@3=0.4425  NDCG@10=0.3862
2026-07-13 13:29:50,496 [INFO] === baseline nprobe=4 ===
2026-07-13 13:30:34,446 [INFO]   k=  10: fused fu=  1.410 ft=  1.377 | control fu=  0.367 ft=  0.654 | fused/control= 3.84x
2026-07-13 13:30:37,910 [INFO]   k= 100: fused fu=  1.394 ft=  1.336 | control fu=  0.378 ft=  0.661 | fused/control= 3.69x
2026-07-13 13:30:41,874 [INFO]   k=1000: fused fu=  1.423 ft=  1.336 | control fu=  0.573 ft=  0.841 | fused/control= 2.48x
2026-07-13 13:30:41,875 [INFO]   MRR@10=0.7311  NDCG@3=0.4829  NDCG@10=0.4226
2026-07-13 13:30:41,878 [INFO] === baseline nprobe=8 ===
2026-07-13 13:31:46,936 [INFO]   k=  10: fused fu=  1.935 ft=  1.866 | control fu=  0.516 ft=  0.813 | fused/control= 3.75x
2026-07-13 13:31:51,747 [INFO]   k= 100: fused fu=  1.951 ft=  1.793 | control fu=  0.524 ft=  0.792 | fused/control= 3.72x
2026-07-13 13:31:56,941 [INFO]   k=1000: fused fu=  1.939 ft=  1.845 | control fu=  0.684 ft=  1.026 | fused/control= 2.84x
2026-07-13 13:31:56,942 [INFO]   MRR@10=0.7570  NDCG@3=0.5007  NDCG@10=0.4407
2026-07-13 13:31:56,945 [INFO] === baseline nprobe=16 ===
2026-07-13 13:33:21,794 [INFO]   k=  10: fused fu=  2.986 ft=  3.093 | control fu=  0.811 ft=  1.143 | fused/control= 3.68x
2026-07-13 13:33:29,413 [INFO]   k= 100: fused fu=  3.036 ft=  3.053 | control fu=  0.816 ft=  1.184 | fused/control= 3.72x
2026-07-13 13:33:37,173 [INFO]   k=1000: fused fu=  2.988 ft=  3.001 | control fu=  0.941 ft=  1.244 | fused/control= 3.18x
2026-07-13 13:33:37,173 [INFO]   MRR@10=0.7616  NDCG@3=0.5007  NDCG@10=0.4415
2026-07-13 13:33:37,177 [INFO] === baseline nprobe=32 ===
2026-07-13 13:36:00,025 [INFO]   k=  10: fused fu=  6.440 ft=  6.471 | control fu=  1.414 ft=  1.730 | fused/control= 4.55x
2026-07-13 13:36:15,222 [INFO]   k= 100: fused fu=  6.403 ft=  6.315 | control fu=  1.414 ft=  1.776 | fused/control= 4.53x
2026-07-13 13:36:30,372 [INFO]   k=1000: fused fu=  6.355 ft=  6.280 | control fu=  1.514 ft=  1.807 | fused/control= 4.20x
2026-07-13 13:36:30,372 [INFO]   MRR@10=0.7805  NDCG@3=0.5209  NDCG@10=0.4622
2026-07-13 13:36:30,376 [INFO] === baseline nprobe=64 ===
2026-07-13 13:39:45,162 [INFO]   k=  10: fused fu=  7.425 ft=  7.332 | control fu=  2.555 ft=  2.846 | fused/control= 2.91x
2026-07-13 13:40:04,211 [INFO]   k= 100: fused fu=  7.293 ft=  7.230 | control fu=  2.553 ft=  2.863 | fused/control= 2.86x
2026-07-13 13:40:23,494 [INFO]   k=1000: fused fu=  7.304 ft=  7.462 | control fu=  2.641 ft=  2.956 | fused/control= 2.77x
2026-07-13 13:40:23,494 [INFO]   MRR@10=0.7772  NDCG@3=0.5315  NDCG@10=0.4722
2026-07-13 13:40:23,499 [INFO] === baseline nprobe=128 ===
2026-07-13 13:44:27,966 [INFO]   k=  10: fused fu= 10.666 ft= 10.277 | control fu=  4.758 ft=  5.017 | fused/control= 2.24x
2026-07-13 13:44:58,309 [INFO]   k= 100: fused fu= 10.999 ft= 11.125 | control fu=  4.773 ft=  5.055 | fused/control= 2.30x
2026-07-13 13:45:28,673 [INFO]   k=1000: fused fu= 10.792 ft= 10.612 | control fu=  4.869 ft=  5.150 | fused/control= 2.22x
2026-07-13 13:45:28,673 [INFO]   MRR@10=0.7947  NDCG@3=0.5412  NDCG@10=0.4838
2026-07-13 13:45:28,677 [INFO] === baseline nprobe=256 ===
2026-07-13 13:50:00,273 [INFO]   k=  10: fused fu= 16.007 ft= 16.492 | control fu=  9.110 ft=  9.480 | fused/control= 1.76x
2026-07-13 13:50:48,901 [INFO]   k= 100: fused fu= 16.050 ft= 15.510 | control fu=  9.145 ft=  9.651 | fused/control= 1.76x
2026-07-13 13:51:37,040 [INFO]   k=1000: fused fu= 15.669 ft= 15.712 | control fu=  9.233 ft=  9.554 | fused/control= 1.70x
2026-07-13 13:51:37,040 [INFO]   MRR@10=0.7978  NDCG@3=0.5415  NDCG@10=0.4897
2026-07-13 13:51:37,125 [INFO] [h=512] caches built once: 1.60 ms/conv (excluded from follow-up latency; charged to first-turn TOTAL and break-even)
2026-07-13 13:51:37,688 [INFO]   h=  512 nprobe=   1 k=  10 | fu fused=  0.948 ctrl=  0.306 toploc=  0.095 | speedup total= 9.99x mech= 3.22x impl= 3.10x | breakeven=   1.9 | conv= 3.60x
2026-07-13 13:51:37,893 [INFO]   h=  512 nprobe=   1 k= 100 | fu fused=  0.983 ctrl=  0.298 toploc=  0.111 | speedup total= 8.82x mech= 2.68x impl= 3.30x | breakeven=   1.8 | conv= 3.54x
2026-07-13 13:51:38,373 [INFO]   h=  512 nprobe=   1 k=1000 | fu fused=  0.936 ctrl=  0.460 toploc=  0.263 | speedup total= 3.56x mech= 1.75x impl= 2.04x | breakeven=   2.4 | conv= 2.21x
2026-07-13 13:51:38,373 [INFO]   h=  512 nprobe=   1 recall | NDCG@10 base=0.3313 toploc=0.3243 (delta -0.0070)
2026-07-13 13:51:38,988 [INFO]   h=  512 nprobe=   2 k=  10 | fu fused=  1.160 ctrl=  0.299 toploc=  0.148 | speedup total= 7.85x mech= 2.02x impl= 3.88x | breakeven=   1.6 | conv= 3.72x
2026-07-13 13:51:39,287 [INFO]   h=  512 nprobe=   2 k= 100 | fu fused=  1.168 ctrl=  0.301 toploc=  0.166 | speedup total= 7.03x mech= 1.81x impl= 3.88x | breakeven=   1.6 | conv= 3.54x
2026-07-13 13:51:39,902 [INFO]   h=  512 nprobe=   2 k=1000 | fu fused=  1.204 ctrl=  0.486 toploc=  0.317 | speedup total= 3.79x mech= 1.53x impl= 2.48x | breakeven=   1.8 | conv= 2.50x
2026-07-13 13:51:39,903 [INFO]   h=  512 nprobe=   2 recall | NDCG@10 base=0.3862 toploc=0.3749 (delta -0.0114)
2026-07-13 13:51:40,725 [INFO]   h=  512 nprobe=   4 k=  10 | fu fused=  1.410 ctrl=  0.367 toploc=  0.258 | speedup total= 5.47x mech= 1.42x impl= 3.84x | breakeven=   1.4 | conv= 3.38x
2026-07-13 13:51:41,150 [INFO]   h=  512 nprobe=   4 k= 100 | fu fused=  1.394 ctrl=  0.378 toploc=  0.223 | speedup total= 6.25x mech= 1.69x impl= 3.69x | breakeven=   1.4 | conv= 3.60x
2026-07-13 13:51:41,948 [INFO]   h=  512 nprobe=   4 k=1000 | fu fused=  1.423 ctrl=  0.573 toploc=  0.418 | speedup total= 3.41x mech= 1.37x impl= 2.48x | breakeven=   1.6 | conv= 2.43x
2026-07-13 13:51:41,949 [INFO]   h=  512 nprobe=   4 recall | NDCG@10 base=0.4226 toploc=0.4164 (delta -0.0062)
2026-07-13 13:51:43,117 [INFO]   h=  512 nprobe=   8 k=  10 | fu fused=  1.935 ctrl=  0.516 toploc=  0.359 | speedup total= 5.39x mech= 1.44x impl= 3.75x | breakeven=   1.0 | conv= 3.68x
2026-07-13 13:51:43,784 [INFO]   h=  512 nprobe=   8 k= 100 | fu fused=  1.951 ctrl=  0.524 toploc=  0.350 | speedup total= 5.57x mech= 1.50x impl= 3.72x | breakeven=   1.0 | conv= 3.75x
2026-07-13 13:51:44,933 [INFO]   h=  512 nprobe=   8 k=1000 | fu fused=  1.939 ctrl=  0.684 toploc=  0.535 | speedup total= 3.62x mech= 1.28x impl= 2.84x | breakeven=   1.1 | conv= 2.53x
2026-07-13 13:51:44,933 [INFO]   h=  512 nprobe=   8 recall | NDCG@10 base=0.4407 toploc=0.4369 (delta -0.0038)
2026-07-13 13:51:46,828 [INFO]   h=  512 nprobe=  16 k=  10 | fu fused=  2.986 ctrl=  0.811 toploc=  0.699 | speedup total= 4.27x mech= 1.16x impl= 3.68x | breakeven=   0.7 | conv= 3.48x
2026-07-13 13:51:48,075 [INFO]   h=  512 nprobe=  16 k= 100 | fu fused=  3.036 ctrl=  0.816 toploc=  0.643 | speedup total= 4.72x mech= 1.27x impl= 3.72x | breakeven=   0.7 | conv= 3.74x
2026-07-13 13:51:49,551 [INFO]   h=  512 nprobe=  16 k=1000 | fu fused=  2.988 ctrl=  0.941 toploc=  0.776 | speedup total= 3.85x mech= 1.21x impl= 3.18x | breakeven=   0.7 | conv= 3.18x
2026-07-13 13:51:49,552 [INFO]   h=  512 nprobe=  16 recall | NDCG@10 base=0.4415 toploc=0.4456 (delta +0.0041)
2026-07-13 13:51:52,780 [INFO]   h=  512 nprobe=  32 k=  10 | fu fused=  6.440 ctrl=  1.414 toploc=  1.230 | speedup total= 5.24x mech= 1.15x impl= 4.55x | breakeven=   0.3 | conv= 4.61x
2026-07-13 13:51:55,136 [INFO]   h=  512 nprobe=  32 k= 100 | fu fused=  6.403 ctrl=  1.414 toploc=  1.219 | speedup total= 5.25x mech= 1.16x impl= 4.53x | breakeven=   0.3 | conv= 4.60x
2026-07-13 13:51:57,682 [INFO]   h=  512 nprobe=  32 k=1000 | fu fused=  6.355 ctrl=  1.514 toploc=  1.327 | speedup total= 4.79x mech= 1.14x impl= 4.20x | breakeven=   0.3 | conv= 4.25x
2026-07-13 13:51:57,682 [INFO]   h=  512 nprobe=  32 recall | NDCG@10 base=0.4622 toploc=0.4539 (delta -0.0083)
2026-07-13 13:52:04,289 [INFO]   h=  512 nprobe=  64 k=  10 | fu fused=  7.425 ctrl=  2.555 toploc=  2.325 | speedup total= 3.19x mech= 1.10x impl= 2.91x | breakeven=   0.3 | conv= 2.97x
2026-07-13 13:52:08,787 [INFO]   h=  512 nprobe=  64 k= 100 | fu fused=  7.293 ctrl=  2.553 toploc=  2.346 | speedup total= 3.11x mech= 1.09x impl= 2.86x | breakeven=   0.3 | conv= 2.90x
2026-07-13 13:52:13,433 [INFO]   h=  512 nprobe=  64 k=1000 | fu fused=  7.304 ctrl=  2.641 toploc=  2.415 | speedup total= 3.02x mech= 1.09x impl= 2.77x | breakeven=   0.3 | conv= 2.83x
2026-07-13 13:52:13,433 [INFO]   h=  512 nprobe=  64 recall | NDCG@10 base=0.4722 toploc=0.4595 (delta -0.0128)
2026-07-13 13:52:30,044 [INFO]   h=  512 nprobe= 128 k=  10 | fu fused= 10.666 ctrl=  4.758 toploc=  4.513 | speedup total= 2.36x mech= 1.05x impl= 2.24x | breakeven=   0.3 | conv= 2.27x
2026-07-13 13:52:38,691 [INFO]   h=  512 nprobe= 128 k= 100 | fu fused= 10.999 ctrl=  4.773 toploc=  4.507 | speedup total= 2.44x mech= 1.06x impl= 2.30x | breakeven=   0.2 | conv= 2.35x
2026-07-13 13:52:47,655 [INFO]   h=  512 nprobe= 128 k=1000 | fu fused= 10.792 ctrl=  4.869 toploc=  4.592 | speedup total= 2.35x mech= 1.06x impl= 2.22x | breakeven=   0.3 | conv= 2.23x
2026-07-13 13:52:47,655 [INFO]   h=  512 nprobe= 128 recall | NDCG@10 base=0.4838 toploc=0.4682 (delta -0.0156)
2026-07-13 13:53:23,731 [INFO]   h=  512 nprobe= 256 k=  10 | fu fused= 16.007 ctrl=  9.110 toploc=  8.821 | speedup total= 1.81x mech= 1.03x impl= 1.76x | breakeven=   0.2 | conv= 1.78x
2026-07-13 13:53:40,694 [INFO]   h=  512 nprobe= 256 k= 100 | fu fused= 16.050 ctrl=  9.145 toploc=  8.847 | speedup total= 1.81x mech= 1.03x impl= 1.76x | breakeven=   0.2 | conv= 1.77x
2026-07-13 13:53:57,902 [INFO]   h=  512 nprobe= 256 k=1000 | fu fused= 15.669 ctrl=  9.233 toploc=  8.940 | speedup total= 1.75x mech= 1.03x impl= 1.70x | breakeven=   0.2 | conv= 1.72x
2026-07-13 13:53:57,903 [INFO]   h=  512 nprobe= 256 recall | NDCG@10 base=0.4897 toploc=0.4702 (delta -0.0195)
2026-07-13 13:53:57,999 [INFO] [h=1024] caches built once: 1.78 ms/conv (excluded from follow-up latency; charged to first-turn TOTAL and break-even)
2026-07-13 13:53:58,631 [INFO]   h= 1024 nprobe=   1 k=  10 | fu fused=  0.948 ctrl=  0.306 toploc=  0.183 | speedup total= 5.19x mech= 1.68x impl= 3.10x | breakeven=   2.3 | conv= 2.64x
2026-07-13 13:53:58,860 [INFO]   h= 1024 nprobe=   1 k= 100 | fu fused=  0.983 ctrl=  0.298 toploc=  0.118 | speedup total= 8.31x mech= 2.52x impl= 3.30x | breakeven=   2.1 | conv= 3.26x
2026-07-13 13:53:59,357 [INFO]   h= 1024 nprobe=   1 k=1000 | fu fused=  0.936 ctrl=  0.460 toploc=  0.263 | speedup total= 3.55x mech= 1.75x impl= 2.04x | breakeven=   2.6 | conv= 2.12x
2026-07-13 13:53:59,357 [INFO]   h= 1024 nprobe=   1 recall | NDCG@10 base=0.3313 toploc=0.3287 (delta -0.0026)
2026-07-13 13:53:59,993 [INFO]   h= 1024 nprobe=   2 k=  10 | fu fused=  1.160 ctrl=  0.299 toploc=  0.156 | speedup total= 7.42x mech= 1.91x impl= 3.88x | breakeven=   1.8 | conv= 3.43x
2026-07-13 13:54:00,385 [INFO]   h= 1024 nprobe=   2 k= 100 | fu fused=  1.168 ctrl=  0.301 toploc=  0.163 | speedup total= 7.17x mech= 1.85x impl= 3.88x | breakeven=   1.8 | conv= 2.98x
2026-07-13 13:54:01,025 [INFO]   h= 1024 nprobe=   2 k=1000 | fu fused=  1.204 ctrl=  0.486 toploc=  0.334 | speedup total= 3.61x mech= 1.46x impl= 2.48x | breakeven=   2.0 | conv= 2.34x
2026-07-13 13:54:01,025 [INFO]   h= 1024 nprobe=   2 recall | NDCG@10 base=0.3862 toploc=0.3807 (delta -0.0055)
2026-07-13 13:54:01,865 [INFO]   h= 1024 nprobe=   4 k=  10 | fu fused=  1.410 ctrl=  0.367 toploc=  0.231 | speedup total= 6.11x mech= 1.59x impl= 3.84x | breakeven=   1.5 | conv= 3.42x
2026-07-13 13:54:02,308 [INFO]   h= 1024 nprobe=   4 k= 100 | fu fused=  1.394 ctrl=  0.378 toploc=  0.235 | speedup total= 5.93x mech= 1.61x impl= 3.69x | breakeven=   1.5 | conv= 3.34x
2026-07-13 13:54:03,132 [INFO]   h= 1024 nprobe=   4 k=1000 | fu fused=  1.423 ctrl=  0.573 toploc=  0.437 | speedup total= 3.26x mech= 1.31x impl= 2.48x | breakeven=   1.8 | conv= 2.29x
2026-07-13 13:54:03,133 [INFO]   h= 1024 nprobe=   4 recall | NDCG@10 base=0.4226 toploc=0.4178 (delta -0.0048)
2026-07-13 13:54:04,320 [INFO]   h= 1024 nprobe=   8 k=  10 | fu fused=  1.935 ctrl=  0.516 toploc=  0.389 | speedup total= 4.98x mech= 1.33x impl= 3.75x | breakeven=   1.2 | conv= 3.39x
2026-07-13 13:54:05,125 [INFO]   h= 1024 nprobe=   8 k= 100 | fu fused=  1.951 ctrl=  0.524 toploc=  0.437 | speedup total= 4.46x mech= 1.20x impl= 3.72x | breakeven=   1.2 | conv= 3.16x
2026-07-13 13:54:06,211 [INFO]   h= 1024 nprobe=   8 k=1000 | fu fused=  1.939 ctrl=  0.684 toploc=  0.562 | speedup total= 3.45x mech= 1.22x impl= 2.84x | breakeven=   1.3 | conv= 2.60x
2026-07-13 13:54:06,211 [INFO]   h= 1024 nprobe=   8 recall | NDCG@10 base=0.4407 toploc=0.4425 (delta +0.0018)
2026-07-13 13:54:08,063 [INFO]   h= 1024 nprobe=  16 k=  10 | fu fused=  2.986 ctrl=  0.811 toploc=  0.652 | speedup total= 4.58x mech= 1.24x impl= 3.68x | breakeven=   0.8 | conv= 3.58x
2026-07-13 13:54:09,387 [INFO]   h= 1024 nprobe=  16 k= 100 | fu fused=  3.036 ctrl=  0.816 toploc=  0.710 | speedup total= 4.27x mech= 1.15x impl= 3.72x | breakeven=   0.8 | conv= 3.41x
2026-07-13 13:54:10,870 [INFO]   h= 1024 nprobe=  16 k=1000 | fu fused=  2.988 ctrl=  0.941 toploc=  0.776 | speedup total= 3.85x mech= 1.21x impl= 3.18x | breakeven=   0.8 | conv= 3.12x
2026-07-13 13:54:10,871 [INFO]   h= 1024 nprobe=  16 recall | NDCG@10 base=0.4415 toploc=0.4484 (delta +0.0069)
2026-07-13 13:54:14,175 [INFO]   h= 1024 nprobe=  32 k=  10 | fu fused=  6.440 ctrl=  1.414 toploc=  1.240 | speedup total= 5.19x mech= 1.14x impl= 4.55x | breakeven=   0.3 | conv= 4.52x
2026-07-13 13:54:16,544 [INFO]   h= 1024 nprobe=  32 k= 100 | fu fused=  6.403 ctrl=  1.414 toploc=  1.229 | speedup total= 5.21x mech= 1.15x impl= 4.53x | breakeven=   0.3 | conv= 4.52x
2026-07-13 13:54:19,173 [INFO]   h= 1024 nprobe=  32 k=1000 | fu fused=  6.355 ctrl=  1.514 toploc=  1.347 | speedup total= 4.72x mech= 1.12x impl= 4.20x | breakeven=   0.4 | conv= 4.07x
2026-07-13 13:54:19,173 [INFO]   h= 1024 nprobe=  32 recall | NDCG@10 base=0.4622 toploc=0.4635 (delta +0.0013)
2026-07-13 13:54:25,613 [INFO]   h= 1024 nprobe=  64 k=  10 | fu fused=  7.425 ctrl=  2.555 toploc=  2.345 | speedup total= 3.17x mech= 1.09x impl= 2.91x | breakeven=   0.4 | conv= 2.93x
2026-07-13 13:54:30,113 [INFO]   h= 1024 nprobe=  64 k= 100 | fu fused=  7.293 ctrl=  2.553 toploc=  2.344 | speedup total= 3.11x mech= 1.09x impl= 2.86x | breakeven=   0.4 | conv= 2.88x
2026-07-13 13:54:34,768 [INFO]   h= 1024 nprobe=  64 k=1000 | fu fused=  7.304 ctrl=  2.641 toploc=  2.425 | speedup total= 3.01x mech= 1.09x impl= 2.77x | breakeven=   0.4 | conv= 2.80x
2026-07-13 13:54:34,768 [INFO]   h= 1024 nprobe=  64 recall | NDCG@10 base=0.4722 toploc=0.4668 (delta -0.0054)
2026-07-13 13:54:49,527 [INFO]   h= 1024 nprobe= 128 k=  10 | fu fused= 10.666 ctrl=  4.758 toploc=  4.515 | speedup total= 2.36x mech= 1.05x impl= 2.24x | breakeven=   0.3 | conv= 2.26x
2026-07-13 13:54:58,287 [INFO]   h= 1024 nprobe= 128 k= 100 | fu fused= 10.999 ctrl=  4.773 toploc=  4.526 | speedup total= 2.43x mech= 1.05x impl= 2.30x | breakeven=   0.3 | conv= 2.32x
2026-07-13 13:55:07,146 [INFO]   h= 1024 nprobe= 128 k=1000 | fu fused= 10.792 ctrl=  4.869 toploc=  4.606 | speedup total= 2.34x mech= 1.06x impl= 2.22x | breakeven=   0.3 | conv= 2.25x
2026-07-13 13:55:07,146 [INFO]   h= 1024 nprobe= 128 recall | NDCG@10 base=0.4838 toploc=0.4756 (delta -0.0083)
2026-07-13 13:55:44,816 [INFO]   h= 1024 nprobe= 256 k=  10 | fu fused= 16.007 ctrl=  9.110 toploc=  8.809 | speedup total= 1.82x mech= 1.03x impl= 1.76x | breakeven=   0.2 | conv= 1.78x
2026-07-13 13:56:01,875 [INFO]   h= 1024 nprobe= 256 k= 100 | fu fused= 16.050 ctrl=  9.145 toploc=  8.913 | speedup total= 1.80x mech= 1.03x impl= 1.76x | breakeven=   0.2 | conv= 1.76x
2026-07-13 13:56:18,997 [INFO]   h= 1024 nprobe= 256 k=1000 | fu fused= 15.669 ctrl=  9.233 toploc=  8.923 | speedup total= 1.76x mech= 1.03x impl= 1.70x | breakeven=   0.3 | conv= 1.72x
2026-07-13 13:56:18,998 [INFO]   h= 1024 nprobe= 256 recall | NDCG@10 base=0.4897 toploc=0.4785 (delta -0.0112)
2026-07-13 13:56:19,320 [INFO] [h=4096] caches built once: 6.13 ms/conv (excluded from follow-up latency; charged to first-turn TOTAL and break-even)
2026-07-13 13:56:20,203 [INFO]   h= 4096 nprobe=   1 k=  10 | fu fused=  0.948 ctrl=  0.306 toploc=  0.313 | speedup total= 3.03x mech= 0.98x impl= 3.10x | breakeven=   9.7 | conv= 1.02x
2026-07-13 13:56:20,663 [INFO]   h= 4096 nprobe=   1 k= 100 | fu fused=  0.983 ctrl=  0.298 toploc=  0.257 | speedup total= 3.82x mech= 1.16x impl= 3.30x | breakeven=   8.4 | conv= 1.11x
2026-07-13 13:56:21,367 [INFO]   h= 4096 nprobe=   1 k=1000 | fu fused=  0.936 ctrl=  0.460 toploc=  0.390 | speedup total= 2.40x mech= 1.18x impl= 2.04x | breakeven=  11.2 | conv= 0.92x
2026-07-13 13:56:21,368 [INFO]   h= 4096 nprobe=   1 recall | NDCG@10 base=0.3313 toploc=0.3288 (delta -0.0025)
2026-07-13 13:56:22,287 [INFO]   h= 4096 nprobe=   2 k=  10 | fu fused=  1.160 ctrl=  0.299 toploc=  0.289 | speedup total= 4.01x mech= 1.03x impl= 3.88x | breakeven=   7.0 | conv= 1.27x
2026-07-13 13:56:22,814 [INFO]   h= 4096 nprobe=   2 k= 100 | fu fused=  1.168 ctrl=  0.301 toploc=  0.295 | speedup total= 3.97x mech= 1.02x impl= 3.88x | breakeven=   7.0 | conv= 1.27x
2026-07-13 13:56:23,696 [INFO]   h= 4096 nprobe=   2 k=1000 | fu fused=  1.204 ctrl=  0.486 toploc=  0.490 | speedup total= 2.46x mech= 0.99x impl= 2.48x | breakeven=   8.6 | conv= 1.08x
2026-07-13 13:56:23,696 [INFO]   h= 4096 nprobe=   2 recall | NDCG@10 base=0.3862 toploc=0.3827 (delta -0.0035)
2026-07-13 13:56:24,807 [INFO]   h= 4096 nprobe=   4 k=  10 | fu fused=  1.410 ctrl=  0.367 toploc=  0.361 | speedup total= 3.90x mech= 1.02x impl= 3.84x | breakeven=   5.8 | conv= 1.43x
2026-07-13 13:56:25,475 [INFO]   h= 4096 nprobe=   4 k= 100 | fu fused=  1.394 ctrl=  0.378 toploc=  0.368 | speedup total= 3.79x mech= 1.03x impl= 3.69x | breakeven=   6.0 | conv= 1.40x
2026-07-13 13:56:26,560 [INFO]   h= 4096 nprobe=   4 k=1000 | fu fused=  1.423 ctrl=  0.573 toploc=  0.598 | speedup total= 2.38x mech= 0.96x impl= 2.48x | breakeven=   7.4 | conv= 1.16x
2026-07-13 13:56:26,560 [INFO]   h= 4096 nprobe=   4 recall | NDCG@10 base=0.4226 toploc=0.4176 (delta -0.0050)
2026-07-13 13:56:28,033 [INFO]   h= 4096 nprobe=   8 k=  10 | fu fused=  1.935 ctrl=  0.516 toploc=  0.511 | speedup total= 3.78x mech= 1.01x impl= 3.75x | breakeven=   4.3 | conv= 1.70x
2026-07-13 13:56:29,009 [INFO]   h= 4096 nprobe=   8 k= 100 | fu fused=  1.951 ctrl=  0.524 toploc=  0.527 | speedup total= 3.70x mech= 1.00x impl= 3.72x | breakeven=   4.3 | conv= 1.69x
2026-07-13 13:56:30,313 [INFO]   h= 4096 nprobe=   8 k=1000 | fu fused=  1.939 ctrl=  0.684 toploc=  0.698 | speedup total= 2.78x mech= 0.98x impl= 2.84x | breakeven=   4.9 | conv= 1.46x
2026-07-13 13:56:30,313 [INFO]   h= 4096 nprobe=   8 recall | NDCG@10 base=0.4407 toploc=0.4418 (delta +0.0011)
2026-07-13 13:56:32,448 [INFO]   h= 4096 nprobe=  16 k=  10 | fu fused=  2.986 ctrl=  0.811 toploc=  0.807 | speedup total= 3.70x mech= 1.01x impl= 3.68x | breakeven=   2.8 | conv= 2.10x
2026-07-13 13:56:33,951 [INFO]   h= 4096 nprobe=  16 k= 100 | fu fused=  3.036 ctrl=  0.816 toploc=  0.799 | speedup total= 3.80x mech= 1.02x impl= 3.72x | breakeven=   2.7 | conv= 2.13x
2026-07-13 13:56:35,683 [INFO]   h= 4096 nprobe=  16 k=1000 | fu fused=  2.988 ctrl=  0.941 toploc=  0.916 | speedup total= 3.26x mech= 1.03x impl= 3.18x | breakeven=   3.0 | conv= 1.94x
2026-07-13 13:56:35,683 [INFO]   h= 4096 nprobe=  16 recall | NDCG@10 base=0.4415 toploc=0.4519 (delta +0.0103)
2026-07-13 13:56:39,230 [INFO]   h= 4096 nprobe=  32 k=  10 | fu fused=  6.440 ctrl=  1.414 toploc=  1.371 | speedup total= 4.70x mech= 1.03x impl= 4.55x | breakeven=   1.2 | conv= 3.23x
2026-07-13 13:56:41,835 [INFO]   h= 4096 nprobe=  32 k= 100 | fu fused=  6.403 ctrl=  1.414 toploc=  1.374 | speedup total= 4.66x mech= 1.03x impl= 4.53x | breakeven=   1.2 | conv= 3.20x
2026-07-13 13:56:44,621 [INFO]   h= 4096 nprobe=  32 k=1000 | fu fused=  6.355 ctrl=  1.514 toploc=  1.468 | speedup total= 4.33x mech= 1.03x impl= 4.20x | breakeven=   1.3 | conv= 3.03x
2026-07-13 13:56:44,622 [INFO]   h= 4096 nprobe=  32 recall | NDCG@10 base=0.4622 toploc=0.4586 (delta -0.0036)
2026-07-13 13:56:50,880 [INFO]   h= 4096 nprobe=  64 k=  10 | fu fused=  7.425 ctrl=  2.555 toploc=  2.494 | speedup total= 2.98x mech= 1.02x impl= 2.91x | breakeven=   1.2 | conv= 2.38x
2026-07-13 13:56:55,644 [INFO]   h= 4096 nprobe=  64 k= 100 | fu fused=  7.293 ctrl=  2.553 toploc=  2.499 | speedup total= 2.92x mech= 1.02x impl= 2.86x | breakeven=   1.3 | conv= 2.33x
2026-07-13 13:57:00,649 [INFO]   h= 4096 nprobe=  64 k=1000 | fu fused=  7.304 ctrl=  2.641 toploc=  2.595 | speedup total= 2.81x mech= 1.02x impl= 2.77x | breakeven=   1.3 | conv= 2.27x
2026-07-13 13:57:00,649 [INFO]   h= 4096 nprobe=  64 recall | NDCG@10 base=0.4722 toploc=0.4761 (delta +0.0038)
2026-07-13 13:57:13,760 [INFO]   h= 4096 nprobe= 128 k=  10 | fu fused= 10.666 ctrl=  4.758 toploc=  4.625 | speedup total= 2.31x mech= 1.03x impl= 2.24x | breakeven=   1.0 | conv= 2.02x
2026-07-13 13:57:22,631 [INFO]   h= 4096 nprobe= 128 k= 100 | fu fused= 10.999 ctrl=  4.773 toploc=  4.637 | speedup total= 2.37x mech= 1.03x impl= 2.30x | breakeven=   1.0 | conv= 2.09x
2026-07-13 13:57:31,667 [INFO]   h= 4096 nprobe= 128 k=1000 | fu fused= 10.792 ctrl=  4.869 toploc=  4.718 | speedup total= 2.29x mech= 1.03x impl= 2.22x | breakeven=   1.0 | conv= 2.01x
2026-07-13 13:57:31,667 [INFO]   h= 4096 nprobe= 128 recall | NDCG@10 base=0.4838 toploc=0.4811 (delta -0.0028)
2026-07-13 13:58:13,000 [INFO]   h= 4096 nprobe= 256 k=  10 | fu fused= 16.007 ctrl=  9.110 toploc=  8.895 | speedup total= 1.80x mech= 1.02x impl= 1.76x | breakeven=   0.9 | conv= 1.68x
2026-07-13 13:58:30,077 [INFO]   h= 4096 nprobe= 256 k= 100 | fu fused= 16.050 ctrl=  9.145 toploc=  8.902 | speedup total= 1.80x mech= 1.03x impl= 1.76x | breakeven=   0.9 | conv= 1.67x
2026-07-13 13:58:47,314 [INFO]   h= 4096 nprobe= 256 k=1000 | fu fused= 15.669 ctrl=  9.233 toploc=  8.990 | speedup total= 1.74x mech= 1.03x impl= 1.70x | breakeven=   0.9 | conv= 1.63x
2026-07-13 13:58:47,314 [INFO]   h= 4096 nprobe= 256 recall | NDCG@10 base=0.4897 toploc=0.4892 (delta -0.0005)
2026-07-13 13:58:47,906 [INFO] [h=8192] caches built once: 11.40 ms/conv (excluded from follow-up latency; charged to first-turn TOTAL and break-even)
2026-07-13 13:58:49,096 [INFO]   h= 8192 nprobe=   1 k=  10 | fu fused=  0.948 ctrl=  0.306 toploc=  0.428 | speedup total= 2.21x mech= 0.71x impl= 3.10x | breakeven=  22.0 | conv= 0.60x
2026-07-13 13:58:49,864 [INFO]   h= 8192 nprobe=   1 k= 100 | fu fused=  0.983 ctrl=  0.298 toploc=  0.438 | speedup total= 2.25x mech= 0.68x impl= 3.30x | breakeven=  20.9 | conv= 0.61x
2026-07-13 13:58:50,876 [INFO]   h= 8192 nprobe=   1 k=1000 | fu fused=  0.936 ctrl=  0.460 toploc=  0.566 | speedup total= 1.65x mech= 0.81x impl= 2.04x | breakeven=  30.8 | conv= 0.54x
2026-07-13 13:58:50,877 [INFO]   h= 8192 nprobe=   1 recall | NDCG@10 base=0.3313 toploc=0.3299 (delta -0.0014)
2026-07-13 13:58:52,177 [INFO]   h= 8192 nprobe=   2 k=  10 | fu fused=  1.160 ctrl=  0.299 toploc=  0.462 | speedup total= 2.51x mech= 0.65x impl= 3.88x | breakeven=  16.3 | conv= 0.72x
2026-07-13 13:58:53,003 [INFO]   h= 8192 nprobe=   2 k= 100 | fu fused=  1.168 ctrl=  0.301 toploc=  0.469 | speedup total= 2.49x mech= 0.64x impl= 3.88x | breakeven=  16.3 | conv= 0.72x
2026-07-13 13:58:54,182 [INFO]   h= 8192 nprobe=   2 k=1000 | fu fused=  1.204 ctrl=  0.486 toploc=  0.655 | speedup total= 1.84x mech= 0.74x impl= 2.48x | breakeven=  20.8 | conv= 0.66x
2026-07-13 13:58:54,182 [INFO]   h= 8192 nprobe=   2 recall | NDCG@10 base=0.3862 toploc=0.3846 (delta -0.0017)
2026-07-13 13:58:55,689 [INFO]   h= 8192 nprobe=   4 k=  10 | fu fused=  1.410 ctrl=  0.367 toploc=  0.541 | speedup total= 2.60x mech= 0.68x impl= 3.84x | breakeven=  13.1 | conv= 0.83x
2026-07-13 13:58:56,690 [INFO]   h= 8192 nprobe=   4 k= 100 | fu fused=  1.394 ctrl=  0.378 toploc=  0.553 | speedup total= 2.52x mech= 0.68x impl= 3.69x | breakeven=  13.6 | conv= 0.81x
2026-07-13 13:58:58,050 [INFO]   h= 8192 nprobe=   4 k=1000 | fu fused=  1.423 ctrl=  0.573 toploc=  0.747 | speedup total= 1.91x mech= 0.77x impl= 2.48x | breakeven=  16.9 | conv= 0.74x
2026-07-13 13:58:58,050 [INFO]   h= 8192 nprobe=   4 recall | NDCG@10 base=0.4226 toploc=0.4208 (delta -0.0018)
2026-07-13 13:58:59,888 [INFO]   h= 8192 nprobe=   8 k=  10 | fu fused=  1.935 ctrl=  0.516 toploc=  0.691 | speedup total= 2.80x mech= 0.75x impl= 3.75x | breakeven=   9.2 | conv= 1.05x
2026-07-13 13:59:01,158 [INFO]   h= 8192 nprobe=   8 k= 100 | fu fused=  1.951 ctrl=  0.524 toploc=  0.696 | speedup total= 2.80x mech= 0.75x impl= 3.72x | breakeven=   9.1 | conv= 1.05x
2026-07-13 13:59:02,874 [INFO]   h= 8192 nprobe=   8 k=1000 | fu fused=  1.939 ctrl=  0.684 toploc=  0.888 | speedup total= 2.18x mech= 0.77x impl= 2.84x | breakeven=  10.9 | conv= 0.94x
2026-07-13 13:59:02,874 [INFO]   h= 8192 nprobe=   8 recall | NDCG@10 base=0.4407 toploc=0.4410 (delta +0.0003)
2026-07-13 13:59:05,408 [INFO]   h= 8192 nprobe=  16 k=  10 | fu fused=  2.986 ctrl=  0.811 toploc=  0.987 | speedup total= 3.03x mech= 0.82x impl= 3.68x | breakeven=   5.7 | conv= 1.40x
2026-07-13 13:59:07,232 [INFO]   h= 8192 nprobe=  16 k= 100 | fu fused=  3.036 ctrl=  0.816 toploc=  0.984 | speedup total= 3.09x mech= 0.83x impl= 3.72x | breakeven=   5.6 | conv= 1.42x
2026-07-13 13:59:09,270 [INFO]   h= 8192 nprobe=  16 k=1000 | fu fused=  2.988 ctrl=  0.941 toploc=  1.096 | speedup total= 2.73x mech= 0.86x impl= 3.18x | breakeven=   6.0 | conv= 1.33x
2026-07-13 13:59:09,270 [INFO]   h= 8192 nprobe=  16 recall | NDCG@10 base=0.4415 toploc=0.4463 (delta +0.0048)
2026-07-13 13:59:13,212 [INFO]   h= 8192 nprobe=  32 k=  10 | fu fused=  6.440 ctrl=  1.414 toploc=  1.554 | speedup total= 4.14x mech= 0.91x impl= 4.55x | breakeven=   2.3 | conv= 2.38x
2026-07-13 13:59:16,145 [INFO]   h= 8192 nprobe=  32 k= 100 | fu fused=  6.403 ctrl=  1.414 toploc=  1.559 | speedup total= 4.11x mech= 0.91x impl= 4.53x | breakeven=   2.4 | conv= 2.35x
2026-07-13 13:59:19,261 [INFO]   h= 8192 nprobe=  32 k=1000 | fu fused=  6.355 ctrl=  1.514 toploc=  1.659 | speedup total= 3.83x mech= 0.91x impl= 4.20x | breakeven=   2.4 | conv= 2.26x
2026-07-13 13:59:19,261 [INFO]   h= 8192 nprobe=  32 recall | NDCG@10 base=0.4622 toploc=0.4638 (delta +0.0016)
2026-07-13 13:59:25,863 [INFO]   h= 8192 nprobe=  64 k=  10 | fu fused=  7.425 ctrl=  2.555 toploc=  2.685 | speedup total= 2.77x mech= 0.95x impl= 2.91x | breakeven=   2.4 | conv= 1.93x
2026-07-13 13:59:30,959 [INFO]   h= 8192 nprobe=  64 k= 100 | fu fused=  7.293 ctrl=  2.553 toploc=  2.682 | speedup total= 2.72x mech= 0.95x impl= 2.86x | breakeven=   2.5 | conv= 1.90x
2026-07-13 13:59:36,199 [INFO]   h= 8192 nprobe=  64 k=1000 | fu fused=  7.304 ctrl=  2.641 toploc=  2.768 | speedup total= 2.64x mech= 0.95x impl= 2.77x | breakeven=   2.5 | conv= 1.86x
2026-07-13 13:59:36,200 [INFO]   h= 8192 nprobe=  64 recall | NDCG@10 base=0.4722 toploc=0.4748 (delta +0.0025)
2026-07-13 13:59:48,201 [INFO]   h= 8192 nprobe= 128 k=  10 | fu fused= 10.666 ctrl=  4.758 toploc=  4.841 | speedup total= 2.20x mech= 0.98x impl= 2.24x | breakeven=   2.0 | conv= 1.77x
2026-07-13 13:59:57,448 [INFO]   h= 8192 nprobe= 128 k= 100 | fu fused= 10.999 ctrl=  4.773 toploc=  4.850 | speedup total= 2.27x mech= 0.98x impl= 2.30x | breakeven=   1.9 | conv= 1.83x
2026-07-13 14:00:06,899 [INFO]   h= 8192 nprobe= 128 k=1000 | fu fused= 10.792 ctrl=  4.869 toploc=  4.973 | speedup total= 2.17x mech= 0.98x impl= 2.22x | breakeven=   2.0 | conv= 1.76x
2026-07-13 14:00:06,899 [INFO]   h= 8192 nprobe= 128 recall | NDCG@10 base=0.4838 toploc=0.4836 (delta -0.0002)
2026-07-13 14:00:36,976 [INFO]   h= 8192 nprobe= 256 k=  10 | fu fused= 16.007 ctrl=  9.110 toploc=  9.133 | speedup total= 1.75x mech= 1.00x impl= 1.76x | breakeven=   1.7 | conv= 1.56x
2026-07-13 14:00:54,453 [INFO]   h= 8192 nprobe= 256 k= 100 | fu fused= 16.050 ctrl=  9.145 toploc=  9.135 | speedup total= 1.76x mech= 1.00x impl= 1.76x | breakeven=   1.6 | conv= 1.55x
2026-07-13 14:01:12,159 [INFO]   h= 8192 nprobe= 256 k=1000 | fu fused= 15.669 ctrl=  9.233 toploc=  9.273 | speedup total= 1.69x mech= 1.00x impl= 1.70x | breakeven=   1.8 | conv= 1.50x
2026-07-13 14:01:12,159 [INFO]   h= 8192 nprobe= 256 recall | NDCG@10 base=0.4897 toploc=0.4892 (delta -0.0006)
2026-07-13 14:01:12,178 [INFO] Done. Results saved to /home/toploc1/Datasets/toploc1/IVF/grid_search_results_snowflake/omp128/metrics_ivf_toploc_v11.json
