2026-07-23 12:44:54,062 [INFO] ##################  M = 32  ##################
2026-07-23 12:44:54,062 [INFO] Loading index from /home/toploc1/Datasets/toploc1/indexes/Dragon/HNSW/treccast_hnsw_M32_dragon_mips.index (~119 GB, be patient)
2026-07-23 13:21:59,480 [INFO] [M=32] Index: 38,636,446 vectors | entry_point=118295 | max_level=4 | metric=L2
2026-07-23 13:22:25,262 [INFO] [M=32] Timing: 5 reps per config, reporting median
2026-07-23 13:22:25,263 [INFO] ##### [M=32] THREAD MODE: multi (omp_set_num_threads=28) #####
2026-07-23 13:22:25,263 [INFO] Warmup pass ...
2026-07-23 13:22:25,373 [INFO] === [M=32] BASELINE HNSW [multi] ===
2026-07-23 13:22:26,033 [INFO] [M=32/multi] ef=1     avg=  0.043ms (± 0.025) MRR@10=0.2079 NDCG@3=0.1151 NDCG@10=0.0960
2026-07-23 13:22:26,159 [INFO] [M=32/multi] ef=2     avg=  0.102ms (± 0.045) MRR@10=0.3345 NDCG@3=0.2053 NDCG@10=0.1876
2026-07-23 13:22:26,296 [INFO] [M=32/multi] ef=4     avg=  0.083ms (± 0.039) MRR@10=0.4595 NDCG@3=0.2875 NDCG@10=0.2712
2026-07-23 13:22:26,440 [INFO] [M=32/multi] ef=8     avg=  0.113ms (± 0.039) MRR@10=0.5891 NDCG@3=0.3659 NDCG@10=0.3466
2026-07-23 13:22:26,609 [INFO] [M=32/multi] ef=16    avg=  0.140ms (± 0.038) MRR@10=0.6473 NDCG@3=0.3960 NDCG@10=0.3834
2026-07-23 13:22:26,790 [INFO] [M=32/multi] ef=32    avg=  0.150ms (± 0.036) MRR@10=0.7138 NDCG@3=0.4385 NDCG@10=0.4256
2026-07-23 13:22:27,056 [INFO] [M=32/multi] ef=64    avg=  0.232ms (± 0.015) MRR@10=0.7257 NDCG@3=0.4465 NDCG@10=0.4348
2026-07-23 13:22:27,429 [INFO] [M=32/multi] ef=128   avg=  0.341ms (± 0.017) MRR@10=0.7577 NDCG@3=0.4705 NDCG@10=0.4606
2026-07-23 13:22:28,039 [INFO] [M=32/multi] ef=256   avg=  0.557ms (± 0.019) MRR@10=0.7611 NDCG@3=0.4740 NDCG@10=0.4624
2026-07-23 13:22:29,096 [INFO] [M=32/multi] ef=512   avg=  1.005ms (± 0.054) MRR@10=0.7652 NDCG@3=0.4753 NDCG@10=0.4650
2026-07-23 13:22:31,263 [INFO] [M=32/multi] ef=1024  avg=  2.061ms (± 0.031) MRR@10=0.7652 NDCG@3=0.4752 NDCG@10=0.4647
2026-07-23 13:22:37,047 [INFO] [M=32/multi] ef=2048  avg=  5.538ms (± 0.102) MRR@10=0.7651 NDCG@3=0.4752 NDCG@10=0.4643
2026-07-23 13:22:57,432 [INFO] [M=32/multi] ef=4096  avg= 19.694ms (± 0.493) MRR@10=0.7651 NDCG@3=0.4752 NDCG@10=0.4643
2026-07-23 13:22:57,432 [INFO] === [M=32] TopLoc HNSW (batched) [multi] ===
2026-07-23 13:22:57,520 [INFO] [M=32/multi/batched] up=1  ef=1     avg=  0.052ms (q0=  0.182 sub/query=  0.034) speedup=0.831x fu_speedup=1.264x MRR@10=0.2860 NDCG@3=0.1596 NDCG@10=0.1384
2026-07-23 13:22:57,621 [INFO] [M=32/multi/batched] up=1  ef=2     avg=  0.063ms (q0=  0.192 sub/query=  0.045) speedup=1.635x fu_speedup=2.280x MRR@10=0.4882 NDCG@3=0.2849 NDCG@10=0.2634
2026-07-23 13:22:57,723 [INFO] [M=32/multi/batched] up=1  ef=4     avg=  0.070ms (q0=  0.199 sub/query=  0.052) speedup=1.185x fu_speedup=1.587x MRR@10=0.5849 NDCG@3=0.3706 NDCG@10=0.3438
2026-07-23 13:22:57,847 [INFO] [M=32/multi/batched] up=1  ef=8     avg=  0.085ms (q0=  0.207 sub/query=  0.068) speedup=1.330x fu_speedup=1.655x MRR@10=0.7003 NDCG@3=0.4303 NDCG@10=0.4128
2026-07-23 13:22:57,977 [INFO] [M=32/multi/batched] up=1  ef=16    avg=  0.099ms (q0=  0.210 sub/query=  0.084) speedup=1.415x fu_speedup=1.672x MRR@10=0.7380 NDCG@3=0.4583 NDCG@10=0.4421
2026-07-23 13:22:58,127 [INFO] [M=32/multi/batched] up=1  ef=32    avg=  0.116ms (q0=  0.217 sub/query=  0.102) speedup=1.296x fu_speedup=1.472x MRR@10=0.7420 NDCG@3=0.4599 NDCG@10=0.4497
2026-07-23 13:22:58,329 [INFO] [M=32/multi/batched] up=1  ef=64    avg=  0.165ms (q0=  0.294 sub/query=  0.148) speedup=1.404x fu_speedup=1.570x MRR@10=0.7509 NDCG@3=0.4657 NDCG@10=0.4539
2026-07-23 13:22:58,599 [INFO] [M=32/multi/batched] up=1  ef=128   avg=  0.230ms (q0=  0.302 sub/query=  0.220) speedup=1.485x fu_speedup=1.552x MRR@10=0.7625 NDCG@3=0.4741 NDCG@10=0.4625
2026-07-23 13:22:59,090 [INFO] [M=32/multi/batched] up=1  ef=256   avg=  0.439ms (q0=  0.540 sub/query=  0.426) speedup=1.266x fu_speedup=1.307x MRR@10=0.7611 NDCG@3=0.4740 NDCG@10=0.4627
2026-07-23 13:22:59,995 [INFO] [M=32/multi/batched] up=1  ef=512   avg=  0.843ms (q0=  0.915 sub/query=  0.833) speedup=1.191x fu_speedup=1.205x MRR@10=0.7652 NDCG@3=0.4753 NDCG@10=0.4651
2026-07-23 13:23:01,776 [INFO] [M=32/multi/batched] up=1  ef=1024  avg=  1.688ms (q0=  1.816 sub/query=  1.670) speedup=1.221x fu_speedup=1.234x MRR@10=0.7652 NDCG@3=0.4752 NDCG@10=0.4647
2026-07-23 13:23:05,583 [INFO] [M=32/multi/batched] up=1  ef=2048  avg=  3.639ms (q0=  5.153 sub/query=  3.432) speedup=1.522x fu_speedup=1.613x MRR@10=0.7651 NDCG@3=0.4752 NDCG@10=0.4643
2026-07-23 13:23:14,105 [INFO] [M=32/multi/batched] up=1  ef=4096  avg=  8.124ms (q0= 16.702 sub/query=  6.952) speedup=2.424x fu_speedup=2.833x MRR@10=0.7651 NDCG@3=0.4752 NDCG@10=0.4643
2026-07-23 13:23:14,146 [INFO] [M=32/multi/batched] up=2  ef=1     avg=  0.013ms (q0=  0.032 sub/query=  0.011) speedup=3.299x fu_speedup=4.100x MRR@10=0.3627 NDCG@3=0.2096 NDCG@10=0.1863
2026-07-23 13:23:14,198 [INFO] [M=32/multi/batched] up=2  ef=2     avg=  0.019ms (q0=  0.048 sub/query=  0.016) speedup=5.270x fu_speedup=6.591x MRR@10=0.5073 NDCG@3=0.3045 NDCG@10=0.2786
2026-07-23 13:23:14,330 [INFO] [M=32/multi/batched] up=2  ef=4     avg=  0.025ms (q0=  0.051 sub/query=  0.021) speedup=3.370x fu_speedup=3.953x MRR@10=0.6158 NDCG@3=0.3900 NDCG@10=0.3555
2026-07-23 13:23:14,394 [INFO] [M=32/multi/batched] up=2  ef=8     avg=  0.035ms (q0=  0.082 sub/query=  0.028) speedup=3.248x fu_speedup=3.981x MRR@10=0.7339 NDCG@3=0.4511 NDCG@10=0.4322
2026-07-23 13:23:14,477 [INFO] [M=32/multi/batched] up=2  ef=16    avg=  0.054ms (q0=  0.137 sub/query=  0.043) speedup=2.575x fu_speedup=3.247x MRR@10=0.7387 NDCG@3=0.4583 NDCG@10=0.4442
2026-07-23 13:23:14,590 [INFO] [M=32/multi/batched] up=2  ef=32    avg=  0.084ms (q0=  0.194 sub/query=  0.069) speedup=1.792x fu_speedup=2.185x MRR@10=0.7420 NDCG@3=0.4604 NDCG@10=0.4516
2026-07-23 13:23:14,757 [INFO] [M=32/multi/batched] up=2  ef=64    avg=  0.134ms (q0=  0.277 sub/query=  0.115) speedup=1.726x fu_speedup=2.020x MRR@10=0.7558 NDCG@3=0.4681 NDCG@10=0.4573
2026-07-23 13:23:15,047 [INFO] [M=32/multi/batched] up=2  ef=128   avg=  0.251ms (q0=  0.480 sub/query=  0.220) speedup=1.358x fu_speedup=1.551x MRR@10=0.7625 NDCG@3=0.4741 NDCG@10=0.4631
2026-07-23 13:23:15,593 [INFO] [M=32/multi/batched] up=2  ef=256   avg=  0.488ms (q0=  0.917 sub/query=  0.429) speedup=1.141x fu_speedup=1.297x MRR@10=0.7611 NDCG@3=0.4740 NDCG@10=0.4627
2026-07-23 13:23:16,617 [INFO] [M=32/multi/batched] up=2  ef=512   avg=  0.962ms (q0=  1.819 sub/query=  0.844) speedup=1.045x fu_speedup=1.190x MRR@10=0.7652 NDCG@3=0.4753 NDCG@10=0.4652
2026-07-23 13:23:18,809 [INFO] [M=32/multi/batched] up=2  ef=1024  avg=  2.086ms (q0=  5.088 sub/query=  1.676) speedup=0.988x fu_speedup=1.230x MRR@10=0.7652 NDCG@3=0.4752 NDCG@10=0.4647
2026-07-23 13:23:24,111 [INFO] [M=32/multi/batched] up=2  ef=2048  avg=  5.060ms (q0= 17.041 sub/query=  3.423) speedup=1.094x fu_speedup=1.618x MRR@10=0.7651 NDCG@3=0.4752 NDCG@10=0.4643
2026-07-23 13:23:39,109 [INFO] [M=32/multi/batched] up=2  ef=4096  avg= 14.415ms (q0= 68.728 sub/query=  6.995) speedup=1.366x fu_speedup=2.816x MRR@10=0.7651 NDCG@3=0.4752 NDCG@10=0.4643
2026-07-23 13:23:39,151 [INFO] [M=32/multi/batched] up=4  ef=1     avg=  0.014ms (q0=  0.037 sub/query=  0.011) speedup=3.107x fu_speedup=4.029x MRR@10=0.4202 NDCG@3=0.2403 NDCG@10=0.2107
2026-07-23 13:23:39,201 [INFO] [M=32/multi/batched] up=4  ef=2     avg=  0.023ms (q0=  0.076 sub/query=  0.016) speedup=4.440x fu_speedup=6.452x MRR@10=0.5545 NDCG@3=0.3337 NDCG@10=0.2977
2026-07-23 13:23:39,255 [INFO] [M=32/multi/batched] up=4  ef=4     avg=  0.025ms (q0=  0.069 sub/query=  0.019) speedup=3.257x fu_speedup=4.243x MRR@10=0.6870 NDCG@3=0.4282 NDCG@10=0.3934
2026-07-23 13:23:39,325 [INFO] [M=32/multi/batched] up=4  ef=8     avg=  0.042ms (q0=  0.141 sub/query=  0.028) speedup=2.689x fu_speedup=3.971x MRR@10=0.7395 NDCG@3=0.4533 NDCG@10=0.4365
2026-07-23 13:23:39,415 [INFO] [M=32/multi/batched] up=4  ef=16    avg=  0.061ms (q0=  0.194 sub/query=  0.043) speedup=2.294x fu_speedup=3.265x MRR@10=0.7387 NDCG@3=0.4598 NDCG@10=0.4465
2026-07-23 13:23:39,544 [INFO] [M=32/multi/batched] up=4  ef=32    avg=  0.096ms (q0=  0.277 sub/query=  0.072) speedup=1.556x fu_speedup=2.092x MRR@10=0.7517 NDCG@3=0.4676 NDCG@10=0.4586
2026-07-23 13:23:39,743 [INFO] [M=32/multi/batched] up=4  ef=64    avg=  0.165ms (q0=  0.510 sub/query=  0.118) speedup=1.406x fu_speedup=1.968x MRR@10=0.7558 NDCG@3=0.4681 NDCG@10=0.4579
2026-07-23 13:23:40,092 [INFO] [M=32/multi/batched] up=4  ef=128   avg=  0.309ms (q0=  0.958 sub/query=  0.220) speedup=1.103x fu_speedup=1.547x MRR@10=0.7625 NDCG@3=0.4741 NDCG@10=0.4631
2026-07-23 13:23:40,741 [INFO] [M=32/multi/batched] up=4  ef=256   avg=  0.597ms (q0=  1.821 sub/query=  0.430) speedup=0.932x fu_speedup=1.295x MRR@10=0.7611 NDCG@3=0.4740 NDCG@10=0.4628
2026-07-23 13:23:42,181 [INFO] [M=32/multi/batched] up=4  ef=512   avg=  1.353ms (q0=  5.226 sub/query=  0.823) speedup=0.743x fu_speedup=1.220x MRR@10=0.7652 NDCG@3=0.4753 NDCG@10=0.4652
2026-07-23 13:23:45,904 [INFO] [M=32/multi/batched] up=4  ef=1024  avg=  3.544ms (q0= 17.221 sub/query=  1.676) speedup=0.582x fu_speedup=1.230x MRR@10=0.7652 NDCG@3=0.4752 NDCG@10=0.4647
2026-07-23 13:23:57,775 [INFO] [M=32/multi/batched] up=4  ef=2048  avg= 11.372ms (q0= 69.674 sub/query=  3.407) speedup=0.487x fu_speedup=1.625x MRR@10=0.7651 NDCG@3=0.4752 NDCG@10=0.4643
2026-07-23 13:24:49,871 [INFO] [M=32/multi/batched] up=4  ef=4096  avg= 49.974ms (q0=364.213 sub/query=  7.046) speedup=0.394x fu_speedup=2.795x MRR@10=0.7651 NDCG@3=0.4752 NDCG@10=0.4643
2026-07-23 13:24:49,914 [INFO] [M=32/multi/batched] up=8  ef=1     avg=  0.015ms (q0=  0.051 sub/query=  0.010) speedup=2.869x fu_speedup=4.242x MRR@10=0.4452 NDCG@3=0.2580 NDCG@10=0.2140
2026-07-23 13:24:49,963 [INFO] [M=32/multi/batched] up=8  ef=2     avg=  0.022ms (q0=  0.069 sub/query=  0.015) speedup=4.712x fu_speedup=6.682x MRR@10=0.6235 NDCG@3=0.3671 NDCG@10=0.3311
2026-07-23 13:24:50,024 [INFO] [M=32/multi/batched] up=8  ef=4     avg=  0.033ms (q0=  0.125 sub/query=  0.020) speedup=2.512x fu_speedup=4.076x MRR@10=0.6935 NDCG@3=0.4305 NDCG@10=0.3980
2026-07-23 13:24:50,100 [INFO] [M=32/multi/batched] up=8  ef=8     avg=  0.048ms (q0=  0.176 sub/query=  0.030) speedup=2.376x fu_speedup=3.760x MRR@10=0.7419 NDCG@3=0.4570 NDCG@10=0.4416
2026-07-23 13:24:50,199 [INFO] [M=32/multi/batched] up=8  ef=16    avg=  0.071ms (q0=  0.279 sub/query=  0.042) speedup=1.977x fu_speedup=3.304x MRR@10=0.7491 NDCG@3=0.4670 NDCG@10=0.4544
2026-07-23 13:24:50,355 [INFO] [M=32/multi/batched] up=8  ef=32    avg=  0.126ms (q0=  0.535 sub/query=  0.070) speedup=1.192x fu_speedup=2.146x MRR@10=0.7517 NDCG@3=0.4676 NDCG@10=0.4592
2026-07-23 13:24:50,604 [INFO] [M=32/multi/batched] up=8  ef=64    avg=  0.214ms (q0=  0.925 sub/query=  0.117) speedup=1.083x fu_speedup=1.980x MRR@10=0.7558 NDCG@3=0.4681 NDCG@10=0.4579
2026-07-23 13:24:51,060 [INFO] [M=32/multi/batched] up=8  ef=128   avg=  0.412ms (q0=  1.800 sub/query=  0.222) speedup=0.828x fu_speedup=1.535x MRR@10=0.7625 NDCG@3=0.4741 NDCG@10=0.4631
2026-07-23 13:24:52,120 [INFO] [M=32/multi/batched] up=8  ef=256   avg=  0.990ms (q0=  5.144 sub/query=  0.422) speedup=0.562x fu_speedup=1.318x MRR@10=0.7611 NDCG@3=0.4740 NDCG@10=0.4628
2026-07-23 13:24:55,066 [INFO] [M=32/multi/batched] up=8  ef=512   avg=  2.803ms (q0= 17.163 sub/query=  0.841) speedup=0.358x fu_speedup=1.194x MRR@10=0.7652 NDCG@3=0.4753 NDCG@10=0.4652
2026-07-23 13:25:05,329 [INFO] [M=32/multi/batched] up=8  ef=1024  avg=  9.848ms (q0= 69.544 sub/query=  1.693) speedup=0.209x fu_speedup=1.217x MRR@10=0.7652 NDCG@3=0.4752 NDCG@10=0.4647
