2026-07-15 10:57:42,827 [INFO] Loading index from /home/toploc1/Datasets/toploc1/indexes/Dragon_indexes/treccast_hnsw_M32_dragon_mips.index
2026-07-15 11:19:41,747 [INFO] Index: 38,636,446 vectors | entry_point=118295 | max_level=4 | metric=L2
2026-07-15 11:20:11,980 [INFO] Queries: 479 | dim=769 (768 + 1 MIPS dim)
2026-07-15 11:20:11,981 [INFO] Conversations: 50 | turns/conv min=7 max=12
2026-07-15 11:20:11,982 [INFO] Followup queries: 429 (single batched level-0 call per config)
2026-07-15 11:20:12,010 [INFO] Loaded qrels: 173 queries, 29350 judgments
2026-07-15 11:20:12,011 [INFO] Timing: 5 reps per config, reporting median
2026-07-15 11:20:12,011 [INFO] ##### THREAD MODE: multi (omp_set_num_threads=128) #####
2026-07-15 11:20:12,011 [INFO] Warmup pass ...
2026-07-15 11:20:12,217 [INFO] === BASELINE HNSW [multi] ===
2026-07-15 11:20:13,480 [INFO] [multi] ef=1     avg=  0.494ms (± 0.021) MRR@10=0.1479 NDCG@3=0.0979 NDCG@10=0.0758
2026-07-15 11:20:14,734 [INFO] [multi] ef=2     avg=  0.498ms (± 0.012) MRR@10=0.2738 NDCG@3=0.1785 NDCG@10=0.1512
2026-07-15 11:20:15,981 [INFO] [multi] ef=4     avg=  0.492ms (± 0.015) MRR@10=0.4566 NDCG@3=0.3059 NDCG@10=0.2684
2026-07-15 11:20:17,242 [INFO] [multi] ef=8     avg=  0.502ms (± 0.015) MRR@10=0.5879 NDCG@3=0.3922 NDCG@10=0.3478
2026-07-15 11:20:18,540 [INFO] [multi] ef=16    avg=  0.525ms (± 0.008) MRR@10=0.6978 NDCG@3=0.4708 NDCG@10=0.4321
2026-07-15 11:20:19,829 [INFO] [multi] ef=32    avg=  0.516ms (± 0.006) MRR@10=0.7338 NDCG@3=0.4981 NDCG@10=0.4625
2026-07-15 11:20:21,173 [INFO] [multi] ef=64    avg=  0.537ms (± 0.013) MRR@10=0.7754 NDCG@3=0.5146 NDCG@10=0.4831
2026-07-15 11:20:22,625 [INFO] [multi] ef=128   avg=  0.587ms (± 0.026) MRR@10=0.7907 NDCG@3=0.5234 NDCG@10=0.4887
2026-07-15 11:20:24,225 [INFO] [multi] ef=256   avg=  0.640ms (± 0.035) MRR@10=0.7969 NDCG@3=0.5267 NDCG@10=0.4909
2026-07-15 11:20:26,473 [INFO] [multi] ef=512   avg=  0.908ms (± 0.021) MRR@10=0.8031 NDCG@3=0.5274 NDCG@10=0.4917
2026-07-15 11:20:31,833 [INFO] [multi] ef=1024  avg=  2.228ms (± 0.036) MRR@10=0.8025 NDCG@3=0.5268 NDCG@10=0.4915
2026-07-15 11:20:47,616 [INFO] [multi] ef=2048  avg=  6.617ms (± 0.190) MRR@10=0.8025 NDCG@3=0.5268 NDCG@10=0.4913
2026-07-15 11:21:37,249 [INFO] [multi] ef=4096  avg= 20.746ms (± 0.127) MRR@10=0.8025 NDCG@3=0.5264 NDCG@10=0.4913
2026-07-15 11:21:37,250 [INFO] === TopLoc HNSW (batched) [multi] ===
2026-07-15 11:21:37,517 [INFO] [multi/batched] up=1  ef=1     avg=  0.091ms (q0=  0.398 sub/query=  0.055) speedup=5.440x fu_speedup=8.978x MRR@10=0.2049 NDCG@3=0.1304 NDCG@10=0.0988
2026-07-15 11:21:37,779 [INFO] [multi/batched] up=1  ef=2     avg=  0.085ms (q0=  0.322 sub/query=  0.058) speedup=5.849x fu_speedup=8.653x MRR@10=0.4214 NDCG@3=0.2501 NDCG@10=0.2183
2026-07-15 11:21:38,065 [INFO] [multi/batched] up=1  ef=4     avg=  0.104ms (q0=  0.358 sub/query=  0.074) speedup=4.747x fu_speedup=6.646x MRR@10=0.6215 NDCG@3=0.3960 NDCG@10=0.3683
2026-07-15 11:21:38,347 [INFO] [multi/batched] up=1  ef=8     avg=  0.095ms (q0=  0.388 sub/query=  0.060) speedup=5.310x fu_speedup=8.317x MRR@10=0.7389 NDCG@3=0.4922 NDCG@10=0.4542
2026-07-15 11:21:38,649 [INFO] [multi/batched] up=1  ef=16    avg=  0.108ms (q0=  0.454 sub/query=  0.068) speedup=4.841x fu_speedup=7.705x MRR@10=0.7667 NDCG@3=0.5145 NDCG@10=0.4734
2026-07-15 11:21:38,965 [INFO] [multi/batched] up=1  ef=32    avg=  0.109ms (q0=  0.367 sub/query=  0.079) speedup=4.725x fu_speedup=6.518x MRR@10=0.7684 NDCG@3=0.5219 NDCG@10=0.4842
2026-07-15 11:21:39,336 [INFO] [multi/batched] up=1  ef=64    avg=  0.131ms (q0=  0.407 sub/query=  0.099) speedup=4.082x fu_speedup=5.400x MRR@10=0.7936 NDCG@3=0.5197 NDCG@10=0.4896
2026-07-15 11:21:39,810 [INFO] [multi/batched] up=1  ef=128   avg=  0.181ms (q0=  0.450 sub/query=  0.149) speedup=3.250x fu_speedup=3.933x MRR@10=0.7973 NDCG@3=0.5270 NDCG@10=0.4924
2026-07-15 11:21:40,543 [INFO] [multi/batched] up=1  ef=256   avg=  0.287ms (q0=  0.533 sub/query=  0.259) speedup=2.227x fu_speedup=2.474x MRR@10=0.7969 NDCG@3=0.5267 NDCG@10=0.4910
2026-07-15 11:21:41,802 [INFO] [multi/batched] up=1  ef=512   avg=  0.512ms (q0=  0.708 sub/query=  0.489) speedup=1.774x fu_speedup=1.857x MRR@10=0.8031 NDCG@3=0.5274 NDCG@10=0.4917
2026-07-15 11:21:44,332 [INFO] [multi/batched] up=1  ef=1024  avg=  1.039ms (q0=  2.020 sub/query=  0.925) speedup=2.144x fu_speedup=2.408x MRR@10=0.8025 NDCG@3=0.5268 NDCG@10=0.4915
2026-07-15 11:21:49,770 [INFO] [multi/batched] up=1  ef=2048  avg=  2.246ms (q0=  5.614 sub/query=  1.854) speedup=2.946x fu_speedup=3.569x MRR@10=0.8025 NDCG@3=0.5268 NDCG@10=0.4913
2026-07-15 11:22:02,764 [INFO] [multi/batched] up=1  ef=4096  avg=  5.413ms (q0= 20.094 sub/query=  3.701) speedup=3.833x fu_speedup=5.605x MRR@10=0.8025 NDCG@3=0.5264 NDCG@10=0.4913
2026-07-15 11:22:03,043 [INFO] [multi/batched] up=2  ef=1     avg=  0.088ms (q0=  0.356 sub/query=  0.057) speedup=5.618x fu_speedup=8.708x MRR@10=0.2833 NDCG@3=0.1533 NDCG@10=0.1211
2026-07-15 11:22:03,300 [INFO] [multi/batched] up=2  ef=2     avg=  0.086ms (q0=  0.339 sub/query=  0.056) speedup=5.827x fu_speedup=8.906x MRR@10=0.5342 NDCG@3=0.3310 NDCG@10=0.2889
2026-07-15 11:22:03,577 [INFO] [multi/batched] up=2  ef=4     avg=  0.092ms (q0=  0.363 sub/query=  0.060) speedup=5.364x fu_speedup=8.191x MRR@10=0.6927 NDCG@3=0.4567 NDCG@10=0.4246
2026-07-15 11:22:03,858 [INFO] [multi/batched] up=2  ef=8     avg=  0.093ms (q0=  0.353 sub/query=  0.062) speedup=5.429x fu_speedup=8.087x MRR@10=0.7462 NDCG@3=0.4946 NDCG@10=0.4583
2026-07-15 11:22:04,149 [INFO] [multi/batched] up=2  ef=16    avg=  0.102ms (q0=  0.380 sub/query=  0.069) speedup=5.168x fu_speedup=7.596x MRR@10=0.7747 NDCG@3=0.5175 NDCG@10=0.4791
2026-07-15 11:22:04,492 [INFO] [multi/batched] up=2  ef=32    avg=  0.123ms (q0=  0.502 sub/query=  0.079) speedup=4.183x fu_speedup=6.519x MRR@10=0.7915 NDCG@3=0.5283 NDCG@10=0.4918
2026-07-15 11:22:04,867 [INFO] [multi/batched] up=2  ef=64    avg=  0.139ms (q0=  0.439 sub/query=  0.104) speedup=3.850x fu_speedup=5.140x MRR@10=0.7936 NDCG@3=0.5197 NDCG@10=0.4895
2026-07-15 11:22:05,359 [INFO] [multi/batched] up=2  ef=128   avg=  0.185ms (q0=  0.472 sub/query=  0.151) speedup=3.173x fu_speedup=3.875x MRR@10=0.7973 NDCG@3=0.5270 NDCG@10=0.4922
2026-07-15 11:22:06,148 [INFO] [multi/batched] up=2  ef=256   avg=  0.309ms (q0=  0.724 sub/query=  0.260) speedup=2.073x fu_speedup=2.458x MRR@10=0.7969 NDCG@3=0.5267 NDCG@10=0.4904
2026-07-15 11:22:07,735 [INFO] [multi/batched] up=2  ef=512   avg=  0.635ms (q0=  1.919 sub/query=  0.486) speedup=1.429x fu_speedup=1.870x MRR@10=0.8031 NDCG@3=0.5274 NDCG@10=0.4920
2026-07-15 11:22:11,231 [INFO] [multi/batched] up=2  ef=1024  avg=  1.453ms (q0=  5.993 sub/query=  0.924) speedup=1.534x fu_speedup=2.412x MRR@10=0.8025 NDCG@3=0.5268 NDCG@10=0.4915
2026-07-15 11:22:20,274 [INFO] [multi/batched] up=2  ef=2048  avg=  3.717ms (q0= 20.186 sub/query=  1.797) speedup=1.780x fu_speedup=3.682x MRR@10=0.8025 NDCG@3=0.5264 NDCG@10=0.4911
2026-07-15 11:22:48,303 [INFO] [multi/batched] up=2  ef=4096  avg= 11.749ms (q0= 80.579 sub/query=  3.727) speedup=1.766x fu_speedup=5.566x MRR@10=0.8025 NDCG@3=0.5264 NDCG@10=0.4913
2026-07-15 11:22:48,559 [INFO] [multi/batched] up=4  ef=1     avg=  0.085ms (q0=  0.350 sub/query=  0.054) speedup=5.806x fu_speedup=9.107x MRR@10=0.3842 NDCG@3=0.2241 NDCG@10=0.1837
2026-07-15 11:22:48,816 [INFO] [multi/batched] up=4  ef=2     avg=  0.086ms (q0=  0.342 sub/query=  0.056) speedup=5.798x fu_speedup=8.875x MRR@10=0.6331 NDCG@3=0.4038 NDCG@10=0.3554
2026-07-15 11:22:49,091 [INFO] [multi/batched] up=4  ef=4     avg=  0.091ms (q0=  0.377 sub/query=  0.057) speedup=5.433x fu_speedup=8.616x MRR@10=0.7015 NDCG@3=0.4602 NDCG@10=0.4300
2026-07-15 11:22:49,375 [INFO] [multi/batched] up=4  ef=8     avg=  0.093ms (q0=  0.354 sub/query=  0.063) speedup=5.398x fu_speedup=8.021x MRR@10=0.7561 NDCG@3=0.4951 NDCG@10=0.4626
2026-07-15 11:22:49,686 [INFO] [multi/batched] up=4  ef=16    avg=  0.105ms (q0=  0.407 sub/query=  0.070) speedup=5.003x fu_speedup=7.523x MRR@10=0.7978 NDCG@3=0.5243 NDCG@10=0.4868
2026-07-15 11:22:50,029 [INFO] [multi/batched] up=4  ef=32    avg=  0.121ms (q0=  0.476 sub/query=  0.080) speedup=4.249x fu_speedup=6.438x MRR@10=0.7915 NDCG@3=0.5283 NDCG@10=0.4917
2026-07-15 11:22:50,420 [INFO] [multi/batched] up=4  ef=64    avg=  0.145ms (q0=  0.503 sub/query=  0.104) speedup=3.695x fu_speedup=5.181x MRR@10=0.7936 NDCG@3=0.5197 NDCG@10=0.4892
2026-07-15 11:22:50,977 [INFO] [multi/batched] up=4  ef=128   avg=  0.209ms (q0=  0.728 sub/query=  0.148) speedup=2.807x fu_speedup=3.953x MRR@10=0.7973 NDCG@3=0.5270 NDCG@10=0.4916
2026-07-15 11:22:52,077 [INFO] [multi/batched] up=4  ef=256   avg=  0.436ms (q0=  1.998 sub/query=  0.254) speedup=1.468x fu_speedup=2.523x MRR@10=0.7969 NDCG@3=0.5267 NDCG@10=0.4907
2026-07-15 11:22:54,600 [INFO] [multi/batched] up=4  ef=512   avg=  1.034ms (q0=  5.829 sub/query=  0.476) speedup=0.878x fu_speedup=1.909x MRR@10=0.8031 NDCG@3=0.5274 NDCG@10=0.4920
2026-07-15 11:23:01,545 [INFO] [multi/batched] up=4  ef=1024  avg=  2.912ms (q0= 20.104 sub/query=  0.908) speedup=0.765x fu_speedup=2.453x MRR@10=0.8025 NDCG@3=0.5264 NDCG@10=0.4913
2026-07-15 11:23:25,699 [INFO] [multi/batched] up=4  ef=2048  avg= 10.083ms (q0= 80.959 sub/query=  1.822) speedup=0.656x fu_speedup=3.632x MRR@10=0.8025 NDCG@3=0.5264 NDCG@10=0.4911
2026-07-15 11:25:22,457 [INFO] [multi/batched] up=4  ef=4096  avg= 48.958ms (q0=437.129 sub/query=  3.717) speedup=0.424x fu_speedup=5.581x MRR@10=0.8025 NDCG@3=0.5264 NDCG@10=0.4913
2026-07-15 11:25:22,717 [INFO] [multi/batched] up=8  ef=1     avg=  0.084ms (q0=  0.344 sub/query=  0.053) speedup=5.910x fu_speedup=9.275x MRR@10=0.5279 NDCG@3=0.3264 NDCG@10=0.2700
2026-07-15 11:25:22,975 [INFO] [multi/batched] up=8  ef=2     avg=  0.085ms (q0=  0.342 sub/query=  0.056) speedup=5.833x fu_speedup=8.981x MRR@10=0.6475 NDCG@3=0.4102 NDCG@10=0.3645
2026-07-15 11:25:23,259 [INFO] [multi/batched] up=8  ef=4     avg=  0.093ms (q0=  0.366 sub/query=  0.062) speedup=5.266x fu_speedup=7.980x MRR@10=0.7174 NDCG@3=0.4642 NDCG@10=0.4366
2026-07-15 11:25:23,557 [INFO] [multi/batched] up=8  ef=8     avg=  0.097ms (q0=  0.377 sub/query=  0.064) speedup=5.178x fu_speedup=7.805x MRR@10=0.7879 NDCG@3=0.5070 NDCG@10=0.4746
2026-07-15 11:25:23,867 [INFO] [multi/batched] up=8  ef=16    avg=  0.111ms (q0=  0.467 sub/query=  0.069) speedup=4.749x fu_speedup=7.614x MRR@10=0.7978 NDCG@3=0.5243 NDCG@10=0.4867
2026-07-15 11:25:24,216 [INFO] [multi/batched] up=8  ef=32    avg=  0.124ms (q0=  0.540 sub/query=  0.075) speedup=4.164x fu_speedup=6.849x MRR@10=0.7915 NDCG@3=0.5283 NDCG@10=0.4914
2026-07-15 11:25:24,665 [INFO] [multi/batched] up=8  ef=64    avg=  0.165ms (q0=  0.708 sub/query=  0.102) speedup=3.247x fu_speedup=5.260x MRR@10=0.7936 NDCG@3=0.5197 NDCG@10=0.4887
2026-07-15 11:25:25,522 [INFO] [multi/batched] up=8  ef=128   avg=  0.334ms (q0=  1.893 sub/query=  0.152) speedup=1.756x fu_speedup=3.849x MRR@10=0.7973 NDCG@3=0.5270 NDCG@10=0.4919
2026-07-15 11:25:27,573 [INFO] [multi/batched] up=8  ef=256   avg=  0.839ms (q0=  5.897 sub/query=  0.249) speedup=0.762x fu_speedup=2.564x MRR@10=0.7969 NDCG@3=0.5267 NDCG@10=0.4907
2026-07-15 11:25:33,645 [INFO] [multi/batched] up=8  ef=512   avg=  2.478ms (q0= 19.826 sub/query=  0.456) speedup=0.366x fu_speedup=1.990x MRR@10=0.8031 NDCG@3=0.5271 NDCG@10=0.4918
2026-07-15 11:25:55,568 [INFO] [multi/batched] up=8  ef=1024  avg=  9.182ms (q0= 80.244 sub/query=  0.900) speedup=0.243x fu_speedup=2.476x MRR@10=0.8025 NDCG@3=0.5264 NDCG@10=0.4913
2026-07-15 11:27:47,615 [INFO] [multi/batched] up=8  ef=2048  avg= 46.713ms (q0=431.836 sub/query=  1.827) speedup=0.142x fu_speedup=3.622x MRR@10=0.8025 NDCG@3=0.5264 NDCG@10=0.4911
2026-07-15 11:32:36,968 [INFO] [multi/batched] up=8  ef=4096  avg=120.476ms (q0=1122.297 sub/query=  3.713) speedup=0.172x fu_speedup=5.587x MRR@10=0.8025 NDCG@3=0.5264 NDCG@10=0.4914
2026-07-15 11:32:37,242 [INFO] [multi/batched] up=16 ef=1     avg=  0.086ms (q0=  0.360 sub/query=  0.054) speedup=5.732x fu_speedup=9.091x MRR@10=0.5364 NDCG@3=0.3326 NDCG@10=0.2806
2026-07-15 11:32:37,521 [INFO] [multi/batched] up=16 ef=2     avg=  0.090ms (q0=  0.385 sub/query=  0.056) speedup=5.530x fu_speedup=8.943x MRR@10=0.6786 NDCG@3=0.4287 NDCG@10=0.3790
2026-07-15 11:32:37,802 [INFO] [multi/batched] up=16 ef=4     avg=  0.096ms (q0=  0.421 sub/query=  0.058) speedup=5.146x fu_speedup=8.526x MRR@10=0.7492 NDCG@3=0.4805 NDCG@10=0.4513
2026-07-15 11:32:38,103 [INFO] [multi/batched] up=16 ef=8     avg=  0.105ms (q0=  0.449 sub/query=  0.065) speedup=4.795x fu_speedup=7.773x MRR@10=0.7879 NDCG@3=0.5070 NDCG@10=0.4745
2026-07-15 11:32:38,454 [INFO] [multi/batched] up=16 ef=16    avg=  0.125ms (q0=  0.573 sub/query=  0.073) speedup=4.186x fu_speedup=7.173x MRR@10=0.7978 NDCG@3=0.5243 NDCG@10=0.4864
2026-07-15 11:32:38,863 [INFO] [multi/batched] up=16 ef=32    avg=  0.159ms (q0=  0.858 sub/query=  0.077) speedup=3.251x fu_speedup=6.683x MRR@10=0.7915 NDCG@3=0.5283 NDCG@10=0.4908
2026-07-15 11:32:40,236 [INFO] [multi/batched] up=16 ef=64    avg=  0.298ms (q0=  1.944 sub/query=  0.106) speedup=1.802x fu_speedup=5.065x MRR@10=0.7936 NDCG@3=0.5197 NDCG@10=0.4890
2026-07-15 11:32:42,074 [INFO] [multi/batched] up=16 ef=128   avg=  0.755ms (q0=  5.941 sub/query=  0.150) speedup=0.777x fu_speedup=3.903x MRR@10=0.7973 NDCG@3=0.5270 NDCG@10=0.4919
2026-07-15 11:32:47,625 [INFO] [multi/batched] up=16 ef=256   avg=  2.270ms (q0= 19.740 sub/query=  0.234) speedup=0.282x fu_speedup=2.730x MRR@10=0.7969 NDCG@3=0.5263 NDCG@10=0.4905
2026-07-15 11:33:08,404 [INFO] [multi/batched] up=16 ef=512   avg=  8.692ms (q0= 79.178 sub/query=  0.477) speedup=0.104x fu_speedup=1.905x MRR@10=0.8031 NDCG@3=0.5271 NDCG@10=0.4918
2026-07-15 11:34:59,653 [INFO] [multi/batched] up=16 ef=1024  avg= 46.007ms (q0=432.936 sub/query=  0.911) speedup=0.048x fu_speedup=2.447x MRR@10=0.8025 NDCG@3=0.5264 NDCG@10=0.4913
2026-07-15 11:39:46,901 [INFO] [multi/batched] up=16 ef=2048  avg=118.996ms (q0=1124.335 sub/query=  1.824) speedup=0.056x fu_speedup=3.628x MRR@10=0.8025 NDCG@3=0.5264 NDCG@10=0.4912
2026-07-15 11:53:12,265 [INFO] [multi/batched] up=16 ef=4096  avg=332.034ms (q0=3149.412 sub/query=  3.669) speedup=0.062x fu_speedup=5.655x MRR@10=0.8025 NDCG@3=0.5264 NDCG@10=0.4914
2026-07-15 11:53:12,265 [INFO] ##### THREAD MODE: single (omp_set_num_threads=1) #####
2026-07-15 11:53:12,266 [INFO] Warmup pass ...
2026-07-15 11:53:13,375 [INFO] === BASELINE HNSW [single] ===
2026-07-15 11:53:13,707 [INFO] [single] ef=1     avg=  0.124ms (± 0.001) MRR@10=0.1479 NDCG@3=0.0979 NDCG@10=0.0758
2026-07-15 11:53:14,197 [INFO] [single] ef=2     avg=  0.188ms (± 0.004) MRR@10=0.2738 NDCG@3=0.1785 NDCG@10=0.1512
2026-07-15 11:53:14,906 [INFO] [single] ef=4     avg=  0.281ms (± 0.002) MRR@10=0.4566 NDCG@3=0.3059 NDCG@10=0.2684
2026-07-15 11:53:15,895 [INFO] [single] ef=8     avg=  0.399ms (± 0.001) MRR@10=0.5879 NDCG@3=0.3922 NDCG@10=0.3478
2026-07-15 11:53:17,264 [INFO] [single] ef=16    avg=  0.557ms (± 0.001) MRR@10=0.6978 NDCG@3=0.4708 NDCG@10=0.4321
2026-07-15 11:53:19,240 [INFO] [single] ef=32    avg=  0.809ms (± 0.003) MRR@10=0.7338 NDCG@3=0.4981 NDCG@10=0.4625
2026-07-15 11:53:22,418 [INFO] [single] ef=64    avg=  1.313ms (± 0.003) MRR@10=0.7754 NDCG@3=0.5146 NDCG@10=0.4831
2026-07-15 11:53:27,987 [INFO] [single] ef=128   avg=  2.311ms (± 0.004) MRR@10=0.7907 NDCG@3=0.5234 NDCG@10=0.4887
2026-07-15 11:53:38,311 [INFO] [single] ef=256   avg=  4.297ms (± 0.003) MRR@10=0.7969 NDCG@3=0.5267 NDCG@10=0.4909
2026-07-15 11:53:57,821 [INFO] [single] ef=512   avg=  8.139ms (± 0.019) MRR@10=0.8031 NDCG@3=0.5274 NDCG@10=0.4917
2026-07-15 11:54:36,596 [INFO] [single] ef=1024  avg= 16.175ms (± 0.024) MRR@10=0.8025 NDCG@3=0.5268 NDCG@10=0.4915
2026-07-15 11:55:58,687 [INFO] [single] ef=2048  avg= 34.255ms (± 0.036) MRR@10=0.8025 NDCG@3=0.5268 NDCG@10=0.4913
2026-07-15 11:59:05,204 [INFO] [single] ef=4096  avg= 78.164ms (± 0.742) MRR@10=0.8025 NDCG@3=0.5264 NDCG@10=0.4913
2026-07-15 11:59:05,204 [INFO] === TopLoc HNSW (batched) [single] ===
2026-07-15 11:59:05,425 [INFO] [single/batched] up=1  ef=1     avg=  0.077ms (q0=  0.140 sub/query=  0.070) speedup=1.594x fu_speedup=1.761x MRR@10=0.2049 NDCG@3=0.1304 NDCG@10=0.0988
2026-07-15 11:59:05,771 [INFO] [single/batched] up=1  ef=2     avg=  0.130ms (q0=  0.204 sub/query=  0.121) speedup=1.446x fu_speedup=1.548x MRR@10=0.4214 NDCG@3=0.2501 NDCG@10=0.2183
2026-07-15 11:59:06,230 [INFO] [single/batched] up=1  ef=4     avg=  0.178ms (q0=  0.313 sub/query=  0.162) speedup=1.580x fu_speedup=1.733x MRR@10=0.6215 NDCG@3=0.3960 NDCG@10=0.3683
2026-07-15 11:59:06,850 [INFO] [single/batched] up=1  ef=8     avg=  0.245ms (q0=  0.407 sub/query=  0.226) speedup=1.630x fu_speedup=1.766x MRR@10=0.7389 NDCG@3=0.4922 NDCG@10=0.4542
2026-07-15 11:59:07,758 [INFO] [single/batched] up=1  ef=16    avg=  0.364ms (q0=  0.539 sub/query=  0.343) speedup=1.533x fu_speedup=1.624x MRR@10=0.7667 NDCG@3=0.5145 NDCG@10=0.4734
2026-07-15 11:59:09,161 [INFO] [single/batched] up=1  ef=32    avg=  0.571ms (q0=  0.886 sub/query=  0.534) speedup=1.417x fu_speedup=1.514x MRR@10=0.7684 NDCG@3=0.5219 NDCG@10=0.4842
2026-07-15 11:59:11,624 [INFO] [single/batched] up=1  ef=64    avg=  1.014ms (q0=  1.347 sub/query=  0.975) speedup=1.295x fu_speedup=1.347x MRR@10=0.7936 NDCG@3=0.5197 NDCG@10=0.4896
2026-07-15 11:59:16,392 [INFO] [single/batched] up=1  ef=128   avg=  1.976ms (q0=  2.269 sub/query=  1.942) speedup=1.169x fu_speedup=1.190x MRR@10=0.7973 NDCG@3=0.5270 NDCG@10=0.4924
2026-07-15 11:59:26,001 [INFO] [single/batched] up=1  ef=256   avg=  3.998ms (q0=  4.154 sub/query=  3.980) speedup=1.075x fu_speedup=1.080x MRR@10=0.7969 NDCG@3=0.5267 NDCG@10=0.4910
2026-07-15 11:59:45,040 [INFO] [single/batched] up=1  ef=512   avg=  7.927ms (q0=  7.781 sub/query=  7.944) speedup=1.027x fu_speedup=1.025x MRR@10=0.8031 NDCG@3=0.5274 NDCG@10=0.4917
2026-07-15 12:00:22,288 [INFO] [single/batched] up=1  ef=1024  avg= 15.544ms (q0= 15.319 sub/query= 15.570) speedup=1.041x fu_speedup=1.039x MRR@10=0.8025 NDCG@3=0.5268 NDCG@10=0.4915
2026-07-15 12:01:39,466 [INFO] [single/batched] up=1  ef=2048  avg= 32.216ms (q0= 31.031 sub/query= 32.354) speedup=1.063x fu_speedup=1.059x MRR@10=0.8025 NDCG@3=0.5268 NDCG@10=0.4913
2026-07-15 12:04:34,346 [INFO] [single/batched] up=1  ef=4096  avg= 73.031ms (q0= 71.081 sub/query= 73.258) speedup=1.070x fu_speedup=1.067x MRR@10=0.8025 NDCG@3=0.5264 NDCG@10=0.4913
2026-07-15 12:04:34,561 [INFO] [single/batched] up=2  ef=1     avg=  0.075ms (q0=  0.188 sub/query=  0.062) speedup=1.652x fu_speedup=2.003x MRR@10=0.2833 NDCG@3=0.1533 NDCG@10=0.1211
2026-07-15 12:04:34,881 [INFO] [single/batched] up=2  ef=2     avg=  0.120ms (q0=  0.299 sub/query=  0.099) speedup=1.563x fu_speedup=1.891x MRR@10=0.5342 NDCG@3=0.3310 NDCG@10=0.2889
2026-07-15 12:04:35,299 [INFO] [single/batched] up=2  ef=4     avg=  0.160ms (q0=  0.369 sub/query=  0.135) speedup=1.760x fu_speedup=2.077x MRR@10=0.6927 NDCG@3=0.4567 NDCG@10=0.4246
2026-07-15 12:04:35,899 [INFO] [single/batched] up=2  ef=8     avg=  0.235ms (q0=  0.496 sub/query=  0.205) speedup=1.693x fu_speedup=1.944x MRR@10=0.7462 NDCG@3=0.4946 NDCG@10=0.4583
2026-07-15 12:04:36,756 [INFO] [single/batched] up=2  ef=16    avg=  0.343ms (q0=  0.819 sub/query=  0.287) speedup=1.626x fu_speedup=1.940x MRR@10=0.7747 NDCG@3=0.5175 NDCG@10=0.4791
2026-07-15 12:04:38,128 [INFO] [single/batched] up=2  ef=32    avg=  0.559ms (q0=  1.263 sub/query=  0.477) speedup=1.446x fu_speedup=1.694x MRR@10=0.7915 NDCG@3=0.5283 NDCG@10=0.4918
2026-07-15 12:04:40,617 [INFO] [single/batched] up=2  ef=64    avg=  1.026ms (q0=  2.088 sub/query=  0.902) speedup=1.280x fu_speedup=1.456x MRR@10=0.7936 NDCG@3=0.5197 NDCG@10=0.4895
2026-07-15 12:04:45,433 [INFO] [single/batched] up=2  ef=128   avg=  2.001ms (q0=  3.806 sub/query=  1.791) speedup=1.155x fu_speedup=1.290x MRR@10=0.7973 NDCG@3=0.5270 NDCG@10=0.4922
2026-07-15 12:04:55,155 [INFO] [single/batched] up=2  ef=256   avg=  4.061ms (q0=  7.231 sub/query=  3.692) speedup=1.058x fu_speedup=1.164x MRR@10=0.7969 NDCG@3=0.5267 NDCG@10=0.4904
2026-07-15 12:05:14,729 [INFO] [single/batched] up=2  ef=512   avg=  8.183ms (q0= 14.472 sub/query=  7.450) speedup=0.995x fu_speedup=1.092x MRR@10=0.8031 NDCG@3=0.5274 NDCG@10=0.4920
2026-07-15 12:05:55,713 [INFO] [single/batched] up=2  ef=1024  avg= 16.927ms (q0= 31.368 sub/query= 15.243) speedup=0.956x fu_speedup=1.061x MRR@10=0.8025 NDCG@3=0.5268 NDCG@10=0.4915
2026-07-15 12:07:23,080 [INFO] [single/batched] up=2  ef=2048  avg= 36.461ms (q0= 71.131 sub/query= 32.421) speedup=0.939x fu_speedup=1.057x MRR@10=0.8025 NDCG@3=0.5264 NDCG@10=0.4911
2026-07-15 12:10:43,500 [INFO] [single/batched] up=2  ef=4096  avg= 83.669ms (q0=170.910 sub/query= 73.502) speedup=0.934x fu_speedup=1.063x MRR@10=0.8025 NDCG@3=0.5264 NDCG@10=0.4913
2026-07-15 12:10:43,732 [INFO] [single/batched] up=4  ef=1     avg=  0.083ms (q0=  0.281 sub/query=  0.060) speedup=1.493x fu_speedup=2.070x MRR@10=0.3842 NDCG@3=0.2241 NDCG@10=0.1837
2026-07-15 12:10:44,058 [INFO] [single/batched] up=4  ef=2     avg=  0.122ms (q0=  0.380 sub/query=  0.092) speedup=1.543x fu_speedup=2.048x MRR@10=0.6331 NDCG@3=0.4038 NDCG@10=0.3554
2026-07-15 12:10:44,508 [INFO] [single/batched] up=4  ef=4     avg=  0.173ms (q0=  0.511 sub/query=  0.134) speedup=1.622x fu_speedup=2.098x MRR@10=0.7015 NDCG@3=0.4602 NDCG@10=0.4300
2026-07-15 12:10:45,144 [INFO] [single/batched] up=4  ef=8     avg=  0.251ms (q0=  0.820 sub/query=  0.185) speedup=1.585x fu_speedup=2.153x MRR@10=0.7561 NDCG@3=0.4951 NDCG@10=0.4626
2026-07-15 12:10:46,087 [INFO] [single/batched] up=4  ef=16    avg=  0.379ms (q0=  1.262 sub/query=  0.276) speedup=1.470x fu_speedup=2.016x MRR@10=0.7978 NDCG@3=0.5243 NDCG@10=0.4868
2026-07-15 12:10:47,680 [INFO] [single/batched] up=4  ef=32    avg=  0.651ms (q0=  2.103 sub/query=  0.482) speedup=1.243x fu_speedup=1.679x MRR@10=0.7915 NDCG@3=0.5283 NDCG@10=0.4917
2026-07-15 12:10:50,608 [INFO] [single/batched] up=4  ef=64    avg=  1.210ms (q0=  3.856 sub/query=  0.901) speedup=1.085x fu_speedup=1.457x MRR@10=0.7936 NDCG@3=0.5197 NDCG@10=0.4892
2026-07-15 12:10:56,346 [INFO] [single/batched] up=4  ef=128   avg=  2.382ms (q0=  7.255 sub/query=  1.814) speedup=0.970x fu_speedup=1.274x MRR@10=0.7973 NDCG@3=0.5270 NDCG@10=0.4916
2026-07-15 12:11:07,927 [INFO] [single/batched] up=4  ef=256   avg=  4.824ms (q0= 14.504 sub/query=  3.696) speedup=0.891x fu_speedup=1.162x MRR@10=0.7969 NDCG@3=0.5267 NDCG@10=0.4907
2026-07-15 12:11:31,439 [INFO] [single/batched] up=4  ef=512   avg=  9.815ms (q0= 30.940 sub/query=  7.352) speedup=0.829x fu_speedup=1.107x MRR@10=0.8031 NDCG@3=0.5274 NDCG@10=0.4920
2026-07-15 12:12:21,240 [INFO] [single/batched] up=4  ef=1024  avg= 20.786ms (q0= 70.677 sub/query= 14.972) speedup=0.778x fu_speedup=1.080x MRR@10=0.8025 NDCG@3=0.5264 NDCG@10=0.4913
2026-07-15 12:14:17,789 [INFO] [single/batched] up=4  ef=2048  avg= 48.686ms (q0=176.251 sub/query= 33.818) speedup=0.704x fu_speedup=1.013x MRR@10=0.8025 NDCG@3=0.5264 NDCG@10=0.4911
2026-07-15 12:19:03,009 [INFO] [single/batched] up=4  ef=4096  avg=120.765ms (q0=462.641 sub/query= 80.919) speedup=0.647x fu_speedup=0.966x MRR@10=0.8025 NDCG@3=0.5264 NDCG@10=0.4913
2026-07-15 12:19:03,292 [INFO] [single/batched] up=8  ef=1     avg=  0.102ms (q0=  0.405 sub/query=  0.067) speedup=1.212x fu_speedup=1.855x MRR@10=0.5279 NDCG@3=0.3264 NDCG@10=0.2700
2026-07-15 12:19:03,673 [INFO] [single/batched] up=8  ef=2     avg=  0.145ms (q0=  0.558 sub/query=  0.097) speedup=1.296x fu_speedup=1.938x MRR@10=0.6475 NDCG@3=0.4102 NDCG@10=0.3645
2026-07-15 12:19:04,208 [INFO] [single/batched] up=8  ef=4     avg=  0.209ms (q0=  0.871 sub/query=  0.132) speedup=1.345x fu_speedup=2.131x MRR@10=0.7174 NDCG@3=0.4642 NDCG@10=0.4366
2026-07-15 12:19:04,991 [INFO] [single/batched] up=8  ef=8     avg=  0.313ms (q0=  1.353 sub/query=  0.192) speedup=1.274x fu_speedup=2.078x MRR@10=0.7879 NDCG@3=0.5070 NDCG@10=0.4746
2026-07-15 12:19:06,222 [INFO] [single/batched] up=8  ef=16    avg=  0.500ms (q0=  2.250 sub/query=  0.296) speedup=1.115x fu_speedup=1.883x MRR@10=0.7978 NDCG@3=0.5243 NDCG@10=0.4867
2026-07-15 12:19:08,383 [INFO] [single/batched] up=8  ef=32    avg=  0.887ms (q0=  4.098 sub/query=  0.513) speedup=0.912x fu_speedup=1.578x MRR@10=0.7915 NDCG@3=0.5283 NDCG@10=0.4914
2026-07-15 12:19:12,419 [INFO] [single/batched] up=8  ef=64    avg=  1.671ms (q0=  7.729 sub/query=  0.965) speedup=0.786x fu_speedup=1.361x MRR@10=0.7936 NDCG@3=0.5197 NDCG@10=0.4887
2026-07-15 12:19:20,442 [INFO] [single/batched] up=8  ef=128   avg=  3.334ms (q0= 15.398 sub/query=  1.928) speedup=0.693x fu_speedup=1.199x MRR@10=0.7973 NDCG@3=0.5270 NDCG@10=0.4919
2026-07-15 12:19:37,147 [INFO] [single/batched] up=8  ef=256   avg=  6.974ms (q0= 32.930 sub/query=  3.949) speedup=0.616x fu_speedup=1.088x MRR@10=0.7969 NDCG@3=0.5267 NDCG@10=0.4907
2026-07-15 12:20:12,855 [INFO] [single/batched] up=8  ef=512   avg= 14.899ms (q0= 75.156 sub/query=  7.877) speedup=0.546x fu_speedup=1.033x MRR@10=0.8031 NDCG@3=0.5271 NDCG@10=0.4918
2026-07-15 12:21:32,438 [INFO] [single/batched] up=8  ef=1024  avg= 33.192ms (q0=180.196 sub/query= 16.059) speedup=0.487x fu_speedup=1.007x MRR@10=0.8025 NDCG@3=0.5264 NDCG@10=0.4913
2026-07-15 12:24:35,833 [INFO] [single/batched] up=8  ef=2048  avg= 76.793ms (q0=441.704 sub/query= 34.262) speedup=0.446x fu_speedup=1.000x MRR@10=0.8025 NDCG@3=0.5264 NDCG@10=0.4911
2026-07-15 12:31:45,395 [INFO] [single/batched] up=8  ef=4096  avg=177.906ms (q0=1082.070 sub/query= 72.525) speedup=0.439x fu_speedup=1.078x MRR@10=0.8025 NDCG@3=0.5264 NDCG@10=0.4914
2026-07-15 12:31:45,683 [INFO] [single/batched] up=16 ef=1     avg=  0.107ms (q0=  0.504 sub/query=  0.061) speedup=1.156x fu_speedup=2.037x MRR@10=0.5364 NDCG@3=0.3326 NDCG@10=0.2806
2026-07-15 12:31:46,093 [INFO] [single/batched] up=16 ef=2     avg=  0.156ms (q0=  0.790 sub/query=  0.083) speedup=1.202x fu_speedup=2.278x MRR@10=0.6786 NDCG@3=0.4287 NDCG@10=0.3790
2026-07-15 12:31:46,687 [INFO] [single/batched] up=16 ef=4     avg=  0.234ms (q0=  1.239 sub/query=  0.117) speedup=1.201x fu_speedup=2.404x MRR@10=0.7492 NDCG@3=0.4805 NDCG@10=0.4513
2026-07-15 12:31:47,607 [INFO] [single/batched] up=16 ef=8     avg=  0.370ms (q0=  2.042 sub/query=  0.175) speedup=1.077x fu_speedup=2.276x MRR@10=0.7879 NDCG@3=0.5070 NDCG@10=0.4745
2026-07-15 12:31:49,080 [INFO] [single/batched] up=16 ef=16    avg=  0.608ms (q0=  3.513 sub/query=  0.270) speedup=0.916x fu_speedup=2.065x MRR@10=0.7978 NDCG@3=0.5243 NDCG@10=0.4864
2026-07-15 12:31:51,978 [INFO] [single/batched] up=16 ef=32    avg=  1.197ms (q0=  7.287 sub/query=  0.487) speedup=0.676x fu_speedup=1.661x MRR@10=0.7915 NDCG@3=0.5283 NDCG@10=0.4908
2026-07-15 12:31:57,601 [INFO] [single/batched] up=16 ef=64    avg=  2.336ms (q0= 14.582 sub/query=  0.909) speedup=0.562x fu_speedup=1.445x MRR@10=0.7936 NDCG@3=0.5197 NDCG@10=0.4890
2026-07-15 12:32:09,286 [INFO] [single/batched] up=16 ef=128   avg=  4.872ms (q0= 31.077 sub/query=  1.817) speedup=0.474x fu_speedup=1.272x MRR@10=0.7973 NDCG@3=0.5270 NDCG@10=0.4919
2026-07-15 12:32:35,123 [INFO] [single/batched] up=16 ef=256   avg= 10.782ms (q0= 71.286 sub/query=  3.730) speedup=0.399x fu_speedup=1.152x MRR@10=0.7969 NDCG@3=0.5263 NDCG@10=0.4905
2026-07-15 12:33:33,730 [INFO] [single/batched] up=16 ef=512   avg= 24.439ms (q0=170.311 sub/query=  7.437) speedup=0.333x fu_speedup=1.094x MRR@10=0.8031 NDCG@3=0.5271 NDCG@10=0.4918
2026-07-15 12:35:50,725 [INFO] [single/batched] up=16 ef=1024  avg= 57.175ms (q0=418.332 sub/query= 15.082) speedup=0.283x fu_speedup=1.072x MRR@10=0.8025 NDCG@3=0.5264 NDCG@10=0.4913
2026-07-15 12:41:31,088 [INFO] [single/batched] up=16 ef=2048  avg=142.207ms (q0=1086.625 sub/query= 32.135) speedup=0.241x fu_speedup=1.066x MRR@10=0.8025 NDCG@3=0.5264 NDCG@10=0.4912
2026-07-15 12:57:31,849 [INFO] [single/batched] up=16 ef=4096  avg=398.290ms (q0=3160.580 sub/query= 76.345) speedup=0.196x fu_speedup=1.024x MRR@10=0.8025 NDCG@3=0.5264 NDCG@10=0.4914
2026-07-15 12:57:31,849 [INFO] === Speedup summary ===
2026-07-15 12:57:31,850 [INFO] [multi/batched] best speedup (incl. q0): 5.910x  (config=toploc_batched_ef1_up8_multi)
2026-07-15 12:57:31,850 [INFO] [multi/batched] best fu_speedup (followups only): 9.275x  (config=toploc_batched_ef1_up8_multi)
2026-07-15 12:57:31,850 [INFO] [single/batched] best speedup (incl. q0): 1.760x  (config=toploc_batched_ef4_up2_single)
2026-07-15 12:57:31,851 [INFO] [single/batched] best fu_speedup (followups only): 2.404x  (config=toploc_batched_ef4_up16_single)
2026-07-15 12:57:31,860 [INFO] Grid search complete. Results saved to /home/toploc1/Datasets/toploc1/HNSW_paper1/grid_metrics_level0_fu_dragon_final.json
2026-07-15 12:57:31,894 [INFO] Summary table -> /home/toploc1/Datasets/toploc1/HNSW_paper1/grid_summary_level0_fu_dragon_final.parquet
