2026-07-12 20:33:44,362 [INFO] Total files found: 193
2026-07-12 21:30:56,234 [INFO] [pass1 50/193] running max_norm=68.195595
2026-07-12 22:28:25,852 [INFO] [pass1 100/193] running max_norm=68.408218
2026-07-12 23:26:03,631 [INFO] [pass1 150/193] running max_norm=68.408218
2026-07-13 00:14:47,562 [INFO] Pass 1 complete: max_norm=68.408218
2026-07-13 00:14:47,577 [INFO] HNSW index created: d=769 (768 + 1 MIPS dim), M=32, efConstruction=500
2026-07-13 00:40:37,259 [INFO] [10/193] Indexed: 2,007,040 vectors
2026-07-13 01:07:11,720 [INFO] [20/193] Indexed: 4,014,080 vectors
2026-07-13 01:33:38,000 [INFO] [30/193] Indexed: 6,021,120 vectors
2026-07-13 02:00:05,671 [INFO] [40/193] Indexed: 8,028,160 vectors
2026-07-13 02:26:58,562 [INFO] [50/193] Indexed: 10,035,200 vectors
2026-07-13 02:26:58,562 [INFO] Saving checkpoint at file 50...
2026-07-13 02:31:53,396 [INFO] Checkpoint saved.
2026-07-13 02:58:05,142 [INFO] [60/193] Indexed: 12,042,240 vectors
2026-07-13 03:24:39,801 [INFO] [70/193] Indexed: 14,049,280 vectors
2026-07-13 03:51:06,229 [INFO] [80/193] Indexed: 16,056,320 vectors
2026-07-13 04:17:27,116 [INFO] [90/193] Indexed: 18,063,360 vectors
2026-07-13 04:43:35,179 [INFO] [100/193] Indexed: 20,045,725 vectors
2026-07-13 04:43:35,179 [INFO] Saving checkpoint at file 100...
2026-07-13 04:53:30,998 [INFO] Checkpoint saved.
2026-07-13 05:20:36,884 [INFO] [110/193] Indexed: 22,052,765 vectors
2026-07-13 05:47:33,545 [INFO] [120/193] Indexed: 24,059,805 vectors
2026-07-13 06:15:27,216 [INFO] [130/193] Indexed: 26,066,845 vectors
2026-07-13 06:42:08,017 [INFO] [140/193] Indexed: 28,073,885 vectors
2026-07-13 07:08:50,459 [INFO] [150/193] Indexed: 30,080,925 vectors
2026-07-13 07:08:50,459 [INFO] Saving checkpoint at file 150...
2026-07-13 07:23:47,673 [INFO] Checkpoint saved.
2026-07-13 07:50:26,064 [INFO] [160/193] Indexed: 32,087,965 vectors
2026-07-13 08:17:33,742 [INFO] [170/193] Indexed: 34,095,005 vectors
2026-07-13 08:44:35,255 [INFO] [180/193] Indexed: 36,102,045 vectors
2026-07-13 09:11:41,697 [INFO] [190/193] Indexed: 38,109,085 vectors
2026-07-13 09:18:44,597 [INFO] Total vectors indexed: 38,636,446
2026-07-13 09:38:06,128 [INFO] Pipeline complete.
2026-07-13 09:38:06,128 [INFO] Index saved to:  /home/toploc1/Datasets/toploc1/indexes/Dragon_indexes/treccast_hnsw_M32_dragon_mips.index
2026-07-13 09:38:06,128 [INFO] IDs saved to:    /home/toploc1/Datasets/toploc1/indexes/Dragon_indexes/treccast_hnsw_idsM32_dragon_mips.npy
2026-07-13 09:38:06,128 [INFO] max_norm saved:  /home/toploc1/Datasets/toploc1/indexes/Dragon_indexes/dragon_mips_maxnorm.json  <- needed at query time!
