nohup: ignoring input
2026-07-21 21:53:07,008 [INFO] Queries: 208 | dim=1024
2026-07-21 21:53:07,009 [INFO] Conversations: 25 | turns/conv min=6 max=11
2026-07-21 21:53:07,009 [INFO] Followup queries: 183 (single batched level-0 call per config)
2026-07-21 21:53:07,061 [INFO] Loaded qrels: 208 queries, 40451 judgments
2026-07-21 21:53:07,062 [INFO] ##################  M = 16  ##################
2026-07-21 21:53:07,062 [INFO] Loading index from /home/toploc1/Datasets/toploc1/indexes/Snowflake/HNSW/treccast_hnsw_M16.index (~150 GB, be patient)
2026-07-21 22:24:49,641 [INFO] [M=16] Index: 38,636,446 vectors | entry_point=2646813 | max_level=6 | metric=L2
2026-07-21 22:25:14,916 [INFO] [M=16] Timing: 5 reps per config, reporting median
2026-07-21 22:25:14,916 [INFO] ##### [M=16] THREAD MODE: multi (omp_set_num_threads=28) #####
2026-07-21 22:25:14,917 [INFO] Warmup pass ...
2026-07-21 22:25:15,013 [INFO] === [M=16] BASELINE HNSW [multi] ===
2026-07-21 22:25:15,733 [INFO] [M=16/multi] ef=1     avg=  0.015ms (± 0.001) MRR@10=0.2506 NDCG@3=0.1414 NDCG@10=0.1211
2026-07-21 22:25:15,784 [INFO] [M=16/multi] ef=2     avg=  0.023ms (± 0.001) MRR@10=0.3646 NDCG@3=0.2225 NDCG@10=0.1983
2026-07-21 22:25:15,843 [INFO] [M=16/multi] ef=4     avg=  0.031ms (± 0.001) MRR@10=0.5008 NDCG@3=0.3205 NDCG@10=0.2874
2026-07-21 22:25:15,914 [INFO] [M=16/multi] ef=8     avg=  0.044ms (± 0.001) MRR@10=0.6409 NDCG@3=0.4163 NDCG@10=0.3803
2026-07-21 22:25:16,004 [INFO] [M=16/multi] ef=16    avg=  0.063ms (± 0.001) MRR@10=0.7034 NDCG@3=0.4595 NDCG@10=0.4193
2026-07-21 22:25:16,122 [INFO] [M=16/multi] ef=32    avg=  0.088ms (± 0.003) MRR@10=0.7188 NDCG@3=0.4655 NDCG@10=0.4342
2026-07-21 22:25:16,300 [INFO] [M=16/multi] ef=64    avg=  0.145ms (± 0.003) MRR@10=0.7640 NDCG@3=0.4975 NDCG@10=0.4645
2026-07-21 22:25:16,580 [INFO] [M=16/multi] ef=128   avg=  0.249ms (± 0.006) MRR@10=0.7767 NDCG@3=0.5007 NDCG@10=0.4683
2026-07-21 22:25:17,082 [INFO] [M=16/multi] ef=256   avg=  0.453ms (± 0.011) MRR@10=0.7886 NDCG@3=0.5064 NDCG@10=0.4735
2026-07-21 22:25:18,122 [INFO] [M=16/multi] ef=512   avg=  0.961ms (± 0.022) MRR@10=0.7885 NDCG@3=0.5064 NDCG@10=0.4744
2026-07-21 22:25:20,698 [INFO] [M=16/multi] ef=1024  avg=  2.443ms (± 0.017) MRR@10=0.7885 NDCG@3=0.5067 NDCG@10=0.4744
2026-07-21 22:25:29,633 [INFO] [M=16/multi] ef=2048  avg=  8.584ms (± 0.289) MRR@10=0.7885 NDCG@3=0.5067 NDCG@10=0.4744
2026-07-21 22:26:02,514 [INFO] [M=16/multi] ef=4096  avg= 31.306ms (± 0.541) MRR@10=0.7885 NDCG@3=0.5067 NDCG@10=0.4743
2026-07-21 22:26:02,515 [INFO] === [M=16] TopLoc HNSW (batched) [multi] ===
2026-07-21 22:26:02,561 [INFO] [M=16/multi/batched] up=2  ef=1     avg=  0.013ms (q0=  0.026 sub/query=  0.011) speedup=1.215x fu_speedup=1.416x MRR@10=0.3758 NDCG@3=0.2303 NDCG@10=0.1868
2026-07-21 22:26:02,612 [INFO] [M=16/multi/batched] up=2  ef=2     avg=  0.018ms (q0=  0.039 sub/query=  0.016) speedup=1.234x fu_speedup=1.450x MRR@10=0.5126 NDCG@3=0.3252 NDCG@10=0.2805
2026-07-21 22:26:02,670 [INFO] [M=16/multi/batched] up=2  ef=4     avg=  0.024ms (q0=  0.052 sub/query=  0.020) speedup=1.284x fu_speedup=1.523x MRR@10=0.6404 NDCG@3=0.4108 NDCG@10=0.3679
2026-07-21 22:26:02,737 [INFO] [M=16/multi/batched] up=2  ef=8     avg=  0.032ms (q0=  0.062 sub/query=  0.028) speedup=1.359x fu_speedup=1.562x MRR@10=0.6999 NDCG@3=0.4499 NDCG@10=0.4067
2026-07-21 22:26:02,814 [INFO] [M=16/multi/batched] up=2  ef=16    avg=  0.048ms (q0=  0.085 sub/query=  0.042) speedup=1.317x fu_speedup=1.475x MRR@10=0.7259 NDCG@3=0.4696 NDCG@10=0.4274
2026-07-21 22:26:02,923 [INFO] [M=16/multi/batched] up=2  ef=32    avg=  0.081ms (q0=  0.173 sub/query=  0.068) speedup=1.091x fu_speedup=1.293x MRR@10=0.7683 NDCG@3=0.4968 NDCG@10=0.4618
2026-07-21 22:26:03,095 [INFO] [M=16/multi/batched] up=2  ef=64    avg=  0.131ms (q0=  0.251 sub/query=  0.115) speedup=1.104x fu_speedup=1.261x MRR@10=0.7688 NDCG@3=0.4972 NDCG@10=0.4630
2026-07-21 22:26:03,374 [INFO] [M=16/multi/batched] up=2  ef=128   avg=  0.241ms (q0=  0.439 sub/query=  0.214) speedup=1.034x fu_speedup=1.165x MRR@10=0.7839 NDCG@3=0.5058 NDCG@10=0.4727
2026-07-21 22:26:03,891 [INFO] [M=16/multi/batched] up=2  ef=256   avg=  0.467ms (q0=  0.909 sub/query=  0.406) speedup=0.970x fu_speedup=1.115x MRR@10=0.7886 NDCG@3=0.5064 NDCG@10=0.4736
2026-07-21 22:26:04,915 [INFO] [M=16/multi/batched] up=2  ef=512   avg=  0.956ms (q0=  2.288 sub/query=  0.774) speedup=1.005x fu_speedup=1.241x MRR@10=0.7885 NDCG@3=0.5064 NDCG@10=0.4745
2026-07-21 22:26:07,348 [INFO] [M=16/multi/batched] up=2  ef=1024  avg=  2.296ms (q0=  7.702 sub/query=  1.557) speedup=1.064x fu_speedup=1.569x MRR@10=0.7885 NDCG@3=0.5067 NDCG@10=0.4745
2026-07-21 22:26:14,066 [INFO] [M=16/multi/batched] up=2  ef=2048  avg=  6.434ms (q0= 30.261 sub/query=  3.179) speedup=1.334x fu_speedup=2.701x MRR@10=0.7885 NDCG@3=0.5067 NDCG@10=0.4744
2026-07-21 22:26:37,322 [INFO] [M=16/multi/batched] up=2  ef=4096  avg= 22.349ms (q0=138.608 sub/query=  6.466) speedup=1.401x fu_speedup=4.841x MRR@10=0.7885 NDCG@3=0.5067 NDCG@10=0.4743
2026-07-21 22:26:37,364 [INFO] [M=16/multi/batched] up=4  ef=1     avg=  0.014ms (q0=  0.035 sub/query=  0.011) speedup=1.136x fu_speedup=1.448x MRR@10=0.4201 NDCG@3=0.2609 NDCG@10=0.2143
2026-07-21 22:26:37,411 [INFO] [M=16/multi/batched] up=4  ef=2     avg=  0.019ms (q0=  0.054 sub/query=  0.014) speedup=1.186x fu_speedup=1.583x MRR@10=0.5754 NDCG@3=0.3672 NDCG@10=0.3186
2026-07-21 22:26:37,464 [INFO] [M=16/multi/batched] up=4  ef=4     avg=  0.024ms (q0=  0.062 sub/query=  0.019) speedup=1.273x fu_speedup=1.619x MRR@10=0.6400 NDCG@3=0.4104 NDCG@10=0.3679
2026-07-21 22:26:37,529 [INFO] [M=16/multi/batched] up=4  ef=8     avg=  0.035ms (q0=  0.084 sub/query=  0.028) speedup=1.243x fu_speedup=1.539x MRR@10=0.6989 NDCG@3=0.4499 NDCG@10=0.4064
2026-07-21 22:26:37,610 [INFO] [M=16/multi/batched] up=4  ef=16    avg=  0.052ms (q0=  0.143 sub/query=  0.039) speedup=1.211x fu_speedup=1.596x MRR@10=0.7512 NDCG@3=0.4871 NDCG@10=0.4431
2026-07-21 22:26:37,730 [INFO] [M=16/multi/batched] up=4  ef=32    avg=  0.087ms (q0=  0.242 sub/query=  0.066) speedup=1.012x fu_speedup=1.338x MRR@10=0.7683 NDCG@3=0.4968 NDCG@10=0.4618
2026-07-21 22:26:37,921 [INFO] [M=16/multi/batched] up=4  ef=64    avg=  0.157ms (q0=  0.448 sub/query=  0.117) speedup=0.926x fu_speedup=1.240x MRR@10=0.7688 NDCG@3=0.4972 NDCG@10=0.4632
2026-07-21 22:26:38,260 [INFO] [M=16/multi/batched] up=4  ef=128   avg=  0.301ms (q0=  0.862 sub/query=  0.225) speedup=0.826x fu_speedup=1.108x MRR@10=0.7839 NDCG@3=0.5058 NDCG@10=0.4727
2026-07-21 22:26:38,951 [INFO] [M=16/multi/batched] up=4  ef=256   avg=  0.634ms (q0=  2.304 sub/query=  0.406) speedup=0.715x fu_speedup=1.116x MRR@10=0.7886 NDCG@3=0.5064 NDCG@10=0.4736
2026-07-21 22:26:40,665 [INFO] [M=16/multi/batched] up=4  ef=512   avg=  1.640ms (q0=  7.890 sub/query=  0.786) speedup=0.586x fu_speedup=1.222x MRR@10=0.7885 NDCG@3=0.5064 NDCG@10=0.4745
2026-07-21 22:26:45,834 [INFO] [M=16/multi/batched] up=4  ef=1024  avg=  4.927ms (q0= 29.529 sub/query=  1.566) speedup=0.496x fu_speedup=1.560x MRR@10=0.7885 NDCG@3=0.5067 NDCG@10=0.4745
2026-07-21 22:27:06,210 [INFO] [M=16/multi/batched] up=4  ef=2048  avg= 19.574ms (q0=139.467 sub/query=  3.195) speedup=0.439x fu_speedup=2.686x MRR@10=0.7885 NDCG@3=0.5067 NDCG@10=0.4744
2026-07-21 22:27:57,266 [INFO] [M=16/multi/batched] up=4  ef=4096  avg= 49.049ms (q0=361.029 sub/query=  6.429) speedup=0.638x fu_speedup=4.870x MRR@10=0.7885 NDCG@3=0.5067 NDCG@10=0.4743
2026-07-21 22:27:57,310 [INFO] [M=16/multi/batched] up=8  ef=1     avg=  0.015ms (q0=  0.052 sub/query=  0.010) speedup=1.009x fu_speedup=1.501x MRR@10=0.4711 NDCG@3=0.3003 NDCG@10=0.2486
2026-07-21 22:27:57,358 [INFO] [M=16/multi/batched] up=8  ef=2     avg=  0.020ms (q0=  0.065 sub/query=  0.014) speedup=1.146x fu_speedup=1.667x MRR@10=0.5749 NDCG@3=0.3668 NDCG@10=0.3186
2026-07-21 22:27:57,413 [INFO] [M=16/multi/batched] up=8  ef=4     avg=  0.027ms (q0=  0.084 sub/query=  0.019) speedup=1.136x fu_speedup=1.594x MRR@10=0.6454 NDCG@3=0.4122 NDCG@10=0.3683
2026-07-21 22:27:57,483 [INFO] [M=16/multi/batched] up=8  ef=8     avg=  0.040ms (q0=  0.144 sub/query=  0.026) speedup=1.076x fu_speedup=1.651x MRR@10=0.7297 NDCG@3=0.4669 NDCG@10=0.4243
2026-07-21 22:27:57,576 [INFO] [M=16/multi/batched] up=8  ef=16    avg=  0.063ms (q0=  0.230 sub/query=  0.040) speedup=1.002x fu_speedup=1.579x MRR@10=0.7512 NDCG@3=0.4871 NDCG@10=0.4431
2026-07-21 22:27:57,719 [INFO] [M=16/multi/batched] up=8  ef=32    avg=  0.112ms (q0=  0.452 sub/query=  0.065) speedup=0.785x fu_speedup=1.344x MRR@10=0.7683 NDCG@3=0.4968 NDCG@10=0.4620
2026-07-21 22:27:57,961 [INFO] [M=16/multi/batched] up=8  ef=64    avg=  0.206ms (q0=  0.869 sub/query=  0.115) speedup=0.705x fu_speedup=1.260x MRR@10=0.7688 NDCG@3=0.4972 NDCG@10=0.4632
2026-07-21 22:27:58,481 [INFO] [M=16/multi/batched] up=8  ef=128   avg=  0.465ms (q0=  2.255 sub/query=  0.220) speedup=0.536x fu_speedup=1.132x MRR@10=0.7839 NDCG@3=0.5058 NDCG@10=0.4727
2026-07-21 22:27:59,864 [INFO] [M=16/multi/batched] up=8  ef=256   avg=  1.316ms (q0=  7.989 sub/query=  0.405) speedup=0.344x fu_speedup=1.119x MRR@10=0.7886 NDCG@3=0.5064 NDCG@10=0.4736
2026-07-21 22:28:04,551 [INFO] [M=16/multi/batched] up=8  ef=512   avg=  4.512ms (q0= 31.738 sub/query=  0.792) speedup=0.213x fu_speedup=1.213x MRR@10=0.7885 NDCG@3=0.5064 NDCG@10=0.4745
2026-07-21 22:28:23,191 [INFO] [M=16/multi/batched] up=8  ef=1024  avg= 17.888ms (q0=137.341 sub/query=  1.569) speedup=0.137x fu_speedup=1.557x MRR@10=0.7885 NDCG@3=0.5067 NDCG@10=0.4745
2026-07-21 22:29:10,829 [INFO] [M=16/multi/batched] up=8  ef=2048  avg= 45.802ms (q0=357.407 sub/query=  3.233) speedup=0.187x fu_speedup=2.656x MRR@10=0.7885 NDCG@3=0.5067 NDCG@10=0.4744
2026-07-21 22:31:24,803 [INFO] [M=16/multi/batched] up=8  ef=4096  avg=128.838ms (q0=1024.455 sub/query=  6.486) speedup=0.243x fu_speedup=4.827x MRR@10=0.7885 NDCG@3=0.5067 NDCG@10=0.4743
2026-07-21 22:31:24,849 [INFO] [M=16/multi/batched] up=16 ef=1     avg=  0.017ms (q0=  0.061 sub/query=  0.011) speedup=0.929x fu_speedup=1.459x MRR@10=0.4707 NDCG@3=0.2999 NDCG@10=0.2485
2026-07-21 22:31:24,901 [INFO] [M=16/multi/batched] up=16 ef=2     avg=  0.023ms (q0=  0.085 sub/query=  0.014) speedup=0.991x fu_speedup=1.577x MRR@10=0.5827 NDCG@3=0.3707 NDCG@10=0.3207
2026-07-21 22:31:24,965 [INFO] [M=16/multi/batched] up=16 ef=4     avg=  0.034ms (q0=  0.144 sub/query=  0.019) speedup=0.909x fu_speedup=1.629x MRR@10=0.7067 NDCG@3=0.4521 NDCG@10=0.4057
2026-07-21 22:31:25,046 [INFO] [M=16/multi/batched] up=16 ef=8     avg=  0.051ms (q0=  0.236 sub/query=  0.026) speedup=0.847x fu_speedup=1.667x MRR@10=0.7297 NDCG@3=0.4669 NDCG@10=0.4243
2026-07-21 22:31:25,168 [INFO] [M=16/multi/batched] up=16 ef=16    avg=  0.088ms (q0=  0.434 sub/query=  0.040) speedup=0.715x fu_speedup=1.554x MRR@10=0.7512 NDCG@3=0.4871 NDCG@10=0.4432
2026-07-21 22:31:25,363 [INFO] [M=16/multi/batched] up=16 ef=32    avg=  0.163ms (q0=  0.858 sub/query=  0.069) speedup=0.538x fu_speedup=1.281x MRR@10=0.7683 NDCG@3=0.4968 NDCG@10=0.4620
2026-07-21 22:31:25,796 [INFO] [M=16/multi/batched] up=16 ef=64    avg=  0.389ms (q0=  2.369 sub/query=  0.118) speedup=0.374x fu_speedup=1.230x MRR@10=0.7688 NDCG@3=0.4972 NDCG@10=0.4632
2026-07-21 22:31:26,998 [INFO] [M=16/multi/batched] up=16 ef=128   avg=  1.109ms (q0=  7.647 sub/query=  0.216) speedup=0.225x fu_speedup=1.154x MRR@10=0.7839 NDCG@3=0.5058 NDCG@10=0.4727
2026-07-21 22:31:31,510 [INFO] [M=16/multi/batched] up=16 ef=256   avg=  4.390ms (q0= 33.437 sub/query=  0.421) speedup=0.103x fu_speedup=1.075x MRR@10=0.7886 NDCG@3=0.5064 NDCG@10=0.4736
2026-07-21 22:31:49,547 [INFO] [M=16/multi/batched] up=16 ef=512   avg= 17.306ms (q0=138.270 sub/query=  0.781) speedup=0.056x fu_speedup=1.230x MRR@10=0.7885 NDCG@3=0.5064 NDCG@10=0.4745
2026-07-21 22:32:35,744 [INFO] [M=16/multi/batched] up=16 ef=1024  avg= 44.376ms (q0=357.624 sub/query=  1.583) speedup=0.055x fu_speedup=1.544x MRR@10=0.7885 NDCG@3=0.5067 NDCG@10=0.4745
2026-07-21 22:34:47,128 [INFO] [M=16/multi/batched] up=16 ef=2048  avg=126.261ms (q0=1027.105 sub/query=  3.195) speedup=0.068x fu_speedup=2.687x MRR@10=0.7885 NDCG@3=0.5067 NDCG@10=0.4744
2026-07-21 22:41:36,779 [INFO] [M=16/multi/batched] up=16 ef=4096  avg=393.507ms (q0=3226.281 sub/query=  6.515) speedup=0.080x fu_speedup=4.805x MRR@10=0.7885 NDCG@3=0.5067 NDCG@10=0.4743
2026-07-21 22:41:36,779 [INFO] ##### [M=16] THREAD MODE: single (omp_set_num_threads=1) #####
2026-07-21 22:41:36,780 [INFO] Warmup pass ...
2026-07-21 22:41:37,184 [INFO] === [M=16] BASELINE HNSW [single] ===
2026-07-21 22:41:37,303 [INFO] [M=16/single] ef=1     avg=  0.093ms (± 0.001) MRR@10=0.2506 NDCG@3=0.1414 NDCG@10=0.1211
2026-07-21 22:41:37,470 [INFO] [M=16/single] ef=2     avg=  0.140ms (± 0.001) MRR@10=0.3646 NDCG@3=0.2225 NDCG@10=0.1983
2026-07-21 22:41:37,707 [INFO] [M=16/single] ef=4     avg=  0.206ms (± 0.001) MRR@10=0.5008 NDCG@3=0.3205 NDCG@10=0.2874
2026-07-21 22:41:38,040 [INFO] [M=16/single] ef=8     avg=  0.296ms (± 0.004) MRR@10=0.6409 NDCG@3=0.4163 NDCG@10=0.3803
2026-07-21 22:41:38,510 [INFO] [M=16/single] ef=16    avg=  0.429ms (± 0.005) MRR@10=0.7034 NDCG@3=0.4595 NDCG@10=0.4193
2026-07-21 22:41:39,191 [INFO] [M=16/single] ef=32    avg=  0.634ms (± 0.005) MRR@10=0.7188 NDCG@3=0.4655 NDCG@10=0.4342
2026-07-21 22:41:40,301 [INFO] [M=16/single] ef=64    avg=  1.046ms (± 0.002) MRR@10=0.7640 NDCG@3=0.4975 NDCG@10=0.4645
2026-07-21 22:41:42,187 [INFO] [M=16/single] ef=128   avg=  1.790ms (± 0.003) MRR@10=0.7767 NDCG@3=0.5007 NDCG@10=0.4683
2026-07-21 22:41:45,737 [INFO] [M=16/single] ef=256   avg=  3.395ms (± 0.011) MRR@10=0.7886 NDCG@3=0.5064 NDCG@10=0.4735
2026-07-21 22:41:52,758 [INFO] [M=16/single] ef=512   avg=  6.729ms (± 0.010) MRR@10=0.7885 NDCG@3=0.5064 NDCG@10=0.4744
2026-07-21 22:42:06,925 [INFO] [M=16/single] ef=1024  avg= 13.590ms (± 0.021) MRR@10=0.7885 NDCG@3=0.5067 NDCG@10=0.4744
2026-07-21 22:42:35,865 [INFO] [M=16/single] ef=2048  avg= 27.801ms (± 0.031) MRR@10=0.7885 NDCG@3=0.5067 NDCG@10=0.4744
2026-07-21 22:43:37,904 [INFO] [M=16/single] ef=4096  avg= 59.525ms (± 0.151) MRR@10=0.7885 NDCG@3=0.5067 NDCG@10=0.4743
2026-07-21 22:43:37,905 [INFO] === [M=16] TopLoc HNSW (batched) [single] ===
2026-07-21 22:43:38,010 [INFO] [M=16/single/batched] up=2  ef=1     avg=  0.079ms (q0=  0.155 sub/query=  0.069) speedup=1.172x fu_speedup=1.347x MRR@10=0.3758 NDCG@3=0.2303 NDCG@10=0.1868
2026-07-21 22:43:38,155 [INFO] [M=16/single/batched] up=2  ef=2     avg=  0.117ms (q0=  0.224 sub/query=  0.102) speedup=1.192x fu_speedup=1.363x MRR@10=0.5126 NDCG@3=0.3252 NDCG@10=0.2805
2026-07-21 22:43:38,344 [INFO] [M=16/single/batched] up=2  ef=4     avg=  0.161ms (q0=  0.323 sub/query=  0.138) speedup=1.285x fu_speedup=1.492x MRR@10=0.6404 NDCG@3=0.4108 NDCG@10=0.3679
2026-07-21 22:43:38,608 [INFO] [M=16/single/batched] up=2  ef=8     avg=  0.232ms (q0=  0.424 sub/query=  0.206) speedup=1.276x fu_speedup=1.438x MRR@10=0.6999 NDCG@3=0.4499 NDCG@10=0.4067
2026-07-21 22:43:38,995 [INFO] [M=16/single/batched] up=2  ef=16    avg=  0.351ms (q0=  0.638 sub/query=  0.312) speedup=1.221x fu_speedup=1.374x MRR@10=0.7259 NDCG@3=0.4696 NDCG@10=0.4274
2026-07-21 22:43:39,609 [INFO] [M=16/single/batched] up=2  ef=32    avg=  0.567ms (q0=  1.112 sub/query=  0.493) speedup=1.118x fu_speedup=1.287x MRR@10=0.7683 NDCG@3=0.4968 NDCG@10=0.4618
2026-07-21 22:43:40,660 [INFO] [M=16/single/batched] up=2  ef=64    avg=  0.985ms (q0=  1.889 sub/query=  0.861) speedup=1.062x fu_speedup=1.215x MRR@10=0.7688 NDCG@3=0.4972 NDCG@10=0.4630
2026-07-21 22:43:42,602 [INFO] [M=16/single/batched] up=2  ef=128   avg=  1.846ms (q0=  3.494 sub/query=  1.620) speedup=0.970x fu_speedup=1.105x MRR@10=0.7839 NDCG@3=0.5058 NDCG@10=0.4727
2026-07-21 22:43:46,399 [INFO] [M=16/single/batched] up=2  ef=256   avg=  3.631ms (q0=  6.724 sub/query=  3.209) speedup=0.935x fu_speedup=1.058x MRR@10=0.7886 NDCG@3=0.5064 NDCG@10=0.4736
2026-07-21 22:43:54,088 [INFO] [M=16/single/batched] up=2  ef=512   avg=  7.368ms (q0= 13.313 sub/query=  6.556) speedup=0.913x fu_speedup=1.026x MRR@10=0.7885 NDCG@3=0.5064 NDCG@10=0.4745
2026-07-21 22:44:09,819 [INFO] [M=16/single/batched] up=2  ef=1024  avg= 15.097ms (q0= 27.167 sub/query= 13.449) speedup=0.900x fu_speedup=1.011x MRR@10=0.7885 NDCG@3=0.5067 NDCG@10=0.4745
2026-07-21 22:44:42,491 [INFO] [M=16/single/batched] up=2  ef=2048  avg= 31.392ms (q0= 58.454 sub/query= 27.695) speedup=0.886x fu_speedup=1.004x MRR@10=0.7885 NDCG@3=0.5067 NDCG@10=0.4744
2026-07-21 22:45:54,044 [INFO] [M=16/single/batched] up=2  ef=4096  avg= 68.800ms (q0=137.571 sub/query= 59.404) speedup=0.865x fu_speedup=1.002x MRR@10=0.7885 NDCG@3=0.5067 NDCG@10=0.4743
2026-07-21 22:45:54,160 [INFO] [M=16/single/batched] up=4  ef=1     avg=  0.088ms (q0=  0.224 sub/query=  0.069) speedup=1.058x fu_speedup=1.343x MRR@10=0.4201 NDCG@3=0.2609 NDCG@10=0.2143
2026-07-21 22:45:54,310 [INFO] [M=16/single/batched] up=4  ef=2     avg=  0.122ms (q0=  0.326 sub/query=  0.094) speedup=1.148x fu_speedup=1.490x MRR@10=0.5754 NDCG@3=0.3672 NDCG@10=0.3186
2026-07-21 22:45:54,511 [INFO] [M=16/single/batched] up=4  ef=4     avg=  0.172ms (q0=  0.417 sub/query=  0.138) speedup=1.202x fu_speedup=1.495x MRR@10=0.6400 NDCG@3=0.4104 NDCG@10=0.3679
2026-07-21 22:45:54,802 [INFO] [M=16/single/batched] up=4  ef=8     avg=  0.257ms (q0=  0.638 sub/query=  0.205) speedup=1.151x fu_speedup=1.444x MRR@10=0.6989 NDCG@3=0.4499 NDCG@10=0.4064
2026-07-21 22:45:55,235 [INFO] [M=16/single/batched] up=4  ef=16    avg=  0.390ms (q0=  1.114 sub/query=  0.291) speedup=1.100x fu_speedup=1.474x MRR@10=0.7512 NDCG@3=0.4871 NDCG@10=0.4431
2026-07-21 22:45:55,940 [INFO] [M=16/single/batched] up=4  ef=32    avg=  0.654ms (q0=  1.895 sub/query=  0.484) speedup=0.970x fu_speedup=1.309x MRR@10=0.7683 NDCG@3=0.4968 NDCG@10=0.4618
2026-07-21 22:45:57,191 [INFO] [M=16/single/batched] up=4  ef=64    avg=  1.176ms (q0=  3.495 sub/query=  0.860) speedup=0.889x fu_speedup=1.217x MRR@10=0.7688 NDCG@3=0.4972 NDCG@10=0.4632
2026-07-21 22:45:59,543 [INFO] [M=16/single/batched] up=4  ef=128   avg=  2.233ms (q0=  6.733 sub/query=  1.618) speedup=0.802x fu_speedup=1.106x MRR@10=0.7839 NDCG@3=0.5058 NDCG@10=0.4727
2026-07-21 22:46:04,159 [INFO] [M=16/single/batched] up=4  ef=256   avg=  4.408ms (q0= 13.289 sub/query=  3.195) speedup=0.770x fu_speedup=1.063x MRR@10=0.7886 NDCG@3=0.5064 NDCG@10=0.4736
2026-07-21 22:46:13,567 [INFO] [M=16/single/batched] up=4  ef=512   avg=  9.023ms (q0= 27.149 sub/query=  6.547) speedup=0.746x fu_speedup=1.028x MRR@10=0.7885 NDCG@3=0.5064 NDCG@10=0.4745
2026-07-21 22:46:33,162 [INFO] [M=16/single/batched] up=4  ef=1024  avg= 18.813ms (q0= 58.152 sub/query= 13.438) speedup=0.722x fu_speedup=1.011x MRR@10=0.7885 NDCG@3=0.5067 NDCG@10=0.4745
2026-07-21 22:47:15,669 [INFO] [M=16/single/batched] up=4  ef=2048  avg= 40.844ms (q0=137.166 sub/query= 27.685) speedup=0.681x fu_speedup=1.004x MRR@10=0.7885 NDCG@3=0.5067 NDCG@10=0.4744
2026-07-21 22:48:54,627 [INFO] [M=16/single/batched] up=4  ef=4096  avg= 95.141ms (q0=356.440 sub/query= 59.444) speedup=0.626x fu_speedup=1.001x MRR@10=0.7885 NDCG@3=0.5067 NDCG@10=0.4743
2026-07-21 22:48:54,751 [INFO] [M=16/single/batched] up=8  ef=1     avg=  0.098ms (q0=  0.320 sub/query=  0.067) speedup=0.953x fu_speedup=1.385x MRR@10=0.4711 NDCG@3=0.3003 NDCG@10=0.2486
2026-07-21 22:48:54,913 [INFO] [M=16/single/batched] up=8  ef=2     avg=  0.134ms (q0=  0.421 sub/query=  0.094) speedup=1.045x fu_speedup=1.480x MRR@10=0.5749 NDCG@3=0.3668 NDCG@10=0.3186
2026-07-21 22:48:55,146 [INFO] [M=16/single/batched] up=8  ef=4     avg=  0.200ms (q0=  0.642 sub/query=  0.140) speedup=1.029x fu_speedup=1.473x MRR@10=0.6454 NDCG@3=0.4122 NDCG@10=0.3683
2026-07-21 22:48:55,482 [INFO] [M=16/single/batched] up=8  ef=8     avg=  0.301ms (q0=  1.118 sub/query=  0.189) speedup=0.983x fu_speedup=1.563x MRR@10=0.7297 NDCG@3=0.4669 NDCG@10=0.4243
2026-07-21 22:48:56,008 [INFO] [M=16/single/batched] up=8  ef=16    avg=  0.484ms (q0=  1.901 sub/query=  0.291) speedup=0.885x fu_speedup=1.474x MRR@10=0.7512 NDCG@3=0.4871 NDCG@10=0.4431
2026-07-21 22:48:56,920 [INFO] [M=16/single/batched] up=8  ef=32    avg=  0.850ms (q0=  3.516 sub/query=  0.486) speedup=0.746x fu_speedup=1.304x MRR@10=0.7683 NDCG@3=0.4968 NDCG@10=0.4620
2026-07-21 22:48:58,585 [INFO] [M=16/single/batched] up=8  ef=64    avg=  1.572ms (q0=  6.754 sub/query=  0.865) speedup=0.665x fu_speedup=1.210x MRR@10=0.7688 NDCG@3=0.4972 NDCG@10=0.4632
2026-07-21 22:49:01,768 [INFO] [M=16/single/batched] up=8  ef=128   avg=  3.034ms (q0= 13.393 sub/query=  1.619) speedup=0.590x fu_speedup=1.106x MRR@10=0.7839 NDCG@3=0.5058 NDCG@10=0.4727
2026-07-21 22:49:08,137 [INFO] [M=16/single/batched] up=8  ef=256   avg=  6.103ms (q0= 27.368 sub/query=  3.198) speedup=0.556x fu_speedup=1.062x MRR@10=0.7886 NDCG@3=0.5064 NDCG@10=0.4736
2026-07-21 22:49:21,495 [INFO] [M=16/single/batched] up=8  ef=512   avg= 12.818ms (q0= 58.662 sub/query=  6.555) speedup=0.525x fu_speedup=1.027x MRR@10=0.7885 NDCG@3=0.5064 NDCG@10=0.4745
2026-07-21 22:49:51,048 [INFO] [M=16/single/batched] up=8  ef=1024  avg= 28.378ms (q0=137.755 sub/query= 13.436) speedup=0.479x fu_speedup=1.011x MRR@10=0.7885 NDCG@3=0.5067 NDCG@10=0.4745
2026-07-21 22:51:01,136 [INFO] [M=16/single/batched] up=8  ef=2048  avg= 67.354ms (q0=357.491 sub/query= 27.717) speedup=0.413x fu_speedup=1.003x MRR@10=0.7885 NDCG@3=0.5067 NDCG@10=0.4744
2026-07-21 22:54:03,700 [INFO] [M=16/single/batched] up=8  ef=4096  avg=175.507ms (q0=1025.478 sub/query= 59.390) speedup=0.339x fu_speedup=1.002x MRR@10=0.7885 NDCG@3=0.5067 NDCG@10=0.4743
2026-07-21 22:54:03,837 [INFO] [M=16/single/batched] up=16 ef=1     avg=  0.110ms (q0=  0.421 sub/query=  0.067) speedup=0.846x fu_speedup=1.382x MRR@10=0.4707 NDCG@3=0.2999 NDCG@10=0.2485
2026-07-21 22:54:04,026 [INFO] [M=16/single/batched] up=16 ef=2     avg=  0.160ms (q0=  0.642 sub/query=  0.095) speedup=0.871x fu_speedup=1.477x MRR@10=0.5827 NDCG@3=0.3707 NDCG@10=0.3207
2026-07-21 22:54:04,310 [INFO] [M=16/single/batched] up=16 ef=4     avg=  0.251ms (q0=  1.123 sub/query=  0.132) speedup=0.821x fu_speedup=1.561x MRR@10=0.7067 NDCG@3=0.4521 NDCG@10=0.4057
2026-07-21 22:54:04,745 [INFO] [M=16/single/batched] up=16 ef=8     avg=  0.396ms (q0=  1.905 sub/query=  0.190) speedup=0.747x fu_speedup=1.560x MRR@10=0.7297 NDCG@3=0.4669 NDCG@10=0.4243
2026-07-21 22:54:05,477 [INFO] [M=16/single/batched] up=16 ef=16    avg=  0.678ms (q0=  3.515 sub/query=  0.291) speedup=0.632x fu_speedup=1.475x MRR@10=0.7512 NDCG@3=0.4871 NDCG@10=0.4432
2026-07-21 22:54:06,795 [INFO] [M=16/single/batched] up=16 ef=32    avg=  1.239ms (q0=  6.760 sub/query=  0.485) speedup=0.512x fu_speedup=1.308x MRR@10=0.7683 NDCG@3=0.4968 NDCG@10=0.4620
2026-07-21 22:54:09,279 [INFO] [M=16/single/batched] up=16 ef=64    avg=  2.366ms (q0= 13.394 sub/query=  0.859) speedup=0.442x fu_speedup=1.217x MRR@10=0.7688 NDCG@3=0.4972 NDCG@10=0.4632
2026-07-21 22:54:14,199 [INFO] [M=16/single/batched] up=16 ef=128   avg=  4.699ms (q0= 27.235 sub/query=  1.620) speedup=0.381x fu_speedup=1.105x MRR@10=0.7839 NDCG@3=0.5058 NDCG@10=0.4727
2026-07-21 22:54:24,477 [INFO] [M=16/single/batched] up=16 ef=256   avg=  9.861ms (q0= 58.659 sub/query=  3.194) speedup=0.344x fu_speedup=1.063x MRR@10=0.7886 NDCG@3=0.5064 NDCG@10=0.4736
2026-07-21 22:54:47,710 [INFO] [M=16/single/batched] up=16 ef=512   avg= 22.300ms (q0=137.580 sub/query=  6.551) speedup=0.302x fu_speedup=1.027x MRR@10=0.7885 NDCG@3=0.5064 NDCG@10=0.4745
2026-07-21 22:55:44,689 [INFO] [M=16/single/batched] up=16 ef=1024  avg= 54.795ms (q0=357.434 sub/query= 13.450) speedup=0.248x fu_speedup=1.010x MRR@10=0.7885 NDCG@3=0.5067 NDCG@10=0.4745
2026-07-21 22:58:18,295 [INFO] [M=16/single/batched] up=16 ef=2048  avg=147.682ms (q0=1025.782 sub/query= 27.723) speedup=0.188x fu_speedup=1.003x MRR@10=0.7885 NDCG@3=0.5067 NDCG@10=0.4744
2026-07-21 23:05:55,454 [INFO] [M=16/single/batched] up=16 ef=4096  avg=439.472ms (q0=3221.585 sub/query= 59.402) speedup=0.135x fu_speedup=1.002x MRR@10=0.7885 NDCG@3=0.5067 NDCG@10=0.4743
2026-07-21 23:05:55,455 [INFO] === [M=16] Speedup summary ===
2026-07-21 23:05:55,455 [INFO] [M=16/multi/batched] best speedup (incl. q0): 1.401x  (config=toploc_batched_ef4096_up2_multi)
2026-07-21 23:05:55,455 [INFO] [M=16/multi/batched] best fu_speedup (followups only): 4.870x  (config=toploc_batched_ef4096_up4_multi)
2026-07-21 23:05:55,456 [INFO] [M=16/single/batched] best speedup (incl. q0): 1.285x  (config=toploc_batched_ef4_up2_single)
2026-07-21 23:05:55,456 [INFO] [M=16/single/batched] best fu_speedup (followups only): 1.563x  (config=toploc_batched_ef8_up8_single)
2026-07-21 23:05:55,568 [INFO] [M=16] Grid search complete. Results saved to /home/toploc1/Datasets/toploc1/HNSW_paper1/Snowflake/search/results/CAST2020/snowflake_toplocHNSW_metrics16_ct2020.json
2026-07-21 23:05:55,792 [INFO] [M=16] Summary table -> /home/toploc1/Datasets/toploc1/HNSW_paper1/Snowflake/search/results/CAST2020/snowflake_toplocHNSW_M16_ct2020.parquet
2026-07-21 23:05:56,423 [INFO] [M=16] index released.
2026-07-21 23:06:02,469 [INFO] ##################  M = 32  ##################
2026-07-21 23:06:02,470 [INFO] Loading index from /home/toploc1/Datasets/toploc1/indexes/Snowflake/HNSW/treccast_hnsw_M32.index (~150 GB, be patient)
2026-07-21 23:39:30,668 [INFO] [M=32] Index: 38,636,446 vectors | entry_point=118295 | max_level=4 | metric=L2
2026-07-21 23:40:00,752 [INFO] [M=32] Timing: 5 reps per config, reporting median
2026-07-21 23:40:00,753 [INFO] ##### [M=32] THREAD MODE: multi (omp_set_num_threads=28) #####
2026-07-21 23:40:00,753 [INFO] Warmup pass ...
2026-07-21 23:40:00,848 [INFO] === [M=32] BASELINE HNSW [multi] ===
2026-07-21 23:40:00,905 [INFO] [M=32/multi] ef=1     avg=  0.029ms (± 0.002) MRR@10=0.3672 NDCG@3=0.2437 NDCG@10=0.2025
2026-07-21 23:40:00,973 [INFO] [M=32/multi] ef=2     avg=  0.036ms (± 0.010) MRR@10=0.4941 NDCG@3=0.3277 NDCG@10=0.2873
2026-07-21 23:40:01,050 [INFO] [M=32/multi] ef=4     avg=  0.050ms (± 0.001) MRR@10=0.6255 NDCG@3=0.4154 NDCG@10=0.3706
2026-07-21 23:40:01,143 [INFO] [M=32/multi] ef=8     avg=  0.065ms (± 0.002) MRR@10=0.6878 NDCG@3=0.4503 NDCG@10=0.4141
2026-07-21 23:40:01,260 [INFO] [M=32/multi] ef=16    avg=  0.089ms (± 0.002) MRR@10=0.7376 NDCG@3=0.4770 NDCG@10=0.4422
2026-07-21 23:40:01,423 [INFO] [M=32/multi] ef=32    avg=  0.130ms (± 0.004) MRR@10=0.7581 NDCG@3=0.4914 NDCG@10=0.4580
2026-07-21 23:40:01,681 [INFO] [M=32/multi] ef=64    avg=  0.222ms (± 0.005) MRR@10=0.7815 NDCG@3=0.5049 NDCG@10=0.4728
2026-07-21 23:40:02,113 [INFO] [M=32/multi] ef=128   avg=  0.395ms (± 0.008) MRR@10=0.7838 NDCG@3=0.5048 NDCG@10=0.4732
2026-07-21 23:40:02,908 [INFO] [M=32/multi] ef=256   avg=  0.732ms (± 0.008) MRR@10=0.7885 NDCG@3=0.5067 NDCG@10=0.4746
2026-07-21 23:40:04,695 [INFO] [M=32/multi] ef=512   avg=  1.697ms (± 0.025) MRR@10=0.7885 NDCG@3=0.5067 NDCG@10=0.4746
2026-07-21 23:40:08,318 [INFO] [M=32/multi] ef=1024  avg=  3.455ms (± 0.028) MRR@10=0.7885 NDCG@3=0.5067 NDCG@10=0.4745
2026-07-21 23:40:18,263 [INFO] [M=32/multi] ef=2048  avg=  9.523ms (± 0.144) MRR@10=0.7885 NDCG@3=0.5067 NDCG@10=0.4742
2026-07-21 23:40:51,660 [INFO] [M=32/multi] ef=4096  avg= 32.160ms (± 0.429) MRR@10=0.7885 NDCG@3=0.5067 NDCG@10=0.4742
2026-07-21 23:40:51,661 [INFO] === [M=32] TopLoc HNSW (batched) [multi] ===
2026-07-21 23:40:51,711 [INFO] [M=32/multi/batched] up=2  ef=1     avg=  0.022ms (q0=  0.038 sub/query=  0.020) speedup=1.309x fu_speedup=1.458x MRR@10=0.4373 NDCG@3=0.2725 NDCG@10=0.2267
2026-07-21 23:40:51,765 [INFO] [M=32/multi/batched] up=2  ef=2     avg=  0.026ms (q0=  0.052 sub/query=  0.022) speedup=1.386x fu_speedup=1.607x MRR@10=0.6453 NDCG@3=0.4251 NDCG@10=0.3680
2026-07-21 23:40:51,829 [INFO] [M=32/multi/batched] up=2  ef=4     avg=  0.034ms (q0=  0.079 sub/query=  0.028) speedup=1.472x fu_speedup=1.804x MRR@10=0.7214 NDCG@3=0.4595 NDCG@10=0.4171
2026-07-21 23:40:51,905 [INFO] [M=32/multi/batched] up=2  ef=8     avg=  0.048ms (q0=  0.103 sub/query=  0.040) speedup=1.354x fu_speedup=1.609x MRR@10=0.7640 NDCG@3=0.4921 NDCG@10=0.4518
2026-07-21 23:40:52,002 [INFO] [M=32/multi/batched] up=2  ef=16    avg=  0.068ms (q0=  0.126 sub/query=  0.060) speedup=1.312x fu_speedup=1.487x MRR@10=0.7810 NDCG@3=0.5017 NDCG@10=0.4654
2026-07-21 23:40:52,151 [INFO] [M=32/multi/batched] up=2  ef=32    avg=  0.116ms (q0=  0.241 sub/query=  0.099) speedup=1.119x fu_speedup=1.311x MRR@10=0.7869 NDCG@3=0.5047 NDCG@10=0.4715
2026-07-21 23:40:52,405 [INFO] [M=32/multi/batched] up=2  ef=64    avg=  0.210ms (q0=  0.397 sub/query=  0.184) speedup=1.060x fu_speedup=1.207x MRR@10=0.7883 NDCG@3=0.5067 NDCG@10=0.4751
2026-07-21 23:40:52,839 [INFO] [M=32/multi/batched] up=2  ef=128   avg=  0.390ms (q0=  0.760 sub/query=  0.339) speedup=1.014x fu_speedup=1.165x MRR@10=0.7886 NDCG@3=0.5067 NDCG@10=0.4750
2026-07-21 23:40:53,663 [INFO] [M=32/multi/batched] up=2  ef=256   avg=  0.764ms (q0=  1.476 sub/query=  0.667) speedup=0.958x fu_speedup=1.098x MRR@10=0.7885 NDCG@3=0.5067 NDCG@10=0.4746
2026-07-21 23:40:55,391 [INFO] [M=32/multi/batched] up=2  ef=512   avg=  1.621ms (q0=  3.754 sub/query=  1.330) speedup=1.047x fu_speedup=1.276x MRR@10=0.7885 NDCG@3=0.5067 NDCG@10=0.4746
2026-07-21 23:40:59,712 [INFO] [M=32/multi/batched] up=2  ef=1024  avg=  3.625ms (q0= 10.498 sub/query=  2.686) speedup=0.953x fu_speedup=1.286x MRR@10=0.7885 NDCG@3=0.5067 NDCG@10=0.4745
2026-07-21 23:41:08,581 [INFO] [M=32/multi/batched] up=2  ef=2048  avg=  8.463ms (q0= 30.697 sub/query=  5.426) speedup=1.125x fu_speedup=1.755x MRR@10=0.7885 NDCG@3=0.5067 NDCG@10=0.4742
2026-07-21 23:41:35,446 [INFO] [M=32/multi/batched] up=2  ef=4096  avg= 25.939ms (q0=135.313 sub/query= 10.997) speedup=1.240x fu_speedup=2.924x MRR@10=0.7885 NDCG@3=0.5067 NDCG@10=0.4742
2026-07-21 23:41:35,493 [INFO] [M=32/multi/batched] up=4  ef=1     avg=  0.020ms (q0=  0.053 sub/query=  0.015) speedup=1.456x fu_speedup=1.884x MRR@10=0.5037 NDCG@3=0.3256 NDCG@10=0.2684
2026-07-21 23:41:35,549 [INFO] [M=32/multi/batched] up=4  ef=2     avg=  0.028ms (q0=  0.084 sub/query=  0.021) speedup=1.269x fu_speedup=1.739x MRR@10=0.6687 NDCG@3=0.4397 NDCG@10=0.3812
2026-07-21 23:41:35,614 [INFO] [M=32/multi/batched] up=4  ef=4     avg=  0.036ms (q0=  0.091 sub/query=  0.028) speedup=1.383x fu_speedup=1.747x MRR@10=0.7407 NDCG@3=0.4743 NDCG@10=0.4292
2026-07-21 23:41:35,694 [INFO] [M=32/multi/batched] up=4  ef=8     avg=  0.050ms (q0=  0.127 sub/query=  0.039) speedup=1.298x fu_speedup=1.647x MRR@10=0.7640 NDCG@3=0.4921 NDCG@10=0.4515
2026-07-21 23:41:35,808 [INFO] [M=32/multi/batched] up=4  ef=16    avg=  0.083ms (q0=  0.245 sub/query=  0.061) speedup=1.071x fu_speedup=1.462x MRR@10=0.7871 NDCG@3=0.5041 NDCG@10=0.4680
2026-07-21 23:41:35,984 [INFO] [M=32/multi/batched] up=4  ef=32    avg=  0.142ms (q0=  0.395 sub/query=  0.107) speedup=0.915x fu_speedup=1.211x MRR@10=0.7869 NDCG@3=0.5047 NDCG@10=0.4715
2026-07-21 23:41:36,276 [INFO] [M=32/multi/batched] up=4  ef=64    avg=  0.250ms (q0=  0.752 sub/query=  0.181) speedup=0.891x fu_speedup=1.229x MRR@10=0.7883 NDCG@3=0.5067 NDCG@10=0.4751
2026-07-21 23:41:36,804 [INFO] [M=32/multi/batched] up=4  ef=128   avg=  0.482ms (q0=  1.470 sub/query=  0.347) speedup=0.820x fu_speedup=1.139x MRR@10=0.7886 NDCG@3=0.5067 NDCG@10=0.4750
2026-07-21 23:41:37,911 [INFO] [M=32/multi/batched] up=4  ef=256   avg=  1.019ms (q0=  3.698 sub/query=  0.652) speedup=0.719x fu_speedup=1.122x MRR@10=0.7885 NDCG@3=0.5067 NDCG@10=0.4746
2026-07-21 23:41:40,424 [INFO] [M=32/multi/batched] up=4  ef=512   avg=  2.370ms (q0= 10.186 sub/query=  1.302) speedup=0.716x fu_speedup=1.304x MRR@10=0.7885 NDCG@3=0.5067 NDCG@10=0.4746
2026-07-21 23:41:46,696 [INFO] [M=32/multi/batched] up=4  ef=1024  avg=  5.993ms (q0= 29.931 sub/query=  2.723) speedup=0.577x fu_speedup=1.269x MRR@10=0.7885 NDCG@3=0.5067 NDCG@10=0.4745
2026-07-21 23:42:08,235 [INFO] [M=32/multi/batched] up=4  ef=2048  avg= 20.828ms (q0=133.355 sub/query=  5.456) speedup=0.457x fu_speedup=1.746x MRR@10=0.7885 NDCG@3=0.5067 NDCG@10=0.4742
2026-07-21 23:43:20,918 [INFO] [M=32/multi/batched] up=4  ef=4096  avg= 69.860ms (q0=500.563 sub/query= 11.021) speedup=0.460x fu_speedup=2.918x MRR@10=0.7885 NDCG@3=0.5067 NDCG@10=0.4742
2026-07-21 23:43:20,970 [INFO] [M=32/multi/batched] up=8  ef=1     avg=  0.023ms (q0=  0.085 sub/query=  0.015) speedup=1.235x fu_speedup=1.934x MRR@10=0.5311 NDCG@3=0.3450 NDCG@10=0.2861
2026-07-21 23:43:21,028 [INFO] [M=32/multi/batched] up=8  ef=2     avg=  0.030ms (q0=  0.102 sub/query=  0.020) speedup=1.194x fu_speedup=1.776x MRR@10=0.6846 NDCG@3=0.4422 NDCG@10=0.3852
2026-07-21 23:43:21,099 [INFO] [M=32/multi/batched] up=8  ef=4     avg=  0.039ms (q0=  0.122 sub/query=  0.028) speedup=1.261x fu_speedup=1.764x MRR@10=0.7407 NDCG@3=0.4743 NDCG@10=0.4289
2026-07-21 23:43:21,196 [INFO] [M=32/multi/batched] up=8  ef=8     avg=  0.064ms (q0=  0.240 sub/query=  0.040) speedup=1.015x fu_speedup=1.628x MRR@10=0.7750 NDCG@3=0.4977 NDCG@10=0.4571
2026-07-21 23:43:21,329 [INFO] [M=32/multi/batched] up=8  ef=16    avg=  0.100ms (q0=  0.398 sub/query=  0.060) speedup=0.884x fu_speedup=1.487x MRR@10=0.7871 NDCG@3=0.5041 NDCG@10=0.4680
2026-07-21 23:43:21,542 [INFO] [M=32/multi/batched] up=8  ef=32    avg=  0.178ms (q0=  0.748 sub/query=  0.100) speedup=0.731x fu_speedup=1.301x MRR@10=0.7869 NDCG@3=0.5047 NDCG@10=0.4715
2026-07-21 23:43:21,927 [INFO] [M=32/multi/batched] up=8  ef=64    avg=  0.339ms (q0=  1.483 sub/query=  0.182) speedup=0.656x fu_speedup=1.218x MRR@10=0.7883 NDCG@3=0.5067 NDCG@10=0.4751
2026-07-21 23:43:22,769 [INFO] [M=32/multi/batched] up=8  ef=128   avg=  0.767ms (q0=  3.863 sub/query=  0.344) speedup=0.515x fu_speedup=1.150x MRR@10=0.7886 NDCG@3=0.5067 NDCG@10=0.4750
2026-07-21 23:43:24,712 [INFO] [M=32/multi/batched] up=8  ef=256   avg=  1.831ms (q0= 10.370 sub/query=  0.664) speedup=0.400x fu_speedup=1.102x MRR@10=0.7885 NDCG@3=0.5067 NDCG@10=0.4746
2026-07-21 23:43:29,711 [INFO] [M=32/multi/batched] up=8  ef=512   avg=  4.770ms (q0= 30.139 sub/query=  1.305) speedup=0.356x fu_speedup=1.301x MRR@10=0.7885 NDCG@3=0.5067 NDCG@10=0.4746
2026-07-21 23:43:48,917 [INFO] [M=32/multi/batched] up=8  ef=1024  avg= 18.262ms (q0=132.164 sub/query=  2.701) speedup=0.189x fu_speedup=1.279x MRR@10=0.7885 NDCG@3=0.5067 NDCG@10=0.4745
2026-07-21 23:44:56,335 [INFO] [M=32/multi/batched] up=8  ef=2048  avg= 64.799ms (q0=499.034 sub/query=  5.477) speedup=0.147x fu_speedup=1.739x MRR@10=0.7885 NDCG@3=0.5067 NDCG@10=0.4742
2026-07-21 23:47:51,736 [INFO] [M=32/multi/batched] up=8  ef=4096  avg=168.651ms (q0=1322.563 sub/query= 11.013) speedup=0.191x fu_speedup=2.920x MRR@10=0.7885 NDCG@3=0.5067 NDCG@10=0.4742
2026-07-21 23:47:51,788 [INFO] [M=32/multi/batched] up=16 ef=1     avg=  0.026ms (q0=  0.101 sub/query=  0.015) speedup=1.126x fu_speedup=1.897x MRR@10=0.5454 NDCG@3=0.3487 NDCG@10=0.2943
2026-07-21 23:47:51,852 [INFO] [M=32/multi/batched] up=16 ef=2     avg=  0.035ms (q0=  0.132 sub/query=  0.021) speedup=1.041x fu_speedup=1.698x MRR@10=0.6846 NDCG@3=0.4422 NDCG@10=0.3849
2026-07-21 23:47:51,936 [INFO] [M=32/multi/batched] up=16 ef=4     avg=  0.053ms (q0=  0.239 sub/query=  0.028) speedup=0.939x fu_speedup=1.806x MRR@10=0.7612 NDCG@3=0.4867 NDCG@10=0.4402
2026-07-21 23:47:52,052 [INFO] [M=32/multi/batched] up=16 ef=8     avg=  0.083ms (q0=  0.397 sub/query=  0.040) speedup=0.781x fu_speedup=1.614x MRR@10=0.7750 NDCG@3=0.4977 NDCG@10=0.4571
2026-07-21 23:47:52,230 [INFO] [M=32/multi/batched] up=16 ef=16    avg=  0.146ms (q0=  0.757 sub/query=  0.063) speedup=0.605x fu_speedup=1.405x MRR@10=0.7871 NDCG@3=0.5041 NDCG@10=0.4680
2026-07-21 23:47:52,535 [INFO] [M=32/multi/batched] up=16 ef=32    avg=  0.266ms (q0=  1.476 sub/query=  0.101) speedup=0.488x fu_speedup=1.288x MRR@10=0.7869 NDCG@3=0.5047 NDCG@10=0.4715
2026-07-21 23:47:53,211 [INFO] [M=32/multi/batched] up=16 ef=64    avg=  0.613ms (q0=  3.756 sub/query=  0.183) speedup=0.363x fu_speedup=1.214x MRR@10=0.7883 NDCG@3=0.5067 NDCG@10=0.4751
2026-07-21 23:47:54,849 [INFO] [M=32/multi/batched] up=16 ef=128   avg=  1.538ms (q0= 10.274 sub/query=  0.345) speedup=0.257x fu_speedup=1.146x MRR@10=0.7886 NDCG@3=0.5067 NDCG@10=0.4750
2026-07-21 23:47:59,371 [INFO] [M=32/multi/batched] up=16 ef=256   avg=  4.308ms (q0= 30.932 sub/query=  0.670) speedup=0.170x fu_speedup=1.092x MRR@10=0.7885 NDCG@3=0.5067 NDCG@10=0.4746
2026-07-21 23:48:17,485 [INFO] [M=32/multi/batched] up=16 ef=512   avg= 17.373ms (q0=134.795 sub/query=  1.332) speedup=0.098x fu_speedup=1.274x MRR@10=0.7885 NDCG@3=0.5067 NDCG@10=0.4746
2026-07-21 23:49:22,640 [INFO] [M=32/multi/batched] up=16 ef=1024  avg= 62.625ms (q0=501.247 sub/query=  2.704) speedup=0.055x fu_speedup=1.278x MRR@10=0.7885 NDCG@3=0.5067 NDCG@10=0.4745
2026-07-21 23:52:13,485 [INFO] [M=32/multi/batched] up=16 ef=2048  avg=164.256ms (q0=1327.113 sub/query=  5.395) speedup=0.058x fu_speedup=1.765x MRR@10=0.7885 NDCG@3=0.5067 NDCG@10=0.4742
2026-07-22 00:00:31,383 [INFO] [M=32/multi/batched] up=16 ef=4096  avg=480.928ms (q0=3920.575 sub/query= 11.031) speedup=0.067x fu_speedup=2.915x MRR@10=0.7885 NDCG@3=0.5067 NDCG@10=0.4742
2026-07-22 00:00:31,383 [INFO] ##### [M=32] THREAD MODE: single (omp_set_num_threads=1) #####
2026-07-22 00:00:31,383 [INFO] Warmup pass ...
2026-07-22 00:00:32,020 [INFO] === [M=32] BASELINE HNSW [single] ===
2026-07-22 00:00:32,230 [INFO] [M=32/single] ef=1     avg=  0.180ms (± 0.003) MRR@10=0.3672 NDCG@3=0.2437 NDCG@10=0.2025
2026-07-22 00:00:32,522 [INFO] [M=32/single] ef=2     avg=  0.262ms (± 0.007) MRR@10=0.4941 NDCG@3=0.3277 NDCG@10=0.2873
2026-07-22 00:00:32,915 [INFO] [M=32/single] ef=4     avg=  0.357ms (± 0.007) MRR@10=0.6255 NDCG@3=0.4154 NDCG@10=0.3706
2026-07-22 00:00:33,427 [INFO] [M=32/single] ef=8     avg=  0.467ms (± 0.005) MRR@10=0.6878 NDCG@3=0.4503 NDCG@10=0.4141
2026-07-22 00:00:34,132 [INFO] [M=32/single] ef=16    avg=  0.657ms (± 0.005) MRR@10=0.7376 NDCG@3=0.4770 NDCG@10=0.4422
2026-07-22 00:00:35,133 [INFO] [M=32/single] ef=32    avg=  0.939ms (± 0.009) MRR@10=0.7581 NDCG@3=0.4914 NDCG@10=0.4580
2026-07-22 00:00:36,829 [INFO] [M=32/single] ef=64    avg=  1.621ms (± 0.025) MRR@10=0.7815 NDCG@3=0.5049 NDCG@10=0.4728
2026-07-22 00:00:39,833 [INFO] [M=32/single] ef=128   avg=  2.867ms (± 0.037) MRR@10=0.7838 NDCG@3=0.5048 NDCG@10=0.4732
2026-07-22 00:00:45,557 [INFO] [M=32/single] ef=256   avg=  5.483ms (± 0.007) MRR@10=0.7885 NDCG@3=0.5067 NDCG@10=0.4746
2026-07-22 00:00:56,990 [INFO] [M=32/single] ef=512   avg= 10.963ms (± 0.044) MRR@10=0.7885 NDCG@3=0.5067 NDCG@10=0.4746
2026-07-22 00:01:20,010 [INFO] [M=32/single] ef=1024  avg= 21.843ms (± 0.360) MRR@10=0.7885 NDCG@3=0.5067 NDCG@10=0.4745
2026-07-22 00:02:07,597 [INFO] [M=32/single] ef=2048  avg= 45.850ms (± 0.978) MRR@10=0.7885 NDCG@3=0.5067 NDCG@10=0.4742
2026-07-22 00:03:47,056 [INFO] [M=32/single] ef=4096  avg= 95.566ms (± 0.155) MRR@10=0.7885 NDCG@3=0.5067 NDCG@10=0.4742
2026-07-22 00:03:47,057 [INFO] === [M=32] TopLoc HNSW (batched) [single] ===
2026-07-22 00:03:47,249 [INFO] [M=32/single/batched] up=2  ef=1     avg=  0.159ms (q0=  0.290 sub/query=  0.142) speedup=1.129x fu_speedup=1.272x MRR@10=0.4373 NDCG@3=0.2725 NDCG@10=0.2267
2026-07-22 00:03:47,459 [INFO] [M=32/single/batched] up=2  ef=2     avg=  0.179ms (q0=  0.344 sub/query=  0.157) speedup=1.460x fu_speedup=1.669x MRR@10=0.6453 NDCG@3=0.4251 NDCG@10=0.3680
2026-07-22 00:03:47,729 [INFO] [M=32/single/batched] up=2  ef=4     avg=  0.238ms (q0=  0.465 sub/query=  0.207) speedup=1.504x fu_speedup=1.730x MRR@10=0.7214 NDCG@3=0.4595 NDCG@10=0.4171
2026-07-22 00:03:48,102 [INFO] [M=32/single/batched] up=2  ef=8     avg=  0.336ms (q0=  0.627 sub/query=  0.297) speedup=1.388x fu_speedup=1.573x MRR@10=0.7640 NDCG@3=0.4921 NDCG@10=0.4518
2026-07-22 00:03:48,663 [INFO] [M=32/single/batched] up=2  ef=16    avg=  0.515ms (q0=  0.935 sub/query=  0.458) speedup=1.275x fu_speedup=1.435x MRR@10=0.7810 NDCG@3=0.5017 NDCG@10=0.4654
2026-07-22 00:03:49,586 [INFO] [M=32/single/batched] up=2  ef=32    avg=  0.864ms (q0=  1.663 sub/query=  0.755) speedup=1.086x fu_speedup=1.243x MRR@10=0.7869 NDCG@3=0.5047 NDCG@10=0.4715
2026-07-22 00:03:51,241 [INFO] [M=32/single/batched] up=2  ef=64    avg=  1.567ms (q0=  2.961 sub/query=  1.376) speedup=1.034x fu_speedup=1.177x MRR@10=0.7883 NDCG@3=0.5067 NDCG@10=0.4751
2026-07-22 00:03:54,395 [INFO] [M=32/single/batched] up=2  ef=128   avg=  3.011ms (q0=  5.604 sub/query=  2.656) speedup=0.952x fu_speedup=1.079x MRR@10=0.7886 NDCG@3=0.5067 NDCG@10=0.4750
2026-07-22 00:04:00,716 [INFO] [M=32/single/batched] up=2  ef=256   avg=  6.056ms (q0= 10.873 sub/query=  5.398) speedup=0.905x fu_speedup=1.016x MRR@10=0.7885 NDCG@3=0.5067 NDCG@10=0.4746
2026-07-22 00:04:13,500 [INFO] [M=32/single/batched] up=2  ef=512   avg= 12.267ms (q0= 21.462 sub/query= 11.010) speedup=0.894x fu_speedup=0.996x MRR@10=0.7885 NDCG@3=0.5067 NDCG@10=0.4746
2026-07-22 00:04:39,249 [INFO] [M=32/single/batched] up=2  ef=1024  avg= 24.730ms (q0= 43.482 sub/query= 22.169) speedup=0.883x fu_speedup=0.985x MRR@10=0.7885 NDCG@3=0.5067 NDCG@10=0.4745
2026-07-22 00:05:32,251 [INFO] [M=32/single/batched] up=2  ef=2048  avg= 50.917ms (q0= 92.463 sub/query= 45.241) speedup=0.900x fu_speedup=1.013x MRR@10=0.7885 NDCG@3=0.5067 NDCG@10=0.4742
2026-07-22 00:07:26,454 [INFO] [M=32/single/batched] up=2  ef=4096  avg=109.701ms (q0=210.332 sub/query= 95.954) speedup=0.871x fu_speedup=0.996x MRR@10=0.7885 NDCG@3=0.5067 NDCG@10=0.4742
2026-07-22 00:07:26,618 [INFO] [M=32/single/batched] up=4  ef=1     avg=  0.134ms (q0=  0.343 sub/query=  0.106) speedup=1.340x fu_speedup=1.702x MRR@10=0.5037 NDCG@3=0.3256 NDCG@10=0.2684
2026-07-22 00:07:26,837 [INFO] [M=32/single/batched] up=4  ef=2     avg=  0.185ms (q0=  0.463 sub/query=  0.147) speedup=1.418x fu_speedup=1.786x MRR@10=0.6687 NDCG@3=0.4397 NDCG@10=0.3812
2026-07-22 00:07:27,130 [INFO] [M=32/single/batched] up=4  ef=4     avg=  0.259ms (q0=  0.624 sub/query=  0.210) speedup=1.377x fu_speedup=1.704x MRR@10=0.7407 NDCG@3=0.4743 NDCG@10=0.4292
2026-07-22 00:07:27,542 [INFO] [M=32/single/batched] up=4  ef=8     avg=  0.374ms (q0=  0.948 sub/query=  0.296) speedup=1.247x fu_speedup=1.577x MRR@10=0.7640 NDCG@3=0.4921 NDCG@10=0.4515
2026-07-22 00:07:28,193 [INFO] [M=32/single/batched] up=4  ef=16    avg=  0.598ms (q0=  1.669 sub/query=  0.452) speedup=1.099x fu_speedup=1.454x MRR@10=0.7871 NDCG@3=0.5041 NDCG@10=0.4680
2026-07-22 00:07:29,284 [INFO] [M=32/single/batched] up=4  ef=32    avg=  1.028ms (q0=  2.996 sub/query=  0.759) speedup=0.913x fu_speedup=1.237x MRR@10=0.7869 NDCG@3=0.5047 NDCG@10=0.4715
2026-07-22 00:07:31,280 [INFO] [M=32/single/batched] up=4  ef=64    avg=  1.895ms (q0=  5.628 sub/query=  1.385) speedup=0.855x fu_speedup=1.170x MRR@10=0.7883 NDCG@3=0.5067 NDCG@10=0.4751
2026-07-22 00:07:35,109 [INFO] [M=32/single/batched] up=4  ef=128   avg=  3.649ms (q0= 10.885 sub/query=  2.660) speedup=0.786x fu_speedup=1.078x MRR@10=0.7886 NDCG@3=0.5067 NDCG@10=0.4750
2026-07-22 00:07:42,789 [INFO] [M=32/single/batched] up=4  ef=256   avg=  7.346ms (q0= 21.484 sub/query=  5.415) speedup=0.746x fu_speedup=1.013x MRR@10=0.7885 NDCG@3=0.5067 NDCG@10=0.4746
2026-07-22 00:07:58,358 [INFO] [M=32/single/batched] up=4  ef=512   avg= 14.936ms (q0= 43.772 sub/query= 10.997) speedup=0.734x fu_speedup=0.997x MRR@10=0.7885 NDCG@3=0.5067 NDCG@10=0.4746
2026-07-22 00:08:30,264 [INFO] [M=32/single/batched] up=4  ef=1024  avg= 30.648ms (q0= 92.694 sub/query= 22.172) speedup=0.713x fu_speedup=0.985x MRR@10=0.7885 NDCG@3=0.5067 NDCG@10=0.4745
2026-07-22 00:09:38,808 [INFO] [M=32/single/batched] up=4  ef=2048  avg= 65.876ms (q0=213.053 sub/query= 45.770) speedup=0.696x fu_speedup=1.002x MRR@10=0.7885 NDCG@3=0.5067 NDCG@10=0.4742
2026-07-22 00:12:11,806 [INFO] [M=32/single/batched] up=4  ef=4096  avg=146.572ms (q0=514.800 sub/query= 96.267) speedup=0.652x fu_speedup=0.993x MRR@10=0.7885 NDCG@3=0.5067 NDCG@10=0.4742
2026-07-22 00:12:11,980 [INFO] [M=32/single/batched] up=8  ef=1     avg=  0.144ms (q0=  0.469 sub/query=  0.100) speedup=1.248x fu_speedup=1.803x MRR@10=0.5311 NDCG@3=0.3450 NDCG@10=0.2861
2026-07-22 00:12:12,223 [INFO] [M=32/single/batched] up=8  ef=2     avg=  0.211ms (q0=  0.651 sub/query=  0.151) speedup=1.242x fu_speedup=1.738x MRR@10=0.6846 NDCG@3=0.4422 NDCG@10=0.3852
2026-07-22 00:12:12,556 [INFO] [M=32/single/batched] up=8  ef=4     avg=  0.299ms (q0=  0.948 sub/query=  0.210) speedup=1.196x fu_speedup=1.700x MRR@10=0.7407 NDCG@3=0.4743 NDCG@10=0.4289
2026-07-22 00:12:13,054 [INFO] [M=32/single/batched] up=8  ef=8     avg=  0.457ms (q0=  1.679 sub/query=  0.290) speedup=1.022x fu_speedup=1.611x MRR@10=0.7750 NDCG@3=0.4977 NDCG@10=0.4571
2026-07-22 00:12:13,859 [INFO] [M=32/single/batched] up=8  ef=16    avg=  0.752ms (q0=  2.954 sub/query=  0.452) speedup=0.874x fu_speedup=1.455x MRR@10=0.7871 NDCG@3=0.5041 NDCG@10=0.4680
2026-07-22 00:12:15,278 [INFO] [M=32/single/batched] up=8  ef=32    avg=  1.343ms (q0=  5.635 sub/query=  0.756) speedup=0.699x fu_speedup=1.242x MRR@10=0.7869 NDCG@3=0.5047 NDCG@10=0.4715
2026-07-22 00:12:17,932 [INFO] [M=32/single/batched] up=8  ef=64    avg=  2.530ms (q0= 10.888 sub/query=  1.388) speedup=0.641x fu_speedup=1.167x MRR@10=0.7883 NDCG@3=0.5067 NDCG@10=0.4751
2026-07-22 00:12:23,079 [INFO] [M=32/single/batched] up=8  ef=128   avg=  4.924ms (q0= 21.487 sub/query=  2.661) speedup=0.582x fu_speedup=1.077x MRR@10=0.7886 NDCG@3=0.5067 NDCG@10=0.4750
2026-07-22 00:12:33,511 [INFO] [M=32/single/batched] up=8  ef=256   avg= 10.017ms (q0= 43.718 sub/query=  5.413) speedup=0.547x fu_speedup=1.013x MRR@10=0.7885 NDCG@3=0.5067 NDCG@10=0.4746
2026-07-22 00:12:55,325 [INFO] [M=32/single/batched] up=8  ef=512   avg= 20.927ms (q0= 93.093 sub/query= 11.069) speedup=0.524x fu_speedup=0.990x MRR@10=0.7885 NDCG@3=0.5067 NDCG@10=0.4746
2026-07-22 00:13:42,172 [INFO] [M=32/single/batched] up=8  ef=1024  avg= 45.042ms (q0=212.149 sub/query= 22.213) speedup=0.485x fu_speedup=0.983x MRR@10=0.7885 NDCG@3=0.5067 NDCG@10=0.4745
2026-07-22 00:15:28,208 [INFO] [M=32/single/batched] up=8  ef=2048  avg=101.953ms (q0=516.610 sub/query= 45.306) speedup=0.450x fu_speedup=1.012x MRR@10=0.7885 NDCG@3=0.5067 NDCG@10=0.4742
2026-07-22 00:19:53,045 [INFO] [M=32/single/batched] up=8  ef=4096  avg=253.708ms (q0=1396.567 sub/query= 97.580) speedup=0.377x fu_speedup=0.979x MRR@10=0.7885 NDCG@3=0.5067 NDCG@10=0.4742
2026-07-22 00:19:53,245 [INFO] [M=32/single/batched] up=16 ef=1     avg=  0.168ms (q0=  0.637 sub/query=  0.103) speedup=1.074x fu_speedup=1.740x MRR@10=0.5454 NDCG@3=0.3487 NDCG@10=0.2943
2026-07-22 00:19:53,529 [INFO] [M=32/single/batched] up=16 ef=2     avg=  0.250ms (q0=  0.981 sub/query=  0.150) speedup=1.048x fu_speedup=1.744x MRR@10=0.6846 NDCG@3=0.4422 NDCG@10=0.3849
2026-07-22 00:19:53,950 [INFO] [M=32/single/batched] up=16 ef=4     avg=  0.382ms (q0=  1.681 sub/query=  0.204) speedup=0.936x fu_speedup=1.748x MRR@10=0.7612 NDCG@3=0.4867 NDCG@10=0.4402
2026-07-22 00:19:54,613 [INFO] [M=32/single/batched] up=16 ef=8     avg=  0.615ms (q0=  2.980 sub/query=  0.292) speedup=0.760x fu_speedup=1.601x MRR@10=0.7750 NDCG@3=0.4977 NDCG@10=0.4571
2026-07-22 00:19:55,753 [INFO] [M=32/single/batched] up=16 ef=16    avg=  1.076ms (q0=  5.643 sub/query=  0.452) speedup=0.611x fu_speedup=1.453x MRR@10=0.7871 NDCG@3=0.5041 NDCG@10=0.4680
2026-07-22 00:19:57,847 [INFO] [M=32/single/batched] up=16 ef=32    avg=  1.989ms (q0= 10.962 sub/query=  0.763) speedup=0.472x fu_speedup=1.230x MRR@10=0.7869 NDCG@3=0.5047 NDCG@10=0.4715
2026-07-22 00:20:01,844 [INFO] [M=32/single/batched] up=16 ef=64    avg=  3.822ms (q0= 21.588 sub/query=  1.395) speedup=0.424x fu_speedup=1.162x MRR@10=0.7883 NDCG@3=0.5067 NDCG@10=0.4751
2026-07-22 00:20:09,795 [INFO] [M=32/single/batched] up=16 ef=128   avg=  7.625ms (q0= 43.854 sub/query=  2.675) speedup=0.376x fu_speedup=1.072x MRR@10=0.7886 NDCG@3=0.5067 NDCG@10=0.4750
2026-07-22 00:20:26,479 [INFO] [M=32/single/batched] up=16 ef=256   avg= 16.026ms (q0= 93.374 sub/query=  5.459) speedup=0.342x fu_speedup=1.004x MRR@10=0.7885 NDCG@3=0.5067 NDCG@10=0.4746
2026-07-22 00:21:03,098 [INFO] [M=32/single/batched] up=16 ef=512   avg= 35.218ms (q0=211.920 sub/query= 11.079) speedup=0.311x fu_speedup=0.990x MRR@10=0.7885 NDCG@3=0.5067 NDCG@10=0.4746
2026-07-22 00:22:28,623 [INFO] [M=32/single/batched] up=16 ef=1024  avg= 82.192ms (q0=520.295 sub/query= 22.342) speedup=0.266x fu_speedup=0.978x MRR@10=0.7885 NDCG@3=0.5067 NDCG@10=0.4745
2026-07-22 00:26:04,041 [INFO] [M=32/single/batched] up=16 ef=2048  avg=207.225ms (q0=1389.993 sub/query= 45.644) speedup=0.221x fu_speedup=1.005x MRR@10=0.7885 NDCG@3=0.5067 NDCG@10=0.4742
2026-07-22 00:35:43,047 [INFO] [M=32/single/batched] up=16 ef=4096  avg=553.782ms (q0=3918.096 sub/query= 94.176) speedup=0.173x fu_speedup=1.015x MRR@10=0.7885 NDCG@3=0.5067 NDCG@10=0.4742
2026-07-22 00:35:43,048 [INFO] === [M=32] Speedup summary ===
2026-07-22 00:35:43,049 [INFO] [M=32/multi/batched] best speedup (incl. q0): 1.472x  (config=toploc_batched_ef4_up2_multi)
2026-07-22 00:35:43,049 [INFO] [M=32/multi/batched] best fu_speedup (followups only): 2.924x  (config=toploc_batched_ef4096_up2_multi)
2026-07-22 00:35:43,049 [INFO] [M=32/single/batched] best speedup (incl. q0): 1.504x  (config=toploc_batched_ef4_up2_single)
2026-07-22 00:35:43,049 [INFO] [M=32/single/batched] best fu_speedup (followups only): 1.803x  (config=toploc_batched_ef1_up8_single)
2026-07-22 00:35:43,115 [INFO] [M=32] Grid search complete. Results saved to /home/toploc1/Datasets/toploc1/HNSW_paper1/Snowflake/search/results/CAST2020/snowflake_toplocHNSW_metrics32_ct2020.json
2026-07-22 00:35:43,272 [INFO] [M=32] Summary table -> /home/toploc1/Datasets/toploc1/HNSW_paper1/Snowflake/search/results/CAST2020/snowflake_toplocHNSW_M32_ct2020.parquet
2026-07-22 00:35:43,973 [INFO] [M=32] index released.
2026-07-22 00:35:50,239 [INFO] ##################  M = 64  ##################
2026-07-22 00:35:50,240 [INFO] Loading index from /home/toploc1/Datasets/toploc1/indexes/Snowflake/HNSW/treccast_hnsw_M64.index (~150 GB, be patient)
2026-07-22 01:20:22,722 [INFO] [M=64] Index: 38,636,446 vectors | entry_point=2646813 | max_level=4 | metric=L2
2026-07-22 01:20:48,707 [INFO] [M=64] Timing: 5 reps per config, reporting median
2026-07-22 01:20:48,708 [INFO] ##### [M=64] THREAD MODE: multi (omp_set_num_threads=28) #####
2026-07-22 01:20:48,712 [INFO] Warmup pass ...
2026-07-22 01:20:48,894 [INFO] === [M=64] BASELINE HNSW [multi] ===
2026-07-22 01:20:48,989 [INFO] [M=64/multi] ef=1     avg=  0.042ms (± 0.001) MRR@10=0.4512 NDCG@3=0.2793 NDCG@10=0.2383
2026-07-22 01:20:49,072 [INFO] [M=64/multi] ef=2     avg=  0.054ms (± 0.001) MRR@10=0.6022 NDCG@3=0.3887 NDCG@10=0.3372
2026-07-22 01:20:49,167 [INFO] [M=64/multi] ef=4     avg=  0.066ms (± 0.002) MRR@10=0.6971 NDCG@3=0.4560 NDCG@10=0.4139
2026-07-22 01:20:49,282 [INFO] [M=64/multi] ef=8     avg=  0.084ms (± 0.002) MRR@10=0.7459 NDCG@3=0.4875 NDCG@10=0.4478
2026-07-22 01:20:49,428 [INFO] [M=64/multi] ef=16    avg=  0.114ms (± 0.001) MRR@10=0.7596 NDCG@3=0.4993 NDCG@10=0.4595
2026-07-22 01:20:49,638 [INFO] [M=64/multi] ef=32    avg=  0.177ms (± 0.003) MRR@10=0.7695 NDCG@3=0.5030 NDCG@10=0.4694
2026-07-22 01:20:49,969 [INFO] [M=64/multi] ef=64    avg=  0.293ms (± 0.005) MRR@10=0.7778 NDCG@3=0.5029 NDCG@10=0.4712
2026-07-22 01:20:50,557 [INFO] [M=64/multi] ef=128   avg=  0.530ms (± 0.016) MRR@10=0.7826 NDCG@3=0.5048 NDCG@10=0.4720
2026-07-22 01:20:51,653 [INFO] [M=64/multi] ef=256   avg=  1.022ms (± 0.020) MRR@10=0.7885 NDCG@3=0.5067 NDCG@10=0.4745
2026-07-22 01:20:54,120 [INFO] [M=64/multi] ef=512   avg=  2.332ms (± 0.049) MRR@10=0.7885 NDCG@3=0.5067 NDCG@10=0.4745
2026-07-22 01:20:59,342 [INFO] [M=64/multi] ef=1024  avg=  4.931ms (± 0.124) MRR@10=0.7885 NDCG@3=0.5067 NDCG@10=0.4745
2026-07-22 01:21:13,321 [INFO] [M=64/multi] ef=2048  avg= 13.382ms (± 0.174) MRR@10=0.7885 NDCG@3=0.5067 NDCG@10=0.4742
2026-07-22 01:21:59,268 [INFO] [M=64/multi] ef=4096  avg= 44.044ms (± 0.559) MRR@10=0.7885 NDCG@3=0.5067 NDCG@10=0.4742
2026-07-22 01:21:59,269 [INFO] === [M=64] TopLoc HNSW (batched) [multi] ===
2026-07-22 01:21:59,331 [INFO] [M=64/multi/batched] up=2  ef=1     avg=  0.026ms (q0=  0.057 sub/query=  0.022) speedup=1.620x fu_speedup=1.944x MRR@10=0.5914 NDCG@3=0.3699 NDCG@10=0.3159
2026-07-22 01:21:59,397 [INFO] [M=64/multi/batched] up=2  ef=2     avg=  0.032ms (q0=  0.067 sub/query=  0.027) speedup=1.700x fu_speedup=2.002x MRR@10=0.6801 NDCG@3=0.4400 NDCG@10=0.3859
2026-07-22 01:21:59,478 [INFO] [M=64/multi/batched] up=2  ef=4     avg=  0.042ms (q0=  0.081 sub/query=  0.036) speedup=1.588x fu_speedup=1.824x MRR@10=0.7266 NDCG@3=0.4696 NDCG@10=0.4301
2026-07-22 01:21:59,572 [INFO] [M=64/multi/batched] up=2  ef=8     avg=  0.063ms (q0=  0.119 sub/query=  0.055) speedup=1.345x fu_speedup=1.533x MRR@10=0.7661 NDCG@3=0.5010 NDCG@10=0.4611
2026-07-22 01:21:59,700 [INFO] [M=64/multi/batched] up=2  ef=16    avg=  0.095ms (q0=  0.176 sub/query=  0.084) speedup=1.206x fu_speedup=1.364x MRR@10=0.7855 NDCG@3=0.5099 NDCG@10=0.4717
2026-07-22 01:21:59,902 [INFO] [M=64/multi/batched] up=2  ef=32    avg=  0.165ms (q0=  0.307 sub/query=  0.146) speedup=1.075x fu_speedup=1.218x MRR@10=0.7846 NDCG@3=0.5075 NDCG@10=0.4739
2026-07-22 01:22:00,235 [INFO] [M=64/multi/batched] up=2  ef=64    avg=  0.283ms (q0=  0.545 sub/query=  0.247) speedup=1.034x fu_speedup=1.183x MRR@10=0.7890 NDCG@3=0.5075 NDCG@10=0.4750
2026-07-22 01:22:00,836 [INFO] [M=64/multi/batched] up=2  ef=128   avg=  0.548ms (q0=  1.050 sub/query=  0.479) speedup=0.967x fu_speedup=1.106x MRR@10=0.7886 NDCG@3=0.5067 NDCG@10=0.4746
2026-07-22 01:22:01,996 [INFO] [M=64/multi/batched] up=2  ef=256   avg=  1.077ms (q0=  2.115 sub/query=  0.935) speedup=0.949x fu_speedup=1.093x MRR@10=0.7885 NDCG@3=0.5067 NDCG@10=0.4745
2026-07-22 01:22:04,490 [INFO] [M=64/multi/batched] up=2  ef=512   avg=  2.323ms (q0=  5.668 sub/query=  1.866) speedup=1.004x fu_speedup=1.250x MRR@10=0.7885 NDCG@3=0.5067 NDCG@10=0.4745
2026-07-22 01:22:09,872 [INFO] [M=64/multi/batched] up=2  ef=1024  avg=  5.135ms (q0= 14.554 sub/query=  3.848) speedup=0.960x fu_speedup=1.282x MRR@10=0.7885 NDCG@3=0.5067 NDCG@10=0.4745
2026-07-22 01:22:22,321 [INFO] [M=64/multi/batched] up=2  ef=2048  avg= 11.973ms (q0= 42.376 sub/query=  7.819) speedup=1.118x fu_speedup=1.711x MRR@10=0.7885 NDCG@3=0.5067 NDCG@10=0.4742
2026-07-22 01:23:00,348 [INFO] [M=64/multi/batched] up=2  ef=4096  avg= 36.527ms (q0=188.081 sub/query= 15.823) speedup=1.206x fu_speedup=2.784x MRR@10=0.7885 NDCG@3=0.5067 NDCG@10=0.4742
2026-07-22 01:23:00,405 [INFO] [M=64/multi/batched] up=4  ef=1     avg=  0.025ms (q0=  0.068 sub/query=  0.020) speedup=1.652x fu_speedup=2.138x MRR@10=0.5643 NDCG@3=0.3596 NDCG@10=0.3048
2026-07-22 01:23:00,482 [INFO] [M=64/multi/batched] up=4  ef=2     avg=  0.045ms (q0=  0.145 sub/query=  0.031) speedup=1.201x fu_speedup=1.726x MRR@10=0.6926 NDCG@3=0.4463 NDCG@10=0.3890
2026-07-22 01:23:00,567 [INFO] [M=64/multi/batched] up=4  ef=4     avg=  0.053ms (q0=  0.155 sub/query=  0.039) speedup=1.248x fu_speedup=1.695x MRR@10=0.7336 NDCG@3=0.4770 NDCG@10=0.4351
2026-07-22 01:23:00,680 [INFO] [M=64/multi/batched] up=4  ef=8     avg=  0.084ms (q0=  0.239 sub/query=  0.063) speedup=1.003x fu_speedup=1.339x MRR@10=0.7653 NDCG@3=0.5008 NDCG@10=0.4610
2026-07-22 01:23:00,837 [INFO] [M=64/multi/batched] up=4  ef=16    avg=  0.123ms (q0=  0.349 sub/query=  0.092) speedup=0.932x fu_speedup=1.246x MRR@10=0.7861 NDCG@3=0.5089 NDCG@10=0.4709
2026-07-22 01:23:01,082 [INFO] [M=64/multi/batched] up=4  ef=32    avg=  0.201ms (q0=  0.561 sub/query=  0.152) speedup=0.881x fu_speedup=1.165x MRR@10=0.7846 NDCG@3=0.5075 NDCG@10=0.4739
2026-07-22 01:23:01,503 [INFO] [M=64/multi/batched] up=4  ef=64    avg=  0.368ms (q0=  1.120 sub/query=  0.265) speedup=0.796x fu_speedup=1.105x MRR@10=0.7890 NDCG@3=0.5075 NDCG@10=0.4750
2026-07-22 01:23:02,276 [INFO] [M=64/multi/batched] up=4  ef=128   avg=  0.694ms (q0=  2.201 sub/query=  0.489) speedup=0.763x fu_speedup=1.085x MRR@10=0.7886 NDCG@3=0.5067 NDCG@10=0.4746
2026-07-22 01:23:03,850 [INFO] [M=64/multi/batched] up=4  ef=256   avg=  1.450ms (q0=  5.380 sub/query=  0.913) speedup=0.705x fu_speedup=1.120x MRR@10=0.7885 NDCG@3=0.5067 NDCG@10=0.4745
2026-07-22 01:23:07,436 [INFO] [M=64/multi/batched] up=4  ef=512   avg=  3.447ms (q0= 14.903 sub/query=  1.882) speedup=0.677x fu_speedup=1.239x MRR@10=0.7885 NDCG@3=0.5067 NDCG@10=0.4745
2026-07-22 01:23:16,148 [INFO] [M=64/multi/batched] up=4  ef=1024  avg=  8.420ms (q0= 41.877 sub/query=  3.849) speedup=0.586x fu_speedup=1.281x MRR@10=0.7885 NDCG@3=0.5067 NDCG@10=0.4745
2026-07-22 01:23:46,045 [INFO] [M=64/multi/batched] up=4  ef=2048  avg= 28.770ms (q0=182.431 sub/query=  7.778) speedup=0.465x fu_speedup=1.721x MRR@10=0.7885 NDCG@3=0.5067 NDCG@10=0.4742
2026-07-22 01:25:23,693 [INFO] [M=64/multi/batched] up=4  ef=4096  avg= 93.654ms (q0=664.025 sub/query= 15.734) speedup=0.470x fu_speedup=2.799x MRR@10=0.7885 NDCG@3=0.5067 NDCG@10=0.4742
2026-07-22 01:25:23,750 [INFO] [M=64/multi/batched] up=8  ef=1     avg=  0.027ms (q0=  0.079 sub/query=  0.020) speedup=1.557x fu_speedup=2.120x MRR@10=0.5754 NDCG@3=0.3696 NDCG@10=0.3115
2026-07-22 01:25:23,817 [INFO] [M=64/multi/batched] up=8  ef=2     avg=  0.039ms (q0=  0.117 sub/query=  0.028) speedup=1.405x fu_speedup=1.949x MRR@10=0.7075 NDCG@3=0.4508 NDCG@10=0.3944
2026-07-22 01:25:23,903 [INFO] [M=64/multi/batched] up=8  ef=4     avg=  0.053ms (q0=  0.176 sub/query=  0.036) speedup=1.241x fu_speedup=1.812x MRR@10=0.7328 NDCG@3=0.4768 NDCG@10=0.4351
2026-07-22 01:25:24,019 [INFO] [M=64/multi/batched] up=8  ef=8     avg=  0.085ms (q0=  0.298 sub/query=  0.055) speedup=0.997x fu_speedup=1.522x MRR@10=0.7659 NDCG@3=0.4998 NDCG@10=0.4602
2026-07-22 01:25:24,198 [INFO] [M=64/multi/batched] up=8  ef=16    avg=  0.139ms (q0=  0.543 sub/query=  0.084) speedup=0.821x fu_speedup=1.361x MRR@10=0.7861 NDCG@3=0.5089 NDCG@10=0.4709
2026-07-22 01:25:24,491 [INFO] [M=64/multi/batched] up=8  ef=32    avg=  0.251ms (q0=  1.044 sub/query=  0.143) speedup=0.707x fu_speedup=1.244x MRR@10=0.7846 NDCG@3=0.5075 NDCG@10=0.4739
2026-07-22 01:25:25,027 [INFO] [M=64/multi/batched] up=8  ef=64    avg=  0.480ms (q0=  2.112 sub/query=  0.257) speedup=0.610x fu_speedup=1.140x MRR@10=0.7890 NDCG@3=0.5075 NDCG@10=0.4750
2026-07-22 01:25:26,208 [INFO] [M=64/multi/batched] up=8  ef=128   avg=  1.096ms (q0=  5.554 sub/query=  0.487) speedup=0.483x fu_speedup=1.087x MRR@10=0.7886 NDCG@3=0.5067 NDCG@10=0.4746
2026-07-22 01:25:28,879 [INFO] [M=64/multi/batched] up=8  ef=256   avg=  2.517ms (q0= 14.214 sub/query=  0.919) speedup=0.406x fu_speedup=1.112x MRR@10=0.7885 NDCG@3=0.5067 NDCG@10=0.4745
2026-07-22 01:25:35,844 [INFO] [M=64/multi/batched] up=8  ef=512   avg=  6.609ms (q0= 41.235 sub/query=  1.878) speedup=0.353x fu_speedup=1.242x MRR@10=0.7885 NDCG@3=0.5067 NDCG@10=0.4745
2026-07-22 01:26:02,009 [INFO] [M=64/multi/batched] up=8  ef=1024  avg= 25.147ms (q0=181.082 sub/query=  3.844) speedup=0.196x fu_speedup=1.283x MRR@10=0.7885 NDCG@3=0.5067 NDCG@10=0.4745
2026-07-22 01:27:31,739 [INFO] [M=64/multi/batched] up=8  ef=2048  avg= 86.300ms (q0=660.741 sub/query=  7.824) speedup=0.155x fu_speedup=1.710x MRR@10=0.7885 NDCG@3=0.5067 NDCG@10=0.4742
2026-07-22 01:31:16,803 [INFO] [M=64/multi/batched] up=8  ef=4096  avg=215.222ms (q0=1678.025 sub/query= 15.386) speedup=0.205x fu_speedup=2.863x MRR@10=0.7885 NDCG@3=0.5067 NDCG@10=0.4742
2026-07-22 01:31:16,865 [INFO] [M=64/multi/batched] up=16 ef=1     avg=  0.032ms (q0=  0.115 sub/query=  0.020) speedup=1.330x fu_speedup=2.078x MRR@10=0.5978 NDCG@3=0.3787 NDCG@10=0.3227
2026-07-22 01:31:16,940 [INFO] [M=64/multi/batched] up=16 ef=2     avg=  0.045ms (q0=  0.175 sub/query=  0.027) speedup=1.198x fu_speedup=1.975x MRR@10=0.7067 NDCG@3=0.4507 NDCG@10=0.3944
2026-07-22 01:31:17,041 [INFO] [M=64/multi/batched] up=16 ef=4     avg=  0.068ms (q0=  0.297 sub/query=  0.037) speedup=0.971x fu_speedup=1.798x MRR@10=0.7334 NDCG@3=0.4757 NDCG@10=0.4343
2026-07-22 01:31:17,189 [INFO] [M=64/multi/batched] up=16 ef=8     avg=  0.116ms (q0=  0.553 sub/query=  0.056) speedup=0.729x fu_speedup=1.507x MRR@10=0.7659 NDCG@3=0.4998 NDCG@10=0.4602
2026-07-22 01:31:17,426 [INFO] [M=64/multi/batched] up=16 ef=16    avg=  0.202ms (q0=  1.060 sub/query=  0.085) speedup=0.566x fu_speedup=1.348x MRR@10=0.7861 NDCG@3=0.5089 NDCG@10=0.4709
2026-07-22 01:31:17,850 [INFO] [M=64/multi/batched] up=16 ef=32    avg=  0.385ms (q0=  2.091 sub/query=  0.152) speedup=0.461x fu_speedup=1.170x MRR@10=0.7846 NDCG@3=0.5075 NDCG@10=0.4739
2026-07-22 01:31:18,815 [INFO] [M=64/multi/batched] up=16 ef=64    avg=  0.873ms (q0=  5.335 sub/query=  0.263) speedup=0.335x fu_speedup=1.113x MRR@10=0.7890 NDCG@3=0.5075 NDCG@10=0.4750
2026-07-22 01:31:21,094 [INFO] [M=64/multi/batched] up=16 ef=128   avg=  2.173ms (q0= 14.610 sub/query=  0.474) speedup=0.244x fu_speedup=1.119x MRR@10=0.7886 NDCG@3=0.5067 NDCG@10=0.4746
2026-07-22 01:31:27,220 [INFO] [M=64/multi/batched] up=16 ef=256   avg=  5.860ms (q0= 41.633 sub/query=  0.973) speedup=0.174x fu_speedup=1.050x MRR@10=0.7885 NDCG@3=0.5067 NDCG@10=0.4745
2026-07-22 01:31:51,897 [INFO] [M=64/multi/batched] up=16 ef=512   avg= 23.898ms (q0=185.025 sub/query=  1.887) speedup=0.098x fu_speedup=1.236x MRR@10=0.7885 NDCG@3=0.5067 NDCG@10=0.4745
2026-07-22 01:33:18,757 [INFO] [M=64/multi/batched] up=16 ef=1024  avg= 83.298ms (q0=665.163 sub/query=  3.808) speedup=0.059x fu_speedup=1.295x MRR@10=0.7885 NDCG@3=0.5067 NDCG@10=0.4745
2026-07-22 01:36:55,946 [INFO] [M=64/multi/batched] up=16 ef=2048  avg=208.744ms (q0=1679.110 sub/query=  7.874) speedup=0.064x fu_speedup=1.699x MRR@10=0.7885 NDCG@3=0.5067 NDCG@10=0.4742
2026-07-22 01:46:44,244 [INFO] [M=64/multi/batched] up=16 ef=4096  avg=564.385ms (q0=4581.639 sub/query= 15.580) speedup=0.078x fu_speedup=2.827x MRR@10=0.7885 NDCG@3=0.5067 NDCG@10=0.4742
2026-07-22 01:46:44,244 [INFO] ##### [M=64] THREAD MODE: single (omp_set_num_threads=1) #####
2026-07-22 01:46:44,245 [INFO] Warmup pass ...
2026-07-22 01:46:45,091 [INFO] === [M=64] BASELINE HNSW [single] ===
2026-07-22 01:46:45,399 [INFO] [M=64/single] ef=1     avg=  0.274ms (± 0.002) MRR@10=0.4512 NDCG@3=0.2793 NDCG@10=0.2383
2026-07-22 01:46:45,797 [INFO] [M=64/single] ef=2     avg=  0.360ms (± 0.005) MRR@10=0.6022 NDCG@3=0.3887 NDCG@10=0.3372
2026-07-22 01:46:46,296 [INFO] [M=64/single] ef=4     avg=  0.458ms (± 0.004) MRR@10=0.6971 NDCG@3=0.4560 NDCG@10=0.4139
2026-07-22 01:46:46,936 [INFO] [M=64/single] ef=8     avg=  0.591ms (± 0.006) MRR@10=0.7459 NDCG@3=0.4875 NDCG@10=0.4478
2026-07-22 01:46:47,813 [INFO] [M=64/single] ef=16    avg=  0.820ms (± 0.004) MRR@10=0.7596 NDCG@3=0.4993 NDCG@10=0.4595
2026-07-22 01:46:49,154 [INFO] [M=64/single] ef=32    avg=  1.268ms (± 0.013) MRR@10=0.7695 NDCG@3=0.5030 NDCG@10=0.4694
2026-07-22 01:46:51,376 [INFO] [M=64/single] ef=64    avg=  2.117ms (± 0.008) MRR@10=0.7778 NDCG@3=0.5029 NDCG@10=0.4712
2026-07-22 01:46:55,433 [INFO] [M=64/single] ef=128   avg=  3.874ms (± 0.014) MRR@10=0.7826 NDCG@3=0.5048 NDCG@10=0.4720
2026-07-22 01:47:03,808 [INFO] [M=64/single] ef=256   avg=  8.087ms (± 0.166) MRR@10=0.7885 NDCG@3=0.5067 NDCG@10=0.4745
2026-07-22 01:47:20,271 [INFO] [M=64/single] ef=512   avg= 15.792ms (± 0.104) MRR@10=0.7885 NDCG@3=0.5067 NDCG@10=0.4745
2026-07-22 01:47:51,844 [INFO] [M=64/single] ef=1024  avg= 30.354ms (± 0.030) MRR@10=0.7885 NDCG@3=0.5067 NDCG@10=0.4745
2026-07-22 01:48:56,127 [INFO] [M=64/single] ef=2048  avg= 61.771ms (± 0.047) MRR@10=0.7885 NDCG@3=0.5067 NDCG@10=0.4742
2026-07-22 01:51:12,550 [INFO] [M=64/single] ef=4096  avg=131.101ms (± 0.274) MRR@10=0.7885 NDCG@3=0.5067 NDCG@10=0.4742
2026-07-22 01:51:12,551 [INFO] === [M=64] TopLoc HNSW (batched) [single] ===
2026-07-22 01:51:12,773 [INFO] [M=64/single/batched] up=2  ef=1     avg=  0.197ms (q0=  0.422 sub/query=  0.166) speedup=1.393x fu_speedup=1.652x MRR@10=0.5914 NDCG@3=0.3699 NDCG@10=0.3159
2026-07-22 01:51:13,037 [INFO] [M=64/single/batched] up=2  ef=2     avg=  0.230ms (q0=  0.465 sub/query=  0.198) speedup=1.564x fu_speedup=1.816x MRR@10=0.6801 NDCG@3=0.4400 NDCG@10=0.3859
2026-07-22 01:51:13,381 [INFO] [M=64/single/batched] up=2  ef=4     avg=  0.308ms (q0=  0.580 sub/query=  0.271) speedup=1.488x fu_speedup=1.693x MRR@10=0.7266 NDCG@3=0.4696 NDCG@10=0.4301
2026-07-22 01:51:13,858 [INFO] [M=64/single/batched] up=2  ef=8     avg=  0.435ms (q0=  0.804 sub/query=  0.385) speedup=1.358x fu_speedup=1.536x MRR@10=0.7661 NDCG@3=0.5010 NDCG@10=0.4611
2026-07-22 01:51:14,590 [INFO] [M=64/single/batched] up=2  ef=16    avg=  0.682ms (q0=  1.239 sub/query=  0.606) speedup=1.202x fu_speedup=1.353x MRR@10=0.7855 NDCG@3=0.5099 NDCG@10=0.4717
2026-07-22 01:51:15,828 [INFO] [M=64/single/batched] up=2  ef=32    avg=  1.167ms (q0=  2.149 sub/query=  1.033) speedup=1.086x fu_speedup=1.227x MRR@10=0.7846 NDCG@3=0.5075 NDCG@10=0.4739
2026-07-22 01:51:18,051 [INFO] [M=64/single/batched] up=2  ef=64    avg=  2.115ms (q0=  3.887 sub/query=  1.873) speedup=1.001x fu_speedup=1.130x MRR@10=0.7890 NDCG@3=0.5075 NDCG@10=0.4750
2026-07-22 01:51:22,361 [INFO] [M=64/single/batched] up=2  ef=128   avg=  4.126ms (q0=  7.397 sub/query=  3.679) speedup=0.939x fu_speedup=1.053x MRR@10=0.7886 NDCG@3=0.5067 NDCG@10=0.4746
2026-07-22 01:51:31,014 [INFO] [M=64/single/batched] up=2  ef=256   avg=  8.295ms (q0= 14.467 sub/query=  7.452) speedup=0.975x fu_speedup=1.085x MRR@10=0.7885 NDCG@3=0.5067 NDCG@10=0.4745
2026-07-22 01:51:48,363 [INFO] [M=64/single/batched] up=2  ef=512   avg= 16.674ms (q0= 28.768 sub/query= 15.022) speedup=0.947x fu_speedup=1.051x MRR@10=0.7885 NDCG@3=0.5067 NDCG@10=0.4745
2026-07-22 01:52:23,237 [INFO] [M=64/single/batched] up=2  ef=1024  avg= 33.512ms (q0= 58.432 sub/query= 30.108) speedup=0.906x fu_speedup=1.008x MRR@10=0.7885 NDCG@3=0.5067 NDCG@10=0.4745
2026-07-22 01:53:35,811 [INFO] [M=64/single/batched] up=2  ef=2048  avg= 69.226ms (q0=124.989 sub/query= 61.609) speedup=0.892x fu_speedup=1.003x MRR@10=0.7885 NDCG@3=0.5067 NDCG@10=0.4742
2026-07-22 01:56:12,345 [INFO] [M=64/single/batched] up=2  ef=4096  avg=149.661ms (q0=281.394 sub/query=131.665) speedup=0.876x fu_speedup=0.996x MRR@10=0.7885 NDCG@3=0.5067 NDCG@10=0.4742
2026-07-22 01:56:12,551 [INFO] [M=64/single/batched] up=4  ef=1     avg=  0.175ms (q0=  0.456 sub/query=  0.137) speedup=1.563x fu_speedup=2.003x MRR@10=0.5643 NDCG@3=0.3596 NDCG@10=0.3048
2026-07-22 01:56:12,830 [INFO] [M=64/single/batched] up=4  ef=2     avg=  0.247ms (q0=  0.574 sub/query=  0.202) speedup=1.458x fu_speedup=1.781x MRR@10=0.6926 NDCG@3=0.4463 NDCG@10=0.3890
2026-07-22 01:56:13,199 [INFO] [M=64/single/batched] up=4  ef=4     avg=  0.331ms (q0=  0.793 sub/query=  0.268) speedup=1.385x fu_speedup=1.712x MRR@10=0.7336 NDCG@3=0.4770 NDCG@10=0.4351
2026-07-22 01:56:13,728 [INFO] [M=64/single/batched] up=4  ef=8     avg=  0.486ms (q0=  1.235 sub/query=  0.383) speedup=1.217x fu_speedup=1.543x MRR@10=0.7653 NDCG@3=0.5008 NDCG@10=0.4610
2026-07-22 01:56:14,565 [INFO] [M=64/single/batched] up=4  ef=16    avg=  0.782ms (q0=  2.135 sub/query=  0.598) speedup=1.048x fu_speedup=1.372x MRR@10=0.7861 NDCG@3=0.5089 NDCG@10=0.4709
2026-07-22 01:56:16,008 [INFO] [M=64/single/batched] up=4  ef=32    avg=  1.364ms (q0=  3.859 sub/query=  1.023) speedup=0.930x fu_speedup=1.240x MRR@10=0.7846 NDCG@3=0.5075 NDCG@10=0.4739
2026-07-22 01:56:18,654 [INFO] [M=64/single/batched] up=4  ef=64    avg=  2.523ms (q0=  7.364 sub/query=  1.862) speedup=0.839x fu_speedup=1.137x MRR@10=0.7890 NDCG@3=0.5075 NDCG@10=0.4750
2026-07-22 01:56:23,889 [INFO] [M=64/single/batched] up=4  ef=128   avg=  5.000ms (q0= 14.672 sub/query=  3.678) speedup=0.775x fu_speedup=1.053x MRR@10=0.7886 NDCG@3=0.5067 NDCG@10=0.4746
2026-07-22 01:56:34,364 [INFO] [M=64/single/batched] up=4  ef=256   avg= 10.045ms (q0= 28.855 sub/query=  7.475) speedup=0.805x fu_speedup=1.082x MRR@10=0.7885 NDCG@3=0.5067 NDCG@10=0.4745
2026-07-22 01:56:55,543 [INFO] [M=64/single/batched] up=4  ef=512   avg= 20.338ms (q0= 58.896 sub/query= 15.071) speedup=0.776x fu_speedup=1.048x MRR@10=0.7885 NDCG@3=0.5067 NDCG@10=0.4745
2026-07-22 01:57:38,919 [INFO] [M=64/single/batched] up=4  ef=1024  avg= 41.694ms (q0=125.719 sub/query= 30.215) speedup=0.728x fu_speedup=1.005x MRR@10=0.7885 NDCG@3=0.5067 NDCG@10=0.4745
2026-07-22 01:59:10,906 [INFO] [M=64/single/batched] up=4  ef=2048  avg= 88.422ms (q0=282.210 sub/query= 61.949) speedup=0.699x fu_speedup=0.997x MRR@10=0.7885 NDCG@3=0.5067 NDCG@10=0.4742
2026-07-22 02:02:34,674 [INFO] [M=64/single/batched] up=4  ef=4096  avg=195.935ms (q0=665.323 sub/query=131.810) speedup=0.669x fu_speedup=0.995x MRR@10=0.7885 NDCG@3=0.5067 NDCG@10=0.4742
2026-07-22 02:02:34,905 [INFO] [M=64/single/batched] up=8  ef=1     avg=  0.200ms (q0=  0.589 sub/query=  0.147) speedup=1.367x fu_speedup=1.860x MRR@10=0.5754 NDCG@3=0.3696 NDCG@10=0.3115
2026-07-22 02:02:35,218 [INFO] [M=64/single/batched] up=8  ef=2     avg=  0.277ms (q0=  0.810 sub/query=  0.204) speedup=1.302x fu_speedup=1.767x MRR@10=0.7075 NDCG@3=0.4508 NDCG@10=0.3944
2026-07-22 02:02:35,652 [INFO] [M=64/single/batched] up=8  ef=4     avg=  0.393ms (q0=  1.258 sub/query=  0.275) speedup=1.167x fu_speedup=1.669x MRR@10=0.7328 NDCG@3=0.4768 NDCG@10=0.4351
2026-07-22 02:02:36,305 [INFO] [M=64/single/batched] up=8  ef=8     avg=  0.607ms (q0=  2.171 sub/query=  0.394) speedup=0.973x fu_speedup=1.502x MRR@10=0.7659 NDCG@3=0.4998 NDCG@10=0.4602
2026-07-22 02:02:37,385 [INFO] [M=64/single/batched] up=8  ef=16    avg=  1.010ms (q0=  3.913 sub/query=  0.613) speedup=0.812x fu_speedup=1.337x MRR@10=0.7861 NDCG@3=0.5089 NDCG@10=0.4709
2026-07-22 02:02:39,295 [INFO] [M=64/single/batched] up=8  ef=32    avg=  1.811ms (q0=  7.474 sub/query=  1.037) speedup=0.700x fu_speedup=1.222x MRR@10=0.7846 NDCG@3=0.5075 NDCG@10=0.4739
2026-07-22 02:02:42,898 [INFO] [M=64/single/batched] up=8  ef=64    avg=  3.432ms (q0= 14.671 sub/query=  1.896) speedup=0.617x fu_speedup=1.117x MRR@10=0.7890 NDCG@3=0.5075 NDCG@10=0.4750
2026-07-22 02:02:49,984 [INFO] [M=64/single/batched] up=8  ef=128   avg=  6.801ms (q0= 29.285 sub/query=  3.729) speedup=0.570x fu_speedup=1.039x MRR@10=0.7886 NDCG@3=0.5067 NDCG@10=0.4746
2026-07-22 02:03:04,329 [INFO] [M=64/single/batched] up=8  ef=256   avg= 13.775ms (q0= 59.443 sub/query=  7.536) speedup=0.587x fu_speedup=1.073x MRR@10=0.7885 NDCG@3=0.5067 NDCG@10=0.4745
2026-07-22 02:03:34,112 [INFO] [M=64/single/batched] up=8  ef=512   avg= 28.599ms (q0=126.805 sub/query= 15.183) speedup=0.552x fu_speedup=1.040x MRR@10=0.7885 NDCG@3=0.5067 NDCG@10=0.4745
2026-07-22 02:04:38,320 [INFO] [M=64/single/batched] up=8  ef=1024  avg= 61.387ms (q0=287.959 sub/query= 30.434) speedup=0.494x fu_speedup=0.997x MRR@10=0.7885 NDCG@3=0.5067 NDCG@10=0.4745
2026-07-22 02:06:58,297 [INFO] [M=64/single/batched] up=8  ef=2048  avg=134.538ms (q0=665.300 sub/query= 62.030) speedup=0.459x fu_speedup=0.996x MRR@10=0.7885 NDCG@3=0.5067 NDCG@10=0.4742
2026-07-22 02:12:28,674 [INFO] [M=64/single/batched] up=8  ef=4096  avg=316.496ms (q0=1667.514 sub/query=131.931) speedup=0.414x fu_speedup=0.994x MRR@10=0.7885 NDCG@3=0.5067 NDCG@10=0.4742
2026-07-22 02:12:28,942 [INFO] [M=64/single/batched] up=16 ef=1     avg=  0.239ms (q0=  0.848 sub/query=  0.156) speedup=1.147x fu_speedup=1.761x MRR@10=0.5978 NDCG@3=0.3787 NDCG@10=0.3227
2026-07-22 02:12:29,319 [INFO] [M=64/single/batched] up=16 ef=2     avg=  0.334ms (q0=  1.280 sub/query=  0.205) speedup=1.077x fu_speedup=1.755x MRR@10=0.7067 NDCG@3=0.4507 NDCG@10=0.3944
2026-07-22 02:12:29,882 [INFO] [M=64/single/batched] up=16 ef=4     avg=  0.517ms (q0=  2.265 sub/query=  0.278) speedup=0.887x fu_speedup=1.650x MRR@10=0.7334 NDCG@3=0.4757 NDCG@10=0.4343
2026-07-22 02:12:30,847 [INFO] [M=64/single/batched] up=16 ef=8     avg=  0.924ms (q0=  4.462 sub/query=  0.441) speedup=0.640x fu_speedup=1.340x MRR@10=0.7659 NDCG@3=0.4998 NDCG@10=0.4602
2026-07-22 02:12:32,450 [INFO] [M=64/single/batched] up=16 ef=16    avg=  1.509ms (q0=  7.830 sub/query=  0.646) speedup=0.543x fu_speedup=1.270x MRR@10=0.7861 NDCG@3=0.5089 NDCG@10=0.4709
2026-07-22 02:12:35,383 [INFO] [M=64/single/batched] up=16 ef=32    avg=  2.805ms (q0= 15.285 sub/query=  1.100) speedup=0.452x fu_speedup=1.153x MRR@10=0.7846 NDCG@3=0.5075 NDCG@10=0.4739
2026-07-22 02:12:40,943 [INFO] [M=64/single/batched] up=16 ef=64    avg=  5.312ms (q0= 29.748 sub/query=  1.973) speedup=0.399x fu_speedup=1.073x MRR@10=0.7890 NDCG@3=0.5075 NDCG@10=0.4750
2026-07-22 02:12:51,754 [INFO] [M=64/single/batched] up=16 ef=128   avg= 10.363ms (q0= 59.212 sub/query=  3.690) speedup=0.374x fu_speedup=1.050x MRR@10=0.7886 NDCG@3=0.5067 NDCG@10=0.4746
2026-07-22 02:13:14,422 [INFO] [M=64/single/batched] up=16 ef=256   avg= 21.762ms (q0=125.789 sub/query=  7.550) speedup=0.372x fu_speedup=1.071x MRR@10=0.7885 NDCG@3=0.5067 NDCG@10=0.4745
2026-07-22 02:14:03,725 [INFO] [M=64/single/batched] up=16 ef=512   avg= 47.382ms (q0=283.414 sub/query= 15.137) speedup=0.333x fu_speedup=1.043x MRR@10=0.7885 NDCG@3=0.5067 NDCG@10=0.4745
2026-07-22 02:15:54,968 [INFO] [M=64/single/batched] up=16 ef=1024  avg=106.955ms (q0=667.417 sub/query= 30.389) speedup=0.284x fu_speedup=0.999x MRR@10=0.7885 NDCG@3=0.5067 NDCG@10=0.4745
2026-07-22 02:20:22,613 [INFO] [M=64/single/batched] up=16 ef=2048  avg=256.335ms (q0=1676.797 sub/query= 62.282) speedup=0.241x fu_speedup=0.992x MRR@10=0.7885 NDCG@3=0.5067 NDCG@10=0.4742
2026-07-22 02:32:01,183 [INFO] [M=64/single/batched] up=16 ef=4096  avg=669.897ms (q0=4606.200 sub/query=132.151) speedup=0.196x fu_speedup=0.992x MRR@10=0.7885 NDCG@3=0.5067 NDCG@10=0.4742
2026-07-22 02:32:01,183 [INFO] === [M=64] Speedup summary ===
2026-07-22 02:32:01,184 [INFO] [M=64/multi/batched] best speedup (incl. q0): 1.700x  (config=toploc_batched_ef2_up2_multi)
2026-07-22 02:32:01,184 [INFO] [M=64/multi/batched] best fu_speedup (followups only): 2.863x  (config=toploc_batched_ef4096_up8_multi)
2026-07-22 02:32:01,184 [INFO] [M=64/single/batched] best speedup (incl. q0): 1.564x  (config=toploc_batched_ef2_up2_single)
2026-07-22 02:32:01,184 [INFO] [M=64/single/batched] best fu_speedup (followups only): 2.003x  (config=toploc_batched_ef1_up4_single)
2026-07-22 02:32:01,291 [INFO] [M=64] Grid search complete. Results saved to /home/toploc1/Datasets/toploc1/HNSW_paper1/Snowflake/search/results/CAST2020/snowflake_toplocHNSW_metrics64_ct2020.json
2026-07-22 02:32:01,871 [INFO] [M=64] Summary table -> /home/toploc1/Datasets/toploc1/HNSW_paper1/Snowflake/search/results/CAST2020/snowflake_toplocHNSW_M64_ct2020.parquet
2026-07-22 02:32:02,590 [INFO] [M=64] index released.
2026-07-22 02:32:09,388 [INFO] All M values complete: [16, 32, 64]
