2026-07-21 18:27:34,240 [INFO] ##################  M = 64  ##################
2026-07-21 18:27:34,240 [INFO] Loading index from /home/toploc1/Datasets/toploc1/indexes/Snowflake/HNSW/treccast_hnsw_M64.index (~150 GB, be patient)
2026-07-21 19:22:57,707 [INFO] [M=64] Index: 38,636,446 vectors | entry_point=2646813 | max_level=4 | metric=L2
2026-07-21 19:23:32,548 [INFO] [M=64] Timing: 5 reps per config, reporting median
2026-07-21 19:23:32,548 [INFO] ##### [M=64] THREAD MODE: multi (omp_set_num_threads=128) #####
2026-07-21 19:23:32,549 [INFO] Warmup pass ...
2026-07-21 19:23:32,867 [INFO] === [M=64] BASELINE HNSW [multi] ===
2026-07-21 19:23:36,154 [INFO] [M=64/multi] ef=1     avg=  1.113ms (± 0.096) MRR@10=0.4262 NDCG@3=0.2904 NDCG@10=0.2467
2026-07-21 19:23:38,569 [INFO] [M=64/multi] ef=2     avg=  0.983ms (± 0.080) MRR@10=0.6000 NDCG@3=0.3974 NDCG@10=0.3465
2026-07-21 19:23:41,028 [INFO] [M=64/multi] ef=4     avg=  1.033ms (± 0.061) MRR@10=0.6844 NDCG@3=0.4499 NDCG@10=0.4040
2026-07-21 19:23:43,723 [INFO] [M=64/multi] ef=8     avg=  1.057ms (± 0.115) MRR@10=0.7378 NDCG@3=0.4960 NDCG@10=0.4519
2026-07-21 19:23:46,378 [INFO] [M=64/multi] ef=16    avg=  1.030ms (± 0.080) MRR@10=0.7728 NDCG@3=0.5198 NDCG@10=0.4740
2026-07-21 19:23:49,129 [INFO] [M=64/multi] ef=32    avg=  1.103ms (± 0.132) MRR@10=0.7908 NDCG@3=0.5372 NDCG@10=0.4897
2026-07-21 19:23:51,925 [INFO] [M=64/multi] ef=64    avg=  1.141ms (± 0.122) MRR@10=0.7933 NDCG@3=0.5392 NDCG@10=0.4912
2026-07-21 19:23:54,714 [INFO] [M=64/multi] ef=128   avg=  1.144ms (± 0.033) MRR@10=0.7956 NDCG@3=0.5406 NDCG@10=0.4930
2026-07-21 19:23:58,293 [INFO] [M=64/multi] ef=256   avg=  1.459ms (± 0.126) MRR@10=0.8013 NDCG@3=0.5450 NDCG@10=0.4958
2026-07-21 19:24:06,055 [INFO] [M=64/multi] ef=512   avg=  3.297ms (± 0.142) MRR@10=0.8129 NDCG@3=0.5493 NDCG@10=0.5017
2026-07-21 19:24:21,339 [INFO] [M=64/multi] ef=1024  avg=  6.292ms (± 0.160) MRR@10=0.8129 NDCG@3=0.5493 NDCG@10=0.5017
2026-07-21 19:24:59,471 [INFO] [M=64/multi] ef=2048  avg= 15.523ms (± 0.145) MRR@10=0.8129 NDCG@3=0.5493 NDCG@10=0.5017
2026-07-21 19:27:56,732 [INFO] [M=64/multi] ef=4096  avg= 52.140ms (±49.343) MRR@10=0.8129 NDCG@3=0.5493 NDCG@10=0.5017
2026-07-21 19:27:56,732 [INFO] === [M=64] TopLoc HNSW (batched) [multi] ===
2026-07-21 19:27:57,174 [INFO] [M=64/multi/batched] up=2  ef=1     avg=  0.162ms (q0=  0.675 sub/query=  0.102) speedup=6.862x fu_speedup=10.865x MRR@10=0.5359 NDCG@3=0.3494 NDCG@10=0.3053
2026-07-21 19:27:57,640 [INFO] [M=64/multi/batched] up=2  ef=2     avg=  0.184ms (q0=  0.734 sub/query=  0.120) speedup=5.346x fu_speedup=8.207x MRR@10=0.6737 NDCG@3=0.4491 NDCG@10=0.3961
2026-07-21 19:27:58,118 [INFO] [M=64/multi/batched] up=2  ef=4     avg=  0.187ms (q0=  0.804 sub/query=  0.116) speedup=5.513x fu_speedup=8.944x MRR@10=0.7703 NDCG@3=0.5281 NDCG@10=0.4757
2026-07-21 19:27:58,604 [INFO] [M=64/multi/batched] up=2  ef=8     avg=  0.175ms (q0=  0.720 sub/query=  0.112) speedup=6.029x fu_speedup=9.452x MRR@10=0.7990 NDCG@3=0.5443 NDCG@10=0.4938
2026-07-21 19:27:59,098 [INFO] [M=64/multi/batched] up=2  ef=16    avg=  0.193ms (q0=  0.964 sub/query=  0.103) speedup=5.348x fu_speedup=10.030x MRR@10=0.8081 NDCG@3=0.5474 NDCG@10=0.4994
2026-07-21 19:27:59,668 [INFO] [M=64/multi/batched] up=2  ef=32    avg=  0.223ms (q0=  0.940 sub/query=  0.139) speedup=4.952x fu_speedup=7.924x MRR@10=0.8081 NDCG@3=0.5464 NDCG@10=0.4999
2026-07-21 19:28:00,390 [INFO] [M=64/multi/batched] up=2  ef=64    avg=  0.281ms (q0=  0.868 sub/query=  0.212) speedup=4.067x fu_speedup=5.379x MRR@10=0.8019 NDCG@3=0.5428 NDCG@10=0.4948
2026-07-21 19:28:01,372 [INFO] [M=64/multi/batched] up=2  ef=128   avg=  0.391ms (q0=  1.050 sub/query=  0.315) speedup=2.924x fu_speedup=3.637x MRR@10=0.8071 NDCG@3=0.5486 NDCG@10=0.4990
2026-07-21 19:28:03,305 [INFO] [M=64/multi/batched] up=2  ef=256   avg=  0.774ms (q0=  2.625 sub/query=  0.558) speedup=1.884x fu_speedup=2.612x MRR@10=0.8071 NDCG@3=0.5486 NDCG@10=0.4990
2026-07-21 19:28:07,046 [INFO] [M=64/multi/batched] up=2  ef=512   avg=  1.553ms (q0=  6.313 sub/query=  0.998) speedup=2.124x fu_speedup=3.305x MRR@10=0.8129 NDCG@3=0.5493 NDCG@10=0.5017
2026-07-21 19:28:15,660 [INFO] [M=64/multi/batched] up=2  ef=1024  avg=  3.511ms (q0= 16.578 sub/query=  1.988) speedup=1.792x fu_speedup=3.164x MRR@10=0.8129 NDCG@3=0.5493 NDCG@10=0.5017
2026-07-21 19:28:38,682 [INFO] [M=64/multi/batched] up=2  ef=2048  avg=  9.561ms (q0= 56.984 sub/query=  4.034) speedup=1.624x fu_speedup=3.848x MRR@10=0.8129 NDCG@3=0.5493 NDCG@10=0.5017
2026-07-21 19:30:54,541 [INFO] [M=64/multi/batched] up=2  ef=4096  avg= 33.938ms (q0=253.860 sub/query=  8.306) speedup=1.536x fu_speedup=6.277x MRR@10=0.8129 NDCG@3=0.5493 NDCG@10=0.5017
2026-07-21 19:30:54,995 [INFO] [M=64/multi/batched] up=4  ef=1     avg=  0.170ms (q0=  0.715 sub/query=  0.106) speedup=6.555x fu_speedup=10.483x MRR@10=0.5874 NDCG@3=0.3803 NDCG@10=0.3283
2026-07-21 19:30:55,475 [INFO] [M=64/multi/batched] up=4  ef=2     avg=  0.179ms (q0=  0.784 sub/query=  0.108) speedup=5.505x fu_speedup=9.107x MRR@10=0.7016 NDCG@3=0.4676 NDCG@10=0.4155
2026-07-21 19:30:55,956 [INFO] [M=64/multi/batched] up=4  ef=4     avg=  0.177ms (q0=  0.772 sub/query=  0.108) speedup=5.821x fu_speedup=9.547x MRR@10=0.7761 NDCG@3=0.5322 NDCG@10=0.4754
2026-07-21 19:30:56,448 [INFO] [M=64/multi/batched] up=4  ef=8     avg=  0.183ms (q0=  0.820 sub/query=  0.109) speedup=5.776x fu_speedup=9.717x MRR@10=0.7990 NDCG@3=0.5443 NDCG@10=0.4937
2026-07-21 19:30:56,946 [INFO] [M=64/multi/batched] up=4  ef=16    avg=  0.192ms (q0=  0.722 sub/query=  0.130) speedup=5.372x fu_speedup=7.925x MRR@10=0.8081 NDCG@3=0.5474 NDCG@10=0.4994
2026-07-21 19:30:57,498 [INFO] [M=64/multi/batched] up=4  ef=32    avg=  0.208ms (q0=  0.719 sub/query=  0.149) speedup=5.300x fu_speedup=7.420x MRR@10=0.8081 NDCG@3=0.5464 NDCG@10=0.4999
2026-07-21 19:30:58,253 [INFO] [M=64/multi/batched] up=4  ef=64    avg=  0.297ms (q0=  1.129 sub/query=  0.200) speedup=3.845x fu_speedup=5.711x MRR@10=0.8019 NDCG@3=0.5428 NDCG@10=0.4948
2026-07-21 19:30:59,656 [INFO] [M=64/multi/batched] up=4  ef=128   avg=  0.562ms (q0=  2.724 sub/query=  0.310) speedup=2.038x fu_speedup=3.697x MRR@10=0.8071 NDCG@3=0.5486 NDCG@10=0.4990
2026-07-21 19:31:02,419 [INFO] [M=64/multi/batched] up=4  ef=256   avg=  1.134ms (q0=  6.150 sub/query=  0.550) speedup=1.286x fu_speedup=2.654x MRR@10=0.8071 NDCG@3=0.5486 NDCG@10=0.4990
2026-07-21 19:31:08,719 [INFO] [M=64/multi/batched] up=4  ef=512   avg=  2.576ms (q0= 15.885 sub/query=  1.025) speedup=1.280x fu_speedup=3.217x MRR@10=0.8129 NDCG@3=0.5493 NDCG@10=0.5017
2026-07-21 19:31:27,003 [INFO] [M=64/multi/batched] up=4  ef=1024  avg=  7.456ms (q0= 54.285 sub/query=  1.998) speedup=0.844x fu_speedup=3.150x MRR@10=0.8129 NDCG@3=0.5493 NDCG@10=0.5017
2026-07-21 19:32:34,742 [INFO] [M=64/multi/batched] up=4  ef=2048  avg= 28.324ms (q0=237.562 sub/query=  3.937) speedup=0.548x fu_speedup=3.942x MRR@10=0.8129 NDCG@3=0.5493 NDCG@10=0.5017
2026-07-21 19:38:01,783 [INFO] [M=64/multi/batched] up=4  ef=4096  avg= 93.202ms (q0=821.373 sub/query=  8.334) speedup=0.559x fu_speedup=6.256x MRR@10=0.8129 NDCG@3=0.5493 NDCG@10=0.5017
2026-07-21 19:38:02,220 [INFO] [M=64/multi/batched] up=8  ef=1     avg=  0.147ms (q0=  0.739 sub/query=  0.078) speedup=7.568x fu_speedup=14.260x MRR@10=0.6126 NDCG@3=0.3991 NDCG@10=0.3467
2026-07-21 19:38:02,720 [INFO] [M=64/multi/batched] up=8  ef=2     avg=  0.179ms (q0=  0.844 sub/query=  0.101) speedup=5.495x fu_speedup=9.698x MRR@10=0.7098 NDCG@3=0.4712 NDCG@10=0.4164
2026-07-21 19:38:03,228 [INFO] [M=64/multi/batched] up=8  ef=4     avg=  0.180ms (q0=  0.743 sub/query=  0.115) speedup=5.734x fu_speedup=9.021x MRR@10=0.7761 NDCG@3=0.5322 NDCG@10=0.4754
2026-07-21 19:38:03,747 [INFO] [M=64/multi/batched] up=8  ef=8     avg=  0.181ms (q0=  0.852 sub/query=  0.102) speedup=5.854x fu_speedup=10.322x MRR@10=0.7990 NDCG@3=0.5443 NDCG@10=0.4937
2026-07-21 19:38:04,324 [INFO] [M=64/multi/batched] up=8  ef=16    avg=  0.207ms (q0=  0.768 sub/query=  0.142) speedup=4.968x fu_speedup=7.255x MRR@10=0.8081 NDCG@3=0.5474 NDCG@10=0.4994
2026-07-21 19:38:04,959 [INFO] [M=64/multi/batched] up=8  ef=32    avg=  0.244ms (q0=  1.170 sub/query=  0.136) speedup=4.521x fu_speedup=8.103x MRR@10=0.8081 NDCG@3=0.5464 NDCG@10=0.4999
2026-07-21 19:38:06,145 [INFO] [M=64/multi/batched] up=8  ef=64    avg=  0.455ms (q0=  2.683 sub/query=  0.195) speedup=2.509x fu_speedup=5.846x MRR@10=0.8019 NDCG@3=0.5428 NDCG@10=0.4948
2026-07-21 19:38:08,405 [INFO] [M=64/multi/batched] up=8  ef=128   avg=  0.914ms (q0=  6.069 sub/query=  0.313) speedup=1.252x fu_speedup=3.658x MRR@10=0.8071 NDCG@3=0.5486 NDCG@10=0.4990
2026-07-21 19:38:13,835 [INFO] [M=64/multi/batched] up=8  ef=256   avg=  2.249ms (q0= 17.105 sub/query=  0.517) speedup=0.649x fu_speedup=2.820x MRR@10=0.8071 NDCG@3=0.5486 NDCG@10=0.4990
2026-07-21 19:38:30,085 [INFO] [M=64/multi/batched] up=8  ef=512   avg=  6.848ms (q0= 57.029 sub/query=  1.000) speedup=0.481x fu_speedup=3.299x MRR@10=0.8129 NDCG@3=0.5493 NDCG@10=0.5017
2026-07-21 19:39:34,051 [INFO] [M=64/multi/batched] up=8  ef=1024  avg= 27.313ms (q0=244.431 sub/query=  2.008) speedup=0.230x fu_speedup=3.134x MRR@10=0.8129 NDCG@3=0.5493 NDCG@10=0.5017
2026-07-21 19:44:39,276 [INFO] [M=64/multi/batched] up=8  ef=2048  avg=102.369ms (q0=945.908 sub/query=  4.055) speedup=0.152x fu_speedup=3.829x MRR@10=0.8129 NDCG@3=0.5493 NDCG@10=0.5017
2026-07-21 19:54:59,904 [INFO] [M=64/multi/batched] up=8  ef=4096  avg=217.583ms (q0=2015.557 sub/query=  8.029) speedup=0.240x fu_speedup=6.494x MRR@10=0.8129 NDCG@3=0.5493 NDCG@10=0.5017
2026-07-21 19:55:00,357 [INFO] [M=64/multi/batched] up=16 ef=1     avg=  0.155ms (q0=  0.619 sub/query=  0.101) speedup=7.192x fu_speedup=11.056x MRR@10=0.6262 NDCG@3=0.4083 NDCG@10=0.3525
2026-07-21 19:55:00,839 [INFO] [M=64/multi/batched] up=16 ef=2     avg=  0.186ms (q0=  0.894 sub/query=  0.103) speedup=5.286x fu_speedup=9.499x MRR@10=0.7098 NDCG@3=0.4712 NDCG@10=0.4163
2026-07-21 19:55:01,299 [INFO] [M=64/multi/batched] up=16 ef=4     avg=  0.164ms (q0=  0.713 sub/query=  0.100) speedup=6.290x fu_speedup=10.301x MRR@10=0.7761 NDCG@3=0.5322 NDCG@10=0.4754
2026-07-21 19:55:01,831 [INFO] [M=64/multi/batched] up=16 ef=8     avg=  0.198ms (q0=  0.938 sub/query=  0.112) speedup=5.330x fu_speedup=9.424x MRR@10=0.7990 NDCG@3=0.5443 NDCG@10=0.4937
2026-07-21 19:55:02,439 [INFO] [M=64/multi/batched] up=16 ef=16    avg=  0.234ms (q0=  1.182 sub/query=  0.124) speedup=4.401x fu_speedup=8.330x MRR@10=0.8081 NDCG@3=0.5474 NDCG@10=0.4994
2026-07-21 19:55:03,510 [INFO] [M=64/multi/batched] up=16 ef=32    avg=  0.411ms (q0=  2.741 sub/query=  0.140) speedup=2.682x fu_speedup=7.886x MRR@10=0.8081 NDCG@3=0.5464 NDCG@10=0.4999
2026-07-21 19:55:05,596 [INFO] [M=64/multi/batched] up=16 ef=64    avg=  0.863ms (q0=  6.457 sub/query=  0.211) speedup=1.323x fu_speedup=5.415x MRR@10=0.8019 NDCG@3=0.5428 NDCG@10=0.4948
2026-07-21 19:55:10,366 [INFO] [M=64/multi/batched] up=16 ef=128   avg=  1.961ms (q0= 16.300 sub/query=  0.290) speedup=0.583x fu_speedup=3.943x MRR@10=0.8071 NDCG@3=0.5486 NDCG@10=0.4990
2026-07-21 19:55:25,779 [INFO] [M=64/multi/batched] up=16 ef=256   avg=  6.454ms (q0= 57.142 sub/query=  0.547) speedup=0.226x fu_speedup=2.669x MRR@10=0.8071 NDCG@3=0.5486 NDCG@10=0.4990
2026-07-21 19:56:22,729 [INFO] [M=64/multi/batched] up=16 ef=512   avg= 23.153ms (q0=212.865 sub/query=  1.042) speedup=0.142x fu_speedup=3.165x MRR@10=0.8129 NDCG@3=0.5493 NDCG@10=0.5017
2026-07-21 20:01:24,448 [INFO] [M=64/multi/batched] up=16 ef=1024  avg= 80.595ms (q0=755.541 sub/query=  1.930) speedup=0.078x fu_speedup=3.259x MRR@10=0.8129 NDCG@3=0.5493 NDCG@10=0.5017
2026-07-21 20:11:59,187 [INFO] [M=64/multi/batched] up=16 ef=2048  avg=307.890ms (q0=2915.793 sub/query=  3.938) speedup=0.050x fu_speedup=3.941x MRR@10=0.8129 NDCG@3=0.5493 NDCG@10=0.5017
2026-07-21 20:38:06,701 [INFO] [M=64/multi/batched] up=16 ef=4096  avg=636.828ms (q0=6029.922 sub/query=  8.263) speedup=0.082x fu_speedup=6.310x MRR@10=0.8129 NDCG@3=0.5493 NDCG@10=0.5017
2026-07-21 20:38:06,701 [INFO] ##### [M=64] THREAD MODE: single (omp_set_num_threads=1) #####
2026-07-21 20:38:06,701 [INFO] Warmup pass ...
2026-07-21 20:38:09,043 [INFO] === [M=64] BASELINE HNSW [single] ===
2026-07-21 20:38:09,824 [INFO] [M=64/single] ef=1     avg=  0.308ms (± 0.001) MRR@10=0.4262 NDCG@3=0.2904 NDCG@10=0.2467
2026-07-21 20:38:10,838 [INFO] [M=64/single] ef=2     avg=  0.405ms (± 0.007) MRR@10=0.6000 NDCG@3=0.3974 NDCG@10=0.3465
2026-07-21 20:38:12,150 [INFO] [M=64/single] ef=4     avg=  0.530ms (± 0.001) MRR@10=0.6844 NDCG@3=0.4499 NDCG@10=0.4040
2026-07-21 20:38:13,864 [INFO] [M=64/single] ef=8     avg=  0.698ms (± 0.000) MRR@10=0.7378 NDCG@3=0.4960 NDCG@10=0.4519
2026-07-21 20:38:16,263 [INFO] [M=64/single] ef=16    avg=  0.981ms (± 0.002) MRR@10=0.7728 NDCG@3=0.5198 NDCG@10=0.4740
2026-07-21 20:38:19,987 [INFO] [M=64/single] ef=32    avg=  1.536ms (± 0.002) MRR@10=0.7908 NDCG@3=0.5372 NDCG@10=0.4897
2026-07-21 20:38:26,334 [INFO] [M=64/single] ef=64    avg=  2.632ms (± 0.009) MRR@10=0.7933 NDCG@3=0.5392 NDCG@10=0.4912
2026-07-21 20:38:37,824 [INFO] [M=64/single] ef=128   avg=  4.784ms (± 0.016) MRR@10=0.7956 NDCG@3=0.5406 NDCG@10=0.4930
2026-07-21 20:38:59,446 [INFO] [M=64/single] ef=256   avg=  9.090ms (± 0.171) MRR@10=0.8013 NDCG@3=0.5450 NDCG@10=0.4958
2026-07-21 20:40:37,668 [INFO] [M=64/single] ef=512   avg= 17.736ms (±45.462) MRR@10=0.8129 NDCG@3=0.5493 NDCG@10=0.5017
2026-07-21 20:41:40,598 [INFO] [M=64/single] ef=1024  avg= 26.019ms (± 0.838) MRR@10=0.8129 NDCG@3=0.5493 NDCG@10=0.5017
2026-07-21 20:43:58,830 [INFO] [M=64/single] ef=2048  avg= 58.006ms (± 1.574) MRR@10=0.8129 NDCG@3=0.5493 NDCG@10=0.5017
2026-07-21 20:52:21,650 [INFO] [M=64/single] ef=4096  avg=251.479ms (±63.020) MRR@10=0.8129 NDCG@3=0.5493 NDCG@10=0.5017
2026-07-21 20:52:21,651 [INFO] === [M=64] TopLoc HNSW (batched) [single] ===
2026-07-21 20:52:22,062 [INFO] [M=64/single/batched] up=2  ef=1     avg=  0.156ms (q0=  0.346 sub/query=  0.134) speedup=1.970x fu_speedup=2.294x MRR@10=0.5359 NDCG@3=0.3494 NDCG@10=0.3053
2026-07-21 20:52:22,594 [INFO] [M=64/single/batched] up=2  ef=2     avg=  0.205ms (q0=  0.452 sub/query=  0.176) speedup=1.972x fu_speedup=2.293x MRR@10=0.6737 NDCG@3=0.4491 NDCG@10=0.3961
2026-07-21 20:52:23,335 [INFO] [M=64/single/batched] up=2  ef=4     avg=  0.282ms (q0=  0.585 sub/query=  0.247) speedup=1.877x fu_speedup=2.145x MRR@10=0.7703 NDCG@3=0.5281 NDCG@10=0.4757
2026-07-21 20:52:24,442 [INFO] [M=64/single/batched] up=2  ef=8     avg=  0.444ms (q0=  0.883 sub/query=  0.392) speedup=1.573x fu_speedup=1.778x MRR@10=0.7990 NDCG@3=0.5443 NDCG@10=0.4938
2026-07-21 20:52:26,113 [INFO] [M=64/single/batched] up=2  ef=16    avg=  0.678ms (q0=  1.345 sub/query=  0.600) speedup=1.447x fu_speedup=1.634x MRR@10=0.8081 NDCG@3=0.5474 NDCG@10=0.4994
2026-07-21 20:52:28,913 [INFO] [M=64/single/batched] up=2  ef=32    avg=  1.146ms (q0=  2.223 sub/query=  1.020) speedup=1.340x fu_speedup=1.505x MRR@10=0.8081 NDCG@3=0.5464 NDCG@10=0.4999
2026-07-21 20:52:34,110 [INFO] [M=64/single/batched] up=2  ef=64    avg=  2.184ms (q0=  4.071 sub/query=  1.964) speedup=1.205x fu_speedup=1.340x MRR@10=0.8019 NDCG@3=0.5428 NDCG@10=0.4948
2026-07-21 20:52:43,078 [INFO] [M=64/single/batched] up=2  ef=128   avg=  3.586ms (q0=  6.287 sub/query=  3.271) speedup=1.334x fu_speedup=1.463x MRR@10=0.8071 NDCG@3=0.5486 NDCG@10=0.4990
2026-07-21 20:53:00,222 [INFO] [M=64/single/batched] up=2  ef=256   avg=  7.141ms (q0= 12.342 sub/query=  6.535) speedup=1.273x fu_speedup=1.391x MRR@10=0.8071 NDCG@3=0.5486 NDCG@10=0.4990
2026-07-21 20:53:35,527 [INFO] [M=64/single/batched] up=2  ef=512   avg= 14.728ms (q0= 26.455 sub/query= 13.361) speedup=1.204x fu_speedup=1.327x MRR@10=0.8129 NDCG@3=0.5493 NDCG@10=0.5017
2026-07-21 20:55:57,639 [INFO] [M=64/single/batched] up=2  ef=1024  avg= 36.956ms (q0= 68.116 sub/query= 33.325) speedup=0.704x fu_speedup=0.781x MRR@10=0.8129 NDCG@3=0.5493 NDCG@10=0.5017
2026-07-21 20:59:07,382 [INFO] [M=64/single/batched] up=2  ef=2048  avg= 77.631ms (q0=153.942 sub/query= 68.737) speedup=0.747x fu_speedup=0.844x MRR@10=0.8129 NDCG@3=0.5493 NDCG@10=0.5017
2026-07-21 21:05:50,520 [INFO] [M=64/single/batched] up=2  ef=4096  avg=169.473ms (q0=321.373 sub/query=151.769) speedup=1.484x fu_speedup=1.657x MRR@10=0.8129 NDCG@3=0.5493 NDCG@10=0.5017
2026-07-21 21:05:50,891 [INFO] [M=64/single/batched] up=4  ef=1     avg=  0.139ms (q0=  0.415 sub/query=  0.106) speedup=2.221x fu_speedup=2.891x MRR@10=0.5874 NDCG@3=0.3803 NDCG@10=0.3283
2026-07-21 21:05:51,398 [INFO] [M=64/single/batched] up=4  ef=2     avg=  0.193ms (q0=  0.543 sub/query=  0.152) speedup=2.097x fu_speedup=2.661x MRR@10=0.7016 NDCG@3=0.4676 NDCG@10=0.4155
2026-07-21 21:05:52,090 [INFO] [M=64/single/batched] up=4  ef=4     avg=  0.274ms (q0=  0.724 sub/query=  0.222) speedup=1.932x fu_speedup=2.388x MRR@10=0.7761 NDCG@3=0.5322 NDCG@10=0.4754
2026-07-21 21:05:53,070 [INFO] [M=64/single/batched] up=4  ef=8     avg=  0.398ms (q0=  1.129 sub/query=  0.313) speedup=1.753x fu_speedup=2.231x MRR@10=0.7990 NDCG@3=0.5443 NDCG@10=0.4937
2026-07-21 21:05:54,618 [INFO] [M=64/single/batched] up=4  ef=16    avg=  0.633ms (q0=  1.860 sub/query=  0.490) speedup=1.550x fu_speedup=2.002x MRR@10=0.8081 NDCG@3=0.5474 NDCG@10=0.4994
2026-07-21 21:05:57,374 [INFO] [M=64/single/batched] up=4  ef=32    avg=  1.134ms (q0=  3.405 sub/query=  0.870) speedup=1.354x fu_speedup=1.765x MRR@10=0.8081 NDCG@3=0.5464 NDCG@10=0.4999
2026-07-21 21:06:02,711 [INFO] [M=64/single/batched] up=4  ef=64    avg=  2.195ms (q0=  6.430 sub/query=  1.701) speedup=1.199x fu_speedup=1.547x MRR@10=0.8019 NDCG@3=0.5428 NDCG@10=0.4948
2026-07-21 21:06:12,923 [INFO] [M=64/single/batched] up=4  ef=128   avg=  4.223ms (q0= 12.276 sub/query=  3.284) speedup=1.133x fu_speedup=1.457x MRR@10=0.8071 NDCG@3=0.5486 NDCG@10=0.4990
2026-07-21 21:06:34,411 [INFO] [M=64/single/batched] up=4  ef=256   avg=  8.955ms (q0= 27.210 sub/query=  6.827) speedup=1.015x fu_speedup=1.331x MRR@10=0.8071 NDCG@3=0.5486 NDCG@10=0.4990
2026-07-21 21:07:20,127 [INFO] [M=64/single/batched] up=4  ef=512   avg= 19.077ms (q0= 62.092 sub/query= 14.064) speedup=0.930x fu_speedup=1.261x MRR@10=0.8129 NDCG@3=0.5493 NDCG@10=0.5017
2026-07-21 21:08:57,078 [INFO] [M=64/single/batched] up=4  ef=1024  avg= 39.920ms (q0=135.721 sub/query= 28.754) speedup=0.652x fu_speedup=0.905x MRR@10=0.8129 NDCG@3=0.5493 NDCG@10=0.5017
2026-07-21 21:14:32,607 [INFO] [M=64/single/batched] up=4  ef=2048  avg= 94.307ms (q0=323.203 sub/query= 67.629) speedup=0.615x fu_speedup=0.858x MRR@10=0.8129 NDCG@3=0.5493 NDCG@10=0.5017
2026-07-21 21:26:40,177 [INFO] [M=64/single/batched] up=4  ef=4096  avg=298.669ms (q0=776.188 sub/query=243.015) speedup=0.842x fu_speedup=1.035x MRR@10=0.8129 NDCG@3=0.5493 NDCG@10=0.5017
2026-07-21 21:26:40,560 [INFO] [M=64/single/batched] up=8  ef=1     avg=  0.146ms (q0=  0.521 sub/query=  0.102) speedup=2.111x fu_speedup=3.015x MRR@10=0.6126 NDCG@3=0.3991 NDCG@10=0.3467
2026-07-21 21:26:41,074 [INFO] [M=64/single/batched] up=8  ef=2     avg=  0.199ms (q0=  0.700 sub/query=  0.141) speedup=2.028x fu_speedup=2.866x MRR@10=0.7098 NDCG@3=0.4712 NDCG@10=0.4164
2026-07-21 21:26:41,798 [INFO] [M=64/single/batched] up=8  ef=4     avg=  0.289ms (q0=  1.059 sub/query=  0.199) speedup=1.834x fu_speedup=2.660x MRR@10=0.7761 NDCG@3=0.5322 NDCG@10=0.4754
2026-07-21 21:26:42,914 [INFO] [M=64/single/batched] up=8  ef=8     avg=  0.447ms (q0=  1.767 sub/query=  0.294) speedup=1.560x fu_speedup=2.377x MRR@10=0.7990 NDCG@3=0.5443 NDCG@10=0.4937
2026-07-21 21:26:44,948 [INFO] [M=64/single/batched] up=8  ef=16    avg=  0.819ms (q0=  3.544 sub/query=  0.502) speedup=1.197x fu_speedup=1.955x MRR@10=0.8081 NDCG@3=0.5474 NDCG@10=0.4994
2026-07-21 21:26:48,258 [INFO] [M=64/single/batched] up=8  ef=32    avg=  1.369ms (q0=  6.088 sub/query=  0.819) speedup=1.122x fu_speedup=1.875x MRR@10=0.8081 NDCG@3=0.5464 NDCG@10=0.4999
2026-07-21 21:26:54,849 [INFO] [M=64/single/batched] up=8  ef=64    avg=  2.722ms (q0= 12.142 sub/query=  1.625) speedup=0.967x fu_speedup=1.620x MRR@10=0.8019 NDCG@3=0.5428 NDCG@10=0.4948
2026-07-21 21:27:08,697 [INFO] [M=64/single/batched] up=8  ef=128   avg=  5.798ms (q0= 26.894 sub/query=  3.339) speedup=0.825x fu_speedup=1.433x MRR@10=0.8071 NDCG@3=0.5486 NDCG@10=0.4990
2026-07-21 21:28:11,851 [INFO] [M=64/single/batched] up=8  ef=256   avg= 12.528ms (q0= 61.359 sub/query=  6.837) speedup=0.726x fu_speedup=1.329x MRR@10=0.8071 NDCG@3=0.5486 NDCG@10=0.4990
2026-07-21 21:29:39,306 [INFO] [M=64/single/batched] up=8  ef=512   avg= 26.319ms (q0=134.260 sub/query= 13.738) speedup=0.674x fu_speedup=1.291x MRR@10=0.8129 NDCG@3=0.5493 NDCG@10=0.5017
2026-07-21 21:33:00,364 [INFO] [M=64/single/batched] up=8  ef=1024  avg= 60.057ms (q0=321.081 sub/query= 29.634) speedup=0.433x fu_speedup=0.878x MRR@10=0.8129 NDCG@3=0.5493 NDCG@10=0.5017
2026-07-21 21:41:18,023 [INFO] [M=64/single/batched] up=8  ef=2048  avg=247.973ms (q0=1817.315 sub/query= 65.066) speedup=0.234x fu_speedup=0.891x MRR@10=0.8129 NDCG@3=0.5493 NDCG@10=0.5017
2026-07-21 21:59:57,544 [INFO] [M=64/single/batched] up=8  ef=4096  avg=508.182ms (q0=2886.969 sub/query=230.934) speedup=0.495x fu_speedup=1.089x MRR@10=0.8129 NDCG@3=0.5493 NDCG@10=0.5017
2026-07-21 21:59:57,945 [INFO] [M=64/single/batched] up=16 ef=1     avg=  0.152ms (q0=  0.660 sub/query=  0.093) speedup=2.028x fu_speedup=3.325x MRR@10=0.6262 NDCG@3=0.4083 NDCG@10=0.3525
2026-07-21 21:59:58,586 [INFO] [M=64/single/batched] up=16 ef=2     avg=  0.247ms (q0=  1.100 sub/query=  0.147) speedup=1.640x fu_speedup=2.749x MRR@10=0.7098 NDCG@3=0.4712 NDCG@10=0.4163
2026-07-21 21:59:59,605 [INFO] [M=64/single/batched] up=16 ef=4     avg=  0.408ms (q0=  2.040 sub/query=  0.218) speedup=1.298x fu_speedup=2.429x MRR@10=0.7761 NDCG@3=0.5322 NDCG@10=0.4754
2026-07-21 22:00:01,070 [INFO] [M=64/single/batched] up=16 ef=8     avg=  0.593ms (q0=  3.240 sub/query=  0.285) speedup=1.177x fu_speedup=2.453x MRR@10=0.7990 NDCG@3=0.5443 NDCG@10=0.4937
2026-07-21 22:00:03,704 [INFO] [M=64/single/batched] up=16 ef=16    avg=  1.078ms (q0=  6.223 sub/query=  0.478) speedup=0.910x fu_speedup=2.052x MRR@10=0.8081 NDCG@3=0.5474 NDCG@10=0.4994
2026-07-21 22:00:08,698 [INFO] [M=64/single/batched] up=16 ef=32    avg=  2.070ms (q0= 12.444 sub/query=  0.861) speedup=0.742x fu_speedup=1.784x MRR@10=0.8081 NDCG@3=0.5464 NDCG@10=0.4999
2026-07-21 22:00:19,357 [INFO] [M=64/single/batched] up=16 ef=64    avg=  4.384ms (q0= 26.779 sub/query=  1.774) speedup=0.600x fu_speedup=1.484x MRR@10=0.8019 NDCG@3=0.5428 NDCG@10=0.4948
2026-07-21 22:00:40,949 [INFO] [M=64/single/batched] up=16 ef=128   avg=  8.810ms (q0= 57.165 sub/query=  3.174) speedup=0.543x fu_speedup=1.507x MRR@10=0.8071 NDCG@3=0.5486 NDCG@10=0.4990
2026-07-21 22:02:27,536 [INFO] [M=64/single/batched] up=16 ef=256   avg= 20.067ms (q0=133.796 sub/query=  6.812) speedup=0.453x fu_speedup=1.334x MRR@10=0.8071 NDCG@3=0.5486 NDCG@10=0.4990
2026-07-21 22:04:29,076 [INFO] [M=64/single/batched] up=16 ef=512   avg= 45.827ms (q0=323.040 sub/query= 13.517) speedup=0.387x fu_speedup=1.312x MRR@10=0.8129 NDCG@3=0.5493 NDCG@10=0.5017
2026-07-21 22:10:17,851 [INFO] [M=64/single/batched] up=16 ef=1024  avg=103.862ms (q0=745.324 sub/query= 29.099) speedup=0.251x fu_speedup=0.894x MRR@10=0.8129 NDCG@3=0.5493 NDCG@10=0.5017
2026-07-21 22:24:18,615 [INFO] [M=64/single/batched] up=16 ef=2048  avg=367.670ms (q0=2885.035 sub/query= 74.271) speedup=0.158x fu_speedup=0.781x MRR@10=0.8129 NDCG@3=0.5493 NDCG@10=0.5017
2026-07-21 22:59:50,602 [INFO] [M=64/single/batched] up=16 ef=4096  avg=873.811ms (q0=7033.400 sub/query=155.910) speedup=0.288x fu_speedup=1.613x MRR@10=0.8129 NDCG@3=0.5493 NDCG@10=0.5017
2026-07-21 22:59:50,603 [INFO] === [M=64] Speedup summary ===
2026-07-21 22:59:50,603 [INFO] [M=64/multi/batched] best speedup (incl. q0): 7.568x  (config=toploc_batched_ef1_up8_multi)
2026-07-21 22:59:50,604 [INFO] [M=64/multi/batched] best fu_speedup (followups only): 14.260x  (config=toploc_batched_ef1_up8_multi)
2026-07-21 22:59:50,604 [INFO] [M=64/single/batched] best speedup (incl. q0): 2.221x  (config=toploc_batched_ef1_up4_single)
2026-07-21 22:59:50,604 [INFO] [M=64/single/batched] best fu_speedup (followups only): 3.325x  (config=toploc_batched_ef1_up16_single)
2026-07-21 22:59:50,614 [INFO] [M=64] Grid search complete. Results saved to /home/toploc1/Datasets/toploc1/HNSW_paper1/Snowflake/search/results/snowflake_toplocHNSW_metrics64_ct2019.json
2026-07-21 22:59:50,625 [INFO] [M=64] Summary table -> /home/toploc1/Datasets/toploc1/HNSW_paper1/Snowflake/search/results/snowflake_toplocHNSW_M64_ct2019.parquet
2026-07-21 22:59:51,591 [INFO] [M=64] index released.
